<?xml version="1.0" encoding="UTF-8" ?>
<testsuite tests="9" failures="0" name="BarControllerTest" time="37.368" errors="9" skipped="0">
  <properties>
    <property name="java.runtime.name" value="Java(TM) SE Runtime Environment"/>
    <property name="sun.boot.library.path" value="C:\Program Files\Java\jdk1.8.0_171\jre\bin"/>
    <property name="java.vm.version" value="25.171-b11"/>
    <property name="java.vm.vendor" value="Oracle Corporation"/>
    <property name="maven.multiModuleProjectDirectory" value="C:\Program Files (x86)\Jenkins\workspace\BarProject"/>
    <property name="java.vendor.url" value="http://java.oracle.com/"/>
    <property name="path.separator" value=";"/>
    <property name="guice.disable.misplaced.annotation.check" value="true"/>
    <property name="java.vm.name" value="Java HotSpot(TM) 64-Bit Server VM"/>
    <property name="file.encoding.pkg" value="sun.io"/>
    <property name="user.script" value=""/>
    <property name="user.country" value="BR"/>
    <property name="sun.java.launcher" value="SUN_STANDARD"/>
    <property name="sun.os.patch.level" value=""/>
    <property name="java.vm.specification.name" value="Java Virtual Machine Specification"/>
    <property name="user.dir" value="C:\Program Files (x86)\Jenkins\workspace\BarProject"/>
    <property name="java.runtime.version" value="1.8.0_171-b11"/>
    <property name="java.awt.graphicsenv" value="sun.awt.Win32GraphicsEnvironment"/>
    <property name="java.endorsed.dirs" value="C:\Program Files\Java\jdk1.8.0_171\jre\lib\endorsed"/>
    <property name="os.arch" value="amd64"/>
    <property name="java.io.tmpdir" value="C:\Users\jojo\AppData\Local\Temp\"/>
    <property name="line.separator" value="
"/>
    <property name="java.vm.specification.vendor" value="Oracle Corporation"/>
    <property name="user.variant" value=""/>
    <property name="os.name" value="Windows 10"/>
    <property name="classworlds.conf" value="C:\apache-maven-3.5.3\bin\..\bin\m2.conf"/>
    <property name="sun.jnu.encoding" value="Cp1252"/>
    <property name="java.library.path" value="C:\Program Files\Java\jdk1.8.0_171\bin;C:\WINDOWS\Sun\Java\bin;C:\WINDOWS\system32;C:\WINDOWS;C:\Program Files\Docker\Docker\Resources\bin;C:\Program Files (x86)\Common Files\Oracle\Java\javapath;C:\WINDOWS\system32;C:\WINDOWS;C:\WINDOWS\System32\Wbem;C:\WINDOWS\System32\WindowsPowerShell\v1.0\;C:\Program Files\Git\cmd;C:\Program Files (x86)\NVIDIA Corporation\PhysX\Common;C:\apache-ant-1.10.3\bin;C:\Program Files\Java\jdk1.8.0_171\bin;C:\apache-maven-3.5.3\bin;C:\Users\jojo\AppData\Local\Programs\Python\Python36-32\Scripts\;C:\Users\jojo\AppData\Local\Programs\Python\Python36-32\;C:\Users\jojo\AppData\Local\Microsoft\WindowsApps;C:\Program Files\Java\jdk1.8.0_171;C:\apache-maven-3.5.3;."/>
    <property name="maven.conf" value="C:\apache-maven-3.5.3\bin\../conf"/>
    <property name="java.specification.name" value="Java Platform API Specification"/>
    <property name="java.class.version" value="52.0"/>
    <property name="sun.management.compiler" value="HotSpot 64-Bit Tiered Compilers"/>
    <property name="os.version" value="10.0"/>
    <property name="library.jansi.path" value="C:\apache-maven-3.5.3\bin\..\lib\jansi-native"/>
    <property name="user.home" value="C:\Users\jojo"/>
    <property name="user.timezone" value="America/Sao_Paulo"/>
    <property name="java.awt.printerjob" value="sun.awt.windows.WPrinterJob"/>
    <property name="java.specification.version" value="1.8"/>
    <property name="file.encoding" value="Cp1252"/>
    <property name="user.name" value="jojo"/>
    <property name="java.class.path" value="C:\apache-maven-3.5.3\bin\..\boot\plexus-classworlds-2.5.2.jar"/>
    <property name="java.vm.specification.version" value="1.8"/>
    <property name="sun.arch.data.model" value="64"/>
    <property name="java.home" value="C:\Program Files\Java\jdk1.8.0_171\jre"/>
    <property name="sun.java.command" value="org.codehaus.plexus.classworlds.launcher.Launcher clean package"/>
    <property name="java.specification.vendor" value="Oracle Corporation"/>
    <property name="user.language" value="pt"/>
    <property name="awt.toolkit" value="sun.awt.windows.WToolkit"/>
    <property name="java.vm.info" value="mixed mode"/>
    <property name="java.version" value="1.8.0_171"/>
    <property name="java.ext.dirs" value="C:\Program Files\Java\jdk1.8.0_171\jre\lib\ext;C:\WINDOWS\Sun\Java\lib\ext"/>
    <property name="sun.boot.class.path" value="C:\Program Files\Java\jdk1.8.0_171\jre\lib\resources.jar;C:\Program Files\Java\jdk1.8.0_171\jre\lib\rt.jar;C:\Program Files\Java\jdk1.8.0_171\jre\lib\sunrsasign.jar;C:\Program Files\Java\jdk1.8.0_171\jre\lib\jsse.jar;C:\Program Files\Java\jdk1.8.0_171\jre\lib\jce.jar;C:\Program Files\Java\jdk1.8.0_171\jre\lib\charsets.jar;C:\Program Files\Java\jdk1.8.0_171\jre\lib\jfr.jar;C:\Program Files\Java\jdk1.8.0_171\jre\classes"/>
    <property name="sun.stderr.encoding" value="cp850"/>
    <property name="java.vendor" value="Oracle Corporation"/>
    <property name="maven.home" value="C:\apache-maven-3.5.3\bin\.."/>
    <property name="file.separator" value="\"/>
    <property name="java.vendor.url.bug" value="http://bugreport.sun.com/bugreport/"/>
    <property name="sun.cpu.endian" value="little"/>
    <property name="sun.io.unicode.encoding" value="UnicodeLittle"/>
    <property name="sun.stdout.encoding" value="cp850"/>
    <property name="sun.desktop" value="windows"/>
    <property name="sun.cpu.isalist" value="amd64"/>
  </properties>
  <testcase classname="BarControllerTest" name="consultaPorcentagemFeminino" time="3.222">
    <error type="java.lang.StackOverflowError">java.lang.StackOverflowError
	at org.h2.command.Parser.getSaveTokenType(Parser.java:4185)
	at org.h2.command.Parser.getTokenType(Parser.java:4173)
	at org.h2.command.Parser.read(Parser.java:3614)
	at org.h2.command.Parser.readTerm(Parser.java:3093)
	at org.h2.command.Parser.readFactor(Parser.java:2587)
	at org.h2.command.Parser.readSum(Parser.java:2574)
	at org.h2.command.Parser.readConcat(Parser.java:2544)
	at org.h2.command.Parser.readCondition(Parser.java:2370)
	at org.h2.command.Parser.readAnd(Parser.java:2342)
	at org.h2.command.Parser.readExpression(Parser.java:2334)
	at org.h2.command.Parser.readTerm(Parser.java:3252)
	at org.h2.command.Parser.readFactor(Parser.java:2587)
	at org.h2.command.Parser.readSum(Parser.java:2574)
	at org.h2.command.Parser.readConcat(Parser.java:2544)
	at org.h2.command.Parser.readCondition(Parser.java:2370)
	at org.h2.command.Parser.readAnd(Parser.java:2342)
	at org.h2.command.Parser.readExpression(Parser.java:2334)
	at org.h2.command.Parser.readTerm(Parser.java:3252)
	at org.h2.command.Parser.readFactor(Parser.java:2587)
	at org.h2.command.Parser.readSum(Parser.java:2574)
	at org.h2.command.Parser.readConcat(Parser.java:2544)
	at org.h2.command.Parser.readCondition(Parser.java:2370)
	at org.h2.command.Parser.readAnd(Parser.java:2342)
	at org.h2.command.Parser.readExpression(Parser.java:2334)
	at org.h2.command.Parser.readTerm(Parser.java:3252)
	at org.h2.command.Parser.readFactor(Parser.java:2587)
	at org.h2.command.Parser.readSum(Parser.java:2574)
	at org.h2.command.Parser.readConcat(Parser.java:2544)
	at org.h2.command.Parser.readCondition(Parser.java:2370)
	at org.h2.command.Parser.readAnd(Parser.java:2342)
	at org.h2.command.Parser.readExpression(Parser.java:2334)
	at org.h2.command.Parser.parseSelectSimple(Parser.java:2291)
	at org.h2.command.Parser.parseSelectSub(Parser.java:2133)
	at org.h2.command.Parser.parseSelectUnion(Parser.java:1946)
	at org.h2.command.Parser.parseSelectSub(Parser.java:2117)
	at org.h2.command.Parser.parseSelectUnion(Parser.java:1946)
	at org.h2.command.Parser.parseSelect(Parser.java:1919)
	at org.h2.command.Parser.parsePrepared(Parser.java:357)
	at org.h2.command.Parser.parse(Parser.java:335)
	at org.h2.command.Parser.parse(Parser.java:307)
	at org.h2.command.Parser.prepare(Parser.java:262)
	at org.h2.engine.Session.prepare(Session.java:576)
	at org.h2.table.TableView.compileViewQuery(TableView.java:120)
	at org.h2.table.TableView.initColumnsAndTables(TableView.java:172)
	at org.h2.table.TableView.init(TableView.java:113)
	at org.h2.table.TableView.&lt;init&gt;(TableView.java:70)
	at org.h2.table.TableView.createTempView(TableView.java:559)
	at org.h2.command.Parser.readTableFilter(Parser.java:1367)
	at org.h2.command.Parser.parseSelectSimpleFromPart(Parser.java:2138)
	at org.h2.command.Parser.parseSelectSimple(Parser.java:2287)
	at org.h2.command.Parser.parseSelectSub(Parser.java:2133)
	at org.h2.command.Parser.parseSelectUnion(Parser.java:1946)
	at org.h2.command.Parser.parseSelect(Parser.java:1919)
	at org.h2.command.Parser.parsePrepared(Parser.java:463)
	at org.h2.command.Parser.parse(Parser.java:335)
	at org.h2.command.Parser.parse(Parser.java:307)
	at org.h2.command.Parser.prepareCommand(Parser.java:278)
	at org.h2.engine.Session.prepareLocal(Session.java:611)
	at org.h2.engine.Session.prepareCommand(Session.java:549)
	at org.h2.jdbc.JdbcConnection.prepareCommand(JdbcConnection.java:1247)
	at org.h2.jdbc.JdbcPreparedStatement.&lt;init&gt;(JdbcPreparedStatement.java:76)
	at org.h2.jdbc.JdbcConnection.prepareAutoCloseStatement(JdbcConnection.java:330)
	at org.h2.jdbc.JdbcDatabaseMetaData.getTables(JdbcDatabaseMetaData.java:195)
	at pucrs.gcs.cdl.persistence.DbConnection.tableExists(DbConnection.java:48)
	at pucrs.gcs.cdl.persistence.DbConnection.open(DbConnection.java:37)
	at pucrs.gcs.cdl.persistence.DbConnection.queryInsert(DbConnection.java:185)
	at pucrs.gcs.cdl.persistence.DbConnection.createTable(DbConnection.java:53)
	at pucrs.gcs.cdl.persistence.DbConnection.open(DbConnection.java:38)
	at pucrs.gcs.cdl.persistence.DbConnection.queryInsert(DbConnection.java:185)
	at pucrs.gcs.cdl.persistence.DbConnection.createTable(DbConnection.java:53)
	at pucrs.gcs.cdl.persistence.DbConnection.open(DbConnection.java:38)
	at pucrs.gcs.cdl.persistence.DbConnection.queryInsert(DbConnection.java:185)
	at pucrs.gcs.cdl.persistence.DbConnection.createTable(DbConnection.java:53)
	at pucrs.gcs.cdl.persistence.DbConnection.open(DbConnection.java:38)
	at pucrs.gcs.cdl.persistence.DbConnection.queryInsert(DbConnection.java:185)
	at pucrs.gcs.cdl.persistence.DbConnection.createTable(DbConnection.java:53)
	at pucrs.gcs.cdl.persistence.DbConnection.open(DbConnection.java:38)
	at pucrs.gcs.cdl.persistence.DbConnection.queryInsert(DbConnection.java:185)
	at pucrs.gcs.cdl.persistence.DbConnection.createTable(DbConnection.java:53)
	at pucrs.gcs.cdl.persistence.DbConnection.open(DbConnection.java:38)
	at pucrs.gcs.cdl.persistence.DbConnection.queryInsert(DbConnection.java:185)
	at pucrs.gcs.cdl.persistence.DbConnection.createTable(DbConnection.java:53)
	at pucrs.gcs.cdl.persistence.DbConnection.open(DbConnection.java:38)
	at pucrs.gcs.cdl.persistence.DbConnection.queryInsert(DbConnection.java:185)
	at pucrs.gcs.cdl.persistence.DbConnection.createTable(DbConnection.java:53)
	at pucrs.gcs.cdl.persistence.DbConnection.open(DbConnection.java:38)
	at pucrs.gcs.cdl.persistence.DbConnection.queryInsert(DbConnection.java:185)
	at pucrs.gcs.cdl.persistence.DbConnection.createTable(DbConnection.java:53)
	at pucrs.gcs.cdl.persistence.DbConnection.open(DbConnection.java:38)
	at pucrs.gcs.cdl.persistence.DbConnection.queryInsert(DbConnection.java:185)
	at pucrs.gcs.cdl.persistence.DbConnection.createTable(DbConnection.java:53)
	at pucrs.gcs.cdl.persistence.DbConnection.open(DbConnection.java:38)
	at pucrs.gcs.cdl.persistence.DbConnection.queryInsert(DbConnection.java:185)
	at pucrs.gcs.cdl.persistence.DbConnection.createTable(DbConnection.java:53)
	at pucrs.gcs.cdl.persistence.DbConnection.open(DbConnection.java:38)
	at pucrs.gcs.cdl.persistence.DbConnection.queryInsert(DbConnection.java:185)
	at pucrs.gcs.cdl.persistence.DbConnection.createTable(DbConnection.java:53)
	at pucrs.gcs.cdl.persistence.DbConnection.open(DbConnection.java:38)
	at pucrs.gcs.cdl.persistence.DbConnection.queryInsert(DbConnection.java:185)
	at pucrs.gcs.cdl.persistence.DbConnection.createTable(DbConnection.java:53)
	at pucrs.gcs.cdl.persistence.DbConnection.open(DbConnection.java:38)
	at pucrs.gcs.cdl.persistence.DbConnection.queryInsert(DbConnection.java:185)
	at pucrs.gcs.cdl.persistence.DbConnection.createTable(DbConnection.java:53)
	at pucrs.gcs.cdl.persistence.DbConnection.open(DbConnection.java:38)
	at pucrs.gcs.cdl.persistence.DbConnection.queryInsert(DbConnection.java:185)
	at pucrs.gcs.cdl.persistence.DbConnection.createTable(DbConnection.java:53)
	at pucrs.gcs.cdl.persistence.DbConnection.open(DbConnection.java:38)
	at pucrs.gcs.cdl.persistence.DbConnection.queryInsert(DbConnection.java:185)
	at pucrs.gcs.cdl.persistence.DbConnection.createTable(DbConnection.java:53)
	at pucrs.gcs.cdl.persistence.DbConnection.open(DbConnection.java:38)
	at pucrs.gcs.cdl.persistence.DbConnection.queryInsert(DbConnection.java:185)
	at pucrs.gcs.cdl.persistence.DbConnection.createTable(DbConnection.java:53)
	at pucrs.gcs.cdl.persistence.DbConnection.open(DbConnection.java:38)
	at pucrs.gcs.cdl.persistence.DbConnection.queryInsert(DbConnection.java:185)
	at pucrs.gcs.cdl.persistence.DbConnection.createTable(DbConnection.java:53)
	at pucrs.gcs.cdl.persistence.DbConnection.open(DbConnection.java:38)
	at pucrs.gcs.cdl.persistence.DbConnection.queryInsert(DbConnection.java:185)
	at pucrs.gcs.cdl.persistence.DbConnection.createTable(DbConnection.java:53)
	at pucrs.gcs.cdl.persistence.DbConnection.open(DbConnection.java:38)
	at pucrs.gcs.cdl.persistence.DbConnection.queryInsert(DbConnection.java:185)
	at pucrs.gcs.cdl.persistence.DbConnection.createTable(DbConnection.java:53)
	at pucrs.gcs.cdl.persistence.DbConnection.open(DbConnection.java:38)
	at pucrs.gcs.cdl.persistence.DbConnection.queryInsert(DbConnection.java:185)
	at pucrs.gcs.cdl.persistence.DbConnection.createTable(DbConnection.java:53)
	at pucrs.gcs.cdl.persistence.DbConnection.open(DbConnection.java:38)
	at pucrs.gcs.cdl.persistence.DbConnection.queryInsert(DbConnection.java:185)
	at pucrs.gcs.cdl.persistence.DbConnection.createTable(DbConnection.java:53)
	at pucrs.gcs.cdl.persistence.DbConnection.open(DbConnection.java:38)
	at pucrs.gcs.cdl.persistence.DbConnection.queryInsert(DbConnection.java:185)
	at pucrs.gcs.cdl.persistence.DbConnection.createTable(DbConnection.java:53)
	at pucrs.gcs.cdl.persistence.DbConnection.open(DbConnection.java:38)
	at pucrs.gcs.cdl.persistence.DbConnection.queryInsert(DbConnection.java:185)
	at pucrs.gcs.cdl.persistence.DbConnection.createTable(DbConnection.java:53)
	at pucrs.gcs.cdl.persistence.DbConnection.open(DbConnection.java:38)
	at pucrs.gcs.cdl.persistence.DbConnection.queryInsert(DbConnection.java:185)
	at pucrs.gcs.cdl.persistence.DbConnection.createTable(DbConnection.java:53)
	at pucrs.gcs.cdl.persistence.DbConnection.open(DbConnection.java:38)
	at pucrs.gcs.cdl.persistence.DbConnection.queryInsert(DbConnection.java:185)
	at pucrs.gcs.cdl.persistence.DbConnection.createTable(DbConnection.java:53)
	at pucrs.gcs.cdl.persistence.DbConnection.open(DbConnection.java:38)
	at pucrs.gcs.cdl.persistence.DbConnection.queryInsert(DbConnection.java:185)
	at pucrs.gcs.cdl.persistence.DbConnection.createTable(DbConnection.java:53)
	at pucrs.gcs.cdl.persistence.DbConnection.open(DbConnection.java:38)
	at pucrs.gcs.cdl.persistence.DbConnection.queryInsert(DbConnection.java:185)
	at pucrs.gcs.cdl.persistence.DbConnection.createTable(DbConnection.java:53)
	at pucrs.gcs.cdl.persistence.DbConnection.open(DbConnection.java:38)
	at pucrs.gcs.cdl.persistence.DbConnection.queryInsert(DbConnection.java:185)
	at pucrs.gcs.cdl.persistence.DbConnection.createTable(DbConnection.java:53)
	at pucrs.gcs.cdl.persistence.DbConnection.open(DbConnection.java:38)
	at pucrs.gcs.cdl.persistence.DbConnection.queryInsert(DbConnection.java:185)
	at pucrs.gcs.cdl.persistence.DbConnection.createTable(DbConnection.java:53)
	at pucrs.gcs.cdl.persistence.DbConnection.open(DbConnection.java:38)
	at pucrs.gcs.cdl.persistence.DbConnection.queryInsert(DbConnection.java:185)
	at pucrs.gcs.cdl.persistence.DbConnection.createTable(DbConnection.java:53)
	at pucrs.gcs.cdl.persistence.DbConnection.open(DbConnection.java:38)
	at pucrs.gcs.cdl.persistence.DbConnection.queryInsert(DbConnection.java:185)
	at pucrs.gcs.cdl.persistence.DbConnection.createTable(DbConnection.java:53)
	at pucrs.gcs.cdl.persistence.DbConnection.open(DbConnection.java:38)
	at pucrs.gcs.cdl.persistence.DbConnection.queryInsert(DbConnection.java:185)
	at pucrs.gcs.cdl.persistence.DbConnection.createTable(DbConnection.java:53)
	at pucrs.gcs.cdl.persistence.DbConnection.open(DbConnection.java:38)
	at pucrs.gcs.cdl.persistence.DbConnection.queryInsert(DbConnection.java:185)
	at pucrs.gcs.cdl.persistence.DbConnection.createTable(DbConnection.java:53)
	at pucrs.gcs.cdl.persistence.DbConnection.open(DbConnection.java:38)
	at pucrs.gcs.cdl.persistence.DbConnection.queryInsert(DbConnection.java:185)
	at pucrs.gcs.cdl.persistence.DbConnection.createTable(DbConnection.java:53)
	at pucrs.gcs.cdl.persistence.DbConnection.open(DbConnection.java:38)
	at pucrs.gcs.cdl.persistence.DbConnection.queryInsert(DbConnection.java:185)
	at pucrs.gcs.cdl.persistence.DbConnection.createTable(DbConnection.java:53)
	at pucrs.gcs.cdl.persistence.DbConnection.open(DbConnection.java:38)
	at pucrs.gcs.cdl.persistence.DbConnection.queryInsert(DbConnection.java:185)
	at pucrs.gcs.cdl.persistence.DbConnection.createTable(DbConnection.java:53)
	at pucrs.gcs.cdl.persistence.DbConnection.open(DbConnection.java:38)
	at pucrs.gcs.cdl.persistence.DbConnection.queryInsert(DbConnection.java:185)
	at pucrs.gcs.cdl.persistence.DbConnection.createTable(DbConnection.java:53)
	at pucrs.gcs.cdl.persistence.DbConnection.open(DbConnection.java:38)
	at pucrs.gcs.cdl.persistence.DbConnection.queryInsert(DbConnection.java:185)
	at pucrs.gcs.cdl.persistence.DbConnection.createTable(DbConnection.java:53)
	at pucrs.gcs.cdl.persistence.DbConnection.open(DbConnection.java:38)
	at pucrs.gcs.cdl.persistence.DbConnection.queryInsert(DbConnection.java:185)
	at pucrs.gcs.cdl.persistence.DbConnection.createTable(DbConnection.java:53)
	at pucrs.gcs.cdl.persistence.DbConnection.open(DbConnection.java:38)
	at pucrs.gcs.cdl.persistence.DbConnection.queryInsert(DbConnection.java:185)
	at pucrs.gcs.cdl.persistence.DbConnection.createTable(DbConnection.java:53)
	at pucrs.gcs.cdl.persistence.DbConnection.open(DbConnection.java:38)
	at pucrs.gcs.cdl.persistence.DbConnection.queryInsert(DbConnection.java:185)
	at pucrs.gcs.cdl.persistence.DbConnection.createTable(DbConnection.java:53)
	at pucrs.gcs.cdl.persistence.DbConnection.open(DbConnection.java:38)
	at pucrs.gcs.cdl.persistence.DbConnection.queryInsert(DbConnection.java:185)
	at pucrs.gcs.cdl.persistence.DbConnection.createTable(DbConnection.java:53)
	at pucrs.gcs.cdl.persistence.DbConnection.open(DbConnection.java:38)
	at pucrs.gcs.cdl.persistence.DbConnection.queryInsert(DbConnection.java:185)
	at pucrs.gcs.cdl.persistence.DbConnection.createTable(DbConnection.java:53)
	at pucrs.gcs.cdl.persistence.DbConnection.open(DbConnection.java:38)
	at pucrs.gcs.cdl.persistence.DbConnection.queryInsert(DbConnection.java:185)
	at pucrs.gcs.cdl.persistence.DbConnection.createTable(DbConnection.java:53)
	at pucrs.gcs.cdl.persistence.DbConnection.open(DbConnection.java:38)
	at pucrs.gcs.cdl.persistence.DbConnection.queryInsert(DbConnection.java:185)
	at pucrs.gcs.cdl.persistence.DbConnection.createTable(DbConnection.java:53)
	at pucrs.gcs.cdl.persistence.DbConnection.open(DbConnection.java:38)
	at pucrs.gcs.cdl.persistence.DbConnection.queryInsert(DbConnection.java:185)
	at pucrs.gcs.cdl.persistence.DbConnection.createTable(DbConnection.java:53)
	at pucrs.gcs.cdl.persistence.DbConnection.open(DbConnection.java:38)
	at pucrs.gcs.cdl.persistence.DbConnection.queryInsert(DbConnection.java:185)
	at pucrs.gcs.cdl.persistence.DbConnection.createTable(DbConnection.java:53)
	at pucrs.gcs.cdl.persistence.DbConnection.open(DbConnection.java:38)
	at pucrs.gcs.cdl.persistence.DbConnection.queryInsert(DbConnection.java:185)
	at pucrs.gcs.cdl.persistence.DbConnection.createTable(DbConnection.java:53)
	at pucrs.gcs.cdl.persistence.DbConnection.open(DbConnection.java:38)
	at pucrs.gcs.cdl.persistence.DbConnection.queryInsert(DbConnection.java:185)
	at pucrs.gcs.cdl.persistence.DbConnection.createTable(DbConnection.java:53)
	at pucrs.gcs.cdl.persistence.DbConnection.open(DbConnection.java:38)
	at pucrs.gcs.cdl.persistence.DbConnection.queryInsert(DbConnection.java:185)
	at pucrs.gcs.cdl.persistence.DbConnection.createTable(DbConnection.java:53)
	at pucrs.gcs.cdl.persistence.DbConnection.open(DbConnection.java:38)
	at pucrs.gcs.cdl.persistence.DbConnection.queryInsert(DbConnection.java:185)
	at pucrs.gcs.cdl.persistence.DbConnection.createTable(DbConnection.java:53)
	at pucrs.gcs.cdl.persistence.DbConnection.open(DbConnection.java:38)
	at pucrs.gcs.cdl.persistence.DbConnection.queryInsert(DbConnection.java:185)
	at pucrs.gcs.cdl.persistence.DbConnection.createTable(DbConnection.java:53)
	at pucrs.gcs.cdl.persistence.DbConnection.open(DbConnection.java:38)
	at pucrs.gcs.cdl.persistence.DbConnection.queryInsert(DbConnection.java:185)
	at pucrs.gcs.cdl.persistence.DbConnection.createTable(DbConnection.java:53)
	at pucrs.gcs.cdl.persistence.DbConnection.open(DbConnection.java:38)
	at pucrs.gcs.cdl.persistence.DbConnection.queryInsert(DbConnection.java:185)
	at pucrs.gcs.cdl.persistence.DbConnection.createTable(DbConnection.java:53)
	at pucrs.gcs.cdl.persistence.DbConnection.open(DbConnection.java:38)
	at pucrs.gcs.cdl.persistence.DbConnection.queryInsert(DbConnection.java:185)
	at pucrs.gcs.cdl.persistence.DbConnection.createTable(DbConnection.java:53)
	at pucrs.gcs.cdl.persistence.DbConnection.open(DbConnection.java:38)
	at pucrs.gcs.cdl.persistence.DbConnection.queryInsert(DbConnection.java:185)
	at pucrs.gcs.cdl.persistence.DbConnection.createTable(DbConnection.java:53)
	at pucrs.gcs.cdl.persistence.DbConnection.open(DbConnection.java:38)
	at pucrs.gcs.cdl.persistence.DbConnection.queryInsert(DbConnection.java:185)
	at pucrs.gcs.cdl.persistence.DbConnection.createTable(DbConnection.java:53)
	at pucrs.gcs.cdl.persistence.DbConnection.open(DbConnection.java:38)
	at pucrs.gcs.cdl.persistence.DbConnection.queryInsert(DbConnection.java:185)
	at pucrs.gcs.cdl.persistence.DbConnection.createTable(DbConnection.java:53)
	at pucrs.gcs.cdl.persistence.DbConnection.open(DbConnection.java:38)
	at pucrs.gcs.cdl.persistence.DbConnection.queryInsert(DbConnection.java:185)
	at pucrs.gcs.cdl.persistence.DbConnection.createTable(DbConnection.java:53)
	at pucrs.gcs.cdl.persistence.DbConnection.open(DbConnection.java:38)
	at pucrs.gcs.cdl.persistence.DbConnection.queryInsert(DbConnection.java:185)
	at pucrs.gcs.cdl.persistence.DbConnection.createTable(DbConnection.java:53)
	at pucrs.gcs.cdl.persistence.DbConnection.open(DbConnection.java:38)
	at pucrs.gcs.cdl.persistence.DbConnection.queryInsert(DbConnection.java:185)
	at pucrs.gcs.cdl.persistence.DbConnection.createTable(DbConnection.java:53)
	at pucrs.gcs.cdl.persistence.DbConnection.open(DbConnection.java:38)
	at pucrs.gcs.cdl.persistence.DbConnection.queryInsert(DbConnection.java:185)
	at pucrs.gcs.cdl.persistence.DbConnection.createTable(DbConnection.java:53)
	at pucrs.gcs.cdl.persistence.DbConnection.open(DbConnection.java:38)
	at pucrs.gcs.cdl.persistence.DbConnection.queryInsert(DbConnection.java:185)
	at pucrs.gcs.cdl.persistence.DbConnection.createTable(DbConnection.java:53)
	at pucrs.gcs.cdl.persistence.DbConnection.open(DbConnection.java:38)
	at pucrs.gcs.cdl.persistence.DbConnection.queryInsert(DbConnection.java:185)
	at pucrs.gcs.cdl.persistence.DbConnection.createTable(DbConnection.java:53)
	at pucrs.gcs.cdl.persistence.DbConnection.open(DbConnection.java:38)
	at pucrs.gcs.cdl.persistence.DbConnection.queryInsert(DbConnection.java:185)
	at pucrs.gcs.cdl.persistence.DbConnection.createTable(DbConnection.java:53)
	at pucrs.gcs.cdl.persistence.DbConnection.open(DbConnection.java:38)
	at pucrs.gcs.cdl.persistence.DbConnection.queryInsert(DbConnection.java:185)
	at pucrs.gcs.cdl.persistence.DbConnection.createTable(DbConnection.java:53)
	at pucrs.gcs.cdl.persistence.DbConnection.open(DbConnection.java:38)
	at pucrs.gcs.cdl.persistence.DbConnection.queryInsert(DbConnection.java:185)
	at pucrs.gcs.cdl.persistence.DbConnection.createTable(DbConnection.java:53)
	at pucrs.gcs.cdl.persistence.DbConnection.open(DbConnection.java:38)
	at pucrs.gcs.cdl.persistence.DbConnection.queryInsert(DbConnection.java:185)
	at pucrs.gcs.cdl.persistence.DbConnection.createTable(DbConnection.java:53)
	at pucrs.gcs.cdl.persistence.DbConnection.open(DbConnection.java:38)
	at pucrs.gcs.cdl.persistence.DbConnection.queryInsert(DbConnection.java:185)
	at pucrs.gcs.cdl.persistence.DbConnection.createTable(DbConnection.java:53)
	at pucrs.gcs.cdl.persistence.DbConnection.open(DbConnection.java:38)
	at pucrs.gcs.cdl.persistence.DbConnection.queryInsert(DbConnection.java:185)
	at pucrs.gcs.cdl.persistence.DbConnection.createTable(DbConnection.java:53)
	at pucrs.gcs.cdl.persistence.DbConnection.open(DbConnection.java:38)
	at pucrs.gcs.cdl.persistence.DbConnection.queryInsert(DbConnection.java:185)
	at pucrs.gcs.cdl.persistence.DbConnection.createTable(DbConnection.java:53)
	at pucrs.gcs.cdl.persistence.DbConnection.open(DbConnection.java:38)
	at pucrs.gcs.cdl.persistence.DbConnection.queryInsert(DbConnection.java:185)
	at pucrs.gcs.cdl.persistence.DbConnection.createTable(DbConnection.java:53)
	at pucrs.gcs.cdl.persistence.DbConnection.open(DbConnection.java:38)
	at pucrs.gcs.cdl.persistence.DbConnection.queryInsert(DbConnection.java:185)
	at pucrs.gcs.cdl.persistence.DbConnection.createTable(DbConnection.java:53)
	at pucrs.gcs.cdl.persistence.DbConnection.open(DbConnection.java:38)
	at pucrs.gcs.cdl.persistence.DbConnection.queryInsert(DbConnection.java:185)
	at pucrs.gcs.cdl.persistence.DbConnection.createTable(DbConnection.java:53)
	at pucrs.gcs.cdl.persistence.DbConnection.open(DbConnection.java:38)
	at pucrs.gcs.cdl.persistence.DbConnection.queryInsert(DbConnection.java:185)
	at pucrs.gcs.cdl.persistence.DbConnection.createTable(DbConnection.java:53)
	at pucrs.gcs.cdl.persistence.DbConnection.open(DbConnection.java:38)
	at pucrs.gcs.cdl.persistence.DbConnection.queryInsert(DbConnection.java:185)
	at pucrs.gcs.cdl.persistence.DbConnection.createTable(DbConnection.java:53)
	at pucrs.gcs.cdl.persistence.DbConnection.open(DbConnection.java:38)
	at pucrs.gcs.cdl.persistence.DbConnection.queryInsert(DbConnection.java:185)
	at pucrs.gcs.cdl.persistence.DbConnection.createTable(DbConnection.java:53)
	at pucrs.gcs.cdl.persistence.DbConnection.open(DbConnection.java:38)
	at pucrs.gcs.cdl.persistence.DbConnection.queryInsert(DbConnection.java:185)
	at pucrs.gcs.cdl.persistence.DbConnection.createTable(DbConnection.java:53)
	at pucrs.gcs.cdl.persistence.DbConnection.open(DbConnection.java:38)
	at pucrs.gcs.cdl.persistence.DbConnection.queryInsert(DbConnection.java:185)
	at pucrs.gcs.cdl.persistence.DbConnection.createTable(DbConnection.java:53)
	at pucrs.gcs.cdl.persistence.DbConnection.open(DbConnection.java:38)
	at pucrs.gcs.cdl.persistence.DbConnection.queryInsert(DbConnection.java:185)
	at pucrs.gcs.cdl.persistence.DbConnection.createTable(DbConnection.java:53)
	at pucrs.gcs.cdl.persistence.DbConnection.open(DbConnection.java:38)
	at pucrs.gcs.cdl.persistence.DbConnection.queryInsert(DbConnection.java:185)
	at pucrs.gcs.cdl.persistence.DbConnection.createTable(DbConnection.java:53)
	at pucrs.gcs.cdl.persistence.DbConnection.open(DbConnection.java:38)
	at pucrs.gcs.cdl.persistence.DbConnection.queryInsert(DbConnection.java:185)
	at pucrs.gcs.cdl.persistence.DbConnection.createTable(DbConnection.java:53)
	at pucrs.gcs.cdl.persistence.DbConnection.open(DbConnection.java:38)
	at pucrs.gcs.cdl.persistence.DbConnection.queryInsert(DbConnection.java:185)
	at pucrs.gcs.cdl.persistence.DbConnection.createTable(DbConnection.java:53)
	at pucrs.gcs.cdl.persistence.DbConnection.open(DbConnection.java:38)
	at pucrs.gcs.cdl.persistence.DbConnection.queryInsert(DbConnection.java:185)
	at pucrs.gcs.cdl.persistence.DbConnection.createTable(DbConnection.java:53)
	at pucrs.gcs.cdl.persistence.DbConnection.open(DbConnection.java:38)
	at pucrs.gcs.cdl.persistence.DbConnection.queryInsert(DbConnection.java:185)
	at pucrs.gcs.cdl.persistence.DbConnection.createTable(DbConnection.java:53)
	at pucrs.gcs.cdl.persistence.DbConnection.open(DbConnection.java:38)
	at pucrs.gcs.cdl.persistence.DbConnection.queryInsert(DbConnection.java:185)
	at pucrs.gcs.cdl.persistence.DbConnection.createTable(DbConnection.java:53)
	at pucrs.gcs.cdl.persistence.DbConnection.open(DbConnection.java:38)
	at pucrs.gcs.cdl.persistence.DbConnection.queryInsert(DbConnection.java:185)
	at pucrs.gcs.cdl.persistence.DbConnection.createTable(DbConnection.java:53)
	at pucrs.gcs.cdl.persistence.DbConnection.open(DbConnection.java:38)
	at pucrs.gcs.cdl.persistence.DbConnection.queryInsert(DbConnection.java:185)
	at pucrs.gcs.cdl.persistence.DbConnection.createTable(DbConnection.java:53)
	at pucrs.gcs.cdl.persistence.DbConnection.open(DbConnection.java:38)
	at pucrs.gcs.cdl.persistence.DbConnection.queryInsert(DbConnection.java:185)
	at pucrs.gcs.cdl.persistence.DbConnection.createTable(DbConnection.java:53)
	at pucrs.gcs.cdl.persistence.DbConnection.open(DbConnection.java:38)
	at pucrs.gcs.cdl.persistence.DbConnection.queryInsert(DbConnection.java:185)
	at pucrs.gcs.cdl.persistence.DbConnection.createTable(DbConnection.java:53)
	at pucrs.gcs.cdl.persistence.DbConnection.open(DbConnection.java:38)
	at pucrs.gcs.cdl.persistence.DbConnection.queryInsert(DbConnection.java:185)
	at pucrs.gcs.cdl.persistence.DbConnection.createTable(DbConnection.java:53)
	at pucrs.gcs.cdl.persistence.DbConnection.open(DbConnection.java:38)
	at pucrs.gcs.cdl.persistence.DbConnection.queryInsert(DbConnection.java:185)
	at pucrs.gcs.cdl.persistence.DbConnection.createTable(DbConnection.java:53)
	at pucrs.gcs.cdl.persistence.DbConnection.open(DbConnection.java:38)
	at pucrs.gcs.cdl.persistence.DbConnection.queryInsert(DbConnection.java:185)
	at pucrs.gcs.cdl.persistence.DbConnection.createTable(DbConnection.java:53)
	at pucrs.gcs.cdl.persistence.DbConnection.open(DbConnection.java:38)
	at pucrs.gcs.cdl.persistence.DbConnection.queryInsert(DbConnection.java:185)
	at pucrs.gcs.cdl.persistence.DbConnection.createTable(DbConnection.java:53)
	at pucrs.gcs.cdl.persistence.DbConnection.open(DbConnection.java:38)
	at pucrs.gcs.cdl.persistence.DbConnection.queryInsert(DbConnection.java:185)
	at pucrs.gcs.cdl.persistence.DbConnection.createTable(DbConnection.java:53)
	at pucrs.gcs.cdl.persistence.DbConnection.open(DbConnection.java:38)
	at pucrs.gcs.cdl.persistence.DbConnection.queryInsert(DbConnection.java:185)
	at pucrs.gcs.cdl.persistence.DbConnection.createTable(DbConnection.java:53)
	at pucrs.gcs.cdl.persistence.DbConnection.open(DbConnection.java:38)
	at pucrs.gcs.cdl.persistence.DbConnection.queryInsert(DbConnection.java:185)
	at pucrs.gcs.cdl.persistence.DbConnection.createTable(DbConnection.java:53)
	at pucrs.gcs.cdl.persistence.DbConnection.open(DbConnection.java:38)
	at pucrs.gcs.cdl.persistence.DbConnection.queryInsert(DbConnection.java:185)
	at pucrs.gcs.cdl.persistence.DbConnection.createTable(DbConnection.java:53)
	at pucrs.gcs.cdl.persistence.DbConnection.open(DbConnection.java:38)
	at pucrs.gcs.cdl.persistence.DbConnection.queryInsert(DbConnection.java:185)
	at pucrs.gcs.cdl.persistence.DbConnection.createTable(DbConnection.java:53)
	at pucrs.gcs.cdl.persistence.DbConnection.open(DbConnection.java:38)
	at pucrs.gcs.cdl.persistence.DbConnection.queryInsert(DbConnection.java:185)
	at pucrs.gcs.cdl.persistence.DbConnection.createTable(DbConnection.java:53)
	at pucrs.gcs.cdl.persistence.DbConnection.open(DbConnection.java:38)
	at pucrs.gcs.cdl.persistence.DbConnection.queryInsert(DbConnection.java:185)
	at pucrs.gcs.cdl.persistence.DbConnection.createTable(DbConnection.java:53)
	at pucrs.gcs.cdl.persistence.DbConnection.open(DbConnection.java:38)
	at pucrs.gcs.cdl.persistence.DbConnection.queryInsert(DbConnection.java:185)
	at pucrs.gcs.cdl.persistence.DbConnection.createTable(DbConnection.java:53)
	at pucrs.gcs.cdl.persistence.DbConnection.open(DbConnection.java:38)
	at pucrs.gcs.cdl.persistence.DbConnection.queryInsert(DbConnection.java:185)
	at pucrs.gcs.cdl.persistence.DbConnection.createTable(DbConnection.java:53)
	at pucrs.gcs.cdl.persistence.DbConnection.open(DbConnection.java:38)
	at pucrs.gcs.cdl.persistence.DbConnection.queryInsert(DbConnection.java:185)
	at pucrs.gcs.cdl.persistence.DbConnection.createTable(DbConnection.java:53)
	at pucrs.gcs.cdl.persistence.DbConnection.open(DbConnection.java:38)
	at pucrs.gcs.cdl.persistence.DbConnection.queryInsert(DbConnection.java:185)
	at pucrs.gcs.cdl.persistence.DbConnection.createTable(DbConnection.java:53)
	at pucrs.gcs.cdl.persistence.DbConnection.open(DbConnection.java:38)
	at pucrs.gcs.cdl.persistence.DbConnection.queryInsert(DbConnection.java:185)
	at pucrs.gcs.cdl.persistence.DbConnection.createTable(DbConnection.java:53)
	at pucrs.gcs.cdl.persistence.DbConnection.open(DbConnection.java:38)
	at pucrs.gcs.cdl.persistence.DbConnection.queryInsert(DbConnection.java:185)
	at pucrs.gcs.cdl.persistence.DbConnection.createTable(DbConnection.java:53)
	at pucrs.gcs.cdl.persistence.DbConnection.open(DbConnection.java:38)
	at pucrs.gcs.cdl.persistence.DbConnection.queryInsert(DbConnection.java:185)
	at pucrs.gcs.cdl.persistence.DbConnection.createTable(DbConnection.java:53)
	at pucrs.gcs.cdl.persistence.DbConnection.open(DbConnection.java:38)
	at pucrs.gcs.cdl.persistence.DbConnection.queryInsert(DbConnection.java:185)
	at pucrs.gcs.cdl.persistence.DbConnection.createTable(DbConnection.java:53)
	at pucrs.gcs.cdl.persistence.DbConnection.open(DbConnection.java:38)
	at pucrs.gcs.cdl.persistence.DbConnection.queryInsert(DbConnection.java:185)
	at pucrs.gcs.cdl.persistence.DbConnection.createTable(DbConnection.java:53)
	at pucrs.gcs.cdl.persistence.DbConnection.open(DbConnection.java:38)
	at pucrs.gcs.cdl.persistence.DbConnection.queryInsert(DbConnection.java:185)
	at pucrs.gcs.cdl.persistence.DbConnection.createTable(DbConnection.java:53)
	at pucrs.gcs.cdl.persistence.DbConnection.open(DbConnection.java:38)
	at pucrs.gcs.cdl.persistence.DbConnection.queryInsert(DbConnection.java:185)
	at pucrs.gcs.cdl.persistence.DbConnection.createTable(DbConnection.java:53)
	at pucrs.gcs.cdl.persistence.DbConnection.open(DbConnection.java:38)
	at pucrs.gcs.cdl.persistence.DbConnection.queryInsert(DbConnection.java:185)
	at pucrs.gcs.cdl.persistence.DbConnection.createTable(DbConnection.java:53)
	at pucrs.gcs.cdl.persistence.DbConnection.open(DbConnection.java:38)
	at pucrs.gcs.cdl.persistence.DbConnection.queryInsert(DbConnection.java:185)
	at pucrs.gcs.cdl.persistence.DbConnection.createTable(DbConnection.java:53)
	at pucrs.gcs.cdl.persistence.DbConnection.open(DbConnection.java:38)
	at pucrs.gcs.cdl.persistence.DbConnection.queryInsert(DbConnection.java:185)
	at pucrs.gcs.cdl.persistence.DbConnection.createTable(DbConnection.java:53)
	at pucrs.gcs.cdl.persistence.DbConnection.open(DbConnection.java:38)
	at pucrs.gcs.cdl.persistence.DbConnection.queryInsert(DbConnection.java:185)
	at pucrs.gcs.cdl.persistence.DbConnection.createTable(DbConnection.java:53)
	at pucrs.gcs.cdl.persistence.DbConnection.open(DbConnection.java:38)
	at pucrs.gcs.cdl.persistence.DbConnection.queryInsert(DbConnection.java:185)
	at pucrs.gcs.cdl.persistence.DbConnection.createTable(DbConnection.java:53)
	at pucrs.gcs.cdl.persistence.DbConnection.open(DbConnection.java:38)
	at pucrs.gcs.cdl.persistence.DbConnection.queryInsert(DbConnection.java:185)
	at pucrs.gcs.cdl.persistence.DbConnection.createTable(DbConnection.java:53)
	at pucrs.gcs.cdl.persistence.DbConnection.open(DbConnection.java:38)
	at pucrs.gcs.cdl.persistence.DbConnection.queryInsert(DbConnection.java:185)
	at pucrs.gcs.cdl.persistence.DbConnection.createTable(DbConnection.java:53)
	at pucrs.gcs.cdl.persistence.DbConnection.open(DbConnection.java:38)
	at pucrs.gcs.cdl.persistence.DbConnection.queryInsert(DbConnection.java:185)
	at pucrs.gcs.cdl.persistence.DbConnection.createTable(DbConnection.java:53)
	at pucrs.gcs.cdl.persistence.DbConnection.open(DbConnection.java:38)
	at pucrs.gcs.cdl.persistence.DbConnection.queryInsert(DbConnection.java:185)
	at pucrs.gcs.cdl.persistence.DbConnection.createTable(DbConnection.java:53)
	at pucrs.gcs.cdl.persistence.DbConnection.open(DbConnection.java:38)
	at pucrs.gcs.cdl.persistence.DbConnection.queryInsert(DbConnection.java:185)
	at pucrs.gcs.cdl.persistence.DbConnection.createTable(DbConnection.java:53)
	at pucrs.gcs.cdl.persistence.DbConnection.open(DbConnection.java:38)
	at pucrs.gcs.cdl.persistence.DbConnection.queryInsert(DbConnection.java:185)
	at pucrs.gcs.cdl.persistence.DbConnection.createTable(DbConnection.java:53)
	at pucrs.gcs.cdl.persistence.DbConnection.open(DbConnection.java:38)
	at pucrs.gcs.cdl.persistence.DbConnection.queryInsert(DbConnection.java:185)
	at pucrs.gcs.cdl.persistence.DbConnection.createTable(DbConnection.java:53)
	at pucrs.gcs.cdl.persistence.DbConnection.open(DbConnection.java:38)
	at pucrs.gcs.cdl.persistence.DbConnection.queryInsert(DbConnection.java:185)
	at pucrs.gcs.cdl.persistence.DbConnection.createTable(DbConnection.java:53)
	at pucrs.gcs.cdl.persistence.DbConnection.open(DbConnection.java:38)
	at pucrs.gcs.cdl.persistence.DbConnection.queryInsert(DbConnection.java:185)
	at pucrs.gcs.cdl.persistence.DbConnection.createTable(DbConnection.java:53)
	at pucrs.gcs.cdl.persistence.DbConnection.open(DbConnection.java:38)
	at pucrs.gcs.cdl.persistence.DbConnection.queryInsert(DbConnection.java:185)
	at pucrs.gcs.cdl.persistence.DbConnection.createTable(DbConnection.java:53)
	at pucrs.gcs.cdl.persistence.DbConnection.open(DbConnection.java:38)
	at pucrs.gcs.cdl.persistence.DbConnection.queryInsert(DbConnection.java:185)
	at pucrs.gcs.cdl.persistence.DbConnection.createTable(DbConnection.java:53)
	at pucrs.gcs.cdl.persistence.DbConnection.open(DbConnection.java:38)
	at pucrs.gcs.cdl.persistence.DbConnection.queryInsert(DbConnection.java:185)
	at pucrs.gcs.cdl.persistence.DbConnection.createTable(DbConnection.java:53)
	at pucrs.gcs.cdl.persistence.DbConnection.open(DbConnection.java:38)
	at pucrs.gcs.cdl.persistence.DbConnection.queryInsert(DbConnection.java:185)
	at pucrs.gcs.cdl.persistence.DbConnection.createTable(DbConnection.java:53)
	at pucrs.gcs.cdl.persistence.DbConnection.open(DbConnection.java:38)
	at pucrs.gcs.cdl.persistence.DbConnection.queryInsert(DbConnection.java:185)
	at pucrs.gcs.cdl.persistence.DbConnection.createTable(DbConnection.java:53)
	at pucrs.gcs.cdl.persistence.DbConnection.open(DbConnection.java:38)
	at pucrs.gcs.cdl.persistence.DbConnection.queryInsert(DbConnection.java:185)
	at pucrs.gcs.cdl.persistence.DbConnection.createTable(DbConnection.java:53)
	at pucrs.gcs.cdl.persistence.DbConnection.open(DbConnection.java:38)
	at pucrs.gcs.cdl.persistence.DbConnection.queryInsert(DbConnection.java:185)
	at pucrs.gcs.cdl.persistence.DbConnection.createTable(DbConnection.java:53)
	at pucrs.gcs.cdl.persistence.DbConnection.open(DbConnection.java:38)
	at pucrs.gcs.cdl.persistence.DbConnection.queryInsert(DbConnection.java:185)
	at pucrs.gcs.cdl.persistence.DbConnection.createTable(DbConnection.java:53)
	at pucrs.gcs.cdl.persistence.DbConnection.open(DbConnection.java:38)
	at pucrs.gcs.cdl.persistence.DbConnection.queryInsert(DbConnection.java:185)
	at pucrs.gcs.cdl.persistence.DbConnection.createTable(DbConnection.java:53)
	at pucrs.gcs.cdl.persistence.DbConnection.open(DbConnection.java:38)
	at pucrs.gcs.cdl.persistence.DbConnection.queryInsert(DbConnection.java:185)
	at pucrs.gcs.cdl.persistence.DbConnection.createTable(DbConnection.java:53)
	at pucrs.gcs.cdl.persistence.DbConnection.open(DbConnection.java:38)
	at pucrs.gcs.cdl.persistence.DbConnection.queryInsert(DbConnection.java:185)
	at pucrs.gcs.cdl.persistence.DbConnection.createTable(DbConnection.java:53)
	at pucrs.gcs.cdl.persistence.DbConnection.open(DbConnection.java:38)
	at pucrs.gcs.cdl.persistence.DbConnection.queryInsert(DbConnection.java:185)
	at pucrs.gcs.cdl.persistence.DbConnection.createTable(DbConnection.java:53)
	at pucrs.gcs.cdl.persistence.DbConnection.open(DbConnection.java:38)
	at pucrs.gcs.cdl.persistence.DbConnection.queryInsert(DbConnection.java:185)
	at pucrs.gcs.cdl.persistence.DbConnection.createTable(DbConnection.java:53)
	at pucrs.gcs.cdl.persistence.DbConnection.open(DbConnection.java:38)
	at pucrs.gcs.cdl.persistence.DbConnection.queryInsert(DbConnection.java:185)
	at pucrs.gcs.cdl.persistence.DbConnection.createTable(DbConnection.java:53)
	at pucrs.gcs.cdl.persistence.DbConnection.open(DbConnection.java:38)
	at pucrs.gcs.cdl.persistence.DbConnection.queryInsert(DbConnection.java:185)
	at pucrs.gcs.cdl.persistence.DbConnection.createTable(DbConnection.java:53)
	at pucrs.gcs.cdl.persistence.DbConnection.open(DbConnection.java:38)
	at pucrs.gcs.cdl.persistence.DbConnection.queryInsert(DbConnection.java:185)
	at pucrs.gcs.cdl.persistence.DbConnection.createTable(DbConnection.java:53)
	at pucrs.gcs.cdl.persistence.DbConnection.open(DbConnection.java:38)
	at pucrs.gcs.cdl.persistence.DbConnection.queryInsert(DbConnection.java:185)
	at pucrs.gcs.cdl.persistence.DbConnection.createTable(DbConnection.java:53)
	at pucrs.gcs.cdl.persistence.DbConnection.open(DbConnection.java:38)
	at pucrs.gcs.cdl.persistence.DbConnection.queryInsert(DbConnection.java:185)
	at pucrs.gcs.cdl.persistence.DbConnection.createTable(DbConnection.java:53)
	at pucrs.gcs.cdl.persistence.DbConnection.open(DbConnection.java:38)
	at pucrs.gcs.cdl.persistence.DbConnection.queryInsert(DbConnection.java:185)
	at pucrs.gcs.cdl.persistence.DbConnection.createTable(DbConnection.java:53)
	at pucrs.gcs.cdl.persistence.DbConnection.open(DbConnection.java:38)
	at pucrs.gcs.cdl.persistence.DbConnection.queryInsert(DbConnection.java:185)
	at pucrs.gcs.cdl.persistence.DbConnection.createTable(DbConnection.java:53)
	at pucrs.gcs.cdl.persistence.DbConnection.open(DbConnection.java:38)
	at pucrs.gcs.cdl.persistence.DbConnection.queryInsert(DbConnection.java:185)
	at pucrs.gcs.cdl.persistence.DbConnection.createTable(DbConnection.java:53)
	at pucrs.gcs.cdl.persistence.DbConnection.open(DbConnection.java:38)
	at pucrs.gcs.cdl.persistence.DbConnection.queryInsert(DbConnection.java:185)
	at pucrs.gcs.cdl.persistence.DbConnection.createTable(DbConnection.java:53)
	at pucrs.gcs.cdl.persistence.DbConnection.open(DbConnection.java:38)
	at pucrs.gcs.cdl.persistence.DbConnection.queryInsert(DbConnection.java:185)
	at pucrs.gcs.cdl.persistence.DbConnection.createTable(DbConnection.java:53)
	at pucrs.gcs.cdl.persistence.DbConnection.open(DbConnection.java:38)
	at pucrs.gcs.cdl.persistence.DbConnection.queryInsert(DbConnection.java:185)
	at pucrs.gcs.cdl.persistence.DbConnection.createTable(DbConnection.java:53)
	at pucrs.gcs.cdl.persistence.DbConnection.open(DbConnection.java:38)
	at pucrs.gcs.cdl.persistence.DbConnection.queryInsert(DbConnection.java:185)
	at pucrs.gcs.cdl.persistence.DbConnection.createTable(DbConnection.java:53)
	at pucrs.gcs.cdl.persistence.DbConnection.open(DbConnection.java:38)
	at pucrs.gcs.cdl.persistence.DbConnection.queryInsert(DbConnection.java:185)
	at pucrs.gcs.cdl.persistence.DbConnection.createTable(DbConnection.java:53)
	at pucrs.gcs.cdl.persistence.DbConnection.open(DbConnection.java:38)
	at pucrs.gcs.cdl.persistence.DbConnection.queryInsert(DbConnection.java:185)
	at pucrs.gcs.cdl.persistence.DbConnection.createTable(DbConnection.java:53)
	at pucrs.gcs.cdl.persistence.DbConnection.open(DbConnection.java:38)
	at pucrs.gcs.cdl.persistence.DbConnection.queryInsert(DbConnection.java:185)
	at pucrs.gcs.cdl.persistence.DbConnection.createTable(DbConnection.java:53)
	at pucrs.gcs.cdl.persistence.DbConnection.open(DbConnection.java:38)
	at pucrs.gcs.cdl.persistence.DbConnection.queryInsert(DbConnection.java:185)
	at pucrs.gcs.cdl.persistence.DbConnection.createTable(DbConnection.java:53)
	at pucrs.gcs.cdl.persistence.DbConnection.open(DbConnection.java:38)
	at pucrs.gcs.cdl.persistence.DbConnection.queryInsert(DbConnection.java:185)
	at pucrs.gcs.cdl.persistence.DbConnection.createTable(DbConnection.java:53)
	at pucrs.gcs.cdl.persistence.DbConnection.open(DbConnection.java:38)
	at pucrs.gcs.cdl.persistence.DbConnection.queryInsert(DbConnection.java:185)
	at pucrs.gcs.cdl.persistence.DbConnection.createTable(DbConnection.java:53)
	at pucrs.gcs.cdl.persistence.DbConnection.open(DbConnection.java:38)
	at pucrs.gcs.cdl.persistence.DbConnection.queryInsert(DbConnection.java:185)
	at pucrs.gcs.cdl.persistence.DbConnection.createTable(DbConnection.java:53)
	at pucrs.gcs.cdl.persistence.DbConnection.open(DbConnection.java:38)
	at pucrs.gcs.cdl.persistence.DbConnection.queryInsert(DbConnection.java:185)
	at pucrs.gcs.cdl.persistence.DbConnection.createTable(DbConnection.java:53)
	at pucrs.gcs.cdl.persistence.DbConnection.open(DbConnection.java:38)
	at pucrs.gcs.cdl.persistence.DbConnection.queryInsert(DbConnection.java:185)
	at pucrs.gcs.cdl.persistence.DbConnection.createTable(DbConnection.java:53)
	at pucrs.gcs.cdl.persistence.DbConnection.open(DbConnection.java:38)
	at pucrs.gcs.cdl.persistence.DbConnection.queryInsert(DbConnection.java:185)
	at pucrs.gcs.cdl.persistence.DbConnection.createTable(DbConnection.java:53)
	at pucrs.gcs.cdl.persistence.DbConnection.open(DbConnection.java:38)
	at pucrs.gcs.cdl.persistence.DbConnection.queryInsert(DbConnection.java:185)
	at pucrs.gcs.cdl.persistence.DbConnection.createTable(DbConnection.java:53)
	at pucrs.gcs.cdl.persistence.DbConnection.open(DbConnection.java:38)
	at pucrs.gcs.cdl.persistence.DbConnection.queryInsert(DbConnection.java:185)
	at pucrs.gcs.cdl.persistence.DbConnection.createTable(DbConnection.java:53)
	at pucrs.gcs.cdl.persistence.DbConnection.open(DbConnection.java:38)
	at pucrs.gcs.cdl.persistence.DbConnection.queryInsert(DbConnection.java:185)
	at pucrs.gcs.cdl.persistence.DbConnection.createTable(DbConnection.java:53)
	at pucrs.gcs.cdl.persistence.DbConnection.open(DbConnection.java:38)
	at pucrs.gcs.cdl.persistence.DbConnection.queryInsert(DbConnection.java:185)
	at pucrs.gcs.cdl.persistence.DbConnection.createTable(DbConnection.java:53)
	at pucrs.gcs.cdl.persistence.DbConnection.open(DbConnection.java:38)
	at pucrs.gcs.cdl.persistence.DbConnection.queryInsert(DbConnection.java:185)
	at pucrs.gcs.cdl.persistence.DbConnection.createTable(DbConnection.java:53)
	at pucrs.gcs.cdl.persistence.DbConnection.open(DbConnection.java:38)
	at pucrs.gcs.cdl.persistence.DbConnection.queryInsert(DbConnection.java:185)
	at pucrs.gcs.cdl.persistence.DbConnection.createTable(DbConnection.java:53)
	at pucrs.gcs.cdl.persistence.DbConnection.open(DbConnection.java:38)
	at pucrs.gcs.cdl.persistence.DbConnection.queryInsert(DbConnection.java:185)
	at pucrs.gcs.cdl.persistence.DbConnection.createTable(DbConnection.java:53)
	at pucrs.gcs.cdl.persistence.DbConnection.open(DbConnection.java:38)
	at pucrs.gcs.cdl.persistence.DbConnection.queryInsert(DbConnection.java:185)
	at pucrs.gcs.cdl.persistence.DbConnection.createTable(DbConnection.java:53)
	at pucrs.gcs.cdl.persistence.DbConnection.open(DbConnection.java:38)
	at pucrs.gcs.cdl.persistence.DbConnection.queryInsert(DbConnection.java:185)
	at pucrs.gcs.cdl.persistence.DbConnection.createTable(DbConnection.java:53)
	at pucrs.gcs.cdl.persistence.DbConnection.open(DbConnection.java:38)
	at pucrs.gcs.cdl.persistence.DbConnection.queryInsert(DbConnection.java:185)
	at pucrs.gcs.cdl.persistence.DbConnection.createTable(DbConnection.java:53)
	at pucrs.gcs.cdl.persistence.DbConnection.open(DbConnection.java:38)
	at pucrs.gcs.cdl.persistence.DbConnection.queryInsert(DbConnection.java:185)
	at pucrs.gcs.cdl.persistence.DbConnection.createTable(DbConnection.java:53)
	at pucrs.gcs.cdl.persistence.DbConnection.open(DbConnection.java:38)
	at pucrs.gcs.cdl.persistence.DbConnection.queryInsert(DbConnection.java:185)
	at pucrs.gcs.cdl.persistence.DbConnection.createTable(DbConnection.java:53)
	at pucrs.gcs.cdl.persistence.DbConnection.open(DbConnection.java:38)
	at pucrs.gcs.cdl.persistence.DbConnection.queryInsert(DbConnection.java:185)
	at pucrs.gcs.cdl.persistence.DbConnection.createTable(DbConnection.java:53)
	at pucrs.gcs.cdl.persistence.DbConnection.open(DbConnection.java:38)
	at pucrs.gcs.cdl.persistence.DbConnection.queryInsert(DbConnection.java:185)
	at pucrs.gcs.cdl.persistence.DbConnection.createTable(DbConnection.java:53)
	at pucrs.gcs.cdl.persistence.DbConnection.open(DbConnection.java:38)
	at pucrs.gcs.cdl.persistence.DbConnection.queryInsert(DbConnection.java:185)
	at pucrs.gcs.cdl.persistence.DbConnection.createTable(DbConnection.java:53)
	at pucrs.gcs.cdl.persistence.DbConnection.open(DbConnection.java:38)
	at pucrs.gcs.cdl.persistence.DbConnection.queryInsert(DbConnection.java:185)
	at pucrs.gcs.cdl.persistence.DbConnection.createTable(DbConnection.java:53)
	at pucrs.gcs.cdl.persistence.DbConnection.open(DbConnection.java:38)
	at pucrs.gcs.cdl.persistence.DbConnection.queryInsert(DbConnection.java:185)
	at pucrs.gcs.cdl.persistence.DbConnection.createTable(DbConnection.java:53)
	at pucrs.gcs.cdl.persistence.DbConnection.open(DbConnection.java:38)
	at pucrs.gcs.cdl.persistence.DbConnection.queryInsert(DbConnection.java:185)
	at pucrs.gcs.cdl.persistence.DbConnection.createTable(DbConnection.java:53)
	at pucrs.gcs.cdl.persistence.DbConnection.open(DbConnection.java:38)
	at pucrs.gcs.cdl.persistence.DbConnection.queryInsert(DbConnection.java:185)
	at pucrs.gcs.cdl.persistence.DbConnection.createTable(DbConnection.java:53)
	at pucrs.gcs.cdl.persistence.DbConnection.open(DbConnection.java:38)
	at pucrs.gcs.cdl.persistence.DbConnection.queryInsert(DbConnection.java:185)
	at pucrs.gcs.cdl.persistence.DbConnection.createTable(DbConnection.java:53)
	at pucrs.gcs.cdl.persistence.DbConnection.open(DbConnection.java:38)
	at pucrs.gcs.cdl.persistence.DbConnection.queryInsert(DbConnection.java:185)
	at pucrs.gcs.cdl.persistence.DbConnection.createTable(DbConnection.java:53)
	at pucrs.gcs.cdl.persistence.DbConnection.open(DbConnection.java:38)
	at pucrs.gcs.cdl.persistence.DbConnection.queryInsert(DbConnection.java:185)
	at pucrs.gcs.cdl.persistence.DbConnection.createTable(DbConnection.java:53)
	at pucrs.gcs.cdl.persistence.DbConnection.open(DbConnection.java:38)
	at pucrs.gcs.cdl.persistence.DbConnection.queryInsert(DbConnection.java:185)
	at pucrs.gcs.cdl.persistence.DbConnection.createTable(DbConnection.java:53)
	at pucrs.gcs.cdl.persistence.DbConnection.open(DbConnection.java:38)
	at pucrs.gcs.cdl.persistence.DbConnection.queryInsert(DbConnection.java:185)
	at pucrs.gcs.cdl.persistence.DbConnection.createTable(DbConnection.java:53)
	at pucrs.gcs.cdl.persistence.DbConnection.open(DbConnection.java:38)
	at pucrs.gcs.cdl.persistence.DbConnection.queryInsert(DbConnection.java:185)
	at pucrs.gcs.cdl.persistence.DbConnection.createTable(DbConnection.java:53)
	at pucrs.gcs.cdl.persistence.DbConnection.open(DbConnection.java:38)
	at pucrs.gcs.cdl.persistence.DbConnection.queryInsert(DbConnection.java:185)
	at pucrs.gcs.cdl.persistence.DbConnection.createTable(DbConnection.java:53)
	at pucrs.gcs.cdl.persistence.DbConnection.open(DbConnection.java:38)
	at pucrs.gcs.cdl.persistence.DbConnection.queryInsert(DbConnection.java:185)
	at pucrs.gcs.cdl.persistence.DbConnection.createTable(DbConnection.java:53)
	at pucrs.gcs.cdl.persistence.DbConnection.open(DbConnection.java:38)
	at pucrs.gcs.cdl.persistence.DbConnection.queryInsert(DbConnection.java:185)
	at pucrs.gcs.cdl.persistence.DbConnection.createTable(DbConnection.java:53)
	at pucrs.gcs.cdl.persistence.DbConnection.open(DbConnection.java:38)
	at pucrs.gcs.cdl.persistence.DbConnection.queryInsert(DbConnection.java:185)
	at pucrs.gcs.cdl.persistence.DbConnection.createTable(DbConnection.java:53)
	at pucrs.gcs.cdl.persistence.DbConnection.open(DbConnection.java:38)
	at pucrs.gcs.cdl.persistence.DbConnection.queryInsert(DbConnection.java:185)
	at pucrs.gcs.cdl.persistence.DbConnection.createTable(DbConnection.java:53)
	at pucrs.gcs.cdl.persistence.DbConnection.open(DbConnection.java:38)
	at pucrs.gcs.cdl.persistence.DbConnection.queryInsert(DbConnection.java:185)
	at pucrs.gcs.cdl.persistence.DbConnection.createTable(DbConnection.java:53)
	at pucrs.gcs.cdl.persistence.DbConnection.open(DbConnection.java:38)
	at pucrs.gcs.cdl.persistence.DbConnection.queryInsert(DbConnection.java:185)
	at pucrs.gcs.cdl.persistence.DbConnection.createTable(DbConnection.java:53)
	at pucrs.gcs.cdl.persistence.DbConnection.open(DbConnection.java:38)
	at pucrs.gcs.cdl.persistence.DbConnection.queryInsert(DbConnection.java:185)
	at pucrs.gcs.cdl.persistence.DbConnection.createTable(DbConnection.java:53)
	at pucrs.gcs.cdl.persistence.DbConnection.open(DbConnection.java:38)
	at pucrs.gcs.cdl.persistence.DbConnection.queryInsert(DbConnection.java:185)
	at pucrs.gcs.cdl.persistence.DbConnection.createTable(DbConnection.java:53)
	at pucrs.gcs.cdl.persistence.DbConnection.open(DbConnection.java:38)
	at pucrs.gcs.cdl.persistence.DbConnection.queryInsert(DbConnection.java:185)
	at pucrs.gcs.cdl.persistence.DbConnection.createTable(DbConnection.java:53)
	at pucrs.gcs.cdl.persistence.DbConnection.open(DbConnection.java:38)
	at pucrs.gcs.cdl.persistence.DbConnection.queryInsert(DbConnection.java:185)
	at pucrs.gcs.cdl.persistence.DbConnection.createTable(DbConnection.java:53)
	at pucrs.gcs.cdl.persistence.DbConnection.open(DbConnection.java:38)
	at pucrs.gcs.cdl.persistence.DbConnection.queryInsert(DbConnection.java:185)
	at pucrs.gcs.cdl.persistence.DbConnection.createTable(DbConnection.java:53)
	at pucrs.gcs.cdl.persistence.DbConnection.open(DbConnection.java:38)
	at pucrs.gcs.cdl.persistence.DbConnection.queryInsert(DbConnection.java:185)
	at pucrs.gcs.cdl.persistence.DbConnection.createTable(DbConnection.java:53)
	at pucrs.gcs.cdl.persistence.DbConnection.open(DbConnection.java:38)
	at pucrs.gcs.cdl.persistence.DbConnection.queryInsert(DbConnection.java:185)
	at pucrs.gcs.cdl.persistence.DbConnection.createTable(DbConnection.java:53)
	at pucrs.gcs.cdl.persistence.DbConnection.open(DbConnection.java:38)
	at pucrs.gcs.cdl.persistence.DbConnection.queryInsert(DbConnection.java:185)
	at pucrs.gcs.cdl.persistence.DbConnection.createTable(DbConnection.java:53)
	at pucrs.gcs.cdl.persistence.DbConnection.open(DbConnection.java:38)
	at pucrs.gcs.cdl.persistence.DbConnection.queryInsert(DbConnection.java:185)
	at pucrs.gcs.cdl.persistence.DbConnection.createTable(DbConnection.java:53)
	at pucrs.gcs.cdl.persistence.DbConnection.open(DbConnection.java:38)
	at pucrs.gcs.cdl.persistence.DbConnection.queryInsert(DbConnection.java:185)
	at pucrs.gcs.cdl.persistence.DbConnection.createTable(DbConnection.java:53)
	at pucrs.gcs.cdl.persistence.DbConnection.open(DbConnection.java:38)
	at pucrs.gcs.cdl.persistence.DbConnection.queryInsert(DbConnection.java:185)
	at pucrs.gcs.cdl.persistence.DbConnection.createTable(DbConnection.java:53)
	at pucrs.gcs.cdl.persistence.DbConnection.open(DbConnection.java:38)
	at pucrs.gcs.cdl.persistence.DbConnection.queryInsert(DbConnection.java:185)
	at pucrs.gcs.cdl.persistence.DbConnection.createTable(DbConnection.java:53)
	at pucrs.gcs.cdl.persistence.DbConnection.open(DbConnection.java:38)
	at pucrs.gcs.cdl.persistence.DbConnection.queryInsert(DbConnection.java:185)
	at pucrs.gcs.cdl.persistence.DbConnection.createTable(DbConnection.java:53)
	at pucrs.gcs.cdl.persistence.DbConnection.open(DbConnection.java:38)
	at pucrs.gcs.cdl.persistence.DbConnection.queryInsert(DbConnection.java:185)
	at pucrs.gcs.cdl.persistence.DbConnection.createTable(DbConnection.java:53)
	at pucrs.gcs.cdl.persistence.DbConnection.open(DbConnection.java:38)
	at pucrs.gcs.cdl.persistence.DbConnection.queryInsert(DbConnection.java:185)
	at pucrs.gcs.cdl.persistence.DbConnection.createTable(DbConnection.java:53)
	at pucrs.gcs.cdl.persistence.DbConnection.open(DbConnection.java:38)
	at pucrs.gcs.cdl.persistence.DbConnection.queryInsert(DbConnection.java:185)
	at pucrs.gcs.cdl.persistence.DbConnection.createTable(DbConnection.java:53)
	at pucrs.gcs.cdl.persistence.DbConnection.open(DbConnection.java:38)
	at pucrs.gcs.cdl.persistence.DbConnection.queryInsert(DbConnection.java:185)
	at pucrs.gcs.cdl.persistence.DbConnection.createTable(DbConnection.java:53)
	at pucrs.gcs.cdl.persistence.DbConnection.open(DbConnection.java:38)
	at pucrs.gcs.cdl.persistence.DbConnection.queryInsert(DbConnection.java:185)
	at pucrs.gcs.cdl.persistence.DbConnection.createTable(DbConnection.java:53)
	at pucrs.gcs.cdl.persistence.DbConnection.open(DbConnection.java:38)
	at pucrs.gcs.cdl.persistence.DbConnection.queryInsert(DbConnection.java:185)
	at pucrs.gcs.cdl.persistence.DbConnection.createTable(DbConnection.java:53)
	at pucrs.gcs.cdl.persistence.DbConnection.open(DbConnection.java:38)
	at pucrs.gcs.cdl.persistence.DbConnection.queryInsert(DbConnection.java:185)
	at pucrs.gcs.cdl.persistence.DbConnection.createTable(DbConnection.java:53)
	at pucrs.gcs.cdl.persistence.DbConnection.open(DbConnection.java:38)
	at pucrs.gcs.cdl.persistence.DbConnection.queryInsert(DbConnection.java:185)
	at pucrs.gcs.cdl.persistence.DbConnection.createTable(DbConnection.java:53)
	at pucrs.gcs.cdl.persistence.DbConnection.open(DbConnection.java:38)
	at pucrs.gcs.cdl.persistence.DbConnection.queryInsert(DbConnection.java:185)
	at pucrs.gcs.cdl.persistence.DbConnection.createTable(DbConnection.java:53)
	at pucrs.gcs.cdl.persistence.DbConnection.open(DbConnection.java:38)
	at pucrs.gcs.cdl.persistence.DbConnection.queryInsert(DbConnection.java:185)
	at pucrs.gcs.cdl.persistence.DbConnection.createTable(DbConnection.java:53)
	at pucrs.gcs.cdl.persistence.DbConnection.open(DbConnection.java:38)
	at pucrs.gcs.cdl.persistence.DbConnection.queryInsert(DbConnection.java:185)
	at pucrs.gcs.cdl.persistence.DbConnection.createTable(DbConnection.java:53)
	at pucrs.gcs.cdl.persistence.DbConnection.open(DbConnection.java:38)
	at pucrs.gcs.cdl.persistence.DbConnection.queryInsert(DbConnection.java:185)
	at pucrs.gcs.cdl.persistence.DbConnection.createTable(DbConnection.java:53)
	at pucrs.gcs.cdl.persistence.DbConnection.open(DbConnection.java:38)
	at pucrs.gcs.cdl.persistence.DbConnection.queryInsert(DbConnection.java:185)
	at pucrs.gcs.cdl.persistence.DbConnection.createTable(DbConnection.java:53)
	at pucrs.gcs.cdl.persistence.DbConnection.open(DbConnection.java:38)
	at pucrs.gcs.cdl.persistence.DbConnection.queryInsert(DbConnection.java:185)
	at pucrs.gcs.cdl.persistence.DbConnection.createTable(DbConnection.java:53)
	at pucrs.gcs.cdl.persistence.DbConnection.open(DbConnection.java:38)
	at pucrs.gcs.cdl.persistence.DbConnection.queryInsert(DbConnection.java:185)
	at pucrs.gcs.cdl.persistence.DbConnection.createTable(DbConnection.java:53)
	at pucrs.gcs.cdl.persistence.DbConnection.open(DbConnection.java:38)
	at pucrs.gcs.cdl.persistence.DbConnection.queryInsert(DbConnection.java:185)
	at pucrs.gcs.cdl.persistence.DbConnection.createTable(DbConnection.java:53)
	at pucrs.gcs.cdl.persistence.DbConnection.open(DbConnection.java:38)
	at pucrs.gcs.cdl.persistence.DbConnection.queryInsert(DbConnection.java:185)
	at pucrs.gcs.cdl.persistence.DbConnection.createTable(DbConnection.java:53)
	at pucrs.gcs.cdl.persistence.DbConnection.open(DbConnection.java:38)
	at pucrs.gcs.cdl.persistence.DbConnection.queryInsert(DbConnection.java:185)
	at pucrs.gcs.cdl.persistence.DbConnection.createTable(DbConnection.java:53)
	at pucrs.gcs.cdl.persistence.DbConnection.open(DbConnection.java:38)
	at pucrs.gcs.cdl.persistence.DbConnection.queryInsert(DbConnection.java:185)
	at pucrs.gcs.cdl.persistence.DbConnection.createTable(DbConnection.java:53)
	at pucrs.gcs.cdl.persistence.DbConnection.open(DbConnection.java:38)
	at pucrs.gcs.cdl.persistence.DbConnection.queryInsert(DbConnection.java:185)
	at pucrs.gcs.cdl.persistence.DbConnection.createTable(DbConnection.java:53)
	at pucrs.gcs.cdl.persistence.DbConnection.open(DbConnection.java:38)
	at pucrs.gcs.cdl.persistence.DbConnection.queryInsert(DbConnection.java:185)
	at pucrs.gcs.cdl.persistence.DbConnection.createTable(DbConnection.java:53)
	at pucrs.gcs.cdl.persistence.DbConnection.open(DbConnection.java:38)
	at pucrs.gcs.cdl.persistence.DbConnection.queryInsert(DbConnection.java:185)
	at pucrs.gcs.cdl.persistence.DbConnection.createTable(DbConnection.java:53)
	at pucrs.gcs.cdl.persistence.DbConnection.open(DbConnection.java:38)
	at pucrs.gcs.cdl.persistence.DbConnection.queryInsert(DbConnection.java:185)
	at pucrs.gcs.cdl.persistence.DbConnection.createTable(DbConnection.java:53)
	at pucrs.gcs.cdl.persistence.DbConnection.open(DbConnection.java:38)
	at pucrs.gcs.cdl.persistence.DbConnection.queryInsert(DbConnection.java:185)
	at pucrs.gcs.cdl.persistence.DbConnection.createTable(DbConnection.java:53)
	at pucrs.gcs.cdl.persistence.DbConnection.open(DbConnection.java:38)
	at pucrs.gcs.cdl.persistence.DbConnection.queryInsert(DbConnection.java:185)
	at pucrs.gcs.cdl.persistence.DbConnection.createTable(DbConnection.java:53)
	at pucrs.gcs.cdl.persistence.DbConnection.open(DbConnection.java:38)
	at pucrs.gcs.cdl.persistence.DbConnection.queryInsert(DbConnection.java:185)
	at pucrs.gcs.cdl.persistence.DbConnection.createTable(DbConnection.java:53)
	at pucrs.gcs.cdl.persistence.DbConnection.open(DbConnection.java:38)
	at pucrs.gcs.cdl.persistence.DbConnection.queryInsert(DbConnection.java:185)
	at pucrs.gcs.cdl.persistence.DbConnection.createTable(DbConnection.java:53)
	at pucrs.gcs.cdl.persistence.DbConnection.open(DbConnection.java:38)
	at pucrs.gcs.cdl.persistence.DbConnection.queryInsert(DbConnection.java:185)
	at pucrs.gcs.cdl.persistence.DbConnection.createTable(DbConnection.java:53)
	at pucrs.gcs.cdl.persistence.DbConnection.open(DbConnection.java:38)
	at pucrs.gcs.cdl.persistence.DbConnection.queryInsert(DbConnection.java:185)
	at pucrs.gcs.cdl.persistence.DbConnection.createTable(DbConnection.java:53)
	at pucrs.gcs.cdl.persistence.DbConnection.open(DbConnection.java:38)
	at pucrs.gcs.cdl.persistence.DbConnection.queryInsert(DbConnection.java:185)
	at pucrs.gcs.cdl.persistence.DbConnection.createTable(DbConnection.java:53)
	at pucrs.gcs.cdl.persistence.DbConnection.open(DbConnection.java:38)
	at pucrs.gcs.cdl.persistence.DbConnection.queryInsert(DbConnection.java:185)
	at pucrs.gcs.cdl.persistence.DbConnection.createTable(DbConnection.java:53)
	at pucrs.gcs.cdl.persistence.DbConnection.open(DbConnection.java:38)
	at pucrs.gcs.cdl.persistence.DbConnection.queryInsert(DbConnection.java:185)
	at pucrs.gcs.cdl.persistence.DbConnection.createTable(DbConnection.java:53)
	at pucrs.gcs.cdl.persistence.DbConnection.open(DbConnection.java:38)
	at pucrs.gcs.cdl.persistence.DbConnection.queryInsert(DbConnection.java:185)
	at pucrs.gcs.cdl.persistence.DbConnection.createTable(DbConnection.java:53)
	at pucrs.gcs.cdl.persistence.DbConnection.open(DbConnection.java:38)
	at pucrs.gcs.cdl.persistence.DbConnection.queryInsert(DbConnection.java:185)
	at pucrs.gcs.cdl.persistence.DbConnection.createTable(DbConnection.java:53)
	at pucrs.gcs.cdl.persistence.DbConnection.open(DbConnection.java:38)
	at pucrs.gcs.cdl.persistence.DbConnection.queryInsert(DbConnection.java:185)
	at pucrs.gcs.cdl.persistence.DbConnection.createTable(DbConnection.java:53)
	at pucrs.gcs.cdl.persistence.DbConnection.open(DbConnection.java:38)
	at pucrs.gcs.cdl.persistence.DbConnection.queryInsert(DbConnection.java:185)
	at pucrs.gcs.cdl.persistence.DbConnection.createTable(DbConnection.java:53)
	at pucrs.gcs.cdl.persistence.DbConnection.open(DbConnection.java:38)
	at pucrs.gcs.cdl.persistence.DbConnection.queryInsert(DbConnection.java:185)
	at pucrs.gcs.cdl.persistence.DbConnection.createTable(DbConnection.java:53)
	at pucrs.gcs.cdl.persistence.DbConnection.open(DbConnection.java:38)
	at pucrs.gcs.cdl.persistence.DbConnection.queryInsert(DbConnection.java:185)
	at pucrs.gcs.cdl.persistence.DbConnection.createTable(DbConnection.java:53)
	at pucrs.gcs.cdl.persistence.DbConnection.open(DbConnection.java:38)
	at pucrs.gcs.cdl.persistence.DbConnection.queryInsert(DbConnection.java:185)
	at pucrs.gcs.cdl.persistence.DbConnection.createTable(DbConnection.java:53)
	at pucrs.gcs.cdl.persistence.DbConnection.open(DbConnection.java:38)
	at pucrs.gcs.cdl.persistence.DbConnection.queryInsert(DbConnection.java:185)
	at pucrs.gcs.cdl.persistence.DbConnection.createTable(DbConnection.java:53)
	at pucrs.gcs.cdl.persistence.DbConnection.open(DbConnection.java:38)
	at pucrs.gcs.cdl.persistence.DbConnection.queryInsert(DbConnection.java:185)
	at pucrs.gcs.cdl.persistence.DbConnection.createTable(DbConnection.java:53)
	at pucrs.gcs.cdl.persistence.DbConnection.open(DbConnection.java:38)
	at pucrs.gcs.cdl.persistence.DbConnection.queryInsert(DbConnection.java:185)
	at pucrs.gcs.cdl.persistence.DbConnection.createTable(DbConnection.java:53)
	at pucrs.gcs.cdl.persistence.DbConnection.open(DbConnection.java:38)
	at pucrs.gcs.cdl.persistence.DbConnection.queryInsert(DbConnection.java:185)
	at pucrs.gcs.cdl.persistence.DbConnection.createTable(DbConnection.java:53)
	at pucrs.gcs.cdl.persistence.DbConnection.open(DbConnection.java:38)
	at pucrs.gcs.cdl.persistence.DbConnection.queryInsert(DbConnection.java:185)
	at pucrs.gcs.cdl.persistence.DbConnection.createTable(DbConnection.java:53)
	at pucrs.gcs.cdl.persistence.DbConnection.open(DbConnection.java:38)
	at pucrs.gcs.cdl.persistence.DbConnection.queryInsert(DbConnection.java:185)
	at pucrs.gcs.cdl.persistence.DbConnection.createTable(DbConnection.java:53)
	at pucrs.gcs.cdl.persistence.DbConnection.open(DbConnection.java:38)
	at pucrs.gcs.cdl.persistence.DbConnection.queryInsert(DbConnection.java:185)
	at pucrs.gcs.cdl.persistence.DbConnection.createTable(DbConnection.java:53)
	at pucrs.gcs.cdl.persistence.DbConnection.open(DbConnection.java:38)
	at pucrs.gcs.cdl.persistence.DbConnection.queryInsert(DbConnection.java:185)
	at pucrs.gcs.cdl.persistence.DbConnection.createTable(DbConnection.java:53)
	at pucrs.gcs.cdl.persistence.DbConnection.open(DbConnection.java:38)
	at pucrs.gcs.cdl.persistence.DbConnection.queryInsert(DbConnection.java:185)
	at pucrs.gcs.cdl.persistence.DbConnection.createTable(DbConnection.java:53)
	at pucrs.gcs.cdl.persistence.DbConnection.open(DbConnection.java:38)
	at pucrs.gcs.cdl.persistence.DbConnection.queryInsert(DbConnection.java:185)
	at pucrs.gcs.cdl.persistence.DbConnection.createTable(DbConnection.java:53)
	at pucrs.gcs.cdl.persistence.DbConnection.open(DbConnection.java:38)
	at pucrs.gcs.cdl.persistence.DbConnection.queryInsert(DbConnection.java:185)
	at pucrs.gcs.cdl.persistence.DbConnection.createTable(DbConnection.java:53)
	at pucrs.gcs.cdl.persistence.DbConnection.open(DbConnection.java:38)
	at pucrs.gcs.cdl.persistence.DbConnection.queryInsert(DbConnection.java:185)
	at pucrs.gcs.cdl.persistence.DbConnection.createTable(DbConnection.java:53)
	at pucrs.gcs.cdl.persistence.DbConnection.open(DbConnection.java:38)
	at pucrs.gcs.cdl.persistence.DbConnection.queryInsert(DbConnection.java:185)
	at pucrs.gcs.cdl.persistence.DbConnection.createTable(DbConnection.java:53)
	at pucrs.gcs.cdl.persistence.DbConnection.open(DbConnection.java:38)
	at pucrs.gcs.cdl.persistence.DbConnection.queryInsert(DbConnection.java:185)
	at pucrs.gcs.cdl.persistence.DbConnection.createTable(DbConnection.java:53)
	at pucrs.gcs.cdl.persistence.DbConnection.open(DbConnection.java:38)
	at pucrs.gcs.cdl.persistence.DbConnection.queryInsert(DbConnection.java:185)
	at pucrs.gcs.cdl.persistence.DbConnection.createTable(DbConnection.java:53)
	at pucrs.gcs.cdl.persistence.DbConnection.open(DbConnection.java:38)
	at pucrs.gcs.cdl.persistence.DbConnection.queryInsert(DbConnection.java:185)
	at pucrs.gcs.cdl.persistence.DbConnection.createTable(DbConnection.java:53)
	at pucrs.gcs.cdl.persistence.DbConnection.open(DbConnection.java:38)
	at pucrs.gcs.cdl.persistence.DbConnection.queryInsert(DbConnection.java:185)
	at pucrs.gcs.cdl.persistence.DbConnection.createTable(DbConnection.java:53)
	at pucrs.gcs.cdl.persistence.DbConnection.open(DbConnection.java:38)
	at pucrs.gcs.cdl.persistence.DbConnection.queryInsert(DbConnection.java:185)
	at pucrs.gcs.cdl.persistence.DbConnection.createTable(DbConnection.java:53)
	at pucrs.gcs.cdl.persistence.DbConnection.open(DbConnection.java:38)
	at pucrs.gcs.cdl.persistence.DbConnection.queryInsert(DbConnection.java:185)
	at pucrs.gcs.cdl.persistence.DbConnection.createTable(DbConnection.java:53)
	at pucrs.gcs.cdl.persistence.DbConnection.open(DbConnection.java:38)
	at pucrs.gcs.cdl.persistence.DbConnection.queryInsert(DbConnection.java:185)
	at pucrs.gcs.cdl.persistence.DbConnection.createTable(DbConnection.java:53)
	at pucrs.gcs.cdl.persistence.DbConnection.open(DbConnection.java:38)
	at pucrs.gcs.cdl.persistence.DbConnection.queryInsert(DbConnection.java:185)
	at pucrs.gcs.cdl.persistence.DbConnection.createTable(DbConnection.java:53)
	at pucrs.gcs.cdl.persistence.DbConnection.open(DbConnection.java:38)
	at pucrs.gcs.cdl.persistence.DbConnection.queryInsert(DbConnection.java:185)
	at pucrs.gcs.cdl.persistence.DbConnection.createTable(DbConnection.java:53)
	at pucrs.gcs.cdl.persistence.DbConnection.open(DbConnection.java:38)
	at pucrs.gcs.cdl.persistence.DbConnection.queryInsert(DbConnection.java:185)
	at pucrs.gcs.cdl.persistence.DbConnection.createTable(DbConnection.java:53)
	at pucrs.gcs.cdl.persistence.DbConnection.open(DbConnection.java:38)
	at pucrs.gcs.cdl.persistence.DbConnection.queryInsert(DbConnection.java:185)
	at pucrs.gcs.cdl.persistence.DbConnection.createTable(DbConnection.java:53)
	at pucrs.gcs.cdl.persistence.DbConnection.open(DbConnection.java:38)
	at pucrs.gcs.cdl.persistence.DbConnection.queryInsert(DbConnection.java:185)
	at pucrs.gcs.cdl.persistence.DbConnection.createTable(DbConnection.java:53)
	at pucrs.gcs.cdl.persistence.DbConnection.open(DbConnection.java:38)
	at pucrs.gcs.cdl.persistence.DbConnection.queryInsert(DbConnection.java:185)
	at pucrs.gcs.cdl.persistence.DbConnection.createTable(DbConnection.java:53)
	at pucrs.gcs.cdl.persistence.DbConnection.open(DbConnection.java:38)
	at pucrs.gcs.cdl.persistence.DbConnection.queryInsert(DbConnection.java:185)
	at pucrs.gcs.cdl.persistence.DbConnection.createTable(DbConnection.java:53)
	at pucrs.gcs.cdl.persistence.DbConnection.open(DbConnection.java:38)
	at pucrs.gcs.cdl.persistence.DbConnection.queryInsert(DbConnection.java:185)
	at pucrs.gcs.cdl.persistence.DbConnection.createTable(DbConnection.java:53)
	at pucrs.gcs.cdl.persistence.DbConnection.open(DbConnection.java:38)
	at pucrs.gcs.cdl.persistence.DbConnection.queryInsert(DbConnection.java:185)
	at pucrs.gcs.cdl.persistence.DbConnection.createTable(DbConnection.java:53)
	at pucrs.gcs.cdl.persistence.DbConnection.open(DbConnection.java:38)
	at pucrs.gcs.cdl.persistence.DbConnection.queryInsert(DbConnection.java:185)
	at pucrs.gcs.cdl.persistence.DbConnection.createTable(DbConnection.java:53)
	at pucrs.gcs.cdl.persistence.DbConnection.open(DbConnection.java:38)
	at pucrs.gcs.cdl.persistence.DbConnection.queryInsert(DbConnection.java:185)
	at pucrs.gcs.cdl.persistence.DbConnection.createTable(DbConnection.java:53)
	at pucrs.gcs.cdl.persistence.DbConnection.open(DbConnection.java:38)
	at pucrs.gcs.cdl.persistence.DbConnection.queryInsert(DbConnection.java:185)
	at pucrs.gcs.cdl.persistence.DbConnection.createTable(DbConnection.java:53)
	at pucrs.gcs.cdl.persistence.DbConnection.open(DbConnection.java:38)
	at pucrs.gcs.cdl.persistence.DbConnection.queryInsert(DbConnection.java:185)
	at pucrs.gcs.cdl.persistence.DbConnection.createTable(DbConnection.java:53)
	at pucrs.gcs.cdl.persistence.DbConnection.open(DbConnection.java:38)
	at pucrs.gcs.cdl.persistence.DbConnection.queryInsert(DbConnection.java:185)
	at pucrs.gcs.cdl.persistence.DbConnection.createTable(DbConnection.java:53)
	at pucrs.gcs.cdl.persistence.DbConnection.open(DbConnection.java:38)
	at pucrs.gcs.cdl.persistence.DbConnection.queryInsert(DbConnection.java:185)
	at pucrs.gcs.cdl.persistence.DbConnection.createTable(DbConnection.java:53)
	at pucrs.gcs.cdl.persistence.DbConnection.open(DbConnection.java:38)
	at pucrs.gcs.cdl.persistence.DbConnection.queryInsert(DbConnection.java:185)
	at pucrs.gcs.cdl.persistence.DbConnection.createTable(DbConnection.java:53)
	at pucrs.gcs.cdl.persistence.DbConnection.open(DbConnection.java:38)
	at pucrs.gcs.cdl.persistence.DbConnection.queryInsert(DbConnection.java:185)
	at pucrs.gcs.cdl.persistence.DbConnection.createTable(DbConnection.java:53)
	at pucrs.gcs.cdl.persistence.DbConnection.open(DbConnection.java:38)
	at pucrs.gcs.cdl.persistence.DbConnection.queryInsert(DbConnection.java:185)
	at pucrs.gcs.cdl.persistence.DbConnection.createTable(DbConnection.java:53)
	at pucrs.gcs.cdl.persistence.DbConnection.open(DbConnection.java:38)
	at pucrs.gcs.cdl.persistence.DbConnection.queryInsert(DbConnection.java:185)
	at pucrs.gcs.cdl.persistence.DbConnection.createTable(DbConnection.java:53)
	at pucrs.gcs.cdl.persistence.DbConnection.open(DbConnection.java:38)
	at pucrs.gcs.cdl.persistence.DbConnection.queryInsert(DbConnection.java:185)
	at pucrs.gcs.cdl.persistence.DbConnection.createTable(DbConnection.java:53)
	at pucrs.gcs.cdl.persistence.DbConnection.open(DbConnection.java:38)
	at pucrs.gcs.cdl.persistence.DbConnection.queryInsert(DbConnection.java:185)
	at pucrs.gcs.cdl.persistence.DbConnection.createTable(DbConnection.java:53)
	at pucrs.gcs.cdl.persistence.DbConnection.open(DbConnection.java:38)
	at pucrs.gcs.cdl.persistence.DbConnection.queryInsert(DbConnection.java:185)
	at pucrs.gcs.cdl.persistence.DbConnection.createTable(DbConnection.java:53)
	at pucrs.gcs.cdl.persistence.DbConnection.open(DbConnection.java:38)
	at pucrs.gcs.cdl.persistence.DbConnection.queryInsert(DbConnection.java:185)
	at pucrs.gcs.cdl.persistence.DbConnection.createTable(DbConnection.java:53)
	at pucrs.gcs.cdl.persistence.DbConnection.open(DbConnection.java:38)
	at pucrs.gcs.cdl.persistence.DbConnection.queryInsert(DbConnection.java:185)
	at pucrs.gcs.cdl.persistence.DbConnection.createTable(DbConnection.java:53)
	at pucrs.gcs.cdl.persistence.DbConnection.open(DbConnection.java:38)
	at pucrs.gcs.cdl.persistence.DbConnection.queryInsert(DbConnection.java:185)
	at pucrs.gcs.cdl.persistence.DbConnection.createTable(DbConnection.java:53)
	at pucrs.gcs.cdl.persistence.DbConnection.open(DbConnection.java:38)
	at pucrs.gcs.cdl.persistence.DbConnection.queryInsert(DbConnection.java:185)
	at pucrs.gcs.cdl.persistence.DbConnection.createTable(DbConnection.java:53)
	at pucrs.gcs.cdl.persistence.DbConnection.open(DbConnection.java:38)
	at pucrs.gcs.cdl.persistence.DbConnection.queryInsert(DbConnection.java:185)
	at pucrs.gcs.cdl.persistence.DbConnection.createTable(DbConnection.java:53)
	at pucrs.gcs.cdl.persistence.DbConnection.open(DbConnection.java:38)
	at pucrs.gcs.cdl.persistence.DbConnection.queryInsert(DbConnection.java:185)
	at pucrs.gcs.cdl.persistence.DbConnection.createTable(DbConnection.java:53)
	at pucrs.gcs.cdl.persistence.DbConnection.open(DbConnection.java:38)
	at pucrs.gcs.cdl.persistence.DbConnection.queryInsert(DbConnection.java:185)
	at pucrs.gcs.cdl.persistence.DbConnection.createTable(DbConnection.java:53)
	at pucrs.gcs.cdl.persistence.DbConnection.open(DbConnection.java:38)
	at pucrs.gcs.cdl.persistence.DbConnection.queryInsert(DbConnection.java:185)
	at pucrs.gcs.cdl.persistence.DbConnection.createTable(DbConnection.java:53)
	at pucrs.gcs.cdl.persistence.DbConnection.open(DbConnection.java:38)
	at pucrs.gcs.cdl.persistence.DbConnection.queryInsert(DbConnection.java:185)
	at pucrs.gcs.cdl.persistence.DbConnection.createTable(DbConnection.java:53)
	at pucrs.gcs.cdl.persistence.DbConnection.open(DbConnection.java:38)
	at pucrs.gcs.cdl.persistence.DbConnection.queryInsert(DbConnection.java:185)
	at pucrs.gcs.cdl.persistence.DbConnection.createTable(DbConnection.java:53)
	at pucrs.gcs.cdl.persistence.DbConnection.open(DbConnection.java:38)
	at pucrs.gcs.cdl.persistence.DbConnection.queryInsert(DbConnection.java:185)
	at pucrs.gcs.cdl.persistence.DbConnection.createTable(DbConnection.java:53)
	at pucrs.gcs.cdl.persistence.DbConnection.open(DbConnection.java:38)
	at pucrs.gcs.cdl.persistence.DbConnection.queryInsert(DbConnection.java:185)
	at pucrs.gcs.cdl.persistence.DbConnection.createTable(DbConnection.java:53)
	at pucrs.gcs.cdl.persistence.DbConnection.open(DbConnection.java:38)
	at pucrs.gcs.cdl.persistence.DbConnection.queryInsert(DbConnection.java:185)
	at pucrs.gcs.cdl.persistence.DbConnection.createTable(DbConnection.java:53)
	at pucrs.gcs.cdl.persistence.DbConnection.open(DbConnection.java:38)
	at pucrs.gcs.cdl.persistence.DbConnection.queryInsert(DbConnection.java:185)
	at pucrs.gcs.cdl.persistence.DbConnection.createTable(DbConnection.java:53)
	at pucrs.gcs.cdl.persistence.DbConnection.open(DbConnection.java:38)
	at pucrs.gcs.cdl.persistence.DbConnection.queryInsert(DbConnection.java:185)
	at pucrs.gcs.cdl.persistence.DbConnection.createTable(DbConnection.java:53)
	at pucrs.gcs.cdl.persistence.DbConnection.open(DbConnection.java:38)
	at pucrs.gcs.cdl.persistence.DbConnection.queryInsert(DbConnection.java:185)
	at pucrs.gcs.cdl.persistence.DbConnection.createTable(DbConnection.java:53)
	at pucrs.gcs.cdl.persistence.DbConnection.open(DbConnection.java:38)
	at pucrs.gcs.cdl.persistence.DbConnection.queryInsert(DbConnection.java:185)
	at pucrs.gcs.cdl.persistence.DbConnection.createTable(DbConnection.java:53)
	at pucrs.gcs.cdl.persistence.DbConnection.open(DbConnection.java:38)
	at pucrs.gcs.cdl.persistence.DbConnection.queryInsert(DbConnection.java:185)
	at pucrs.gcs.cdl.persistence.DbConnection.createTable(DbConnection.java:53)
	at pucrs.gcs.cdl.persistence.DbConnection.open(DbConnection.java:38)
	at pucrs.gcs.cdl.persistence.DbConnection.queryInsert(DbConnection.java:185)
	at pucrs.gcs.cdl.persistence.DbConnection.createTable(DbConnection.java:53)
	at pucrs.gcs.cdl.persistence.DbConnection.open(DbConnection.java:38)
	at pucrs.gcs.cdl.persistence.DbConnection.queryInsert(DbConnection.java:185)
	at pucrs.gcs.cdl.persistence.DbConnection.createTable(DbConnection.java:53)
	at pucrs.gcs.cdl.persistence.DbConnection.open(DbConnection.java:38)
	at pucrs.gcs.cdl.persistence.DbConnection.queryInsert(DbConnection.java:185)
	at pucrs.gcs.cdl.persistence.DbConnection.createTable(DbConnection.java:53)
	at pucrs.gcs.cdl.persistence.DbConnection.open(DbConnection.java:38)
	at pucrs.gcs.cdl.persistence.DbConnection.queryInsert(DbConnection.java:185)
	at pucrs.gcs.cdl.persistence.DbConnection.createTable(DbConnection.java:53)
	at pucrs.gcs.cdl.persistence.DbConnection.open(DbConnection.java:38)
	at pucrs.gcs.cdl.persistence.DbConnection.queryInsert(DbConnection.java:185)
	at pucrs.gcs.cdl.persistence.DbConnection.createTable(DbConnection.java:53)
	at pucrs.gcs.cdl.persistence.DbConnection.open(DbConnection.java:38)
	at pucrs.gcs.cdl.persistence.DbConnection.queryInsert(DbConnection.java:185)
	at pucrs.gcs.cdl.persistence.DbConnection.createTable(DbConnection.java:53)
	at pucrs.gcs.cdl.persistence.DbConnection.open(DbConnection.java:38)
	at pucrs.gcs.cdl.persistence.DbConnection.queryInsert(DbConnection.java:185)
	at pucrs.gcs.cdl.persistence.DbConnection.createTable(DbConnection.java:53)
	at pucrs.gcs.cdl.persistence.DbConnection.open(DbConnection.java:38)
	at pucrs.gcs.cdl.persistence.DbConnection.queryInsert(DbConnection.java:185)
	at pucrs.gcs.cdl.persistence.DbConnection.createTable(DbConnection.java:53)
	at pucrs.gcs.cdl.persistence.DbConnection.open(DbConnection.java:38)
	at pucrs.gcs.cdl.persistence.DbConnection.queryInsert(DbConnection.java:185)
	at pucrs.gcs.cdl.persistence.DbConnection.createTable(DbConnection.java:53)
	at pucrs.gcs.cdl.persistence.DbConnection.open(DbConnection.java:38)
	at pucrs.gcs.cdl.persistence.DbConnection.queryInsert(DbConnection.java:185)
	at pucrs.gcs.cdl.persistence.DbConnection.createTable(DbConnection.java:53)
	at pucrs.gcs.cdl.persistence.DbConnection.open(DbConnection.java:38)
	at pucrs.gcs.cdl.persistence.DbConnection.queryInsert(DbConnection.java:185)
	at pucrs.gcs.cdl.persistence.DbConnection.createTable(DbConnection.java:53)
	at pucrs.gcs.cdl.persistence.DbConnection.open(DbConnection.java:38)
	at pucrs.gcs.cdl.persistence.DbConnection.queryInsert(DbConnection.java:185)
	at pucrs.gcs.cdl.persistence.DbConnection.createTable(DbConnection.java:53)
	at pucrs.gcs.cdl.persistence.DbConnection.open(DbConnection.java:38)
	at pucrs.gcs.cdl.persistence.DbConnection.queryInsert(DbConnection.java:185)
	at pucrs.gcs.cdl.persistence.DbConnection.createTable(DbConnection.java:53)
	at pucrs.gcs.cdl.persistence.DbConnection.open(DbConnection.java:38)
	at pucrs.gcs.cdl.persistence.DbConnection.queryInsert(DbConnection.java:185)
	at pucrs.gcs.cdl.persistence.DbConnection.createTable(DbConnection.java:53)
	at pucrs.gcs.cdl.persistence.DbConnection.open(DbConnection.java:38)
	at pucrs.gcs.cdl.persistence.DbConnection.queryInsert(DbConnection.java:185)
	at pucrs.gcs.cdl.persistence.DbConnection.createTable(DbConnection.java:53)
</error>
  </testcase>
  <testcase classname="BarControllerTest" name="clienteEntra" time="2.149">
    <error type="java.lang.StackOverflowError">java.lang.StackOverflowError
	at org.h2.command.Parser.getSaveTokenType(Parser.java:4185)
	at org.h2.command.Parser.getTokenType(Parser.java:4173)
	at org.h2.command.Parser.read(Parser.java:3614)
	at org.h2.command.Parser.readTerm(Parser.java:3093)
	at org.h2.command.Parser.readFactor(Parser.java:2587)
	at org.h2.command.Parser.readSum(Parser.java:2574)
	at org.h2.command.Parser.readConcat(Parser.java:2544)
	at org.h2.command.Parser.readCondition(Parser.java:2370)
	at org.h2.command.Parser.readAnd(Parser.java:2342)
	at org.h2.command.Parser.readExpression(Parser.java:2334)
	at org.h2.command.Parser.readTerm(Parser.java:3252)
	at org.h2.command.Parser.readFactor(Parser.java:2587)
	at org.h2.command.Parser.readSum(Parser.java:2574)
	at org.h2.command.Parser.readConcat(Parser.java:2544)
	at org.h2.command.Parser.readCondition(Parser.java:2370)
	at org.h2.command.Parser.readAnd(Parser.java:2342)
	at org.h2.command.Parser.readExpression(Parser.java:2334)
	at org.h2.command.Parser.readTerm(Parser.java:3252)
	at org.h2.command.Parser.readFactor(Parser.java:2587)
	at org.h2.command.Parser.readSum(Parser.java:2574)
	at org.h2.command.Parser.readConcat(Parser.java:2544)
	at org.h2.command.Parser.readCondition(Parser.java:2370)
	at org.h2.command.Parser.readAnd(Parser.java:2342)
	at org.h2.command.Parser.readExpression(Parser.java:2334)
	at org.h2.command.Parser.readTerm(Parser.java:3252)
	at org.h2.command.Parser.readFactor(Parser.java:2587)
	at org.h2.command.Parser.readSum(Parser.java:2574)
	at org.h2.command.Parser.readConcat(Parser.java:2544)
	at org.h2.command.Parser.readCondition(Parser.java:2370)
	at org.h2.command.Parser.readAnd(Parser.java:2342)
	at org.h2.command.Parser.readExpression(Parser.java:2334)
	at org.h2.command.Parser.parseSelectSimple(Parser.java:2291)
	at org.h2.command.Parser.parseSelectSub(Parser.java:2133)
	at org.h2.command.Parser.parseSelectUnion(Parser.java:1946)
	at org.h2.command.Parser.parseSelectSub(Parser.java:2117)
	at org.h2.command.Parser.parseSelectUnion(Parser.java:1946)
	at org.h2.command.Parser.parseSelect(Parser.java:1919)
	at org.h2.command.Parser.parsePrepared(Parser.java:357)
	at org.h2.command.Parser.parse(Parser.java:335)
	at org.h2.command.Parser.parse(Parser.java:307)
	at org.h2.command.Parser.prepare(Parser.java:262)
	at org.h2.engine.Session.prepare(Session.java:576)
	at org.h2.table.TableView.compileViewQuery(TableView.java:120)
	at org.h2.table.TableView.initColumnsAndTables(TableView.java:172)
	at org.h2.table.TableView.init(TableView.java:113)
	at org.h2.table.TableView.&lt;init&gt;(TableView.java:70)
	at org.h2.table.TableView.createTempView(TableView.java:559)
	at org.h2.command.Parser.readTableFilter(Parser.java:1367)
	at org.h2.command.Parser.parseSelectSimpleFromPart(Parser.java:2138)
	at org.h2.command.Parser.parseSelectSimple(Parser.java:2287)
	at org.h2.command.Parser.parseSelectSub(Parser.java:2133)
	at org.h2.command.Parser.parseSelectUnion(Parser.java:1946)
	at org.h2.command.Parser.parseSelect(Parser.java:1919)
	at org.h2.command.Parser.parsePrepared(Parser.java:463)
	at org.h2.command.Parser.parse(Parser.java:335)
	at org.h2.command.Parser.parse(Parser.java:307)
	at org.h2.command.Parser.prepareCommand(Parser.java:278)
	at org.h2.engine.Session.prepareLocal(Session.java:611)
	at org.h2.engine.Session.prepareCommand(Session.java:549)
	at org.h2.jdbc.JdbcConnection.prepareCommand(JdbcConnection.java:1247)
	at org.h2.jdbc.JdbcPreparedStatement.&lt;init&gt;(JdbcPreparedStatement.java:76)
	at org.h2.jdbc.JdbcConnection.prepareAutoCloseStatement(JdbcConnection.java:330)
	at org.h2.jdbc.JdbcDatabaseMetaData.getTables(JdbcDatabaseMetaData.java:195)
	at pucrs.gcs.cdl.persistence.DbConnection.tableExists(DbConnection.java:48)
	at pucrs.gcs.cdl.persistence.DbConnection.open(DbConnection.java:37)
	at pucrs.gcs.cdl.persistence.DbConnection.queryInsert(DbConnection.java:185)
	at pucrs.gcs.cdl.persistence.DbConnection.createTable(DbConnection.java:53)
	at pucrs.gcs.cdl.persistence.DbConnection.open(DbConnection.java:38)
	at pucrs.gcs.cdl.persistence.DbConnection.queryInsert(DbConnection.java:185)
	at pucrs.gcs.cdl.persistence.DbConnection.createTable(DbConnection.java:53)
	at pucrs.gcs.cdl.persistence.DbConnection.open(DbConnection.java:38)
	at pucrs.gcs.cdl.persistence.DbConnection.queryInsert(DbConnection.java:185)
	at pucrs.gcs.cdl.persistence.DbConnection.createTable(DbConnection.java:53)
	at pucrs.gcs.cdl.persistence.DbConnection.open(DbConnection.java:38)
	at pucrs.gcs.cdl.persistence.DbConnection.queryInsert(DbConnection.java:185)
	at pucrs.gcs.cdl.persistence.DbConnection.createTable(DbConnection.java:53)
	at pucrs.gcs.cdl.persistence.DbConnection.open(DbConnection.java:38)
	at pucrs.gcs.cdl.persistence.DbConnection.queryInsert(DbConnection.java:185)
	at pucrs.gcs.cdl.persistence.DbConnection.createTable(DbConnection.java:53)
	at pucrs.gcs.cdl.persistence.DbConnection.open(DbConnection.java:38)
	at pucrs.gcs.cdl.persistence.DbConnection.queryInsert(DbConnection.java:185)
	at pucrs.gcs.cdl.persistence.DbConnection.createTable(DbConnection.java:53)
	at pucrs.gcs.cdl.persistence.DbConnection.open(DbConnection.java:38)
	at pucrs.gcs.cdl.persistence.DbConnection.queryInsert(DbConnection.java:185)
	at pucrs.gcs.cdl.persistence.DbConnection.createTable(DbConnection.java:53)
	at pucrs.gcs.cdl.persistence.DbConnection.open(DbConnection.java:38)
	at pucrs.gcs.cdl.persistence.DbConnection.queryInsert(DbConnection.java:185)
	at pucrs.gcs.cdl.persistence.DbConnection.createTable(DbConnection.java:53)
	at pucrs.gcs.cdl.persistence.DbConnection.open(DbConnection.java:38)
	at pucrs.gcs.cdl.persistence.DbConnection.queryInsert(DbConnection.java:185)
	at pucrs.gcs.cdl.persistence.DbConnection.createTable(DbConnection.java:53)
	at pucrs.gcs.cdl.persistence.DbConnection.open(DbConnection.java:38)
	at pucrs.gcs.cdl.persistence.DbConnection.queryInsert(DbConnection.java:185)
	at pucrs.gcs.cdl.persistence.DbConnection.createTable(DbConnection.java:53)
	at pucrs.gcs.cdl.persistence.DbConnection.open(DbConnection.java:38)
	at pucrs.gcs.cdl.persistence.DbConnection.queryInsert(DbConnection.java:185)
	at pucrs.gcs.cdl.persistence.DbConnection.createTable(DbConnection.java:53)
	at pucrs.gcs.cdl.persistence.DbConnection.open(DbConnection.java:38)
	at pucrs.gcs.cdl.persistence.DbConnection.queryInsert(DbConnection.java:185)
	at pucrs.gcs.cdl.persistence.DbConnection.createTable(DbConnection.java:53)
	at pucrs.gcs.cdl.persistence.DbConnection.open(DbConnection.java:38)
	at pucrs.gcs.cdl.persistence.DbConnection.queryInsert(DbConnection.java:185)
	at pucrs.gcs.cdl.persistence.DbConnection.createTable(DbConnection.java:53)
	at pucrs.gcs.cdl.persistence.DbConnection.open(DbConnection.java:38)
	at pucrs.gcs.cdl.persistence.DbConnection.queryInsert(DbConnection.java:185)
	at pucrs.gcs.cdl.persistence.DbConnection.createTable(DbConnection.java:53)
	at pucrs.gcs.cdl.persistence.DbConnection.open(DbConnection.java:38)
	at pucrs.gcs.cdl.persistence.DbConnection.queryInsert(DbConnection.java:185)
	at pucrs.gcs.cdl.persistence.DbConnection.createTable(DbConnection.java:53)
	at pucrs.gcs.cdl.persistence.DbConnection.open(DbConnection.java:38)
	at pucrs.gcs.cdl.persistence.DbConnection.queryInsert(DbConnection.java:185)
	at pucrs.gcs.cdl.persistence.DbConnection.createTable(DbConnection.java:53)
	at pucrs.gcs.cdl.persistence.DbConnection.open(DbConnection.java:38)
	at pucrs.gcs.cdl.persistence.DbConnection.queryInsert(DbConnection.java:185)
	at pucrs.gcs.cdl.persistence.DbConnection.createTable(DbConnection.java:53)
	at pucrs.gcs.cdl.persistence.DbConnection.open(DbConnection.java:38)
	at pucrs.gcs.cdl.persistence.DbConnection.queryInsert(DbConnection.java:185)
	at pucrs.gcs.cdl.persistence.DbConnection.createTable(DbConnection.java:53)
	at pucrs.gcs.cdl.persistence.DbConnection.open(DbConnection.java:38)
	at pucrs.gcs.cdl.persistence.DbConnection.queryInsert(DbConnection.java:185)
	at pucrs.gcs.cdl.persistence.DbConnection.createTable(DbConnection.java:53)
	at pucrs.gcs.cdl.persistence.DbConnection.open(DbConnection.java:38)
	at pucrs.gcs.cdl.persistence.DbConnection.queryInsert(DbConnection.java:185)
	at pucrs.gcs.cdl.persistence.DbConnection.createTable(DbConnection.java:53)
	at pucrs.gcs.cdl.persistence.DbConnection.open(DbConnection.java:38)
	at pucrs.gcs.cdl.persistence.DbConnection.queryInsert(DbConnection.java:185)
	at pucrs.gcs.cdl.persistence.DbConnection.createTable(DbConnection.java:53)
	at pucrs.gcs.cdl.persistence.DbConnection.open(DbConnection.java:38)
	at pucrs.gcs.cdl.persistence.DbConnection.queryInsert(DbConnection.java:185)
	at pucrs.gcs.cdl.persistence.DbConnection.createTable(DbConnection.java:53)
	at pucrs.gcs.cdl.persistence.DbConnection.open(DbConnection.java:38)
	at pucrs.gcs.cdl.persistence.DbConnection.queryInsert(DbConnection.java:185)
	at pucrs.gcs.cdl.persistence.DbConnection.createTable(DbConnection.java:53)
	at pucrs.gcs.cdl.persistence.DbConnection.open(DbConnection.java:38)
	at pucrs.gcs.cdl.persistence.DbConnection.queryInsert(DbConnection.java:185)
	at pucrs.gcs.cdl.persistence.DbConnection.createTable(DbConnection.java:53)
	at pucrs.gcs.cdl.persistence.DbConnection.open(DbConnection.java:38)
	at pucrs.gcs.cdl.persistence.DbConnection.queryInsert(DbConnection.java:185)
	at pucrs.gcs.cdl.persistence.DbConnection.createTable(DbConnection.java:53)
	at pucrs.gcs.cdl.persistence.DbConnection.open(DbConnection.java:38)
	at pucrs.gcs.cdl.persistence.DbConnection.queryInsert(DbConnection.java:185)
	at pucrs.gcs.cdl.persistence.DbConnection.createTable(DbConnection.java:53)
	at pucrs.gcs.cdl.persistence.DbConnection.open(DbConnection.java:38)
	at pucrs.gcs.cdl.persistence.DbConnection.queryInsert(DbConnection.java:185)
	at pucrs.gcs.cdl.persistence.DbConnection.createTable(DbConnection.java:53)
	at pucrs.gcs.cdl.persistence.DbConnection.open(DbConnection.java:38)
	at pucrs.gcs.cdl.persistence.DbConnection.queryInsert(DbConnection.java:185)
	at pucrs.gcs.cdl.persistence.DbConnection.createTable(DbConnection.java:53)
	at pucrs.gcs.cdl.persistence.DbConnection.open(DbConnection.java:38)
	at pucrs.gcs.cdl.persistence.DbConnection.queryInsert(DbConnection.java:185)
	at pucrs.gcs.cdl.persistence.DbConnection.createTable(DbConnection.java:53)
	at pucrs.gcs.cdl.persistence.DbConnection.open(DbConnection.java:38)
	at pucrs.gcs.cdl.persistence.DbConnection.queryInsert(DbConnection.java:185)
	at pucrs.gcs.cdl.persistence.DbConnection.createTable(DbConnection.java:53)
	at pucrs.gcs.cdl.persistence.DbConnection.open(DbConnection.java:38)
	at pucrs.gcs.cdl.persistence.DbConnection.queryInsert(DbConnection.java:185)
	at pucrs.gcs.cdl.persistence.DbConnection.createTable(DbConnection.java:53)
	at pucrs.gcs.cdl.persistence.DbConnection.open(DbConnection.java:38)
	at pucrs.gcs.cdl.persistence.DbConnection.queryInsert(DbConnection.java:185)
	at pucrs.gcs.cdl.persistence.DbConnection.createTable(DbConnection.java:53)
	at pucrs.gcs.cdl.persistence.DbConnection.open(DbConnection.java:38)
	at pucrs.gcs.cdl.persistence.DbConnection.queryInsert(DbConnection.java:185)
	at pucrs.gcs.cdl.persistence.DbConnection.createTable(DbConnection.java:53)
	at pucrs.gcs.cdl.persistence.DbConnection.open(DbConnection.java:38)
	at pucrs.gcs.cdl.persistence.DbConnection.queryInsert(DbConnection.java:185)
	at pucrs.gcs.cdl.persistence.DbConnection.createTable(DbConnection.java:53)
	at pucrs.gcs.cdl.persistence.DbConnection.open(DbConnection.java:38)
	at pucrs.gcs.cdl.persistence.DbConnection.queryInsert(DbConnection.java:185)
	at pucrs.gcs.cdl.persistence.DbConnection.createTable(DbConnection.java:53)
	at pucrs.gcs.cdl.persistence.DbConnection.open(DbConnection.java:38)
	at pucrs.gcs.cdl.persistence.DbConnection.queryInsert(DbConnection.java:185)
	at pucrs.gcs.cdl.persistence.DbConnection.createTable(DbConnection.java:53)
	at pucrs.gcs.cdl.persistence.DbConnection.open(DbConnection.java:38)
	at pucrs.gcs.cdl.persistence.DbConnection.queryInsert(DbConnection.java:185)
	at pucrs.gcs.cdl.persistence.DbConnection.createTable(DbConnection.java:53)
	at pucrs.gcs.cdl.persistence.DbConnection.open(DbConnection.java:38)
	at pucrs.gcs.cdl.persistence.DbConnection.queryInsert(DbConnection.java:185)
	at pucrs.gcs.cdl.persistence.DbConnection.createTable(DbConnection.java:53)
	at pucrs.gcs.cdl.persistence.DbConnection.open(DbConnection.java:38)
	at pucrs.gcs.cdl.persistence.DbConnection.queryInsert(DbConnection.java:185)
	at pucrs.gcs.cdl.persistence.DbConnection.createTable(DbConnection.java:53)
	at pucrs.gcs.cdl.persistence.DbConnection.open(DbConnection.java:38)
	at pucrs.gcs.cdl.persistence.DbConnection.queryInsert(DbConnection.java:185)
	at pucrs.gcs.cdl.persistence.DbConnection.createTable(DbConnection.java:53)
	at pucrs.gcs.cdl.persistence.DbConnection.open(DbConnection.java:38)
	at pucrs.gcs.cdl.persistence.DbConnection.queryInsert(DbConnection.java:185)
	at pucrs.gcs.cdl.persistence.DbConnection.createTable(DbConnection.java:53)
	at pucrs.gcs.cdl.persistence.DbConnection.open(DbConnection.java:38)
	at pucrs.gcs.cdl.persistence.DbConnection.queryInsert(DbConnection.java:185)
	at pucrs.gcs.cdl.persistence.DbConnection.createTable(DbConnection.java:53)
	at pucrs.gcs.cdl.persistence.DbConnection.open(DbConnection.java:38)
	at pucrs.gcs.cdl.persistence.DbConnection.queryInsert(DbConnection.java:185)
	at pucrs.gcs.cdl.persistence.DbConnection.createTable(DbConnection.java:53)
	at pucrs.gcs.cdl.persistence.DbConnection.open(DbConnection.java:38)
	at pucrs.gcs.cdl.persistence.DbConnection.queryInsert(DbConnection.java:185)
	at pucrs.gcs.cdl.persistence.DbConnection.createTable(DbConnection.java:53)
	at pucrs.gcs.cdl.persistence.DbConnection.open(DbConnection.java:38)
	at pucrs.gcs.cdl.persistence.DbConnection.queryInsert(DbConnection.java:185)
	at pucrs.gcs.cdl.persistence.DbConnection.createTable(DbConnection.java:53)
	at pucrs.gcs.cdl.persistence.DbConnection.open(DbConnection.java:38)
	at pucrs.gcs.cdl.persistence.DbConnection.queryInsert(DbConnection.java:185)
	at pucrs.gcs.cdl.persistence.DbConnection.createTable(DbConnection.java:53)
	at pucrs.gcs.cdl.persistence.DbConnection.open(DbConnection.java:38)
	at pucrs.gcs.cdl.persistence.DbConnection.queryInsert(DbConnection.java:185)
	at pucrs.gcs.cdl.persistence.DbConnection.createTable(DbConnection.java:53)
	at pucrs.gcs.cdl.persistence.DbConnection.open(DbConnection.java:38)
	at pucrs.gcs.cdl.persistence.DbConnection.queryInsert(DbConnection.java:185)
	at pucrs.gcs.cdl.persistence.DbConnection.createTable(DbConnection.java:53)
	at pucrs.gcs.cdl.persistence.DbConnection.open(DbConnection.java:38)
	at pucrs.gcs.cdl.persistence.DbConnection.queryInsert(DbConnection.java:185)
	at pucrs.gcs.cdl.persistence.DbConnection.createTable(DbConnection.java:53)
	at pucrs.gcs.cdl.persistence.DbConnection.open(DbConnection.java:38)
	at pucrs.gcs.cdl.persistence.DbConnection.queryInsert(DbConnection.java:185)
	at pucrs.gcs.cdl.persistence.DbConnection.createTable(DbConnection.java:53)
	at pucrs.gcs.cdl.persistence.DbConnection.open(DbConnection.java:38)
	at pucrs.gcs.cdl.persistence.DbConnection.queryInsert(DbConnection.java:185)
	at pucrs.gcs.cdl.persistence.DbConnection.createTable(DbConnection.java:53)
	at pucrs.gcs.cdl.persistence.DbConnection.open(DbConnection.java:38)
	at pucrs.gcs.cdl.persistence.DbConnection.queryInsert(DbConnection.java:185)
	at pucrs.gcs.cdl.persistence.DbConnection.createTable(DbConnection.java:53)
	at pucrs.gcs.cdl.persistence.DbConnection.open(DbConnection.java:38)
	at pucrs.gcs.cdl.persistence.DbConnection.queryInsert(DbConnection.java:185)
	at pucrs.gcs.cdl.persistence.DbConnection.createTable(DbConnection.java:53)
	at pucrs.gcs.cdl.persistence.DbConnection.open(DbConnection.java:38)
	at pucrs.gcs.cdl.persistence.DbConnection.queryInsert(DbConnection.java:185)
	at pucrs.gcs.cdl.persistence.DbConnection.createTable(DbConnection.java:53)
	at pucrs.gcs.cdl.persistence.DbConnection.open(DbConnection.java:38)
	at pucrs.gcs.cdl.persistence.DbConnection.queryInsert(DbConnection.java:185)
	at pucrs.gcs.cdl.persistence.DbConnection.createTable(DbConnection.java:53)
	at pucrs.gcs.cdl.persistence.DbConnection.open(DbConnection.java:38)
	at pucrs.gcs.cdl.persistence.DbConnection.queryInsert(DbConnection.java:185)
	at pucrs.gcs.cdl.persistence.DbConnection.createTable(DbConnection.java:53)
	at pucrs.gcs.cdl.persistence.DbConnection.open(DbConnection.java:38)
	at pucrs.gcs.cdl.persistence.DbConnection.queryInsert(DbConnection.java:185)
	at pucrs.gcs.cdl.persistence.DbConnection.createTable(DbConnection.java:53)
	at pucrs.gcs.cdl.persistence.DbConnection.open(DbConnection.java:38)
	at pucrs.gcs.cdl.persistence.DbConnection.queryInsert(DbConnection.java:185)
	at pucrs.gcs.cdl.persistence.DbConnection.createTable(DbConnection.java:53)
	at pucrs.gcs.cdl.persistence.DbConnection.open(DbConnection.java:38)
	at pucrs.gcs.cdl.persistence.DbConnection.queryInsert(DbConnection.java:185)
	at pucrs.gcs.cdl.persistence.DbConnection.createTable(DbConnection.java:53)
	at pucrs.gcs.cdl.persistence.DbConnection.open(DbConnection.java:38)
	at pucrs.gcs.cdl.persistence.DbConnection.queryInsert(DbConnection.java:185)
	at pucrs.gcs.cdl.persistence.DbConnection.createTable(DbConnection.java:53)
	at pucrs.gcs.cdl.persistence.DbConnection.open(DbConnection.java:38)
	at pucrs.gcs.cdl.persistence.DbConnection.queryInsert(DbConnection.java:185)
	at pucrs.gcs.cdl.persistence.DbConnection.createTable(DbConnection.java:53)
	at pucrs.gcs.cdl.persistence.DbConnection.open(DbConnection.java:38)
	at pucrs.gcs.cdl.persistence.DbConnection.queryInsert(DbConnection.java:185)
	at pucrs.gcs.cdl.persistence.DbConnection.createTable(DbConnection.java:53)
	at pucrs.gcs.cdl.persistence.DbConnection.open(DbConnection.java:38)
	at pucrs.gcs.cdl.persistence.DbConnection.queryInsert(DbConnection.java:185)
	at pucrs.gcs.cdl.persistence.DbConnection.createTable(DbConnection.java:53)
	at pucrs.gcs.cdl.persistence.DbConnection.open(DbConnection.java:38)
	at pucrs.gcs.cdl.persistence.DbConnection.queryInsert(DbConnection.java:185)
	at pucrs.gcs.cdl.persistence.DbConnection.createTable(DbConnection.java:53)
	at pucrs.gcs.cdl.persistence.DbConnection.open(DbConnection.java:38)
	at pucrs.gcs.cdl.persistence.DbConnection.queryInsert(DbConnection.java:185)
	at pucrs.gcs.cdl.persistence.DbConnection.createTable(DbConnection.java:53)
	at pucrs.gcs.cdl.persistence.DbConnection.open(DbConnection.java:38)
	at pucrs.gcs.cdl.persistence.DbConnection.queryInsert(DbConnection.java:185)
	at pucrs.gcs.cdl.persistence.DbConnection.createTable(DbConnection.java:53)
	at pucrs.gcs.cdl.persistence.DbConnection.open(DbConnection.java:38)
	at pucrs.gcs.cdl.persistence.DbConnection.queryInsert(DbConnection.java:185)
	at pucrs.gcs.cdl.persistence.DbConnection.createTable(DbConnection.java:53)
	at pucrs.gcs.cdl.persistence.DbConnection.open(DbConnection.java:38)
	at pucrs.gcs.cdl.persistence.DbConnection.queryInsert(DbConnection.java:185)
	at pucrs.gcs.cdl.persistence.DbConnection.createTable(DbConnection.java:53)
	at pucrs.gcs.cdl.persistence.DbConnection.open(DbConnection.java:38)
	at pucrs.gcs.cdl.persistence.DbConnection.queryInsert(DbConnection.java:185)
	at pucrs.gcs.cdl.persistence.DbConnection.createTable(DbConnection.java:53)
	at pucrs.gcs.cdl.persistence.DbConnection.open(DbConnection.java:38)
	at pucrs.gcs.cdl.persistence.DbConnection.queryInsert(DbConnection.java:185)
	at pucrs.gcs.cdl.persistence.DbConnection.createTable(DbConnection.java:53)
	at pucrs.gcs.cdl.persistence.DbConnection.open(DbConnection.java:38)
	at pucrs.gcs.cdl.persistence.DbConnection.queryInsert(DbConnection.java:185)
	at pucrs.gcs.cdl.persistence.DbConnection.createTable(DbConnection.java:53)
	at pucrs.gcs.cdl.persistence.DbConnection.open(DbConnection.java:38)
	at pucrs.gcs.cdl.persistence.DbConnection.queryInsert(DbConnection.java:185)
	at pucrs.gcs.cdl.persistence.DbConnection.createTable(DbConnection.java:53)
	at pucrs.gcs.cdl.persistence.DbConnection.open(DbConnection.java:38)
	at pucrs.gcs.cdl.persistence.DbConnection.queryInsert(DbConnection.java:185)
	at pucrs.gcs.cdl.persistence.DbConnection.createTable(DbConnection.java:53)
	at pucrs.gcs.cdl.persistence.DbConnection.open(DbConnection.java:38)
	at pucrs.gcs.cdl.persistence.DbConnection.queryInsert(DbConnection.java:185)
	at pucrs.gcs.cdl.persistence.DbConnection.createTable(DbConnection.java:53)
	at pucrs.gcs.cdl.persistence.DbConnection.open(DbConnection.java:38)
	at pucrs.gcs.cdl.persistence.DbConnection.queryInsert(DbConnection.java:185)
	at pucrs.gcs.cdl.persistence.DbConnection.createTable(DbConnection.java:53)
	at pucrs.gcs.cdl.persistence.DbConnection.open(DbConnection.java:38)
	at pucrs.gcs.cdl.persistence.DbConnection.queryInsert(DbConnection.java:185)
	at pucrs.gcs.cdl.persistence.DbConnection.createTable(DbConnection.java:53)
	at pucrs.gcs.cdl.persistence.DbConnection.open(DbConnection.java:38)
	at pucrs.gcs.cdl.persistence.DbConnection.queryInsert(DbConnection.java:185)
	at pucrs.gcs.cdl.persistence.DbConnection.createTable(DbConnection.java:53)
	at pucrs.gcs.cdl.persistence.DbConnection.open(DbConnection.java:38)
	at pucrs.gcs.cdl.persistence.DbConnection.queryInsert(DbConnection.java:185)
	at pucrs.gcs.cdl.persistence.DbConnection.createTable(DbConnection.java:53)
	at pucrs.gcs.cdl.persistence.DbConnection.open(DbConnection.java:38)
	at pucrs.gcs.cdl.persistence.DbConnection.queryInsert(DbConnection.java:185)
	at pucrs.gcs.cdl.persistence.DbConnection.createTable(DbConnection.java:53)
	at pucrs.gcs.cdl.persistence.DbConnection.open(DbConnection.java:38)
	at pucrs.gcs.cdl.persistence.DbConnection.queryInsert(DbConnection.java:185)
	at pucrs.gcs.cdl.persistence.DbConnection.createTable(DbConnection.java:53)
	at pucrs.gcs.cdl.persistence.DbConnection.open(DbConnection.java:38)
	at pucrs.gcs.cdl.persistence.DbConnection.queryInsert(DbConnection.java:185)
	at pucrs.gcs.cdl.persistence.DbConnection.createTable(DbConnection.java:53)
	at pucrs.gcs.cdl.persistence.DbConnection.open(DbConnection.java:38)
	at pucrs.gcs.cdl.persistence.DbConnection.queryInsert(DbConnection.java:185)
	at pucrs.gcs.cdl.persistence.DbConnection.createTable(DbConnection.java:53)
	at pucrs.gcs.cdl.persistence.DbConnection.open(DbConnection.java:38)
	at pucrs.gcs.cdl.persistence.DbConnection.queryInsert(DbConnection.java:185)
	at pucrs.gcs.cdl.persistence.DbConnection.createTable(DbConnection.java:53)
	at pucrs.gcs.cdl.persistence.DbConnection.open(DbConnection.java:38)
	at pucrs.gcs.cdl.persistence.DbConnection.queryInsert(DbConnection.java:185)
	at pucrs.gcs.cdl.persistence.DbConnection.createTable(DbConnection.java:53)
	at pucrs.gcs.cdl.persistence.DbConnection.open(DbConnection.java:38)
	at pucrs.gcs.cdl.persistence.DbConnection.queryInsert(DbConnection.java:185)
	at pucrs.gcs.cdl.persistence.DbConnection.createTable(DbConnection.java:53)
	at pucrs.gcs.cdl.persistence.DbConnection.open(DbConnection.java:38)
	at pucrs.gcs.cdl.persistence.DbConnection.queryInsert(DbConnection.java:185)
	at pucrs.gcs.cdl.persistence.DbConnection.createTable(DbConnection.java:53)
	at pucrs.gcs.cdl.persistence.DbConnection.open(DbConnection.java:38)
	at pucrs.gcs.cdl.persistence.DbConnection.queryInsert(DbConnection.java:185)
	at pucrs.gcs.cdl.persistence.DbConnection.createTable(DbConnection.java:53)
	at pucrs.gcs.cdl.persistence.DbConnection.open(DbConnection.java:38)
	at pucrs.gcs.cdl.persistence.DbConnection.queryInsert(DbConnection.java:185)
	at pucrs.gcs.cdl.persistence.DbConnection.createTable(DbConnection.java:53)
	at pucrs.gcs.cdl.persistence.DbConnection.open(DbConnection.java:38)
	at pucrs.gcs.cdl.persistence.DbConnection.queryInsert(DbConnection.java:185)
	at pucrs.gcs.cdl.persistence.DbConnection.createTable(DbConnection.java:53)
	at pucrs.gcs.cdl.persistence.DbConnection.open(DbConnection.java:38)
	at pucrs.gcs.cdl.persistence.DbConnection.queryInsert(DbConnection.java:185)
	at pucrs.gcs.cdl.persistence.DbConnection.createTable(DbConnection.java:53)
	at pucrs.gcs.cdl.persistence.DbConnection.open(DbConnection.java:38)
	at pucrs.gcs.cdl.persistence.DbConnection.queryInsert(DbConnection.java:185)
	at pucrs.gcs.cdl.persistence.DbConnection.createTable(DbConnection.java:53)
	at pucrs.gcs.cdl.persistence.DbConnection.open(DbConnection.java:38)
	at pucrs.gcs.cdl.persistence.DbConnection.queryInsert(DbConnection.java:185)
	at pucrs.gcs.cdl.persistence.DbConnection.createTable(DbConnection.java:53)
	at pucrs.gcs.cdl.persistence.DbConnection.open(DbConnection.java:38)
	at pucrs.gcs.cdl.persistence.DbConnection.queryInsert(DbConnection.java:185)
	at pucrs.gcs.cdl.persistence.DbConnection.createTable(DbConnection.java:53)
	at pucrs.gcs.cdl.persistence.DbConnection.open(DbConnection.java:38)
	at pucrs.gcs.cdl.persistence.DbConnection.queryInsert(DbConnection.java:185)
	at pucrs.gcs.cdl.persistence.DbConnection.createTable(DbConnection.java:53)
	at pucrs.gcs.cdl.persistence.DbConnection.open(DbConnection.java:38)
	at pucrs.gcs.cdl.persistence.DbConnection.queryInsert(DbConnection.java:185)
	at pucrs.gcs.cdl.persistence.DbConnection.createTable(DbConnection.java:53)
	at pucrs.gcs.cdl.persistence.DbConnection.open(DbConnection.java:38)
	at pucrs.gcs.cdl.persistence.DbConnection.queryInsert(DbConnection.java:185)
	at pucrs.gcs.cdl.persistence.DbConnection.createTable(DbConnection.java:53)
	at pucrs.gcs.cdl.persistence.DbConnection.open(DbConnection.java:38)
	at pucrs.gcs.cdl.persistence.DbConnection.queryInsert(DbConnection.java:185)
	at pucrs.gcs.cdl.persistence.DbConnection.createTable(DbConnection.java:53)
	at pucrs.gcs.cdl.persistence.DbConnection.open(DbConnection.java:38)
	at pucrs.gcs.cdl.persistence.DbConnection.queryInsert(DbConnection.java:185)
	at pucrs.gcs.cdl.persistence.DbConnection.createTable(DbConnection.java:53)
	at pucrs.gcs.cdl.persistence.DbConnection.open(DbConnection.java:38)
	at pucrs.gcs.cdl.persistence.DbConnection.queryInsert(DbConnection.java:185)
	at pucrs.gcs.cdl.persistence.DbConnection.createTable(DbConnection.java:53)
	at pucrs.gcs.cdl.persistence.DbConnection.open(DbConnection.java:38)
	at pucrs.gcs.cdl.persistence.DbConnection.queryInsert(DbConnection.java:185)
	at pucrs.gcs.cdl.persistence.DbConnection.createTable(DbConnection.java:53)
	at pucrs.gcs.cdl.persistence.DbConnection.open(DbConnection.java:38)
	at pucrs.gcs.cdl.persistence.DbConnection.queryInsert(DbConnection.java:185)
	at pucrs.gcs.cdl.persistence.DbConnection.createTable(DbConnection.java:53)
	at pucrs.gcs.cdl.persistence.DbConnection.open(DbConnection.java:38)
	at pucrs.gcs.cdl.persistence.DbConnection.queryInsert(DbConnection.java:185)
	at pucrs.gcs.cdl.persistence.DbConnection.createTable(DbConnection.java:53)
	at pucrs.gcs.cdl.persistence.DbConnection.open(DbConnection.java:38)
	at pucrs.gcs.cdl.persistence.DbConnection.queryInsert(DbConnection.java:185)
	at pucrs.gcs.cdl.persistence.DbConnection.createTable(DbConnection.java:53)
	at pucrs.gcs.cdl.persistence.DbConnection.open(DbConnection.java:38)
	at pucrs.gcs.cdl.persistence.DbConnection.queryInsert(DbConnection.java:185)
	at pucrs.gcs.cdl.persistence.DbConnection.createTable(DbConnection.java:53)
	at pucrs.gcs.cdl.persistence.DbConnection.open(DbConnection.java:38)
	at pucrs.gcs.cdl.persistence.DbConnection.queryInsert(DbConnection.java:185)
	at pucrs.gcs.cdl.persistence.DbConnection.createTable(DbConnection.java:53)
	at pucrs.gcs.cdl.persistence.DbConnection.open(DbConnection.java:38)
	at pucrs.gcs.cdl.persistence.DbConnection.queryInsert(DbConnection.java:185)
	at pucrs.gcs.cdl.persistence.DbConnection.createTable(DbConnection.java:53)
	at pucrs.gcs.cdl.persistence.DbConnection.open(DbConnection.java:38)
	at pucrs.gcs.cdl.persistence.DbConnection.queryInsert(DbConnection.java:185)
	at pucrs.gcs.cdl.persistence.DbConnection.createTable(DbConnection.java:53)
	at pucrs.gcs.cdl.persistence.DbConnection.open(DbConnection.java:38)
	at pucrs.gcs.cdl.persistence.DbConnection.queryInsert(DbConnection.java:185)
	at pucrs.gcs.cdl.persistence.DbConnection.createTable(DbConnection.java:53)
	at pucrs.gcs.cdl.persistence.DbConnection.open(DbConnection.java:38)
	at pucrs.gcs.cdl.persistence.DbConnection.queryInsert(DbConnection.java:185)
	at pucrs.gcs.cdl.persistence.DbConnection.createTable(DbConnection.java:53)
	at pucrs.gcs.cdl.persistence.DbConnection.open(DbConnection.java:38)
	at pucrs.gcs.cdl.persistence.DbConnection.queryInsert(DbConnection.java:185)
	at pucrs.gcs.cdl.persistence.DbConnection.createTable(DbConnection.java:53)
	at pucrs.gcs.cdl.persistence.DbConnection.open(DbConnection.java:38)
	at pucrs.gcs.cdl.persistence.DbConnection.queryInsert(DbConnection.java:185)
	at pucrs.gcs.cdl.persistence.DbConnection.createTable(DbConnection.java:53)
	at pucrs.gcs.cdl.persistence.DbConnection.open(DbConnection.java:38)
	at pucrs.gcs.cdl.persistence.DbConnection.queryInsert(DbConnection.java:185)
	at pucrs.gcs.cdl.persistence.DbConnection.createTable(DbConnection.java:53)
	at pucrs.gcs.cdl.persistence.DbConnection.open(DbConnection.java:38)
	at pucrs.gcs.cdl.persistence.DbConnection.queryInsert(DbConnection.java:185)
	at pucrs.gcs.cdl.persistence.DbConnection.createTable(DbConnection.java:53)
	at pucrs.gcs.cdl.persistence.DbConnection.open(DbConnection.java:38)
	at pucrs.gcs.cdl.persistence.DbConnection.queryInsert(DbConnection.java:185)
	at pucrs.gcs.cdl.persistence.DbConnection.createTable(DbConnection.java:53)
	at pucrs.gcs.cdl.persistence.DbConnection.open(DbConnection.java:38)
	at pucrs.gcs.cdl.persistence.DbConnection.queryInsert(DbConnection.java:185)
	at pucrs.gcs.cdl.persistence.DbConnection.createTable(DbConnection.java:53)
	at pucrs.gcs.cdl.persistence.DbConnection.open(DbConnection.java:38)
	at pucrs.gcs.cdl.persistence.DbConnection.queryInsert(DbConnection.java:185)
	at pucrs.gcs.cdl.persistence.DbConnection.createTable(DbConnection.java:53)
	at pucrs.gcs.cdl.persistence.DbConnection.open(DbConnection.java:38)
	at pucrs.gcs.cdl.persistence.DbConnection.queryInsert(DbConnection.java:185)
	at pucrs.gcs.cdl.persistence.DbConnection.createTable(DbConnection.java:53)
	at pucrs.gcs.cdl.persistence.DbConnection.open(DbConnection.java:38)
	at pucrs.gcs.cdl.persistence.DbConnection.queryInsert(DbConnection.java:185)
	at pucrs.gcs.cdl.persistence.DbConnection.createTable(DbConnection.java:53)
	at pucrs.gcs.cdl.persistence.DbConnection.open(DbConnection.java:38)
	at pucrs.gcs.cdl.persistence.DbConnection.queryInsert(DbConnection.java:185)
	at pucrs.gcs.cdl.persistence.DbConnection.createTable(DbConnection.java:53)
	at pucrs.gcs.cdl.persistence.DbConnection.open(DbConnection.java:38)
	at pucrs.gcs.cdl.persistence.DbConnection.queryInsert(DbConnection.java:185)
	at pucrs.gcs.cdl.persistence.DbConnection.createTable(DbConnection.java:53)
	at pucrs.gcs.cdl.persistence.DbConnection.open(DbConnection.java:38)
	at pucrs.gcs.cdl.persistence.DbConnection.queryInsert(DbConnection.java:185)
	at pucrs.gcs.cdl.persistence.DbConnection.createTable(DbConnection.java:53)
	at pucrs.gcs.cdl.persistence.DbConnection.open(DbConnection.java:38)
	at pucrs.gcs.cdl.persistence.DbConnection.queryInsert(DbConnection.java:185)
	at pucrs.gcs.cdl.persistence.DbConnection.createTable(DbConnection.java:53)
	at pucrs.gcs.cdl.persistence.DbConnection.open(DbConnection.java:38)
	at pucrs.gcs.cdl.persistence.DbConnection.queryInsert(DbConnection.java:185)
	at pucrs.gcs.cdl.persistence.DbConnection.createTable(DbConnection.java:53)
	at pucrs.gcs.cdl.persistence.DbConnection.open(DbConnection.java:38)
	at pucrs.gcs.cdl.persistence.DbConnection.queryInsert(DbConnection.java:185)
	at pucrs.gcs.cdl.persistence.DbConnection.createTable(DbConnection.java:53)
	at pucrs.gcs.cdl.persistence.DbConnection.open(DbConnection.java:38)
	at pucrs.gcs.cdl.persistence.DbConnection.queryInsert(DbConnection.java:185)
	at pucrs.gcs.cdl.persistence.DbConnection.createTable(DbConnection.java:53)
	at pucrs.gcs.cdl.persistence.DbConnection.open(DbConnection.java:38)
	at pucrs.gcs.cdl.persistence.DbConnection.queryInsert(DbConnection.java:185)
	at pucrs.gcs.cdl.persistence.DbConnection.createTable(DbConnection.java:53)
	at pucrs.gcs.cdl.persistence.DbConnection.open(DbConnection.java:38)
	at pucrs.gcs.cdl.persistence.DbConnection.queryInsert(DbConnection.java:185)
	at pucrs.gcs.cdl.persistence.DbConnection.createTable(DbConnection.java:53)
	at pucrs.gcs.cdl.persistence.DbConnection.open(DbConnection.java:38)
	at pucrs.gcs.cdl.persistence.DbConnection.queryInsert(DbConnection.java:185)
	at pucrs.gcs.cdl.persistence.DbConnection.createTable(DbConnection.java:53)
	at pucrs.gcs.cdl.persistence.DbConnection.open(DbConnection.java:38)
	at pucrs.gcs.cdl.persistence.DbConnection.queryInsert(DbConnection.java:185)
	at pucrs.gcs.cdl.persistence.DbConnection.createTable(DbConnection.java:53)
	at pucrs.gcs.cdl.persistence.DbConnection.open(DbConnection.java:38)
	at pucrs.gcs.cdl.persistence.DbConnection.queryInsert(DbConnection.java:185)
	at pucrs.gcs.cdl.persistence.DbConnection.createTable(DbConnection.java:53)
	at pucrs.gcs.cdl.persistence.DbConnection.open(DbConnection.java:38)
	at pucrs.gcs.cdl.persistence.DbConnection.queryInsert(DbConnection.java:185)
	at pucrs.gcs.cdl.persistence.DbConnection.createTable(DbConnection.java:53)
	at pucrs.gcs.cdl.persistence.DbConnection.open(DbConnection.java:38)
	at pucrs.gcs.cdl.persistence.DbConnection.queryInsert(DbConnection.java:185)
	at pucrs.gcs.cdl.persistence.DbConnection.createTable(DbConnection.java:53)
	at pucrs.gcs.cdl.persistence.DbConnection.open(DbConnection.java:38)
	at pucrs.gcs.cdl.persistence.DbConnection.queryInsert(DbConnection.java:185)
	at pucrs.gcs.cdl.persistence.DbConnection.createTable(DbConnection.java:53)
	at pucrs.gcs.cdl.persistence.DbConnection.open(DbConnection.java:38)
	at pucrs.gcs.cdl.persistence.DbConnection.queryInsert(DbConnection.java:185)
	at pucrs.gcs.cdl.persistence.DbConnection.createTable(DbConnection.java:53)
	at pucrs.gcs.cdl.persistence.DbConnection.open(DbConnection.java:38)
	at pucrs.gcs.cdl.persistence.DbConnection.queryInsert(DbConnection.java:185)
	at pucrs.gcs.cdl.persistence.DbConnection.createTable(DbConnection.java:53)
	at pucrs.gcs.cdl.persistence.DbConnection.open(DbConnection.java:38)
	at pucrs.gcs.cdl.persistence.DbConnection.queryInsert(DbConnection.java:185)
	at pucrs.gcs.cdl.persistence.DbConnection.createTable(DbConnection.java:53)
	at pucrs.gcs.cdl.persistence.DbConnection.open(DbConnection.java:38)
	at pucrs.gcs.cdl.persistence.DbConnection.queryInsert(DbConnection.java:185)
	at pucrs.gcs.cdl.persistence.DbConnection.createTable(DbConnection.java:53)
	at pucrs.gcs.cdl.persistence.DbConnection.open(DbConnection.java:38)
	at pucrs.gcs.cdl.persistence.DbConnection.queryInsert(DbConnection.java:185)
	at pucrs.gcs.cdl.persistence.DbConnection.createTable(DbConnection.java:53)
	at pucrs.gcs.cdl.persistence.DbConnection.open(DbConnection.java:38)
	at pucrs.gcs.cdl.persistence.DbConnection.queryInsert(DbConnection.java:185)
	at pucrs.gcs.cdl.persistence.DbConnection.createTable(DbConnection.java:53)
	at pucrs.gcs.cdl.persistence.DbConnection.open(DbConnection.java:38)
	at pucrs.gcs.cdl.persistence.DbConnection.queryInsert(DbConnection.java:185)
	at pucrs.gcs.cdl.persistence.DbConnection.createTable(DbConnection.java:53)
	at pucrs.gcs.cdl.persistence.DbConnection.open(DbConnection.java:38)
	at pucrs.gcs.cdl.persistence.DbConnection.queryInsert(DbConnection.java:185)
	at pucrs.gcs.cdl.persistence.DbConnection.createTable(DbConnection.java:53)
	at pucrs.gcs.cdl.persistence.DbConnection.open(DbConnection.java:38)
	at pucrs.gcs.cdl.persistence.DbConnection.queryInsert(DbConnection.java:185)
	at pucrs.gcs.cdl.persistence.DbConnection.createTable(DbConnection.java:53)
	at pucrs.gcs.cdl.persistence.DbConnection.open(DbConnection.java:38)
	at pucrs.gcs.cdl.persistence.DbConnection.queryInsert(DbConnection.java:185)
	at pucrs.gcs.cdl.persistence.DbConnection.createTable(DbConnection.java:53)
	at pucrs.gcs.cdl.persistence.DbConnection.open(DbConnection.java:38)
	at pucrs.gcs.cdl.persistence.DbConnection.queryInsert(DbConnection.java:185)
	at pucrs.gcs.cdl.persistence.DbConnection.createTable(DbConnection.java:53)
	at pucrs.gcs.cdl.persistence.DbConnection.open(DbConnection.java:38)
	at pucrs.gcs.cdl.persistence.DbConnection.queryInsert(DbConnection.java:185)
	at pucrs.gcs.cdl.persistence.DbConnection.createTable(DbConnection.java:53)
	at pucrs.gcs.cdl.persistence.DbConnection.open(DbConnection.java:38)
	at pucrs.gcs.cdl.persistence.DbConnection.queryInsert(DbConnection.java:185)
	at pucrs.gcs.cdl.persistence.DbConnection.createTable(DbConnection.java:53)
	at pucrs.gcs.cdl.persistence.DbConnection.open(DbConnection.java:38)
	at pucrs.gcs.cdl.persistence.DbConnection.queryInsert(DbConnection.java:185)
	at pucrs.gcs.cdl.persistence.DbConnection.createTable(DbConnection.java:53)
	at pucrs.gcs.cdl.persistence.DbConnection.open(DbConnection.java:38)
	at pucrs.gcs.cdl.persistence.DbConnection.queryInsert(DbConnection.java:185)
	at pucrs.gcs.cdl.persistence.DbConnection.createTable(DbConnection.java:53)
	at pucrs.gcs.cdl.persistence.DbConnection.open(DbConnection.java:38)
	at pucrs.gcs.cdl.persistence.DbConnection.queryInsert(DbConnection.java:185)
	at pucrs.gcs.cdl.persistence.DbConnection.createTable(DbConnection.java:53)
	at pucrs.gcs.cdl.persistence.DbConnection.open(DbConnection.java:38)
	at pucrs.gcs.cdl.persistence.DbConnection.queryInsert(DbConnection.java:185)
	at pucrs.gcs.cdl.persistence.DbConnection.createTable(DbConnection.java:53)
	at pucrs.gcs.cdl.persistence.DbConnection.open(DbConnection.java:38)
	at pucrs.gcs.cdl.persistence.DbConnection.queryInsert(DbConnection.java:185)
	at pucrs.gcs.cdl.persistence.DbConnection.createTable(DbConnection.java:53)
	at pucrs.gcs.cdl.persistence.DbConnection.open(DbConnection.java:38)
	at pucrs.gcs.cdl.persistence.DbConnection.queryInsert(DbConnection.java:185)
	at pucrs.gcs.cdl.persistence.DbConnection.createTable(DbConnection.java:53)
	at pucrs.gcs.cdl.persistence.DbConnection.open(DbConnection.java:38)
	at pucrs.gcs.cdl.persistence.DbConnection.queryInsert(DbConnection.java:185)
	at pucrs.gcs.cdl.persistence.DbConnection.createTable(DbConnection.java:53)
	at pucrs.gcs.cdl.persistence.DbConnection.open(DbConnection.java:38)
	at pucrs.gcs.cdl.persistence.DbConnection.queryInsert(DbConnection.java:185)
	at pucrs.gcs.cdl.persistence.DbConnection.createTable(DbConnection.java:53)
	at pucrs.gcs.cdl.persistence.DbConnection.open(DbConnection.java:38)
	at pucrs.gcs.cdl.persistence.DbConnection.queryInsert(DbConnection.java:185)
	at pucrs.gcs.cdl.persistence.DbConnection.createTable(DbConnection.java:53)
	at pucrs.gcs.cdl.persistence.DbConnection.open(DbConnection.java:38)
	at pucrs.gcs.cdl.persistence.DbConnection.queryInsert(DbConnection.java:185)
	at pucrs.gcs.cdl.persistence.DbConnection.createTable(DbConnection.java:53)
	at pucrs.gcs.cdl.persistence.DbConnection.open(DbConnection.java:38)
	at pucrs.gcs.cdl.persistence.DbConnection.queryInsert(DbConnection.java:185)
	at pucrs.gcs.cdl.persistence.DbConnection.createTable(DbConnection.java:53)
	at pucrs.gcs.cdl.persistence.DbConnection.open(DbConnection.java:38)
	at pucrs.gcs.cdl.persistence.DbConnection.queryInsert(DbConnection.java:185)
	at pucrs.gcs.cdl.persistence.DbConnection.createTable(DbConnection.java:53)
	at pucrs.gcs.cdl.persistence.DbConnection.open(DbConnection.java:38)
	at pucrs.gcs.cdl.persistence.DbConnection.queryInsert(DbConnection.java:185)
	at pucrs.gcs.cdl.persistence.DbConnection.createTable(DbConnection.java:53)
	at pucrs.gcs.cdl.persistence.DbConnection.open(DbConnection.java:38)
	at pucrs.gcs.cdl.persistence.DbConnection.queryInsert(DbConnection.java:185)
	at pucrs.gcs.cdl.persistence.DbConnection.createTable(DbConnection.java:53)
	at pucrs.gcs.cdl.persistence.DbConnection.open(DbConnection.java:38)
	at pucrs.gcs.cdl.persistence.DbConnection.queryInsert(DbConnection.java:185)
	at pucrs.gcs.cdl.persistence.DbConnection.createTable(DbConnection.java:53)
	at pucrs.gcs.cdl.persistence.DbConnection.open(DbConnection.java:38)
	at pucrs.gcs.cdl.persistence.DbConnection.queryInsert(DbConnection.java:185)
	at pucrs.gcs.cdl.persistence.DbConnection.createTable(DbConnection.java:53)
	at pucrs.gcs.cdl.persistence.DbConnection.open(DbConnection.java:38)
	at pucrs.gcs.cdl.persistence.DbConnection.queryInsert(DbConnection.java:185)
	at pucrs.gcs.cdl.persistence.DbConnection.createTable(DbConnection.java:53)
	at pucrs.gcs.cdl.persistence.DbConnection.open(DbConnection.java:38)
	at pucrs.gcs.cdl.persistence.DbConnection.queryInsert(DbConnection.java:185)
	at pucrs.gcs.cdl.persistence.DbConnection.createTable(DbConnection.java:53)
	at pucrs.gcs.cdl.persistence.DbConnection.open(DbConnection.java:38)
	at pucrs.gcs.cdl.persistence.DbConnection.queryInsert(DbConnection.java:185)
	at pucrs.gcs.cdl.persistence.DbConnection.createTable(DbConnection.java:53)
	at pucrs.gcs.cdl.persistence.DbConnection.open(DbConnection.java:38)
	at pucrs.gcs.cdl.persistence.DbConnection.queryInsert(DbConnection.java:185)
	at pucrs.gcs.cdl.persistence.DbConnection.createTable(DbConnection.java:53)
	at pucrs.gcs.cdl.persistence.DbConnection.open(DbConnection.java:38)
	at pucrs.gcs.cdl.persistence.DbConnection.queryInsert(DbConnection.java:185)
	at pucrs.gcs.cdl.persistence.DbConnection.createTable(DbConnection.java:53)
	at pucrs.gcs.cdl.persistence.DbConnection.open(DbConnection.java:38)
	at pucrs.gcs.cdl.persistence.DbConnection.queryInsert(DbConnection.java:185)
	at pucrs.gcs.cdl.persistence.DbConnection.createTable(DbConnection.java:53)
	at pucrs.gcs.cdl.persistence.DbConnection.open(DbConnection.java:38)
	at pucrs.gcs.cdl.persistence.DbConnection.queryInsert(DbConnection.java:185)
	at pucrs.gcs.cdl.persistence.DbConnection.createTable(DbConnection.java:53)
	at pucrs.gcs.cdl.persistence.DbConnection.open(DbConnection.java:38)
	at pucrs.gcs.cdl.persistence.DbConnection.queryInsert(DbConnection.java:185)
	at pucrs.gcs.cdl.persistence.DbConnection.createTable(DbConnection.java:53)
	at pucrs.gcs.cdl.persistence.DbConnection.open(DbConnection.java:38)
	at pucrs.gcs.cdl.persistence.DbConnection.queryInsert(DbConnection.java:185)
	at pucrs.gcs.cdl.persistence.DbConnection.createTable(DbConnection.java:53)
	at pucrs.gcs.cdl.persistence.DbConnection.open(DbConnection.java:38)
	at pucrs.gcs.cdl.persistence.DbConnection.queryInsert(DbConnection.java:185)
	at pucrs.gcs.cdl.persistence.DbConnection.createTable(DbConnection.java:53)
	at pucrs.gcs.cdl.persistence.DbConnection.open(DbConnection.java:38)
	at pucrs.gcs.cdl.persistence.DbConnection.queryInsert(DbConnection.java:185)
	at pucrs.gcs.cdl.persistence.DbConnection.createTable(DbConnection.java:53)
	at pucrs.gcs.cdl.persistence.DbConnection.open(DbConnection.java:38)
	at pucrs.gcs.cdl.persistence.DbConnection.queryInsert(DbConnection.java:185)
	at pucrs.gcs.cdl.persistence.DbConnection.createTable(DbConnection.java:53)
	at pucrs.gcs.cdl.persistence.DbConnection.open(DbConnection.java:38)
	at pucrs.gcs.cdl.persistence.DbConnection.queryInsert(DbConnection.java:185)
	at pucrs.gcs.cdl.persistence.DbConnection.createTable(DbConnection.java:53)
	at pucrs.gcs.cdl.persistence.DbConnection.open(DbConnection.java:38)
	at pucrs.gcs.cdl.persistence.DbConnection.queryInsert(DbConnection.java:185)
	at pucrs.gcs.cdl.persistence.DbConnection.createTable(DbConnection.java:53)
	at pucrs.gcs.cdl.persistence.DbConnection.open(DbConnection.java:38)
	at pucrs.gcs.cdl.persistence.DbConnection.queryInsert(DbConnection.java:185)
	at pucrs.gcs.cdl.persistence.DbConnection.createTable(DbConnection.java:53)
	at pucrs.gcs.cdl.persistence.DbConnection.open(DbConnection.java:38)
	at pucrs.gcs.cdl.persistence.DbConnection.queryInsert(DbConnection.java:185)
	at pucrs.gcs.cdl.persistence.DbConnection.createTable(DbConnection.java:53)
	at pucrs.gcs.cdl.persistence.DbConnection.open(DbConnection.java:38)
	at pucrs.gcs.cdl.persistence.DbConnection.queryInsert(DbConnection.java:185)
	at pucrs.gcs.cdl.persistence.DbConnection.createTable(DbConnection.java:53)
	at pucrs.gcs.cdl.persistence.DbConnection.open(DbConnection.java:38)
	at pucrs.gcs.cdl.persistence.DbConnection.queryInsert(DbConnection.java:185)
	at pucrs.gcs.cdl.persistence.DbConnection.createTable(DbConnection.java:53)
	at pucrs.gcs.cdl.persistence.DbConnection.open(DbConnection.java:38)
	at pucrs.gcs.cdl.persistence.DbConnection.queryInsert(DbConnection.java:185)
	at pucrs.gcs.cdl.persistence.DbConnection.createTable(DbConnection.java:53)
	at pucrs.gcs.cdl.persistence.DbConnection.open(DbConnection.java:38)
	at pucrs.gcs.cdl.persistence.DbConnection.queryInsert(DbConnection.java:185)
	at pucrs.gcs.cdl.persistence.DbConnection.createTable(DbConnection.java:53)
	at pucrs.gcs.cdl.persistence.DbConnection.open(DbConnection.java:38)
	at pucrs.gcs.cdl.persistence.DbConnection.queryInsert(DbConnection.java:185)
	at pucrs.gcs.cdl.persistence.DbConnection.createTable(DbConnection.java:53)
	at pucrs.gcs.cdl.persistence.DbConnection.open(DbConnection.java:38)
	at pucrs.gcs.cdl.persistence.DbConnection.queryInsert(DbConnection.java:185)
	at pucrs.gcs.cdl.persistence.DbConnection.createTable(DbConnection.java:53)
	at pucrs.gcs.cdl.persistence.DbConnection.open(DbConnection.java:38)
	at pucrs.gcs.cdl.persistence.DbConnection.queryInsert(DbConnection.java:185)
	at pucrs.gcs.cdl.persistence.DbConnection.createTable(DbConnection.java:53)
	at pucrs.gcs.cdl.persistence.DbConnection.open(DbConnection.java:38)
	at pucrs.gcs.cdl.persistence.DbConnection.queryInsert(DbConnection.java:185)
	at pucrs.gcs.cdl.persistence.DbConnection.createTable(DbConnection.java:53)
	at pucrs.gcs.cdl.persistence.DbConnection.open(DbConnection.java:38)
	at pucrs.gcs.cdl.persistence.DbConnection.queryInsert(DbConnection.java:185)
	at pucrs.gcs.cdl.persistence.DbConnection.createTable(DbConnection.java:53)
	at pucrs.gcs.cdl.persistence.DbConnection.open(DbConnection.java:38)
	at pucrs.gcs.cdl.persistence.DbConnection.queryInsert(DbConnection.java:185)
	at pucrs.gcs.cdl.persistence.DbConnection.createTable(DbConnection.java:53)
	at pucrs.gcs.cdl.persistence.DbConnection.open(DbConnection.java:38)
	at pucrs.gcs.cdl.persistence.DbConnection.queryInsert(DbConnection.java:185)
	at pucrs.gcs.cdl.persistence.DbConnection.createTable(DbConnection.java:53)
	at pucrs.gcs.cdl.persistence.DbConnection.open(DbConnection.java:38)
	at pucrs.gcs.cdl.persistence.DbConnection.queryInsert(DbConnection.java:185)
	at pucrs.gcs.cdl.persistence.DbConnection.createTable(DbConnection.java:53)
	at pucrs.gcs.cdl.persistence.DbConnection.open(DbConnection.java:38)
	at pucrs.gcs.cdl.persistence.DbConnection.queryInsert(DbConnection.java:185)
	at pucrs.gcs.cdl.persistence.DbConnection.createTable(DbConnection.java:53)
	at pucrs.gcs.cdl.persistence.DbConnection.open(DbConnection.java:38)
	at pucrs.gcs.cdl.persistence.DbConnection.queryInsert(DbConnection.java:185)
	at pucrs.gcs.cdl.persistence.DbConnection.createTable(DbConnection.java:53)
	at pucrs.gcs.cdl.persistence.DbConnection.open(DbConnection.java:38)
	at pucrs.gcs.cdl.persistence.DbConnection.queryInsert(DbConnection.java:185)
	at pucrs.gcs.cdl.persistence.DbConnection.createTable(DbConnection.java:53)
	at pucrs.gcs.cdl.persistence.DbConnection.open(DbConnection.java:38)
	at pucrs.gcs.cdl.persistence.DbConnection.queryInsert(DbConnection.java:185)
	at pucrs.gcs.cdl.persistence.DbConnection.createTable(DbConnection.java:53)
	at pucrs.gcs.cdl.persistence.DbConnection.open(DbConnection.java:38)
	at pucrs.gcs.cdl.persistence.DbConnection.queryInsert(DbConnection.java:185)
	at pucrs.gcs.cdl.persistence.DbConnection.createTable(DbConnection.java:53)
	at pucrs.gcs.cdl.persistence.DbConnection.open(DbConnection.java:38)
	at pucrs.gcs.cdl.persistence.DbConnection.queryInsert(DbConnection.java:185)
	at pucrs.gcs.cdl.persistence.DbConnection.createTable(DbConnection.java:53)
	at pucrs.gcs.cdl.persistence.DbConnection.open(DbConnection.java:38)
	at pucrs.gcs.cdl.persistence.DbConnection.queryInsert(DbConnection.java:185)
	at pucrs.gcs.cdl.persistence.DbConnection.createTable(DbConnection.java:53)
	at pucrs.gcs.cdl.persistence.DbConnection.open(DbConnection.java:38)
	at pucrs.gcs.cdl.persistence.DbConnection.queryInsert(DbConnection.java:185)
	at pucrs.gcs.cdl.persistence.DbConnection.createTable(DbConnection.java:53)
	at pucrs.gcs.cdl.persistence.DbConnection.open(DbConnection.java:38)
	at pucrs.gcs.cdl.persistence.DbConnection.queryInsert(DbConnection.java:185)
	at pucrs.gcs.cdl.persistence.DbConnection.createTable(DbConnection.java:53)
	at pucrs.gcs.cdl.persistence.DbConnection.open(DbConnection.java:38)
	at pucrs.gcs.cdl.persistence.DbConnection.queryInsert(DbConnection.java:185)
	at pucrs.gcs.cdl.persistence.DbConnection.createTable(DbConnection.java:53)
	at pucrs.gcs.cdl.persistence.DbConnection.open(DbConnection.java:38)
	at pucrs.gcs.cdl.persistence.DbConnection.queryInsert(DbConnection.java:185)
	at pucrs.gcs.cdl.persistence.DbConnection.createTable(DbConnection.java:53)
	at pucrs.gcs.cdl.persistence.DbConnection.open(DbConnection.java:38)
	at pucrs.gcs.cdl.persistence.DbConnection.queryInsert(DbConnection.java:185)
	at pucrs.gcs.cdl.persistence.DbConnection.createTable(DbConnection.java:53)
	at pucrs.gcs.cdl.persistence.DbConnection.open(DbConnection.java:38)
	at pucrs.gcs.cdl.persistence.DbConnection.queryInsert(DbConnection.java:185)
	at pucrs.gcs.cdl.persistence.DbConnection.createTable(DbConnection.java:53)
	at pucrs.gcs.cdl.persistence.DbConnection.open(DbConnection.java:38)
	at pucrs.gcs.cdl.persistence.DbConnection.queryInsert(DbConnection.java:185)
	at pucrs.gcs.cdl.persistence.DbConnection.createTable(DbConnection.java:53)
	at pucrs.gcs.cdl.persistence.DbConnection.open(DbConnection.java:38)
	at pucrs.gcs.cdl.persistence.DbConnection.queryInsert(DbConnection.java:185)
	at pucrs.gcs.cdl.persistence.DbConnection.createTable(DbConnection.java:53)
	at pucrs.gcs.cdl.persistence.DbConnection.open(DbConnection.java:38)
	at pucrs.gcs.cdl.persistence.DbConnection.queryInsert(DbConnection.java:185)
	at pucrs.gcs.cdl.persistence.DbConnection.createTable(DbConnection.java:53)
	at pucrs.gcs.cdl.persistence.DbConnection.open(DbConnection.java:38)
	at pucrs.gcs.cdl.persistence.DbConnection.queryInsert(DbConnection.java:185)
	at pucrs.gcs.cdl.persistence.DbConnection.createTable(DbConnection.java:53)
	at pucrs.gcs.cdl.persistence.DbConnection.open(DbConnection.java:38)
	at pucrs.gcs.cdl.persistence.DbConnection.queryInsert(DbConnection.java:185)
	at pucrs.gcs.cdl.persistence.DbConnection.createTable(DbConnection.java:53)
	at pucrs.gcs.cdl.persistence.DbConnection.open(DbConnection.java:38)
	at pucrs.gcs.cdl.persistence.DbConnection.queryInsert(DbConnection.java:185)
	at pucrs.gcs.cdl.persistence.DbConnection.createTable(DbConnection.java:53)
	at pucrs.gcs.cdl.persistence.DbConnection.open(DbConnection.java:38)
	at pucrs.gcs.cdl.persistence.DbConnection.queryInsert(DbConnection.java:185)
	at pucrs.gcs.cdl.persistence.DbConnection.createTable(DbConnection.java:53)
	at pucrs.gcs.cdl.persistence.DbConnection.open(DbConnection.java:38)
	at pucrs.gcs.cdl.persistence.DbConnection.queryInsert(DbConnection.java:185)
	at pucrs.gcs.cdl.persistence.DbConnection.createTable(DbConnection.java:53)
	at pucrs.gcs.cdl.persistence.DbConnection.open(DbConnection.java:38)
	at pucrs.gcs.cdl.persistence.DbConnection.queryInsert(DbConnection.java:185)
	at pucrs.gcs.cdl.persistence.DbConnection.createTable(DbConnection.java:53)
	at pucrs.gcs.cdl.persistence.DbConnection.open(DbConnection.java:38)
	at pucrs.gcs.cdl.persistence.DbConnection.queryInsert(DbConnection.java:185)
	at pucrs.gcs.cdl.persistence.DbConnection.createTable(DbConnection.java:53)
	at pucrs.gcs.cdl.persistence.DbConnection.open(DbConnection.java:38)
	at pucrs.gcs.cdl.persistence.DbConnection.queryInsert(DbConnection.java:185)
	at pucrs.gcs.cdl.persistence.DbConnection.createTable(DbConnection.java:53)
	at pucrs.gcs.cdl.persistence.DbConnection.open(DbConnection.java:38)
	at pucrs.gcs.cdl.persistence.DbConnection.queryInsert(DbConnection.java:185)
	at pucrs.gcs.cdl.persistence.DbConnection.createTable(DbConnection.java:53)
	at pucrs.gcs.cdl.persistence.DbConnection.open(DbConnection.java:38)
	at pucrs.gcs.cdl.persistence.DbConnection.queryInsert(DbConnection.java:185)
	at pucrs.gcs.cdl.persistence.DbConnection.createTable(DbConnection.java:53)
	at pucrs.gcs.cdl.persistence.DbConnection.open(DbConnection.java:38)
	at pucrs.gcs.cdl.persistence.DbConnection.queryInsert(DbConnection.java:185)
	at pucrs.gcs.cdl.persistence.DbConnection.createTable(DbConnection.java:53)
	at pucrs.gcs.cdl.persistence.DbConnection.open(DbConnection.java:38)
	at pucrs.gcs.cdl.persistence.DbConnection.queryInsert(DbConnection.java:185)
	at pucrs.gcs.cdl.persistence.DbConnection.createTable(DbConnection.java:53)
	at pucrs.gcs.cdl.persistence.DbConnection.open(DbConnection.java:38)
	at pucrs.gcs.cdl.persistence.DbConnection.queryInsert(DbConnection.java:185)
	at pucrs.gcs.cdl.persistence.DbConnection.createTable(DbConnection.java:53)
	at pucrs.gcs.cdl.persistence.DbConnection.open(DbConnection.java:38)
	at pucrs.gcs.cdl.persistence.DbConnection.queryInsert(DbConnection.java:185)
	at pucrs.gcs.cdl.persistence.DbConnection.createTable(DbConnection.java:53)
	at pucrs.gcs.cdl.persistence.DbConnection.open(DbConnection.java:38)
	at pucrs.gcs.cdl.persistence.DbConnection.queryInsert(DbConnection.java:185)
	at pucrs.gcs.cdl.persistence.DbConnection.createTable(DbConnection.java:53)
	at pucrs.gcs.cdl.persistence.DbConnection.open(DbConnection.java:38)
	at pucrs.gcs.cdl.persistence.DbConnection.queryInsert(DbConnection.java:185)
	at pucrs.gcs.cdl.persistence.DbConnection.createTable(DbConnection.java:53)
	at pucrs.gcs.cdl.persistence.DbConnection.open(DbConnection.java:38)
	at pucrs.gcs.cdl.persistence.DbConnection.queryInsert(DbConnection.java:185)
	at pucrs.gcs.cdl.persistence.DbConnection.createTable(DbConnection.java:53)
	at pucrs.gcs.cdl.persistence.DbConnection.open(DbConnection.java:38)
	at pucrs.gcs.cdl.persistence.DbConnection.queryInsert(DbConnection.java:185)
	at pucrs.gcs.cdl.persistence.DbConnection.createTable(DbConnection.java:53)
	at pucrs.gcs.cdl.persistence.DbConnection.open(DbConnection.java:38)
	at pucrs.gcs.cdl.persistence.DbConnection.queryInsert(DbConnection.java:185)
	at pucrs.gcs.cdl.persistence.DbConnection.createTable(DbConnection.java:53)
	at pucrs.gcs.cdl.persistence.DbConnection.open(DbConnection.java:38)
	at pucrs.gcs.cdl.persistence.DbConnection.queryInsert(DbConnection.java:185)
	at pucrs.gcs.cdl.persistence.DbConnection.createTable(DbConnection.java:53)
	at pucrs.gcs.cdl.persistence.DbConnection.open(DbConnection.java:38)
	at pucrs.gcs.cdl.persistence.DbConnection.queryInsert(DbConnection.java:185)
	at pucrs.gcs.cdl.persistence.DbConnection.createTable(DbConnection.java:53)
	at pucrs.gcs.cdl.persistence.DbConnection.open(DbConnection.java:38)
	at pucrs.gcs.cdl.persistence.DbConnection.queryInsert(DbConnection.java:185)
	at pucrs.gcs.cdl.persistence.DbConnection.createTable(DbConnection.java:53)
	at pucrs.gcs.cdl.persistence.DbConnection.open(DbConnection.java:38)
	at pucrs.gcs.cdl.persistence.DbConnection.queryInsert(DbConnection.java:185)
	at pucrs.gcs.cdl.persistence.DbConnection.createTable(DbConnection.java:53)
	at pucrs.gcs.cdl.persistence.DbConnection.open(DbConnection.java:38)
	at pucrs.gcs.cdl.persistence.DbConnection.queryInsert(DbConnection.java:185)
	at pucrs.gcs.cdl.persistence.DbConnection.createTable(DbConnection.java:53)
	at pucrs.gcs.cdl.persistence.DbConnection.open(DbConnection.java:38)
	at pucrs.gcs.cdl.persistence.DbConnection.queryInsert(DbConnection.java:185)
	at pucrs.gcs.cdl.persistence.DbConnection.createTable(DbConnection.java:53)
	at pucrs.gcs.cdl.persistence.DbConnection.open(DbConnection.java:38)
	at pucrs.gcs.cdl.persistence.DbConnection.queryInsert(DbConnection.java:185)
	at pucrs.gcs.cdl.persistence.DbConnection.createTable(DbConnection.java:53)
	at pucrs.gcs.cdl.persistence.DbConnection.open(DbConnection.java:38)
	at pucrs.gcs.cdl.persistence.DbConnection.queryInsert(DbConnection.java:185)
	at pucrs.gcs.cdl.persistence.DbConnection.createTable(DbConnection.java:53)
	at pucrs.gcs.cdl.persistence.DbConnection.open(DbConnection.java:38)
	at pucrs.gcs.cdl.persistence.DbConnection.queryInsert(DbConnection.java:185)
	at pucrs.gcs.cdl.persistence.DbConnection.createTable(DbConnection.java:53)
	at pucrs.gcs.cdl.persistence.DbConnection.open(DbConnection.java:38)
	at pucrs.gcs.cdl.persistence.DbConnection.queryInsert(DbConnection.java:185)
	at pucrs.gcs.cdl.persistence.DbConnection.createTable(DbConnection.java:53)
	at pucrs.gcs.cdl.persistence.DbConnection.open(DbConnection.java:38)
	at pucrs.gcs.cdl.persistence.DbConnection.queryInsert(DbConnection.java:185)
	at pucrs.gcs.cdl.persistence.DbConnection.createTable(DbConnection.java:53)
	at pucrs.gcs.cdl.persistence.DbConnection.open(DbConnection.java:38)
	at pucrs.gcs.cdl.persistence.DbConnection.queryInsert(DbConnection.java:185)
	at pucrs.gcs.cdl.persistence.DbConnection.createTable(DbConnection.java:53)
	at pucrs.gcs.cdl.persistence.DbConnection.open(DbConnection.java:38)
	at pucrs.gcs.cdl.persistence.DbConnection.queryInsert(DbConnection.java:185)
	at pucrs.gcs.cdl.persistence.DbConnection.createTable(DbConnection.java:53)
	at pucrs.gcs.cdl.persistence.DbConnection.open(DbConnection.java:38)
	at pucrs.gcs.cdl.persistence.DbConnection.queryInsert(DbConnection.java:185)
	at pucrs.gcs.cdl.persistence.DbConnection.createTable(DbConnection.java:53)
	at pucrs.gcs.cdl.persistence.DbConnection.open(DbConnection.java:38)
	at pucrs.gcs.cdl.persistence.DbConnection.queryInsert(DbConnection.java:185)
	at pucrs.gcs.cdl.persistence.DbConnection.createTable(DbConnection.java:53)
	at pucrs.gcs.cdl.persistence.DbConnection.open(DbConnection.java:38)
	at pucrs.gcs.cdl.persistence.DbConnection.queryInsert(DbConnection.java:185)
	at pucrs.gcs.cdl.persistence.DbConnection.createTable(DbConnection.java:53)
	at pucrs.gcs.cdl.persistence.DbConnection.open(DbConnection.java:38)
	at pucrs.gcs.cdl.persistence.DbConnection.queryInsert(DbConnection.java:185)
	at pucrs.gcs.cdl.persistence.DbConnection.createTable(DbConnection.java:53)
	at pucrs.gcs.cdl.persistence.DbConnection.open(DbConnection.java:38)
	at pucrs.gcs.cdl.persistence.DbConnection.queryInsert(DbConnection.java:185)
	at pucrs.gcs.cdl.persistence.DbConnection.createTable(DbConnection.java:53)
	at pucrs.gcs.cdl.persistence.DbConnection.open(DbConnection.java:38)
	at pucrs.gcs.cdl.persistence.DbConnection.queryInsert(DbConnection.java:185)
	at pucrs.gcs.cdl.persistence.DbConnection.createTable(DbConnection.java:53)
	at pucrs.gcs.cdl.persistence.DbConnection.open(DbConnection.java:38)
	at pucrs.gcs.cdl.persistence.DbConnection.queryInsert(DbConnection.java:185)
	at pucrs.gcs.cdl.persistence.DbConnection.createTable(DbConnection.java:53)
	at pucrs.gcs.cdl.persistence.DbConnection.open(DbConnection.java:38)
	at pucrs.gcs.cdl.persistence.DbConnection.queryInsert(DbConnection.java:185)
	at pucrs.gcs.cdl.persistence.DbConnection.createTable(DbConnection.java:53)
	at pucrs.gcs.cdl.persistence.DbConnection.open(DbConnection.java:38)
	at pucrs.gcs.cdl.persistence.DbConnection.queryInsert(DbConnection.java:185)
	at pucrs.gcs.cdl.persistence.DbConnection.createTable(DbConnection.java:53)
	at pucrs.gcs.cdl.persistence.DbConnection.open(DbConnection.java:38)
	at pucrs.gcs.cdl.persistence.DbConnection.queryInsert(DbConnection.java:185)
	at pucrs.gcs.cdl.persistence.DbConnection.createTable(DbConnection.java:53)
	at pucrs.gcs.cdl.persistence.DbConnection.open(DbConnection.java:38)
	at pucrs.gcs.cdl.persistence.DbConnection.queryInsert(DbConnection.java:185)
	at pucrs.gcs.cdl.persistence.DbConnection.createTable(DbConnection.java:53)
	at pucrs.gcs.cdl.persistence.DbConnection.open(DbConnection.java:38)
	at pucrs.gcs.cdl.persistence.DbConnection.queryInsert(DbConnection.java:185)
	at pucrs.gcs.cdl.persistence.DbConnection.createTable(DbConnection.java:53)
	at pucrs.gcs.cdl.persistence.DbConnection.open(DbConnection.java:38)
	at pucrs.gcs.cdl.persistence.DbConnection.queryInsert(DbConnection.java:185)
	at pucrs.gcs.cdl.persistence.DbConnection.createTable(DbConnection.java:53)
	at pucrs.gcs.cdl.persistence.DbConnection.open(DbConnection.java:38)
	at pucrs.gcs.cdl.persistence.DbConnection.queryInsert(DbConnection.java:185)
	at pucrs.gcs.cdl.persistence.DbConnection.createTable(DbConnection.java:53)
	at pucrs.gcs.cdl.persistence.DbConnection.open(DbConnection.java:38)
	at pucrs.gcs.cdl.persistence.DbConnection.queryInsert(DbConnection.java:185)
	at pucrs.gcs.cdl.persistence.DbConnection.createTable(DbConnection.java:53)
	at pucrs.gcs.cdl.persistence.DbConnection.open(DbConnection.java:38)
	at pucrs.gcs.cdl.persistence.DbConnection.queryInsert(DbConnection.java:185)
	at pucrs.gcs.cdl.persistence.DbConnection.createTable(DbConnection.java:53)
	at pucrs.gcs.cdl.persistence.DbConnection.open(DbConnection.java:38)
	at pucrs.gcs.cdl.persistence.DbConnection.queryInsert(DbConnection.java:185)
	at pucrs.gcs.cdl.persistence.DbConnection.createTable(DbConnection.java:53)
	at pucrs.gcs.cdl.persistence.DbConnection.open(DbConnection.java:38)
	at pucrs.gcs.cdl.persistence.DbConnection.queryInsert(DbConnection.java:185)
	at pucrs.gcs.cdl.persistence.DbConnection.createTable(DbConnection.java:53)
	at pucrs.gcs.cdl.persistence.DbConnection.open(DbConnection.java:38)
	at pucrs.gcs.cdl.persistence.DbConnection.queryInsert(DbConnection.java:185)
	at pucrs.gcs.cdl.persistence.DbConnection.createTable(DbConnection.java:53)
	at pucrs.gcs.cdl.persistence.DbConnection.open(DbConnection.java:38)
	at pucrs.gcs.cdl.persistence.DbConnection.queryInsert(DbConnection.java:185)
	at pucrs.gcs.cdl.persistence.DbConnection.createTable(DbConnection.java:53)
	at pucrs.gcs.cdl.persistence.DbConnection.open(DbConnection.java:38)
	at pucrs.gcs.cdl.persistence.DbConnection.queryInsert(DbConnection.java:185)
	at pucrs.gcs.cdl.persistence.DbConnection.createTable(DbConnection.java:53)
	at pucrs.gcs.cdl.persistence.DbConnection.open(DbConnection.java:38)
	at pucrs.gcs.cdl.persistence.DbConnection.queryInsert(DbConnection.java:185)
	at pucrs.gcs.cdl.persistence.DbConnection.createTable(DbConnection.java:53)
	at pucrs.gcs.cdl.persistence.DbConnection.open(DbConnection.java:38)
	at pucrs.gcs.cdl.persistence.DbConnection.queryInsert(DbConnection.java:185)
	at pucrs.gcs.cdl.persistence.DbConnection.createTable(DbConnection.java:53)
	at pucrs.gcs.cdl.persistence.DbConnection.open(DbConnection.java:38)
	at pucrs.gcs.cdl.persistence.DbConnection.queryInsert(DbConnection.java:185)
	at pucrs.gcs.cdl.persistence.DbConnection.createTable(DbConnection.java:53)
	at pucrs.gcs.cdl.persistence.DbConnection.open(DbConnection.java:38)
	at pucrs.gcs.cdl.persistence.DbConnection.queryInsert(DbConnection.java:185)
	at pucrs.gcs.cdl.persistence.DbConnection.createTable(DbConnection.java:53)
	at pucrs.gcs.cdl.persistence.DbConnection.open(DbConnection.java:38)
	at pucrs.gcs.cdl.persistence.DbConnection.queryInsert(DbConnection.java:185)
	at pucrs.gcs.cdl.persistence.DbConnection.createTable(DbConnection.java:53)
	at pucrs.gcs.cdl.persistence.DbConnection.open(DbConnection.java:38)
	at pucrs.gcs.cdl.persistence.DbConnection.queryInsert(DbConnection.java:185)
	at pucrs.gcs.cdl.persistence.DbConnection.createTable(DbConnection.java:53)
	at pucrs.gcs.cdl.persistence.DbConnection.open(DbConnection.java:38)
	at pucrs.gcs.cdl.persistence.DbConnection.queryInsert(DbConnection.java:185)
	at pucrs.gcs.cdl.persistence.DbConnection.createTable(DbConnection.java:53)
	at pucrs.gcs.cdl.persistence.DbConnection.open(DbConnection.java:38)
	at pucrs.gcs.cdl.persistence.DbConnection.queryInsert(DbConnection.java:185)
	at pucrs.gcs.cdl.persistence.DbConnection.createTable(DbConnection.java:53)
	at pucrs.gcs.cdl.persistence.DbConnection.open(DbConnection.java:38)
	at pucrs.gcs.cdl.persistence.DbConnection.queryInsert(DbConnection.java:185)
	at pucrs.gcs.cdl.persistence.DbConnection.createTable(DbConnection.java:53)
	at pucrs.gcs.cdl.persistence.DbConnection.open(DbConnection.java:38)
	at pucrs.gcs.cdl.persistence.DbConnection.queryInsert(DbConnection.java:185)
	at pucrs.gcs.cdl.persistence.DbConnection.createTable(DbConnection.java:53)
	at pucrs.gcs.cdl.persistence.DbConnection.open(DbConnection.java:38)
	at pucrs.gcs.cdl.persistence.DbConnection.queryInsert(DbConnection.java:185)
	at pucrs.gcs.cdl.persistence.DbConnection.createTable(DbConnection.java:53)
	at pucrs.gcs.cdl.persistence.DbConnection.open(DbConnection.java:38)
	at pucrs.gcs.cdl.persistence.DbConnection.queryInsert(DbConnection.java:185)
	at pucrs.gcs.cdl.persistence.DbConnection.createTable(DbConnection.java:53)
	at pucrs.gcs.cdl.persistence.DbConnection.open(DbConnection.java:38)
	at pucrs.gcs.cdl.persistence.DbConnection.queryInsert(DbConnection.java:185)
	at pucrs.gcs.cdl.persistence.DbConnection.createTable(DbConnection.java:53)
	at pucrs.gcs.cdl.persistence.DbConnection.open(DbConnection.java:38)
	at pucrs.gcs.cdl.persistence.DbConnection.queryInsert(DbConnection.java:185)
	at pucrs.gcs.cdl.persistence.DbConnection.createTable(DbConnection.java:53)
	at pucrs.gcs.cdl.persistence.DbConnection.open(DbConnection.java:38)
	at pucrs.gcs.cdl.persistence.DbConnection.queryInsert(DbConnection.java:185)
	at pucrs.gcs.cdl.persistence.DbConnection.createTable(DbConnection.java:53)
	at pucrs.gcs.cdl.persistence.DbConnection.open(DbConnection.java:38)
	at pucrs.gcs.cdl.persistence.DbConnection.queryInsert(DbConnection.java:185)
	at pucrs.gcs.cdl.persistence.DbConnection.createTable(DbConnection.java:53)
	at pucrs.gcs.cdl.persistence.DbConnection.open(DbConnection.java:38)
	at pucrs.gcs.cdl.persistence.DbConnection.queryInsert(DbConnection.java:185)
	at pucrs.gcs.cdl.persistence.DbConnection.createTable(DbConnection.java:53)
	at pucrs.gcs.cdl.persistence.DbConnection.open(DbConnection.java:38)
	at pucrs.gcs.cdl.persistence.DbConnection.queryInsert(DbConnection.java:185)
	at pucrs.gcs.cdl.persistence.DbConnection.createTable(DbConnection.java:53)
	at pucrs.gcs.cdl.persistence.DbConnection.open(DbConnection.java:38)
	at pucrs.gcs.cdl.persistence.DbConnection.queryInsert(DbConnection.java:185)
	at pucrs.gcs.cdl.persistence.DbConnection.createTable(DbConnection.java:53)
	at pucrs.gcs.cdl.persistence.DbConnection.open(DbConnection.java:38)
	at pucrs.gcs.cdl.persistence.DbConnection.queryInsert(DbConnection.java:185)
	at pucrs.gcs.cdl.persistence.DbConnection.createTable(DbConnection.java:53)
	at pucrs.gcs.cdl.persistence.DbConnection.open(DbConnection.java:38)
	at pucrs.gcs.cdl.persistence.DbConnection.queryInsert(DbConnection.java:185)
	at pucrs.gcs.cdl.persistence.DbConnection.createTable(DbConnection.java:53)
	at pucrs.gcs.cdl.persistence.DbConnection.open(DbConnection.java:38)
	at pucrs.gcs.cdl.persistence.DbConnection.queryInsert(DbConnection.java:185)
	at pucrs.gcs.cdl.persistence.DbConnection.createTable(DbConnection.java:53)
	at pucrs.gcs.cdl.persistence.DbConnection.open(DbConnection.java:38)
	at pucrs.gcs.cdl.persistence.DbConnection.queryInsert(DbConnection.java:185)
	at pucrs.gcs.cdl.persistence.DbConnection.createTable(DbConnection.java:53)
	at pucrs.gcs.cdl.persistence.DbConnection.open(DbConnection.java:38)
	at pucrs.gcs.cdl.persistence.DbConnection.queryInsert(DbConnection.java:185)
	at pucrs.gcs.cdl.persistence.DbConnection.createTable(DbConnection.java:53)
	at pucrs.gcs.cdl.persistence.DbConnection.open(DbConnection.java:38)
	at pucrs.gcs.cdl.persistence.DbConnection.queryInsert(DbConnection.java:185)
	at pucrs.gcs.cdl.persistence.DbConnection.createTable(DbConnection.java:53)
	at pucrs.gcs.cdl.persistence.DbConnection.open(DbConnection.java:38)
	at pucrs.gcs.cdl.persistence.DbConnection.queryInsert(DbConnection.java:185)
	at pucrs.gcs.cdl.persistence.DbConnection.createTable(DbConnection.java:53)
	at pucrs.gcs.cdl.persistence.DbConnection.open(DbConnection.java:38)
	at pucrs.gcs.cdl.persistence.DbConnection.queryInsert(DbConnection.java:185)
	at pucrs.gcs.cdl.persistence.DbConnection.createTable(DbConnection.java:53)
	at pucrs.gcs.cdl.persistence.DbConnection.open(DbConnection.java:38)
	at pucrs.gcs.cdl.persistence.DbConnection.queryInsert(DbConnection.java:185)
	at pucrs.gcs.cdl.persistence.DbConnection.createTable(DbConnection.java:53)
	at pucrs.gcs.cdl.persistence.DbConnection.open(DbConnection.java:38)
	at pucrs.gcs.cdl.persistence.DbConnection.queryInsert(DbConnection.java:185)
	at pucrs.gcs.cdl.persistence.DbConnection.createTable(DbConnection.java:53)
	at pucrs.gcs.cdl.persistence.DbConnection.open(DbConnection.java:38)
	at pucrs.gcs.cdl.persistence.DbConnection.queryInsert(DbConnection.java:185)
	at pucrs.gcs.cdl.persistence.DbConnection.createTable(DbConnection.java:53)
	at pucrs.gcs.cdl.persistence.DbConnection.open(DbConnection.java:38)
	at pucrs.gcs.cdl.persistence.DbConnection.queryInsert(DbConnection.java:185)
	at pucrs.gcs.cdl.persistence.DbConnection.createTable(DbConnection.java:53)
	at pucrs.gcs.cdl.persistence.DbConnection.open(DbConnection.java:38)
	at pucrs.gcs.cdl.persistence.DbConnection.queryInsert(DbConnection.java:185)
	at pucrs.gcs.cdl.persistence.DbConnection.createTable(DbConnection.java:53)
	at pucrs.gcs.cdl.persistence.DbConnection.open(DbConnection.java:38)
	at pucrs.gcs.cdl.persistence.DbConnection.queryInsert(DbConnection.java:185)
	at pucrs.gcs.cdl.persistence.DbConnection.createTable(DbConnection.java:53)
	at pucrs.gcs.cdl.persistence.DbConnection.open(DbConnection.java:38)
	at pucrs.gcs.cdl.persistence.DbConnection.queryInsert(DbConnection.java:185)
	at pucrs.gcs.cdl.persistence.DbConnection.createTable(DbConnection.java:53)
	at pucrs.gcs.cdl.persistence.DbConnection.open(DbConnection.java:38)
	at pucrs.gcs.cdl.persistence.DbConnection.queryInsert(DbConnection.java:185)
	at pucrs.gcs.cdl.persistence.DbConnection.createTable(DbConnection.java:53)
	at pucrs.gcs.cdl.persistence.DbConnection.open(DbConnection.java:38)
	at pucrs.gcs.cdl.persistence.DbConnection.queryInsert(DbConnection.java:185)
	at pucrs.gcs.cdl.persistence.DbConnection.createTable(DbConnection.java:53)
	at pucrs.gcs.cdl.persistence.DbConnection.open(DbConnection.java:38)
	at pucrs.gcs.cdl.persistence.DbConnection.queryInsert(DbConnection.java:185)
	at pucrs.gcs.cdl.persistence.DbConnection.createTable(DbConnection.java:53)
	at pucrs.gcs.cdl.persistence.DbConnection.open(DbConnection.java:38)
	at pucrs.gcs.cdl.persistence.DbConnection.queryInsert(DbConnection.java:185)
	at pucrs.gcs.cdl.persistence.DbConnection.createTable(DbConnection.java:53)
	at pucrs.gcs.cdl.persistence.DbConnection.open(DbConnection.java:38)
	at pucrs.gcs.cdl.persistence.DbConnection.queryInsert(DbConnection.java:185)
	at pucrs.gcs.cdl.persistence.DbConnection.createTable(DbConnection.java:53)
	at pucrs.gcs.cdl.persistence.DbConnection.open(DbConnection.java:38)
	at pucrs.gcs.cdl.persistence.DbConnection.queryInsert(DbConnection.java:185)
	at pucrs.gcs.cdl.persistence.DbConnection.createTable(DbConnection.java:53)
	at pucrs.gcs.cdl.persistence.DbConnection.open(DbConnection.java:38)
	at pucrs.gcs.cdl.persistence.DbConnection.queryInsert(DbConnection.java:185)
	at pucrs.gcs.cdl.persistence.DbConnection.createTable(DbConnection.java:53)
	at pucrs.gcs.cdl.persistence.DbConnection.open(DbConnection.java:38)
	at pucrs.gcs.cdl.persistence.DbConnection.queryInsert(DbConnection.java:185)
	at pucrs.gcs.cdl.persistence.DbConnection.createTable(DbConnection.java:53)
	at pucrs.gcs.cdl.persistence.DbConnection.open(DbConnection.java:38)
	at pucrs.gcs.cdl.persistence.DbConnection.queryInsert(DbConnection.java:185)
	at pucrs.gcs.cdl.persistence.DbConnection.createTable(DbConnection.java:53)
	at pucrs.gcs.cdl.persistence.DbConnection.open(DbConnection.java:38)
	at pucrs.gcs.cdl.persistence.DbConnection.queryInsert(DbConnection.java:185)
	at pucrs.gcs.cdl.persistence.DbConnection.createTable(DbConnection.java:53)
	at pucrs.gcs.cdl.persistence.DbConnection.open(DbConnection.java:38)
	at pucrs.gcs.cdl.persistence.DbConnection.queryInsert(DbConnection.java:185)
	at pucrs.gcs.cdl.persistence.DbConnection.createTable(DbConnection.java:53)
	at pucrs.gcs.cdl.persistence.DbConnection.open(DbConnection.java:38)
	at pucrs.gcs.cdl.persistence.DbConnection.queryInsert(DbConnection.java:185)
	at pucrs.gcs.cdl.persistence.DbConnection.createTable(DbConnection.java:53)
	at pucrs.gcs.cdl.persistence.DbConnection.open(DbConnection.java:38)
	at pucrs.gcs.cdl.persistence.DbConnection.queryInsert(DbConnection.java:185)
	at pucrs.gcs.cdl.persistence.DbConnection.createTable(DbConnection.java:53)
	at pucrs.gcs.cdl.persistence.DbConnection.open(DbConnection.java:38)
	at pucrs.gcs.cdl.persistence.DbConnection.queryInsert(DbConnection.java:185)
	at pucrs.gcs.cdl.persistence.DbConnection.createTable(DbConnection.java:53)
	at pucrs.gcs.cdl.persistence.DbConnection.open(DbConnection.java:38)
	at pucrs.gcs.cdl.persistence.DbConnection.queryInsert(DbConnection.java:185)
	at pucrs.gcs.cdl.persistence.DbConnection.createTable(DbConnection.java:53)
	at pucrs.gcs.cdl.persistence.DbConnection.open(DbConnection.java:38)
	at pucrs.gcs.cdl.persistence.DbConnection.queryInsert(DbConnection.java:185)
	at pucrs.gcs.cdl.persistence.DbConnection.createTable(DbConnection.java:53)
	at pucrs.gcs.cdl.persistence.DbConnection.open(DbConnection.java:38)
	at pucrs.gcs.cdl.persistence.DbConnection.queryInsert(DbConnection.java:185)
	at pucrs.gcs.cdl.persistence.DbConnection.createTable(DbConnection.java:53)
	at pucrs.gcs.cdl.persistence.DbConnection.open(DbConnection.java:38)
	at pucrs.gcs.cdl.persistence.DbConnection.queryInsert(DbConnection.java:185)
	at pucrs.gcs.cdl.persistence.DbConnection.createTable(DbConnection.java:53)
	at pucrs.gcs.cdl.persistence.DbConnection.open(DbConnection.java:38)
	at pucrs.gcs.cdl.persistence.DbConnection.queryInsert(DbConnection.java:185)
	at pucrs.gcs.cdl.persistence.DbConnection.createTable(DbConnection.java:53)
	at pucrs.gcs.cdl.persistence.DbConnection.open(DbConnection.java:38)
	at pucrs.gcs.cdl.persistence.DbConnection.queryInsert(DbConnection.java:185)
	at pucrs.gcs.cdl.persistence.DbConnection.createTable(DbConnection.java:53)
	at pucrs.gcs.cdl.persistence.DbConnection.open(DbConnection.java:38)
	at pucrs.gcs.cdl.persistence.DbConnection.queryInsert(DbConnection.java:185)
	at pucrs.gcs.cdl.persistence.DbConnection.createTable(DbConnection.java:53)
	at pucrs.gcs.cdl.persistence.DbConnection.open(DbConnection.java:38)
	at pucrs.gcs.cdl.persistence.DbConnection.queryInsert(DbConnection.java:185)
	at pucrs.gcs.cdl.persistence.DbConnection.createTable(DbConnection.java:53)
	at pucrs.gcs.cdl.persistence.DbConnection.open(DbConnection.java:38)
	at pucrs.gcs.cdl.persistence.DbConnection.queryInsert(DbConnection.java:185)
	at pucrs.gcs.cdl.persistence.DbConnection.createTable(DbConnection.java:53)
	at pucrs.gcs.cdl.persistence.DbConnection.open(DbConnection.java:38)
	at pucrs.gcs.cdl.persistence.DbConnection.queryInsert(DbConnection.java:185)
	at pucrs.gcs.cdl.persistence.DbConnection.createTable(DbConnection.java:53)
	at pucrs.gcs.cdl.persistence.DbConnection.open(DbConnection.java:38)
	at pucrs.gcs.cdl.persistence.DbConnection.queryInsert(DbConnection.java:185)
	at pucrs.gcs.cdl.persistence.DbConnection.createTable(DbConnection.java:53)
	at pucrs.gcs.cdl.persistence.DbConnection.open(DbConnection.java:38)
	at pucrs.gcs.cdl.persistence.DbConnection.queryInsert(DbConnection.java:185)
	at pucrs.gcs.cdl.persistence.DbConnection.createTable(DbConnection.java:53)
	at pucrs.gcs.cdl.persistence.DbConnection.open(DbConnection.java:38)
	at pucrs.gcs.cdl.persistence.DbConnection.queryInsert(DbConnection.java:185)
	at pucrs.gcs.cdl.persistence.DbConnection.createTable(DbConnection.java:53)
</error>
  </testcase>
  <testcase classname="BarControllerTest" name="consultaClientes" time="3.781">
    <error type="java.lang.StackOverflowError">java.lang.StackOverflowError
	at org.h2.message.DbException.convert(DbException.java:296)
	at org.h2.command.Command.executeQuery(Command.java:216)
	at org.h2.jdbc.JdbcPreparedStatement.executeQuery(JdbcPreparedStatement.java:114)
	at org.h2.jdbc.JdbcDatabaseMetaData.getTables(JdbcDatabaseMetaData.java:224)
	at pucrs.gcs.cdl.persistence.DbConnection.tableExists(DbConnection.java:48)
	at pucrs.gcs.cdl.persistence.DbConnection.open(DbConnection.java:37)
	at pucrs.gcs.cdl.persistence.DbConnection.queryInsert(DbConnection.java:185)
	at pucrs.gcs.cdl.persistence.DbConnection.createTable(DbConnection.java:53)
	at pucrs.gcs.cdl.persistence.DbConnection.open(DbConnection.java:38)
	at pucrs.gcs.cdl.persistence.DbConnection.queryInsert(DbConnection.java:185)
	at pucrs.gcs.cdl.persistence.DbConnection.createTable(DbConnection.java:53)
	at pucrs.gcs.cdl.persistence.DbConnection.open(DbConnection.java:38)
	at pucrs.gcs.cdl.persistence.DbConnection.queryInsert(DbConnection.java:185)
	at pucrs.gcs.cdl.persistence.DbConnection.createTable(DbConnection.java:53)
	at pucrs.gcs.cdl.persistence.DbConnection.open(DbConnection.java:38)
	at pucrs.gcs.cdl.persistence.DbConnection.queryInsert(DbConnection.java:185)
	at pucrs.gcs.cdl.persistence.DbConnection.createTable(DbConnection.java:53)
	at pucrs.gcs.cdl.persistence.DbConnection.open(DbConnection.java:38)
	at pucrs.gcs.cdl.persistence.DbConnection.queryInsert(DbConnection.java:185)
	at pucrs.gcs.cdl.persistence.DbConnection.createTable(DbConnection.java:53)
	at pucrs.gcs.cdl.persistence.DbConnection.open(DbConnection.java:38)
	at pucrs.gcs.cdl.persistence.DbConnection.queryInsert(DbConnection.java:185)
	at pucrs.gcs.cdl.persistence.DbConnection.createTable(DbConnection.java:53)
	at pucrs.gcs.cdl.persistence.DbConnection.open(DbConnection.java:38)
	at pucrs.gcs.cdl.persistence.DbConnection.queryInsert(DbConnection.java:185)
	at pucrs.gcs.cdl.persistence.DbConnection.createTable(DbConnection.java:53)
	at pucrs.gcs.cdl.persistence.DbConnection.open(DbConnection.java:38)
	at pucrs.gcs.cdl.persistence.DbConnection.queryInsert(DbConnection.java:185)
	at pucrs.gcs.cdl.persistence.DbConnection.createTable(DbConnection.java:53)
	at pucrs.gcs.cdl.persistence.DbConnection.open(DbConnection.java:38)
	at pucrs.gcs.cdl.persistence.DbConnection.queryInsert(DbConnection.java:185)
	at pucrs.gcs.cdl.persistence.DbConnection.createTable(DbConnection.java:53)
	at pucrs.gcs.cdl.persistence.DbConnection.open(DbConnection.java:38)
	at pucrs.gcs.cdl.persistence.DbConnection.queryInsert(DbConnection.java:185)
	at pucrs.gcs.cdl.persistence.DbConnection.createTable(DbConnection.java:53)
	at pucrs.gcs.cdl.persistence.DbConnection.open(DbConnection.java:38)
	at pucrs.gcs.cdl.persistence.DbConnection.queryInsert(DbConnection.java:185)
	at pucrs.gcs.cdl.persistence.DbConnection.createTable(DbConnection.java:53)
	at pucrs.gcs.cdl.persistence.DbConnection.open(DbConnection.java:38)
	at pucrs.gcs.cdl.persistence.DbConnection.queryInsert(DbConnection.java:185)
	at pucrs.gcs.cdl.persistence.DbConnection.createTable(DbConnection.java:53)
	at pucrs.gcs.cdl.persistence.DbConnection.open(DbConnection.java:38)
	at pucrs.gcs.cdl.persistence.DbConnection.queryInsert(DbConnection.java:185)
	at pucrs.gcs.cdl.persistence.DbConnection.createTable(DbConnection.java:53)
	at pucrs.gcs.cdl.persistence.DbConnection.open(DbConnection.java:38)
	at pucrs.gcs.cdl.persistence.DbConnection.queryInsert(DbConnection.java:185)
	at pucrs.gcs.cdl.persistence.DbConnection.createTable(DbConnection.java:53)
	at pucrs.gcs.cdl.persistence.DbConnection.open(DbConnection.java:38)
	at pucrs.gcs.cdl.persistence.DbConnection.queryInsert(DbConnection.java:185)
	at pucrs.gcs.cdl.persistence.DbConnection.createTable(DbConnection.java:53)
	at pucrs.gcs.cdl.persistence.DbConnection.open(DbConnection.java:38)
	at pucrs.gcs.cdl.persistence.DbConnection.queryInsert(DbConnection.java:185)
	at pucrs.gcs.cdl.persistence.DbConnection.createTable(DbConnection.java:53)
	at pucrs.gcs.cdl.persistence.DbConnection.open(DbConnection.java:38)
	at pucrs.gcs.cdl.persistence.DbConnection.queryInsert(DbConnection.java:185)
	at pucrs.gcs.cdl.persistence.DbConnection.createTable(DbConnection.java:53)
	at pucrs.gcs.cdl.persistence.DbConnection.open(DbConnection.java:38)
	at pucrs.gcs.cdl.persistence.DbConnection.queryInsert(DbConnection.java:185)
	at pucrs.gcs.cdl.persistence.DbConnection.createTable(DbConnection.java:53)
	at pucrs.gcs.cdl.persistence.DbConnection.open(DbConnection.java:38)
	at pucrs.gcs.cdl.persistence.DbConnection.queryInsert(DbConnection.java:185)
	at pucrs.gcs.cdl.persistence.DbConnection.createTable(DbConnection.java:53)
	at pucrs.gcs.cdl.persistence.DbConnection.open(DbConnection.java:38)
	at pucrs.gcs.cdl.persistence.DbConnection.queryInsert(DbConnection.java:185)
	at pucrs.gcs.cdl.persistence.DbConnection.createTable(DbConnection.java:53)
	at pucrs.gcs.cdl.persistence.DbConnection.open(DbConnection.java:38)
	at pucrs.gcs.cdl.persistence.DbConnection.queryInsert(DbConnection.java:185)
	at pucrs.gcs.cdl.persistence.DbConnection.createTable(DbConnection.java:53)
	at pucrs.gcs.cdl.persistence.DbConnection.open(DbConnection.java:38)
	at pucrs.gcs.cdl.persistence.DbConnection.queryInsert(DbConnection.java:185)
	at pucrs.gcs.cdl.persistence.DbConnection.createTable(DbConnection.java:53)
	at pucrs.gcs.cdl.persistence.DbConnection.open(DbConnection.java:38)
	at pucrs.gcs.cdl.persistence.DbConnection.queryInsert(DbConnection.java:185)
	at pucrs.gcs.cdl.persistence.DbConnection.createTable(DbConnection.java:53)
	at pucrs.gcs.cdl.persistence.DbConnection.open(DbConnection.java:38)
	at pucrs.gcs.cdl.persistence.DbConnection.queryInsert(DbConnection.java:185)
	at pucrs.gcs.cdl.persistence.DbConnection.createTable(DbConnection.java:53)
	at pucrs.gcs.cdl.persistence.DbConnection.open(DbConnection.java:38)
	at pucrs.gcs.cdl.persistence.DbConnection.queryInsert(DbConnection.java:185)
	at pucrs.gcs.cdl.persistence.DbConnection.createTable(DbConnection.java:53)
	at pucrs.gcs.cdl.persistence.DbConnection.open(DbConnection.java:38)
	at pucrs.gcs.cdl.persistence.DbConnection.queryInsert(DbConnection.java:185)
	at pucrs.gcs.cdl.persistence.DbConnection.createTable(DbConnection.java:53)
	at pucrs.gcs.cdl.persistence.DbConnection.open(DbConnection.java:38)
	at pucrs.gcs.cdl.persistence.DbConnection.queryInsert(DbConnection.java:185)
	at pucrs.gcs.cdl.persistence.DbConnection.createTable(DbConnection.java:53)
	at pucrs.gcs.cdl.persistence.DbConnection.open(DbConnection.java:38)
	at pucrs.gcs.cdl.persistence.DbConnection.queryInsert(DbConnection.java:185)
	at pucrs.gcs.cdl.persistence.DbConnection.createTable(DbConnection.java:53)
	at pucrs.gcs.cdl.persistence.DbConnection.open(DbConnection.java:38)
	at pucrs.gcs.cdl.persistence.DbConnection.queryInsert(DbConnection.java:185)
	at pucrs.gcs.cdl.persistence.DbConnection.createTable(DbConnection.java:53)
	at pucrs.gcs.cdl.persistence.DbConnection.open(DbConnection.java:38)
	at pucrs.gcs.cdl.persistence.DbConnection.queryInsert(DbConnection.java:185)
	at pucrs.gcs.cdl.persistence.DbConnection.createTable(DbConnection.java:53)
	at pucrs.gcs.cdl.persistence.DbConnection.open(DbConnection.java:38)
	at pucrs.gcs.cdl.persistence.DbConnection.queryInsert(DbConnection.java:185)
	at pucrs.gcs.cdl.persistence.DbConnection.createTable(DbConnection.java:53)
	at pucrs.gcs.cdl.persistence.DbConnection.open(DbConnection.java:38)
	at pucrs.gcs.cdl.persistence.DbConnection.queryInsert(DbConnection.java:185)
	at pucrs.gcs.cdl.persistence.DbConnection.createTable(DbConnection.java:53)
	at pucrs.gcs.cdl.persistence.DbConnection.open(DbConnection.java:38)
	at pucrs.gcs.cdl.persistence.DbConnection.queryInsert(DbConnection.java:185)
	at pucrs.gcs.cdl.persistence.DbConnection.createTable(DbConnection.java:53)
	at pucrs.gcs.cdl.persistence.DbConnection.open(DbConnection.java:38)
	at pucrs.gcs.cdl.persistence.DbConnection.queryInsert(DbConnection.java:185)
	at pucrs.gcs.cdl.persistence.DbConnection.createTable(DbConnection.java:53)
	at pucrs.gcs.cdl.persistence.DbConnection.open(DbConnection.java:38)
	at pucrs.gcs.cdl.persistence.DbConnection.queryInsert(DbConnection.java:185)
	at pucrs.gcs.cdl.persistence.DbConnection.createTable(DbConnection.java:53)
	at pucrs.gcs.cdl.persistence.DbConnection.open(DbConnection.java:38)
	at pucrs.gcs.cdl.persistence.DbConnection.queryInsert(DbConnection.java:185)
	at pucrs.gcs.cdl.persistence.DbConnection.createTable(DbConnection.java:53)
	at pucrs.gcs.cdl.persistence.DbConnection.open(DbConnection.java:38)
	at pucrs.gcs.cdl.persistence.DbConnection.queryInsert(DbConnection.java:185)
	at pucrs.gcs.cdl.persistence.DbConnection.createTable(DbConnection.java:53)
	at pucrs.gcs.cdl.persistence.DbConnection.open(DbConnection.java:38)
	at pucrs.gcs.cdl.persistence.DbConnection.queryInsert(DbConnection.java:185)
	at pucrs.gcs.cdl.persistence.DbConnection.createTable(DbConnection.java:53)
	at pucrs.gcs.cdl.persistence.DbConnection.open(DbConnection.java:38)
	at pucrs.gcs.cdl.persistence.DbConnection.queryInsert(DbConnection.java:185)
	at pucrs.gcs.cdl.persistence.DbConnection.createTable(DbConnection.java:53)
	at pucrs.gcs.cdl.persistence.DbConnection.open(DbConnection.java:38)
	at pucrs.gcs.cdl.persistence.DbConnection.queryInsert(DbConnection.java:185)
	at pucrs.gcs.cdl.persistence.DbConnection.createTable(DbConnection.java:53)
	at pucrs.gcs.cdl.persistence.DbConnection.open(DbConnection.java:38)
	at pucrs.gcs.cdl.persistence.DbConnection.queryInsert(DbConnection.java:185)
	at pucrs.gcs.cdl.persistence.DbConnection.createTable(DbConnection.java:53)
	at pucrs.gcs.cdl.persistence.DbConnection.open(DbConnection.java:38)
	at pucrs.gcs.cdl.persistence.DbConnection.queryInsert(DbConnection.java:185)
	at pucrs.gcs.cdl.persistence.DbConnection.createTable(DbConnection.java:53)
	at pucrs.gcs.cdl.persistence.DbConnection.open(DbConnection.java:38)
	at pucrs.gcs.cdl.persistence.DbConnection.queryInsert(DbConnection.java:185)
	at pucrs.gcs.cdl.persistence.DbConnection.createTable(DbConnection.java:53)
	at pucrs.gcs.cdl.persistence.DbConnection.open(DbConnection.java:38)
	at pucrs.gcs.cdl.persistence.DbConnection.queryInsert(DbConnection.java:185)
	at pucrs.gcs.cdl.persistence.DbConnection.createTable(DbConnection.java:53)
	at pucrs.gcs.cdl.persistence.DbConnection.open(DbConnection.java:38)
	at pucrs.gcs.cdl.persistence.DbConnection.queryInsert(DbConnection.java:185)
	at pucrs.gcs.cdl.persistence.DbConnection.createTable(DbConnection.java:53)
	at pucrs.gcs.cdl.persistence.DbConnection.open(DbConnection.java:38)
	at pucrs.gcs.cdl.persistence.DbConnection.queryInsert(DbConnection.java:185)
	at pucrs.gcs.cdl.persistence.DbConnection.createTable(DbConnection.java:53)
	at pucrs.gcs.cdl.persistence.DbConnection.open(DbConnection.java:38)
	at pucrs.gcs.cdl.persistence.DbConnection.queryInsert(DbConnection.java:185)
	at pucrs.gcs.cdl.persistence.DbConnection.createTable(DbConnection.java:53)
	at pucrs.gcs.cdl.persistence.DbConnection.open(DbConnection.java:38)
	at pucrs.gcs.cdl.persistence.DbConnection.queryInsert(DbConnection.java:185)
	at pucrs.gcs.cdl.persistence.DbConnection.createTable(DbConnection.java:53)
	at pucrs.gcs.cdl.persistence.DbConnection.open(DbConnection.java:38)
	at pucrs.gcs.cdl.persistence.DbConnection.queryInsert(DbConnection.java:185)
	at pucrs.gcs.cdl.persistence.DbConnection.createTable(DbConnection.java:53)
	at pucrs.gcs.cdl.persistence.DbConnection.open(DbConnection.java:38)
	at pucrs.gcs.cdl.persistence.DbConnection.queryInsert(DbConnection.java:185)
	at pucrs.gcs.cdl.persistence.DbConnection.createTable(DbConnection.java:53)
	at pucrs.gcs.cdl.persistence.DbConnection.open(DbConnection.java:38)
	at pucrs.gcs.cdl.persistence.DbConnection.queryInsert(DbConnection.java:185)
	at pucrs.gcs.cdl.persistence.DbConnection.createTable(DbConnection.java:53)
	at pucrs.gcs.cdl.persistence.DbConnection.open(DbConnection.java:38)
	at pucrs.gcs.cdl.persistence.DbConnection.queryInsert(DbConnection.java:185)
	at pucrs.gcs.cdl.persistence.DbConnection.createTable(DbConnection.java:53)
	at pucrs.gcs.cdl.persistence.DbConnection.open(DbConnection.java:38)
	at pucrs.gcs.cdl.persistence.DbConnection.queryInsert(DbConnection.java:185)
	at pucrs.gcs.cdl.persistence.DbConnection.createTable(DbConnection.java:53)
	at pucrs.gcs.cdl.persistence.DbConnection.open(DbConnection.java:38)
	at pucrs.gcs.cdl.persistence.DbConnection.queryInsert(DbConnection.java:185)
	at pucrs.gcs.cdl.persistence.DbConnection.createTable(DbConnection.java:53)
	at pucrs.gcs.cdl.persistence.DbConnection.open(DbConnection.java:38)
	at pucrs.gcs.cdl.persistence.DbConnection.queryInsert(DbConnection.java:185)
	at pucrs.gcs.cdl.persistence.DbConnection.createTable(DbConnection.java:53)
	at pucrs.gcs.cdl.persistence.DbConnection.open(DbConnection.java:38)
	at pucrs.gcs.cdl.persistence.DbConnection.queryInsert(DbConnection.java:185)
	at pucrs.gcs.cdl.persistence.DbConnection.createTable(DbConnection.java:53)
	at pucrs.gcs.cdl.persistence.DbConnection.open(DbConnection.java:38)
	at pucrs.gcs.cdl.persistence.DbConnection.queryInsert(DbConnection.java:185)
	at pucrs.gcs.cdl.persistence.DbConnection.createTable(DbConnection.java:53)
	at pucrs.gcs.cdl.persistence.DbConnection.open(DbConnection.java:38)
	at pucrs.gcs.cdl.persistence.DbConnection.queryInsert(DbConnection.java:185)
	at pucrs.gcs.cdl.persistence.DbConnection.createTable(DbConnection.java:53)
	at pucrs.gcs.cdl.persistence.DbConnection.open(DbConnection.java:38)
	at pucrs.gcs.cdl.persistence.DbConnection.queryInsert(DbConnection.java:185)
	at pucrs.gcs.cdl.persistence.DbConnection.createTable(DbConnection.java:53)
	at pucrs.gcs.cdl.persistence.DbConnection.open(DbConnection.java:38)
	at pucrs.gcs.cdl.persistence.DbConnection.queryInsert(DbConnection.java:185)
	at pucrs.gcs.cdl.persistence.DbConnection.createTable(DbConnection.java:53)
	at pucrs.gcs.cdl.persistence.DbConnection.open(DbConnection.java:38)
	at pucrs.gcs.cdl.persistence.DbConnection.queryInsert(DbConnection.java:185)
	at pucrs.gcs.cdl.persistence.DbConnection.createTable(DbConnection.java:53)
	at pucrs.gcs.cdl.persistence.DbConnection.open(DbConnection.java:38)
	at pucrs.gcs.cdl.persistence.DbConnection.queryInsert(DbConnection.java:185)
	at pucrs.gcs.cdl.persistence.DbConnection.createTable(DbConnection.java:53)
	at pucrs.gcs.cdl.persistence.DbConnection.open(DbConnection.java:38)
	at pucrs.gcs.cdl.persistence.DbConnection.queryInsert(DbConnection.java:185)
	at pucrs.gcs.cdl.persistence.DbConnection.createTable(DbConnection.java:53)
	at pucrs.gcs.cdl.persistence.DbConnection.open(DbConnection.java:38)
	at pucrs.gcs.cdl.persistence.DbConnection.queryInsert(DbConnection.java:185)
	at pucrs.gcs.cdl.persistence.DbConnection.createTable(DbConnection.java:53)
	at pucrs.gcs.cdl.persistence.DbConnection.open(DbConnection.java:38)
	at pucrs.gcs.cdl.persistence.DbConnection.queryInsert(DbConnection.java:185)
	at pucrs.gcs.cdl.persistence.DbConnection.createTable(DbConnection.java:53)
	at pucrs.gcs.cdl.persistence.DbConnection.open(DbConnection.java:38)
	at pucrs.gcs.cdl.persistence.DbConnection.queryInsert(DbConnection.java:185)
	at pucrs.gcs.cdl.persistence.DbConnection.createTable(DbConnection.java:53)
	at pucrs.gcs.cdl.persistence.DbConnection.open(DbConnection.java:38)
	at pucrs.gcs.cdl.persistence.DbConnection.queryInsert(DbConnection.java:185)
	at pucrs.gcs.cdl.persistence.DbConnection.createTable(DbConnection.java:53)
	at pucrs.gcs.cdl.persistence.DbConnection.open(DbConnection.java:38)
	at pucrs.gcs.cdl.persistence.DbConnection.queryInsert(DbConnection.java:185)
	at pucrs.gcs.cdl.persistence.DbConnection.createTable(DbConnection.java:53)
	at pucrs.gcs.cdl.persistence.DbConnection.open(DbConnection.java:38)
	at pucrs.gcs.cdl.persistence.DbConnection.queryInsert(DbConnection.java:185)
	at pucrs.gcs.cdl.persistence.DbConnection.createTable(DbConnection.java:53)
	at pucrs.gcs.cdl.persistence.DbConnection.open(DbConnection.java:38)
	at pucrs.gcs.cdl.persistence.DbConnection.queryInsert(DbConnection.java:185)
	at pucrs.gcs.cdl.persistence.DbConnection.createTable(DbConnection.java:53)
	at pucrs.gcs.cdl.persistence.DbConnection.open(DbConnection.java:38)
	at pucrs.gcs.cdl.persistence.DbConnection.queryInsert(DbConnection.java:185)
	at pucrs.gcs.cdl.persistence.DbConnection.createTable(DbConnection.java:53)
	at pucrs.gcs.cdl.persistence.DbConnection.open(DbConnection.java:38)
	at pucrs.gcs.cdl.persistence.DbConnection.queryInsert(DbConnection.java:185)
	at pucrs.gcs.cdl.persistence.DbConnection.createTable(DbConnection.java:53)
	at pucrs.gcs.cdl.persistence.DbConnection.open(DbConnection.java:38)
	at pucrs.gcs.cdl.persistence.DbConnection.queryInsert(DbConnection.java:185)
	at pucrs.gcs.cdl.persistence.DbConnection.createTable(DbConnection.java:53)
	at pucrs.gcs.cdl.persistence.DbConnection.open(DbConnection.java:38)
	at pucrs.gcs.cdl.persistence.DbConnection.queryInsert(DbConnection.java:185)
	at pucrs.gcs.cdl.persistence.DbConnection.createTable(DbConnection.java:53)
	at pucrs.gcs.cdl.persistence.DbConnection.open(DbConnection.java:38)
	at pucrs.gcs.cdl.persistence.DbConnection.queryInsert(DbConnection.java:185)
	at pucrs.gcs.cdl.persistence.DbConnection.createTable(DbConnection.java:53)
	at pucrs.gcs.cdl.persistence.DbConnection.open(DbConnection.java:38)
	at pucrs.gcs.cdl.persistence.DbConnection.queryInsert(DbConnection.java:185)
	at pucrs.gcs.cdl.persistence.DbConnection.createTable(DbConnection.java:53)
	at pucrs.gcs.cdl.persistence.DbConnection.open(DbConnection.java:38)
	at pucrs.gcs.cdl.persistence.DbConnection.queryInsert(DbConnection.java:185)
	at pucrs.gcs.cdl.persistence.DbConnection.createTable(DbConnection.java:53)
	at pucrs.gcs.cdl.persistence.DbConnection.open(DbConnection.java:38)
	at pucrs.gcs.cdl.persistence.DbConnection.queryInsert(DbConnection.java:185)
	at pucrs.gcs.cdl.persistence.DbConnection.createTable(DbConnection.java:53)
	at pucrs.gcs.cdl.persistence.DbConnection.open(DbConnection.java:38)
	at pucrs.gcs.cdl.persistence.DbConnection.queryInsert(DbConnection.java:185)
	at pucrs.gcs.cdl.persistence.DbConnection.createTable(DbConnection.java:53)
	at pucrs.gcs.cdl.persistence.DbConnection.open(DbConnection.java:38)
	at pucrs.gcs.cdl.persistence.DbConnection.queryInsert(DbConnection.java:185)
	at pucrs.gcs.cdl.persistence.DbConnection.createTable(DbConnection.java:53)
	at pucrs.gcs.cdl.persistence.DbConnection.open(DbConnection.java:38)
	at pucrs.gcs.cdl.persistence.DbConnection.queryInsert(DbConnection.java:185)
	at pucrs.gcs.cdl.persistence.DbConnection.createTable(DbConnection.java:53)
	at pucrs.gcs.cdl.persistence.DbConnection.open(DbConnection.java:38)
	at pucrs.gcs.cdl.persistence.DbConnection.queryInsert(DbConnection.java:185)
	at pucrs.gcs.cdl.persistence.DbConnection.createTable(DbConnection.java:53)
	at pucrs.gcs.cdl.persistence.DbConnection.open(DbConnection.java:38)
	at pucrs.gcs.cdl.persistence.DbConnection.queryInsert(DbConnection.java:185)
	at pucrs.gcs.cdl.persistence.DbConnection.createTable(DbConnection.java:53)
	at pucrs.gcs.cdl.persistence.DbConnection.open(DbConnection.java:38)
	at pucrs.gcs.cdl.persistence.DbConnection.queryInsert(DbConnection.java:185)
	at pucrs.gcs.cdl.persistence.DbConnection.createTable(DbConnection.java:53)
	at pucrs.gcs.cdl.persistence.DbConnection.open(DbConnection.java:38)
	at pucrs.gcs.cdl.persistence.DbConnection.queryInsert(DbConnection.java:185)
	at pucrs.gcs.cdl.persistence.DbConnection.createTable(DbConnection.java:53)
	at pucrs.gcs.cdl.persistence.DbConnection.open(DbConnection.java:38)
	at pucrs.gcs.cdl.persistence.DbConnection.queryInsert(DbConnection.java:185)
	at pucrs.gcs.cdl.persistence.DbConnection.createTable(DbConnection.java:53)
	at pucrs.gcs.cdl.persistence.DbConnection.open(DbConnection.java:38)
	at pucrs.gcs.cdl.persistence.DbConnection.queryInsert(DbConnection.java:185)
	at pucrs.gcs.cdl.persistence.DbConnection.createTable(DbConnection.java:53)
	at pucrs.gcs.cdl.persistence.DbConnection.open(DbConnection.java:38)
	at pucrs.gcs.cdl.persistence.DbConnection.queryInsert(DbConnection.java:185)
	at pucrs.gcs.cdl.persistence.DbConnection.createTable(DbConnection.java:53)
	at pucrs.gcs.cdl.persistence.DbConnection.open(DbConnection.java:38)
	at pucrs.gcs.cdl.persistence.DbConnection.queryInsert(DbConnection.java:185)
	at pucrs.gcs.cdl.persistence.DbConnection.createTable(DbConnection.java:53)
	at pucrs.gcs.cdl.persistence.DbConnection.open(DbConnection.java:38)
	at pucrs.gcs.cdl.persistence.DbConnection.queryInsert(DbConnection.java:185)
	at pucrs.gcs.cdl.persistence.DbConnection.createTable(DbConnection.java:53)
	at pucrs.gcs.cdl.persistence.DbConnection.open(DbConnection.java:38)
	at pucrs.gcs.cdl.persistence.DbConnection.queryInsert(DbConnection.java:185)
	at pucrs.gcs.cdl.persistence.DbConnection.createTable(DbConnection.java:53)
	at pucrs.gcs.cdl.persistence.DbConnection.open(DbConnection.java:38)
	at pucrs.gcs.cdl.persistence.DbConnection.queryInsert(DbConnection.java:185)
	at pucrs.gcs.cdl.persistence.DbConnection.createTable(DbConnection.java:53)
	at pucrs.gcs.cdl.persistence.DbConnection.open(DbConnection.java:38)
	at pucrs.gcs.cdl.persistence.DbConnection.queryInsert(DbConnection.java:185)
	at pucrs.gcs.cdl.persistence.DbConnection.createTable(DbConnection.java:53)
	at pucrs.gcs.cdl.persistence.DbConnection.open(DbConnection.java:38)
	at pucrs.gcs.cdl.persistence.DbConnection.queryInsert(DbConnection.java:185)
	at pucrs.gcs.cdl.persistence.DbConnection.createTable(DbConnection.java:53)
	at pucrs.gcs.cdl.persistence.DbConnection.open(DbConnection.java:38)
	at pucrs.gcs.cdl.persistence.DbConnection.queryInsert(DbConnection.java:185)
	at pucrs.gcs.cdl.persistence.DbConnection.createTable(DbConnection.java:53)
	at pucrs.gcs.cdl.persistence.DbConnection.open(DbConnection.java:38)
	at pucrs.gcs.cdl.persistence.DbConnection.queryInsert(DbConnection.java:185)
	at pucrs.gcs.cdl.persistence.DbConnection.createTable(DbConnection.java:53)
	at pucrs.gcs.cdl.persistence.DbConnection.open(DbConnection.java:38)
	at pucrs.gcs.cdl.persistence.DbConnection.queryInsert(DbConnection.java:185)
	at pucrs.gcs.cdl.persistence.DbConnection.createTable(DbConnection.java:53)
	at pucrs.gcs.cdl.persistence.DbConnection.open(DbConnection.java:38)
	at pucrs.gcs.cdl.persistence.DbConnection.queryInsert(DbConnection.java:185)
	at pucrs.gcs.cdl.persistence.DbConnection.createTable(DbConnection.java:53)
	at pucrs.gcs.cdl.persistence.DbConnection.open(DbConnection.java:38)
	at pucrs.gcs.cdl.persistence.DbConnection.queryInsert(DbConnection.java:185)
	at pucrs.gcs.cdl.persistence.DbConnection.createTable(DbConnection.java:53)
	at pucrs.gcs.cdl.persistence.DbConnection.open(DbConnection.java:38)
	at pucrs.gcs.cdl.persistence.DbConnection.queryInsert(DbConnection.java:185)
	at pucrs.gcs.cdl.persistence.DbConnection.createTable(DbConnection.java:53)
	at pucrs.gcs.cdl.persistence.DbConnection.open(DbConnection.java:38)
	at pucrs.gcs.cdl.persistence.DbConnection.queryInsert(DbConnection.java:185)
	at pucrs.gcs.cdl.persistence.DbConnection.createTable(DbConnection.java:53)
	at pucrs.gcs.cdl.persistence.DbConnection.open(DbConnection.java:38)
	at pucrs.gcs.cdl.persistence.DbConnection.queryInsert(DbConnection.java:185)
	at pucrs.gcs.cdl.persistence.DbConnection.createTable(DbConnection.java:53)
	at pucrs.gcs.cdl.persistence.DbConnection.open(DbConnection.java:38)
	at pucrs.gcs.cdl.persistence.DbConnection.queryInsert(DbConnection.java:185)
	at pucrs.gcs.cdl.persistence.DbConnection.createTable(DbConnection.java:53)
	at pucrs.gcs.cdl.persistence.DbConnection.open(DbConnection.java:38)
	at pucrs.gcs.cdl.persistence.DbConnection.queryInsert(DbConnection.java:185)
	at pucrs.gcs.cdl.persistence.DbConnection.createTable(DbConnection.java:53)
	at pucrs.gcs.cdl.persistence.DbConnection.open(DbConnection.java:38)
	at pucrs.gcs.cdl.persistence.DbConnection.queryInsert(DbConnection.java:185)
	at pucrs.gcs.cdl.persistence.DbConnection.createTable(DbConnection.java:53)
	at pucrs.gcs.cdl.persistence.DbConnection.open(DbConnection.java:38)
	at pucrs.gcs.cdl.persistence.DbConnection.queryInsert(DbConnection.java:185)
	at pucrs.gcs.cdl.persistence.DbConnection.createTable(DbConnection.java:53)
	at pucrs.gcs.cdl.persistence.DbConnection.open(DbConnection.java:38)
	at pucrs.gcs.cdl.persistence.DbConnection.queryInsert(DbConnection.java:185)
	at pucrs.gcs.cdl.persistence.DbConnection.createTable(DbConnection.java:53)
	at pucrs.gcs.cdl.persistence.DbConnection.open(DbConnection.java:38)
	at pucrs.gcs.cdl.persistence.DbConnection.queryInsert(DbConnection.java:185)
	at pucrs.gcs.cdl.persistence.DbConnection.createTable(DbConnection.java:53)
	at pucrs.gcs.cdl.persistence.DbConnection.open(DbConnection.java:38)
	at pucrs.gcs.cdl.persistence.DbConnection.queryInsert(DbConnection.java:185)
	at pucrs.gcs.cdl.persistence.DbConnection.createTable(DbConnection.java:53)
	at pucrs.gcs.cdl.persistence.DbConnection.open(DbConnection.java:38)
	at pucrs.gcs.cdl.persistence.DbConnection.queryInsert(DbConnection.java:185)
	at pucrs.gcs.cdl.persistence.DbConnection.createTable(DbConnection.java:53)
	at pucrs.gcs.cdl.persistence.DbConnection.open(DbConnection.java:38)
	at pucrs.gcs.cdl.persistence.DbConnection.queryInsert(DbConnection.java:185)
	at pucrs.gcs.cdl.persistence.DbConnection.createTable(DbConnection.java:53)
	at pucrs.gcs.cdl.persistence.DbConnection.open(DbConnection.java:38)
	at pucrs.gcs.cdl.persistence.DbConnection.queryInsert(DbConnection.java:185)
	at pucrs.gcs.cdl.persistence.DbConnection.createTable(DbConnection.java:53)
	at pucrs.gcs.cdl.persistence.DbConnection.open(DbConnection.java:38)
	at pucrs.gcs.cdl.persistence.DbConnection.queryInsert(DbConnection.java:185)
	at pucrs.gcs.cdl.persistence.DbConnection.createTable(DbConnection.java:53)
	at pucrs.gcs.cdl.persistence.DbConnection.open(DbConnection.java:38)
	at pucrs.gcs.cdl.persistence.DbConnection.queryInsert(DbConnection.java:185)
	at pucrs.gcs.cdl.persistence.DbConnection.createTable(DbConnection.java:53)
	at pucrs.gcs.cdl.persistence.DbConnection.open(DbConnection.java:38)
	at pucrs.gcs.cdl.persistence.DbConnection.queryInsert(DbConnection.java:185)
	at pucrs.gcs.cdl.persistence.DbConnection.createTable(DbConnection.java:53)
	at pucrs.gcs.cdl.persistence.DbConnection.open(DbConnection.java:38)
	at pucrs.gcs.cdl.persistence.DbConnection.queryInsert(DbConnection.java:185)
	at pucrs.gcs.cdl.persistence.DbConnection.createTable(DbConnection.java:53)
	at pucrs.gcs.cdl.persistence.DbConnection.open(DbConnection.java:38)
	at pucrs.gcs.cdl.persistence.DbConnection.queryInsert(DbConnection.java:185)
	at pucrs.gcs.cdl.persistence.DbConnection.createTable(DbConnection.java:53)
	at pucrs.gcs.cdl.persistence.DbConnection.open(DbConnection.java:38)
	at pucrs.gcs.cdl.persistence.DbConnection.queryInsert(DbConnection.java:185)
	at pucrs.gcs.cdl.persistence.DbConnection.createTable(DbConnection.java:53)
	at pucrs.gcs.cdl.persistence.DbConnection.open(DbConnection.java:38)
	at pucrs.gcs.cdl.persistence.DbConnection.queryInsert(DbConnection.java:185)
	at pucrs.gcs.cdl.persistence.DbConnection.createTable(DbConnection.java:53)
	at pucrs.gcs.cdl.persistence.DbConnection.open(DbConnection.java:38)
	at pucrs.gcs.cdl.persistence.DbConnection.queryInsert(DbConnection.java:185)
	at pucrs.gcs.cdl.persistence.DbConnection.createTable(DbConnection.java:53)
	at pucrs.gcs.cdl.persistence.DbConnection.open(DbConnection.java:38)
	at pucrs.gcs.cdl.persistence.DbConnection.queryInsert(DbConnection.java:185)
	at pucrs.gcs.cdl.persistence.DbConnection.createTable(DbConnection.java:53)
	at pucrs.gcs.cdl.persistence.DbConnection.open(DbConnection.java:38)
	at pucrs.gcs.cdl.persistence.DbConnection.queryInsert(DbConnection.java:185)
	at pucrs.gcs.cdl.persistence.DbConnection.createTable(DbConnection.java:53)
	at pucrs.gcs.cdl.persistence.DbConnection.open(DbConnection.java:38)
	at pucrs.gcs.cdl.persistence.DbConnection.queryInsert(DbConnection.java:185)
	at pucrs.gcs.cdl.persistence.DbConnection.createTable(DbConnection.java:53)
	at pucrs.gcs.cdl.persistence.DbConnection.open(DbConnection.java:38)
	at pucrs.gcs.cdl.persistence.DbConnection.queryInsert(DbConnection.java:185)
	at pucrs.gcs.cdl.persistence.DbConnection.createTable(DbConnection.java:53)
	at pucrs.gcs.cdl.persistence.DbConnection.open(DbConnection.java:38)
	at pucrs.gcs.cdl.persistence.DbConnection.queryInsert(DbConnection.java:185)
	at pucrs.gcs.cdl.persistence.DbConnection.createTable(DbConnection.java:53)
	at pucrs.gcs.cdl.persistence.DbConnection.open(DbConnection.java:38)
	at pucrs.gcs.cdl.persistence.DbConnection.queryInsert(DbConnection.java:185)
	at pucrs.gcs.cdl.persistence.DbConnection.createTable(DbConnection.java:53)
	at pucrs.gcs.cdl.persistence.DbConnection.open(DbConnection.java:38)
	at pucrs.gcs.cdl.persistence.DbConnection.queryInsert(DbConnection.java:185)
	at pucrs.gcs.cdl.persistence.DbConnection.createTable(DbConnection.java:53)
	at pucrs.gcs.cdl.persistence.DbConnection.open(DbConnection.java:38)
	at pucrs.gcs.cdl.persistence.DbConnection.queryInsert(DbConnection.java:185)
	at pucrs.gcs.cdl.persistence.DbConnection.createTable(DbConnection.java:53)
	at pucrs.gcs.cdl.persistence.DbConnection.open(DbConnection.java:38)
	at pucrs.gcs.cdl.persistence.DbConnection.queryInsert(DbConnection.java:185)
	at pucrs.gcs.cdl.persistence.DbConnection.createTable(DbConnection.java:53)
	at pucrs.gcs.cdl.persistence.DbConnection.open(DbConnection.java:38)
	at pucrs.gcs.cdl.persistence.DbConnection.queryInsert(DbConnection.java:185)
	at pucrs.gcs.cdl.persistence.DbConnection.createTable(DbConnection.java:53)
	at pucrs.gcs.cdl.persistence.DbConnection.open(DbConnection.java:38)
	at pucrs.gcs.cdl.persistence.DbConnection.queryInsert(DbConnection.java:185)
	at pucrs.gcs.cdl.persistence.DbConnection.createTable(DbConnection.java:53)
	at pucrs.gcs.cdl.persistence.DbConnection.open(DbConnection.java:38)
	at pucrs.gcs.cdl.persistence.DbConnection.queryInsert(DbConnection.java:185)
	at pucrs.gcs.cdl.persistence.DbConnection.createTable(DbConnection.java:53)
	at pucrs.gcs.cdl.persistence.DbConnection.open(DbConnection.java:38)
	at pucrs.gcs.cdl.persistence.DbConnection.queryInsert(DbConnection.java:185)
	at pucrs.gcs.cdl.persistence.DbConnection.createTable(DbConnection.java:53)
	at pucrs.gcs.cdl.persistence.DbConnection.open(DbConnection.java:38)
	at pucrs.gcs.cdl.persistence.DbConnection.queryInsert(DbConnection.java:185)
	at pucrs.gcs.cdl.persistence.DbConnection.createTable(DbConnection.java:53)
	at pucrs.gcs.cdl.persistence.DbConnection.open(DbConnection.java:38)
	at pucrs.gcs.cdl.persistence.DbConnection.queryInsert(DbConnection.java:185)
	at pucrs.gcs.cdl.persistence.DbConnection.createTable(DbConnection.java:53)
	at pucrs.gcs.cdl.persistence.DbConnection.open(DbConnection.java:38)
	at pucrs.gcs.cdl.persistence.DbConnection.queryInsert(DbConnection.java:185)
	at pucrs.gcs.cdl.persistence.DbConnection.createTable(DbConnection.java:53)
	at pucrs.gcs.cdl.persistence.DbConnection.open(DbConnection.java:38)
	at pucrs.gcs.cdl.persistence.DbConnection.queryInsert(DbConnection.java:185)
	at pucrs.gcs.cdl.persistence.DbConnection.createTable(DbConnection.java:53)
	at pucrs.gcs.cdl.persistence.DbConnection.open(DbConnection.java:38)
	at pucrs.gcs.cdl.persistence.DbConnection.queryInsert(DbConnection.java:185)
	at pucrs.gcs.cdl.persistence.DbConnection.createTable(DbConnection.java:53)
	at pucrs.gcs.cdl.persistence.DbConnection.open(DbConnection.java:38)
	at pucrs.gcs.cdl.persistence.DbConnection.queryInsert(DbConnection.java:185)
	at pucrs.gcs.cdl.persistence.DbConnection.createTable(DbConnection.java:53)
	at pucrs.gcs.cdl.persistence.DbConnection.open(DbConnection.java:38)
	at pucrs.gcs.cdl.persistence.DbConnection.queryInsert(DbConnection.java:185)
	at pucrs.gcs.cdl.persistence.DbConnection.createTable(DbConnection.java:53)
	at pucrs.gcs.cdl.persistence.DbConnection.open(DbConnection.java:38)
	at pucrs.gcs.cdl.persistence.DbConnection.queryInsert(DbConnection.java:185)
	at pucrs.gcs.cdl.persistence.DbConnection.createTable(DbConnection.java:53)
	at pucrs.gcs.cdl.persistence.DbConnection.open(DbConnection.java:38)
	at pucrs.gcs.cdl.persistence.DbConnection.queryInsert(DbConnection.java:185)
	at pucrs.gcs.cdl.persistence.DbConnection.createTable(DbConnection.java:53)
	at pucrs.gcs.cdl.persistence.DbConnection.open(DbConnection.java:38)
	at pucrs.gcs.cdl.persistence.DbConnection.queryInsert(DbConnection.java:185)
	at pucrs.gcs.cdl.persistence.DbConnection.createTable(DbConnection.java:53)
	at pucrs.gcs.cdl.persistence.DbConnection.open(DbConnection.java:38)
	at pucrs.gcs.cdl.persistence.DbConnection.queryInsert(DbConnection.java:185)
	at pucrs.gcs.cdl.persistence.DbConnection.createTable(DbConnection.java:53)
	at pucrs.gcs.cdl.persistence.DbConnection.open(DbConnection.java:38)
	at pucrs.gcs.cdl.persistence.DbConnection.queryInsert(DbConnection.java:185)
	at pucrs.gcs.cdl.persistence.DbConnection.createTable(DbConnection.java:53)
	at pucrs.gcs.cdl.persistence.DbConnection.open(DbConnection.java:38)
	at pucrs.gcs.cdl.persistence.DbConnection.queryInsert(DbConnection.java:185)
	at pucrs.gcs.cdl.persistence.DbConnection.createTable(DbConnection.java:53)
	at pucrs.gcs.cdl.persistence.DbConnection.open(DbConnection.java:38)
	at pucrs.gcs.cdl.persistence.DbConnection.queryInsert(DbConnection.java:185)
	at pucrs.gcs.cdl.persistence.DbConnection.createTable(DbConnection.java:53)
	at pucrs.gcs.cdl.persistence.DbConnection.open(DbConnection.java:38)
	at pucrs.gcs.cdl.persistence.DbConnection.queryInsert(DbConnection.java:185)
	at pucrs.gcs.cdl.persistence.DbConnection.createTable(DbConnection.java:53)
	at pucrs.gcs.cdl.persistence.DbConnection.open(DbConnection.java:38)
	at pucrs.gcs.cdl.persistence.DbConnection.queryInsert(DbConnection.java:185)
	at pucrs.gcs.cdl.persistence.DbConnection.createTable(DbConnection.java:53)
	at pucrs.gcs.cdl.persistence.DbConnection.open(DbConnection.java:38)
	at pucrs.gcs.cdl.persistence.DbConnection.queryInsert(DbConnection.java:185)
	at pucrs.gcs.cdl.persistence.DbConnection.createTable(DbConnection.java:53)
	at pucrs.gcs.cdl.persistence.DbConnection.open(DbConnection.java:38)
	at pucrs.gcs.cdl.persistence.DbConnection.queryInsert(DbConnection.java:185)
	at pucrs.gcs.cdl.persistence.DbConnection.createTable(DbConnection.java:53)
	at pucrs.gcs.cdl.persistence.DbConnection.open(DbConnection.java:38)
	at pucrs.gcs.cdl.persistence.DbConnection.queryInsert(DbConnection.java:185)
	at pucrs.gcs.cdl.persistence.DbConnection.createTable(DbConnection.java:53)
	at pucrs.gcs.cdl.persistence.DbConnection.open(DbConnection.java:38)
	at pucrs.gcs.cdl.persistence.DbConnection.queryInsert(DbConnection.java:185)
	at pucrs.gcs.cdl.persistence.DbConnection.createTable(DbConnection.java:53)
	at pucrs.gcs.cdl.persistence.DbConnection.open(DbConnection.java:38)
	at pucrs.gcs.cdl.persistence.DbConnection.queryInsert(DbConnection.java:185)
	at pucrs.gcs.cdl.persistence.DbConnection.createTable(DbConnection.java:53)
	at pucrs.gcs.cdl.persistence.DbConnection.open(DbConnection.java:38)
	at pucrs.gcs.cdl.persistence.DbConnection.queryInsert(DbConnection.java:185)
	at pucrs.gcs.cdl.persistence.DbConnection.createTable(DbConnection.java:53)
	at pucrs.gcs.cdl.persistence.DbConnection.open(DbConnection.java:38)
	at pucrs.gcs.cdl.persistence.DbConnection.queryInsert(DbConnection.java:185)
	at pucrs.gcs.cdl.persistence.DbConnection.createTable(DbConnection.java:53)
	at pucrs.gcs.cdl.persistence.DbConnection.open(DbConnection.java:38)
	at pucrs.gcs.cdl.persistence.DbConnection.queryInsert(DbConnection.java:185)
	at pucrs.gcs.cdl.persistence.DbConnection.createTable(DbConnection.java:53)
	at pucrs.gcs.cdl.persistence.DbConnection.open(DbConnection.java:38)
	at pucrs.gcs.cdl.persistence.DbConnection.queryInsert(DbConnection.java:185)
	at pucrs.gcs.cdl.persistence.DbConnection.createTable(DbConnection.java:53)
	at pucrs.gcs.cdl.persistence.DbConnection.open(DbConnection.java:38)
	at pucrs.gcs.cdl.persistence.DbConnection.queryInsert(DbConnection.java:185)
	at pucrs.gcs.cdl.persistence.DbConnection.createTable(DbConnection.java:53)
	at pucrs.gcs.cdl.persistence.DbConnection.open(DbConnection.java:38)
	at pucrs.gcs.cdl.persistence.DbConnection.queryInsert(DbConnection.java:185)
	at pucrs.gcs.cdl.persistence.DbConnection.createTable(DbConnection.java:53)
	at pucrs.gcs.cdl.persistence.DbConnection.open(DbConnection.java:38)
	at pucrs.gcs.cdl.persistence.DbConnection.queryInsert(DbConnection.java:185)
	at pucrs.gcs.cdl.persistence.DbConnection.createTable(DbConnection.java:53)
	at pucrs.gcs.cdl.persistence.DbConnection.open(DbConnection.java:38)
	at pucrs.gcs.cdl.persistence.DbConnection.queryInsert(DbConnection.java:185)
	at pucrs.gcs.cdl.persistence.DbConnection.createTable(DbConnection.java:53)
	at pucrs.gcs.cdl.persistence.DbConnection.open(DbConnection.java:38)
	at pucrs.gcs.cdl.persistence.DbConnection.queryInsert(DbConnection.java:185)
	at pucrs.gcs.cdl.persistence.DbConnection.createTable(DbConnection.java:53)
	at pucrs.gcs.cdl.persistence.DbConnection.open(DbConnection.java:38)
	at pucrs.gcs.cdl.persistence.DbConnection.queryInsert(DbConnection.java:185)
	at pucrs.gcs.cdl.persistence.DbConnection.createTable(DbConnection.java:53)
	at pucrs.gcs.cdl.persistence.DbConnection.open(DbConnection.java:38)
	at pucrs.gcs.cdl.persistence.DbConnection.queryInsert(DbConnection.java:185)
	at pucrs.gcs.cdl.persistence.DbConnection.createTable(DbConnection.java:53)
	at pucrs.gcs.cdl.persistence.DbConnection.open(DbConnection.java:38)
	at pucrs.gcs.cdl.persistence.DbConnection.queryInsert(DbConnection.java:185)
	at pucrs.gcs.cdl.persistence.DbConnection.createTable(DbConnection.java:53)
	at pucrs.gcs.cdl.persistence.DbConnection.open(DbConnection.java:38)
	at pucrs.gcs.cdl.persistence.DbConnection.queryInsert(DbConnection.java:185)
	at pucrs.gcs.cdl.persistence.DbConnection.createTable(DbConnection.java:53)
	at pucrs.gcs.cdl.persistence.DbConnection.open(DbConnection.java:38)
	at pucrs.gcs.cdl.persistence.DbConnection.queryInsert(DbConnection.java:185)
	at pucrs.gcs.cdl.persistence.DbConnection.createTable(DbConnection.java:53)
	at pucrs.gcs.cdl.persistence.DbConnection.open(DbConnection.java:38)
	at pucrs.gcs.cdl.persistence.DbConnection.queryInsert(DbConnection.java:185)
	at pucrs.gcs.cdl.persistence.DbConnection.createTable(DbConnection.java:53)
	at pucrs.gcs.cdl.persistence.DbConnection.open(DbConnection.java:38)
	at pucrs.gcs.cdl.persistence.DbConnection.queryInsert(DbConnection.java:185)
	at pucrs.gcs.cdl.persistence.DbConnection.createTable(DbConnection.java:53)
	at pucrs.gcs.cdl.persistence.DbConnection.open(DbConnection.java:38)
	at pucrs.gcs.cdl.persistence.DbConnection.queryInsert(DbConnection.java:185)
	at pucrs.gcs.cdl.persistence.DbConnection.createTable(DbConnection.java:53)
	at pucrs.gcs.cdl.persistence.DbConnection.open(DbConnection.java:38)
	at pucrs.gcs.cdl.persistence.DbConnection.queryInsert(DbConnection.java:185)
	at pucrs.gcs.cdl.persistence.DbConnection.createTable(DbConnection.java:53)
	at pucrs.gcs.cdl.persistence.DbConnection.open(DbConnection.java:38)
	at pucrs.gcs.cdl.persistence.DbConnection.queryInsert(DbConnection.java:185)
	at pucrs.gcs.cdl.persistence.DbConnection.createTable(DbConnection.java:53)
	at pucrs.gcs.cdl.persistence.DbConnection.open(DbConnection.java:38)
	at pucrs.gcs.cdl.persistence.DbConnection.queryInsert(DbConnection.java:185)
	at pucrs.gcs.cdl.persistence.DbConnection.createTable(DbConnection.java:53)
	at pucrs.gcs.cdl.persistence.DbConnection.open(DbConnection.java:38)
	at pucrs.gcs.cdl.persistence.DbConnection.queryInsert(DbConnection.java:185)
	at pucrs.gcs.cdl.persistence.DbConnection.createTable(DbConnection.java:53)
	at pucrs.gcs.cdl.persistence.DbConnection.open(DbConnection.java:38)
	at pucrs.gcs.cdl.persistence.DbConnection.queryInsert(DbConnection.java:185)
	at pucrs.gcs.cdl.persistence.DbConnection.createTable(DbConnection.java:53)
	at pucrs.gcs.cdl.persistence.DbConnection.open(DbConnection.java:38)
	at pucrs.gcs.cdl.persistence.DbConnection.queryInsert(DbConnection.java:185)
	at pucrs.gcs.cdl.persistence.DbConnection.createTable(DbConnection.java:53)
	at pucrs.gcs.cdl.persistence.DbConnection.open(DbConnection.java:38)
	at pucrs.gcs.cdl.persistence.DbConnection.queryInsert(DbConnection.java:185)
	at pucrs.gcs.cdl.persistence.DbConnection.createTable(DbConnection.java:53)
	at pucrs.gcs.cdl.persistence.DbConnection.open(DbConnection.java:38)
	at pucrs.gcs.cdl.persistence.DbConnection.queryInsert(DbConnection.java:185)
	at pucrs.gcs.cdl.persistence.DbConnection.createTable(DbConnection.java:53)
	at pucrs.gcs.cdl.persistence.DbConnection.open(DbConnection.java:38)
	at pucrs.gcs.cdl.persistence.DbConnection.queryInsert(DbConnection.java:185)
	at pucrs.gcs.cdl.persistence.DbConnection.createTable(DbConnection.java:53)
	at pucrs.gcs.cdl.persistence.DbConnection.open(DbConnection.java:38)
	at pucrs.gcs.cdl.persistence.DbConnection.queryInsert(DbConnection.java:185)
	at pucrs.gcs.cdl.persistence.DbConnection.createTable(DbConnection.java:53)
	at pucrs.gcs.cdl.persistence.DbConnection.open(DbConnection.java:38)
	at pucrs.gcs.cdl.persistence.DbConnection.queryInsert(DbConnection.java:185)
	at pucrs.gcs.cdl.persistence.DbConnection.createTable(DbConnection.java:53)
	at pucrs.gcs.cdl.persistence.DbConnection.open(DbConnection.java:38)
	at pucrs.gcs.cdl.persistence.DbConnection.queryInsert(DbConnection.java:185)
	at pucrs.gcs.cdl.persistence.DbConnection.createTable(DbConnection.java:53)
	at pucrs.gcs.cdl.persistence.DbConnection.open(DbConnection.java:38)
	at pucrs.gcs.cdl.persistence.DbConnection.queryInsert(DbConnection.java:185)
	at pucrs.gcs.cdl.persistence.DbConnection.createTable(DbConnection.java:53)
	at pucrs.gcs.cdl.persistence.DbConnection.open(DbConnection.java:38)
	at pucrs.gcs.cdl.persistence.DbConnection.queryInsert(DbConnection.java:185)
	at pucrs.gcs.cdl.persistence.DbConnection.createTable(DbConnection.java:53)
	at pucrs.gcs.cdl.persistence.DbConnection.open(DbConnection.java:38)
	at pucrs.gcs.cdl.persistence.DbConnection.queryInsert(DbConnection.java:185)
	at pucrs.gcs.cdl.persistence.DbConnection.createTable(DbConnection.java:53)
	at pucrs.gcs.cdl.persistence.DbConnection.open(DbConnection.java:38)
	at pucrs.gcs.cdl.persistence.DbConnection.queryInsert(DbConnection.java:185)
	at pucrs.gcs.cdl.persistence.DbConnection.createTable(DbConnection.java:53)
	at pucrs.gcs.cdl.persistence.DbConnection.open(DbConnection.java:38)
	at pucrs.gcs.cdl.persistence.DbConnection.queryInsert(DbConnection.java:185)
	at pucrs.gcs.cdl.persistence.DbConnection.createTable(DbConnection.java:53)
	at pucrs.gcs.cdl.persistence.DbConnection.open(DbConnection.java:38)
	at pucrs.gcs.cdl.persistence.DbConnection.queryInsert(DbConnection.java:185)
	at pucrs.gcs.cdl.persistence.DbConnection.createTable(DbConnection.java:53)
	at pucrs.gcs.cdl.persistence.DbConnection.open(DbConnection.java:38)
	at pucrs.gcs.cdl.persistence.DbConnection.queryInsert(DbConnection.java:185)
	at pucrs.gcs.cdl.persistence.DbConnection.createTable(DbConnection.java:53)
	at pucrs.gcs.cdl.persistence.DbConnection.open(DbConnection.java:38)
	at pucrs.gcs.cdl.persistence.DbConnection.queryInsert(DbConnection.java:185)
	at pucrs.gcs.cdl.persistence.DbConnection.createTable(DbConnection.java:53)
	at pucrs.gcs.cdl.persistence.DbConnection.open(DbConnection.java:38)
	at pucrs.gcs.cdl.persistence.DbConnection.queryInsert(DbConnection.java:185)
	at pucrs.gcs.cdl.persistence.DbConnection.createTable(DbConnection.java:53)
	at pucrs.gcs.cdl.persistence.DbConnection.open(DbConnection.java:38)
	at pucrs.gcs.cdl.persistence.DbConnection.queryInsert(DbConnection.java:185)
	at pucrs.gcs.cdl.persistence.DbConnection.createTable(DbConnection.java:53)
	at pucrs.gcs.cdl.persistence.DbConnection.open(DbConnection.java:38)
	at pucrs.gcs.cdl.persistence.DbConnection.queryInsert(DbConnection.java:185)
	at pucrs.gcs.cdl.persistence.DbConnection.createTable(DbConnection.java:53)
	at pucrs.gcs.cdl.persistence.DbConnection.open(DbConnection.java:38)
	at pucrs.gcs.cdl.persistence.DbConnection.queryInsert(DbConnection.java:185)
	at pucrs.gcs.cdl.persistence.DbConnection.createTable(DbConnection.java:53)
	at pucrs.gcs.cdl.persistence.DbConnection.open(DbConnection.java:38)
	at pucrs.gcs.cdl.persistence.DbConnection.queryInsert(DbConnection.java:185)
	at pucrs.gcs.cdl.persistence.DbConnection.createTable(DbConnection.java:53)
	at pucrs.gcs.cdl.persistence.DbConnection.open(DbConnection.java:38)
	at pucrs.gcs.cdl.persistence.DbConnection.queryInsert(DbConnection.java:185)
	at pucrs.gcs.cdl.persistence.DbConnection.createTable(DbConnection.java:53)
	at pucrs.gcs.cdl.persistence.DbConnection.open(DbConnection.java:38)
	at pucrs.gcs.cdl.persistence.DbConnection.queryInsert(DbConnection.java:185)
	at pucrs.gcs.cdl.persistence.DbConnection.createTable(DbConnection.java:53)
	at pucrs.gcs.cdl.persistence.DbConnection.open(DbConnection.java:38)
	at pucrs.gcs.cdl.persistence.DbConnection.queryInsert(DbConnection.java:185)
	at pucrs.gcs.cdl.persistence.DbConnection.createTable(DbConnection.java:53)
	at pucrs.gcs.cdl.persistence.DbConnection.open(DbConnection.java:38)
	at pucrs.gcs.cdl.persistence.DbConnection.queryInsert(DbConnection.java:185)
	at pucrs.gcs.cdl.persistence.DbConnection.createTable(DbConnection.java:53)
	at pucrs.gcs.cdl.persistence.DbConnection.open(DbConnection.java:38)
	at pucrs.gcs.cdl.persistence.DbConnection.queryInsert(DbConnection.java:185)
	at pucrs.gcs.cdl.persistence.DbConnection.createTable(DbConnection.java:53)
	at pucrs.gcs.cdl.persistence.DbConnection.open(DbConnection.java:38)
	at pucrs.gcs.cdl.persistence.DbConnection.queryInsert(DbConnection.java:185)
	at pucrs.gcs.cdl.persistence.DbConnection.createTable(DbConnection.java:53)
	at pucrs.gcs.cdl.persistence.DbConnection.open(DbConnection.java:38)
	at pucrs.gcs.cdl.persistence.DbConnection.queryInsert(DbConnection.java:185)
	at pucrs.gcs.cdl.persistence.DbConnection.createTable(DbConnection.java:53)
	at pucrs.gcs.cdl.persistence.DbConnection.open(DbConnection.java:38)
	at pucrs.gcs.cdl.persistence.DbConnection.queryInsert(DbConnection.java:185)
	at pucrs.gcs.cdl.persistence.DbConnection.createTable(DbConnection.java:53)
	at pucrs.gcs.cdl.persistence.DbConnection.open(DbConnection.java:38)
	at pucrs.gcs.cdl.persistence.DbConnection.queryInsert(DbConnection.java:185)
	at pucrs.gcs.cdl.persistence.DbConnection.createTable(DbConnection.java:53)
	at pucrs.gcs.cdl.persistence.DbConnection.open(DbConnection.java:38)
	at pucrs.gcs.cdl.persistence.DbConnection.queryInsert(DbConnection.java:185)
	at pucrs.gcs.cdl.persistence.DbConnection.createTable(DbConnection.java:53)
	at pucrs.gcs.cdl.persistence.DbConnection.open(DbConnection.java:38)
	at pucrs.gcs.cdl.persistence.DbConnection.queryInsert(DbConnection.java:185)
	at pucrs.gcs.cdl.persistence.DbConnection.createTable(DbConnection.java:53)
	at pucrs.gcs.cdl.persistence.DbConnection.open(DbConnection.java:38)
	at pucrs.gcs.cdl.persistence.DbConnection.queryInsert(DbConnection.java:185)
	at pucrs.gcs.cdl.persistence.DbConnection.createTable(DbConnection.java:53)
	at pucrs.gcs.cdl.persistence.DbConnection.open(DbConnection.java:38)
	at pucrs.gcs.cdl.persistence.DbConnection.queryInsert(DbConnection.java:185)
	at pucrs.gcs.cdl.persistence.DbConnection.createTable(DbConnection.java:53)
	at pucrs.gcs.cdl.persistence.DbConnection.open(DbConnection.java:38)
	at pucrs.gcs.cdl.persistence.DbConnection.queryInsert(DbConnection.java:185)
	at pucrs.gcs.cdl.persistence.DbConnection.createTable(DbConnection.java:53)
	at pucrs.gcs.cdl.persistence.DbConnection.open(DbConnection.java:38)
	at pucrs.gcs.cdl.persistence.DbConnection.queryInsert(DbConnection.java:185)
	at pucrs.gcs.cdl.persistence.DbConnection.createTable(DbConnection.java:53)
	at pucrs.gcs.cdl.persistence.DbConnection.open(DbConnection.java:38)
	at pucrs.gcs.cdl.persistence.DbConnection.queryInsert(DbConnection.java:185)
	at pucrs.gcs.cdl.persistence.DbConnection.createTable(DbConnection.java:53)
	at pucrs.gcs.cdl.persistence.DbConnection.open(DbConnection.java:38)
	at pucrs.gcs.cdl.persistence.DbConnection.queryInsert(DbConnection.java:185)
	at pucrs.gcs.cdl.persistence.DbConnection.createTable(DbConnection.java:53)
	at pucrs.gcs.cdl.persistence.DbConnection.open(DbConnection.java:38)
	at pucrs.gcs.cdl.persistence.DbConnection.queryInsert(DbConnection.java:185)
	at pucrs.gcs.cdl.persistence.DbConnection.createTable(DbConnection.java:53)
	at pucrs.gcs.cdl.persistence.DbConnection.open(DbConnection.java:38)
	at pucrs.gcs.cdl.persistence.DbConnection.queryInsert(DbConnection.java:185)
	at pucrs.gcs.cdl.persistence.DbConnection.createTable(DbConnection.java:53)
	at pucrs.gcs.cdl.persistence.DbConnection.open(DbConnection.java:38)
	at pucrs.gcs.cdl.persistence.DbConnection.queryInsert(DbConnection.java:185)
	at pucrs.gcs.cdl.persistence.DbConnection.createTable(DbConnection.java:53)
	at pucrs.gcs.cdl.persistence.DbConnection.open(DbConnection.java:38)
	at pucrs.gcs.cdl.persistence.DbConnection.queryInsert(DbConnection.java:185)
	at pucrs.gcs.cdl.persistence.DbConnection.createTable(DbConnection.java:53)
	at pucrs.gcs.cdl.persistence.DbConnection.open(DbConnection.java:38)
	at pucrs.gcs.cdl.persistence.DbConnection.queryInsert(DbConnection.java:185)
	at pucrs.gcs.cdl.persistence.DbConnection.createTable(DbConnection.java:53)
	at pucrs.gcs.cdl.persistence.DbConnection.open(DbConnection.java:38)
	at pucrs.gcs.cdl.persistence.DbConnection.queryInsert(DbConnection.java:185)
	at pucrs.gcs.cdl.persistence.DbConnection.createTable(DbConnection.java:53)
	at pucrs.gcs.cdl.persistence.DbConnection.open(DbConnection.java:38)
	at pucrs.gcs.cdl.persistence.DbConnection.queryInsert(DbConnection.java:185)
	at pucrs.gcs.cdl.persistence.DbConnection.createTable(DbConnection.java:53)
	at pucrs.gcs.cdl.persistence.DbConnection.open(DbConnection.java:38)
	at pucrs.gcs.cdl.persistence.DbConnection.queryInsert(DbConnection.java:185)
	at pucrs.gcs.cdl.persistence.DbConnection.createTable(DbConnection.java:53)
	at pucrs.gcs.cdl.persistence.DbConnection.open(DbConnection.java:38)
	at pucrs.gcs.cdl.persistence.DbConnection.queryInsert(DbConnection.java:185)
	at pucrs.gcs.cdl.persistence.DbConnection.createTable(DbConnection.java:53)
	at pucrs.gcs.cdl.persistence.DbConnection.open(DbConnection.java:38)
	at pucrs.gcs.cdl.persistence.DbConnection.queryInsert(DbConnection.java:185)
	at pucrs.gcs.cdl.persistence.DbConnection.createTable(DbConnection.java:53)
	at pucrs.gcs.cdl.persistence.DbConnection.open(DbConnection.java:38)
	at pucrs.gcs.cdl.persistence.DbConnection.queryInsert(DbConnection.java:185)
	at pucrs.gcs.cdl.persistence.DbConnection.createTable(DbConnection.java:53)
	at pucrs.gcs.cdl.persistence.DbConnection.open(DbConnection.java:38)
	at pucrs.gcs.cdl.persistence.DbConnection.queryInsert(DbConnection.java:185)
	at pucrs.gcs.cdl.persistence.DbConnection.createTable(DbConnection.java:53)
	at pucrs.gcs.cdl.persistence.DbConnection.open(DbConnection.java:38)
	at pucrs.gcs.cdl.persistence.DbConnection.queryInsert(DbConnection.java:185)
	at pucrs.gcs.cdl.persistence.DbConnection.createTable(DbConnection.java:53)
	at pucrs.gcs.cdl.persistence.DbConnection.open(DbConnection.java:38)
	at pucrs.gcs.cdl.persistence.DbConnection.queryInsert(DbConnection.java:185)
	at pucrs.gcs.cdl.persistence.DbConnection.createTable(DbConnection.java:53)
	at pucrs.gcs.cdl.persistence.DbConnection.open(DbConnection.java:38)
	at pucrs.gcs.cdl.persistence.DbConnection.queryInsert(DbConnection.java:185)
	at pucrs.gcs.cdl.persistence.DbConnection.createTable(DbConnection.java:53)
	at pucrs.gcs.cdl.persistence.DbConnection.open(DbConnection.java:38)
	at pucrs.gcs.cdl.persistence.DbConnection.queryInsert(DbConnection.java:185)
	at pucrs.gcs.cdl.persistence.DbConnection.createTable(DbConnection.java:53)
	at pucrs.gcs.cdl.persistence.DbConnection.open(DbConnection.java:38)
	at pucrs.gcs.cdl.persistence.DbConnection.queryInsert(DbConnection.java:185)
	at pucrs.gcs.cdl.persistence.DbConnection.createTable(DbConnection.java:53)
	at pucrs.gcs.cdl.persistence.DbConnection.open(DbConnection.java:38)
	at pucrs.gcs.cdl.persistence.DbConnection.queryInsert(DbConnection.java:185)
	at pucrs.gcs.cdl.persistence.DbConnection.createTable(DbConnection.java:53)
	at pucrs.gcs.cdl.persistence.DbConnection.open(DbConnection.java:38)
	at pucrs.gcs.cdl.persistence.DbConnection.queryInsert(DbConnection.java:185)
	at pucrs.gcs.cdl.persistence.DbConnection.createTable(DbConnection.java:53)
	at pucrs.gcs.cdl.persistence.DbConnection.open(DbConnection.java:38)
	at pucrs.gcs.cdl.persistence.DbConnection.queryInsert(DbConnection.java:185)
	at pucrs.gcs.cdl.persistence.DbConnection.createTable(DbConnection.java:53)
	at pucrs.gcs.cdl.persistence.DbConnection.open(DbConnection.java:38)
	at pucrs.gcs.cdl.persistence.DbConnection.queryInsert(DbConnection.java:185)
	at pucrs.gcs.cdl.persistence.DbConnection.createTable(DbConnection.java:53)
	at pucrs.gcs.cdl.persistence.DbConnection.open(DbConnection.java:38)
	at pucrs.gcs.cdl.persistence.DbConnection.queryInsert(DbConnection.java:185)
	at pucrs.gcs.cdl.persistence.DbConnection.createTable(DbConnection.java:53)
	at pucrs.gcs.cdl.persistence.DbConnection.open(DbConnection.java:38)
	at pucrs.gcs.cdl.persistence.DbConnection.queryInsert(DbConnection.java:185)
	at pucrs.gcs.cdl.persistence.DbConnection.createTable(DbConnection.java:53)
	at pucrs.gcs.cdl.persistence.DbConnection.open(DbConnection.java:38)
	at pucrs.gcs.cdl.persistence.DbConnection.queryInsert(DbConnection.java:185)
	at pucrs.gcs.cdl.persistence.DbConnection.createTable(DbConnection.java:53)
	at pucrs.gcs.cdl.persistence.DbConnection.open(DbConnection.java:38)
	at pucrs.gcs.cdl.persistence.DbConnection.queryInsert(DbConnection.java:185)
	at pucrs.gcs.cdl.persistence.DbConnection.createTable(DbConnection.java:53)
	at pucrs.gcs.cdl.persistence.DbConnection.open(DbConnection.java:38)
	at pucrs.gcs.cdl.persistence.DbConnection.queryInsert(DbConnection.java:185)
	at pucrs.gcs.cdl.persistence.DbConnection.createTable(DbConnection.java:53)
	at pucrs.gcs.cdl.persistence.DbConnection.open(DbConnection.java:38)
	at pucrs.gcs.cdl.persistence.DbConnection.queryInsert(DbConnection.java:185)
	at pucrs.gcs.cdl.persistence.DbConnection.createTable(DbConnection.java:53)
	at pucrs.gcs.cdl.persistence.DbConnection.open(DbConnection.java:38)
	at pucrs.gcs.cdl.persistence.DbConnection.queryInsert(DbConnection.java:185)
	at pucrs.gcs.cdl.persistence.DbConnection.createTable(DbConnection.java:53)
	at pucrs.gcs.cdl.persistence.DbConnection.open(DbConnection.java:38)
	at pucrs.gcs.cdl.persistence.DbConnection.queryInsert(DbConnection.java:185)
	at pucrs.gcs.cdl.persistence.DbConnection.createTable(DbConnection.java:53)
	at pucrs.gcs.cdl.persistence.DbConnection.open(DbConnection.java:38)
	at pucrs.gcs.cdl.persistence.DbConnection.queryInsert(DbConnection.java:185)
	at pucrs.gcs.cdl.persistence.DbConnection.createTable(DbConnection.java:53)
	at pucrs.gcs.cdl.persistence.DbConnection.open(DbConnection.java:38)
	at pucrs.gcs.cdl.persistence.DbConnection.queryInsert(DbConnection.java:185)
	at pucrs.gcs.cdl.persistence.DbConnection.createTable(DbConnection.java:53)
	at pucrs.gcs.cdl.persistence.DbConnection.open(DbConnection.java:38)
	at pucrs.gcs.cdl.persistence.DbConnection.queryInsert(DbConnection.java:185)
	at pucrs.gcs.cdl.persistence.DbConnection.createTable(DbConnection.java:53)
	at pucrs.gcs.cdl.persistence.DbConnection.open(DbConnection.java:38)
	at pucrs.gcs.cdl.persistence.DbConnection.queryInsert(DbConnection.java:185)
	at pucrs.gcs.cdl.persistence.DbConnection.createTable(DbConnection.java:53)
	at pucrs.gcs.cdl.persistence.DbConnection.open(DbConnection.java:38)
	at pucrs.gcs.cdl.persistence.DbConnection.queryInsert(DbConnection.java:185)
	at pucrs.gcs.cdl.persistence.DbConnection.createTable(DbConnection.java:53)
	at pucrs.gcs.cdl.persistence.DbConnection.open(DbConnection.java:38)
	at pucrs.gcs.cdl.persistence.DbConnection.queryInsert(DbConnection.java:185)
	at pucrs.gcs.cdl.persistence.DbConnection.createTable(DbConnection.java:53)
	at pucrs.gcs.cdl.persistence.DbConnection.open(DbConnection.java:38)
	at pucrs.gcs.cdl.persistence.DbConnection.queryInsert(DbConnection.java:185)
	at pucrs.gcs.cdl.persistence.DbConnection.createTable(DbConnection.java:53)
	at pucrs.gcs.cdl.persistence.DbConnection.open(DbConnection.java:38)
	at pucrs.gcs.cdl.persistence.DbConnection.queryInsert(DbConnection.java:185)
	at pucrs.gcs.cdl.persistence.DbConnection.createTable(DbConnection.java:53)
	at pucrs.gcs.cdl.persistence.DbConnection.open(DbConnection.java:38)
	at pucrs.gcs.cdl.persistence.DbConnection.queryInsert(DbConnection.java:185)
	at pucrs.gcs.cdl.persistence.DbConnection.createTable(DbConnection.java:53)
	at pucrs.gcs.cdl.persistence.DbConnection.open(DbConnection.java:38)
	at pucrs.gcs.cdl.persistence.DbConnection.queryInsert(DbConnection.java:185)
	at pucrs.gcs.cdl.persistence.DbConnection.createTable(DbConnection.java:53)
	at pucrs.gcs.cdl.persistence.DbConnection.open(DbConnection.java:38)
	at pucrs.gcs.cdl.persistence.DbConnection.queryInsert(DbConnection.java:185)
	at pucrs.gcs.cdl.persistence.DbConnection.createTable(DbConnection.java:53)
	at pucrs.gcs.cdl.persistence.DbConnection.open(DbConnection.java:38)
	at pucrs.gcs.cdl.persistence.DbConnection.queryInsert(DbConnection.java:185)
	at pucrs.gcs.cdl.persistence.DbConnection.createTable(DbConnection.java:53)
	at pucrs.gcs.cdl.persistence.DbConnection.open(DbConnection.java:38)
	at pucrs.gcs.cdl.persistence.DbConnection.queryInsert(DbConnection.java:185)
	at pucrs.gcs.cdl.persistence.DbConnection.createTable(DbConnection.java:53)
	at pucrs.gcs.cdl.persistence.DbConnection.open(DbConnection.java:38)
	at pucrs.gcs.cdl.persistence.DbConnection.queryInsert(DbConnection.java:185)
	at pucrs.gcs.cdl.persistence.DbConnection.createTable(DbConnection.java:53)
	at pucrs.gcs.cdl.persistence.DbConnection.open(DbConnection.java:38)
	at pucrs.gcs.cdl.persistence.DbConnection.queryInsert(DbConnection.java:185)
	at pucrs.gcs.cdl.persistence.DbConnection.createTable(DbConnection.java:53)
	at pucrs.gcs.cdl.persistence.DbConnection.open(DbConnection.java:38)
	at pucrs.gcs.cdl.persistence.DbConnection.queryInsert(DbConnection.java:185)
	at pucrs.gcs.cdl.persistence.DbConnection.createTable(DbConnection.java:53)
	at pucrs.gcs.cdl.persistence.DbConnection.open(DbConnection.java:38)
	at pucrs.gcs.cdl.persistence.DbConnection.queryInsert(DbConnection.java:185)
	at pucrs.gcs.cdl.persistence.DbConnection.createTable(DbConnection.java:53)
	at pucrs.gcs.cdl.persistence.DbConnection.open(DbConnection.java:38)
	at pucrs.gcs.cdl.persistence.DbConnection.queryInsert(DbConnection.java:185)
	at pucrs.gcs.cdl.persistence.DbConnection.createTable(DbConnection.java:53)
	at pucrs.gcs.cdl.persistence.DbConnection.open(DbConnection.java:38)
	at pucrs.gcs.cdl.persistence.DbConnection.queryInsert(DbConnection.java:185)
	at pucrs.gcs.cdl.persistence.DbConnection.createTable(DbConnection.java:53)
	at pucrs.gcs.cdl.persistence.DbConnection.open(DbConnection.java:38)
	at pucrs.gcs.cdl.persistence.DbConnection.queryInsert(DbConnection.java:185)
	at pucrs.gcs.cdl.persistence.DbConnection.createTable(DbConnection.java:53)
	at pucrs.gcs.cdl.persistence.DbConnection.open(DbConnection.java:38)
	at pucrs.gcs.cdl.persistence.DbConnection.queryInsert(DbConnection.java:185)
	at pucrs.gcs.cdl.persistence.DbConnection.createTable(DbConnection.java:53)
	at pucrs.gcs.cdl.persistence.DbConnection.open(DbConnection.java:38)
	at pucrs.gcs.cdl.persistence.DbConnection.queryInsert(DbConnection.java:185)
	at pucrs.gcs.cdl.persistence.DbConnection.createTable(DbConnection.java:53)
	at pucrs.gcs.cdl.persistence.DbConnection.open(DbConnection.java:38)
	at pucrs.gcs.cdl.persistence.DbConnection.queryInsert(DbConnection.java:185)
	at pucrs.gcs.cdl.persistence.DbConnection.createTable(DbConnection.java:53)
	at pucrs.gcs.cdl.persistence.DbConnection.open(DbConnection.java:38)
	at pucrs.gcs.cdl.persistence.DbConnection.queryInsert(DbConnection.java:185)
	at pucrs.gcs.cdl.persistence.DbConnection.createTable(DbConnection.java:53)
	at pucrs.gcs.cdl.persistence.DbConnection.open(DbConnection.java:38)
	at pucrs.gcs.cdl.persistence.DbConnection.queryInsert(DbConnection.java:185)
	at pucrs.gcs.cdl.persistence.DbConnection.createTable(DbConnection.java:53)
	at pucrs.gcs.cdl.persistence.DbConnection.open(DbConnection.java:38)
	at pucrs.gcs.cdl.persistence.DbConnection.queryInsert(DbConnection.java:185)
	at pucrs.gcs.cdl.persistence.DbConnection.createTable(DbConnection.java:53)
	at pucrs.gcs.cdl.persistence.DbConnection.open(DbConnection.java:38)
	at pucrs.gcs.cdl.persistence.DbConnection.queryInsert(DbConnection.java:185)
	at pucrs.gcs.cdl.persistence.DbConnection.createTable(DbConnection.java:53)
	at pucrs.gcs.cdl.persistence.DbConnection.open(DbConnection.java:38)
	at pucrs.gcs.cdl.persistence.DbConnection.queryInsert(DbConnection.java:185)
	at pucrs.gcs.cdl.persistence.DbConnection.createTable(DbConnection.java:53)
	at pucrs.gcs.cdl.persistence.DbConnection.open(DbConnection.java:38)
	at pucrs.gcs.cdl.persistence.DbConnection.queryInsert(DbConnection.java:185)
	at pucrs.gcs.cdl.persistence.DbConnection.createTable(DbConnection.java:53)
	at pucrs.gcs.cdl.persistence.DbConnection.open(DbConnection.java:38)
	at pucrs.gcs.cdl.persistence.DbConnection.queryInsert(DbConnection.java:185)
	at pucrs.gcs.cdl.persistence.DbConnection.createTable(DbConnection.java:53)
	at pucrs.gcs.cdl.persistence.DbConnection.open(DbConnection.java:38)
	at pucrs.gcs.cdl.persistence.DbConnection.queryInsert(DbConnection.java:185)
	at pucrs.gcs.cdl.persistence.DbConnection.createTable(DbConnection.java:53)
	at pucrs.gcs.cdl.persistence.DbConnection.open(DbConnection.java:38)
	at pucrs.gcs.cdl.persistence.DbConnection.queryInsert(DbConnection.java:185)
	at pucrs.gcs.cdl.persistence.DbConnection.createTable(DbConnection.java:53)
	at pucrs.gcs.cdl.persistence.DbConnection.open(DbConnection.java:38)
	at pucrs.gcs.cdl.persistence.DbConnection.queryInsert(DbConnection.java:185)
	at pucrs.gcs.cdl.persistence.DbConnection.createTable(DbConnection.java:53)
	at pucrs.gcs.cdl.persistence.DbConnection.open(DbConnection.java:38)
	at pucrs.gcs.cdl.persistence.DbConnection.queryInsert(DbConnection.java:185)
	at pucrs.gcs.cdl.persistence.DbConnection.createTable(DbConnection.java:53)
	at pucrs.gcs.cdl.persistence.DbConnection.open(DbConnection.java:38)
	at pucrs.gcs.cdl.persistence.DbConnection.queryInsert(DbConnection.java:185)
	at pucrs.gcs.cdl.persistence.DbConnection.createTable(DbConnection.java:53)
	at pucrs.gcs.cdl.persistence.DbConnection.open(DbConnection.java:38)
	at pucrs.gcs.cdl.persistence.DbConnection.queryInsert(DbConnection.java:185)
	at pucrs.gcs.cdl.persistence.DbConnection.createTable(DbConnection.java:53)
	at pucrs.gcs.cdl.persistence.DbConnection.open(DbConnection.java:38)
	at pucrs.gcs.cdl.persistence.DbConnection.queryInsert(DbConnection.java:185)
	at pucrs.gcs.cdl.persistence.DbConnection.createTable(DbConnection.java:53)
	at pucrs.gcs.cdl.persistence.DbConnection.open(DbConnection.java:38)
	at pucrs.gcs.cdl.persistence.DbConnection.queryInsert(DbConnection.java:185)
	at pucrs.gcs.cdl.persistence.DbConnection.createTable(DbConnection.java:53)
	at pucrs.gcs.cdl.persistence.DbConnection.open(DbConnection.java:38)
	at pucrs.gcs.cdl.persistence.DbConnection.queryInsert(DbConnection.java:185)
	at pucrs.gcs.cdl.persistence.DbConnection.createTable(DbConnection.java:53)
	at pucrs.gcs.cdl.persistence.DbConnection.open(DbConnection.java:38)
	at pucrs.gcs.cdl.persistence.DbConnection.queryInsert(DbConnection.java:185)
	at pucrs.gcs.cdl.persistence.DbConnection.createTable(DbConnection.java:53)
	at pucrs.gcs.cdl.persistence.DbConnection.open(DbConnection.java:38)
	at pucrs.gcs.cdl.persistence.DbConnection.queryInsert(DbConnection.java:185)
	at pucrs.gcs.cdl.persistence.DbConnection.createTable(DbConnection.java:53)
	at pucrs.gcs.cdl.persistence.DbConnection.open(DbConnection.java:38)
	at pucrs.gcs.cdl.persistence.DbConnection.queryInsert(DbConnection.java:185)
	at pucrs.gcs.cdl.persistence.DbConnection.createTable(DbConnection.java:53)
	at pucrs.gcs.cdl.persistence.DbConnection.open(DbConnection.java:38)
	at pucrs.gcs.cdl.persistence.DbConnection.queryInsert(DbConnection.java:185)
	at pucrs.gcs.cdl.persistence.DbConnection.createTable(DbConnection.java:53)
	at pucrs.gcs.cdl.persistence.DbConnection.open(DbConnection.java:38)
	at pucrs.gcs.cdl.persistence.DbConnection.queryInsert(DbConnection.java:185)
	at pucrs.gcs.cdl.persistence.DbConnection.createTable(DbConnection.java:53)
	at pucrs.gcs.cdl.persistence.DbConnection.open(DbConnection.java:38)
	at pucrs.gcs.cdl.persistence.DbConnection.queryInsert(DbConnection.java:185)
	at pucrs.gcs.cdl.persistence.DbConnection.createTable(DbConnection.java:53)
	at pucrs.gcs.cdl.persistence.DbConnection.open(DbConnection.java:38)
	at pucrs.gcs.cdl.persistence.DbConnection.queryInsert(DbConnection.java:185)
	at pucrs.gcs.cdl.persistence.DbConnection.createTable(DbConnection.java:53)
	at pucrs.gcs.cdl.persistence.DbConnection.open(DbConnection.java:38)
	at pucrs.gcs.cdl.persistence.DbConnection.queryInsert(DbConnection.java:185)
	at pucrs.gcs.cdl.persistence.DbConnection.createTable(DbConnection.java:53)
	at pucrs.gcs.cdl.persistence.DbConnection.open(DbConnection.java:38)
	at pucrs.gcs.cdl.persistence.DbConnection.queryInsert(DbConnection.java:185)
	at pucrs.gcs.cdl.persistence.DbConnection.createTable(DbConnection.java:53)
	at pucrs.gcs.cdl.persistence.DbConnection.open(DbConnection.java:38)
	at pucrs.gcs.cdl.persistence.DbConnection.queryInsert(DbConnection.java:185)
	at pucrs.gcs.cdl.persistence.DbConnection.createTable(DbConnection.java:53)
	at pucrs.gcs.cdl.persistence.DbConnection.open(DbConnection.java:38)
	at pucrs.gcs.cdl.persistence.DbConnection.queryInsert(DbConnection.java:185)
	at pucrs.gcs.cdl.persistence.DbConnection.createTable(DbConnection.java:53)
	at pucrs.gcs.cdl.persistence.DbConnection.open(DbConnection.java:38)
	at pucrs.gcs.cdl.persistence.DbConnection.queryInsert(DbConnection.java:185)
	at pucrs.gcs.cdl.persistence.DbConnection.createTable(DbConnection.java:53)
	at pucrs.gcs.cdl.persistence.DbConnection.open(DbConnection.java:38)
	at pucrs.gcs.cdl.persistence.DbConnection.queryInsert(DbConnection.java:185)
	at pucrs.gcs.cdl.persistence.DbConnection.createTable(DbConnection.java:53)
	at pucrs.gcs.cdl.persistence.DbConnection.open(DbConnection.java:38)
	at pucrs.gcs.cdl.persistence.DbConnection.queryInsert(DbConnection.java:185)
	at pucrs.gcs.cdl.persistence.DbConnection.createTable(DbConnection.java:53)
	at pucrs.gcs.cdl.persistence.DbConnection.open(DbConnection.java:38)
	at pucrs.gcs.cdl.persistence.DbConnection.queryInsert(DbConnection.java:185)
	at pucrs.gcs.cdl.persistence.DbConnection.createTable(DbConnection.java:53)
	at pucrs.gcs.cdl.persistence.DbConnection.open(DbConnection.java:38)
	at pucrs.gcs.cdl.persistence.DbConnection.queryInsert(DbConnection.java:185)
	at pucrs.gcs.cdl.persistence.DbConnection.createTable(DbConnection.java:53)
	at pucrs.gcs.cdl.persistence.DbConnection.open(DbConnection.java:38)
	at pucrs.gcs.cdl.persistence.DbConnection.queryInsert(DbConnection.java:185)
	at pucrs.gcs.cdl.persistence.DbConnection.createTable(DbConnection.java:53)
	at pucrs.gcs.cdl.persistence.DbConnection.open(DbConnection.java:38)
	at pucrs.gcs.cdl.persistence.DbConnection.queryInsert(DbConnection.java:185)
	at pucrs.gcs.cdl.persistence.DbConnection.createTable(DbConnection.java:53)
	at pucrs.gcs.cdl.persistence.DbConnection.open(DbConnection.java:38)
	at pucrs.gcs.cdl.persistence.DbConnection.queryInsert(DbConnection.java:185)
	at pucrs.gcs.cdl.persistence.DbConnection.createTable(DbConnection.java:53)
	at pucrs.gcs.cdl.persistence.DbConnection.open(DbConnection.java:38)
	at pucrs.gcs.cdl.persistence.DbConnection.queryInsert(DbConnection.java:185)
	at pucrs.gcs.cdl.persistence.DbConnection.createTable(DbConnection.java:53)
	at pucrs.gcs.cdl.persistence.DbConnection.open(DbConnection.java:38)
	at pucrs.gcs.cdl.persistence.DbConnection.queryInsert(DbConnection.java:185)
	at pucrs.gcs.cdl.persistence.DbConnection.createTable(DbConnection.java:53)
	at pucrs.gcs.cdl.persistence.DbConnection.open(DbConnection.java:38)
	at pucrs.gcs.cdl.persistence.DbConnection.queryInsert(DbConnection.java:185)
	at pucrs.gcs.cdl.persistence.DbConnection.createTable(DbConnection.java:53)
	at pucrs.gcs.cdl.persistence.DbConnection.open(DbConnection.java:38)
	at pucrs.gcs.cdl.persistence.DbConnection.queryInsert(DbConnection.java:185)
	at pucrs.gcs.cdl.persistence.DbConnection.createTable(DbConnection.java:53)
	at pucrs.gcs.cdl.persistence.DbConnection.open(DbConnection.java:38)
	at pucrs.gcs.cdl.persistence.DbConnection.queryInsert(DbConnection.java:185)
	at pucrs.gcs.cdl.persistence.DbConnection.createTable(DbConnection.java:53)
	at pucrs.gcs.cdl.persistence.DbConnection.open(DbConnection.java:38)
	at pucrs.gcs.cdl.persistence.DbConnection.queryInsert(DbConnection.java:185)
	at pucrs.gcs.cdl.persistence.DbConnection.createTable(DbConnection.java:53)
	at pucrs.gcs.cdl.persistence.DbConnection.open(DbConnection.java:38)
	at pucrs.gcs.cdl.persistence.DbConnection.queryInsert(DbConnection.java:185)
	at pucrs.gcs.cdl.persistence.DbConnection.createTable(DbConnection.java:53)
	at pucrs.gcs.cdl.persistence.DbConnection.open(DbConnection.java:38)
	at pucrs.gcs.cdl.persistence.DbConnection.queryInsert(DbConnection.java:185)
	at pucrs.gcs.cdl.persistence.DbConnection.createTable(DbConnection.java:53)
	at pucrs.gcs.cdl.persistence.DbConnection.open(DbConnection.java:38)
	at pucrs.gcs.cdl.persistence.DbConnection.queryInsert(DbConnection.java:185)
	at pucrs.gcs.cdl.persistence.DbConnection.createTable(DbConnection.java:53)
	at pucrs.gcs.cdl.persistence.DbConnection.open(DbConnection.java:38)
	at pucrs.gcs.cdl.persistence.DbConnection.queryInsert(DbConnection.java:185)
	at pucrs.gcs.cdl.persistence.DbConnection.createTable(DbConnection.java:53)
	at pucrs.gcs.cdl.persistence.DbConnection.open(DbConnection.java:38)
	at pucrs.gcs.cdl.persistence.DbConnection.queryInsert(DbConnection.java:185)
	at pucrs.gcs.cdl.persistence.DbConnection.createTable(DbConnection.java:53)
	at pucrs.gcs.cdl.persistence.DbConnection.open(DbConnection.java:38)
	at pucrs.gcs.cdl.persistence.DbConnection.queryInsert(DbConnection.java:185)
	at pucrs.gcs.cdl.persistence.DbConnection.createTable(DbConnection.java:53)
	at pucrs.gcs.cdl.persistence.DbConnection.open(DbConnection.java:38)
	at pucrs.gcs.cdl.persistence.DbConnection.queryInsert(DbConnection.java:185)
	at pucrs.gcs.cdl.persistence.DbConnection.createTable(DbConnection.java:53)
	at pucrs.gcs.cdl.persistence.DbConnection.open(DbConnection.java:38)
	at pucrs.gcs.cdl.persistence.DbConnection.queryInsert(DbConnection.java:185)
	at pucrs.gcs.cdl.persistence.DbConnection.createTable(DbConnection.java:53)
	at pucrs.gcs.cdl.persistence.DbConnection.open(DbConnection.java:38)
	at pucrs.gcs.cdl.persistence.DbConnection.queryInsert(DbConnection.java:185)
	at pucrs.gcs.cdl.persistence.DbConnection.createTable(DbConnection.java:53)
	at pucrs.gcs.cdl.persistence.DbConnection.open(DbConnection.java:38)
	at pucrs.gcs.cdl.persistence.DbConnection.queryInsert(DbConnection.java:185)
	at pucrs.gcs.cdl.persistence.DbConnection.createTable(DbConnection.java:53)
	at pucrs.gcs.cdl.persistence.DbConnection.open(DbConnection.java:38)
	at pucrs.gcs.cdl.persistence.DbConnection.queryInsert(DbConnection.java:185)
	at pucrs.gcs.cdl.persistence.DbConnection.createTable(DbConnection.java:53)
	at pucrs.gcs.cdl.persistence.DbConnection.open(DbConnection.java:38)
	at pucrs.gcs.cdl.persistence.DbConnection.queryInsert(DbConnection.java:185)
	at pucrs.gcs.cdl.persistence.DbConnection.createTable(DbConnection.java:53)
	at pucrs.gcs.cdl.persistence.DbConnection.open(DbConnection.java:38)
	at pucrs.gcs.cdl.persistence.DbConnection.queryInsert(DbConnection.java:185)
	at pucrs.gcs.cdl.persistence.DbConnection.createTable(DbConnection.java:53)
	at pucrs.gcs.cdl.persistence.DbConnection.open(DbConnection.java:38)
	at pucrs.gcs.cdl.persistence.DbConnection.queryInsert(DbConnection.java:185)
	at pucrs.gcs.cdl.persistence.DbConnection.createTable(DbConnection.java:53)
	at pucrs.gcs.cdl.persistence.DbConnection.open(DbConnection.java:38)
	at pucrs.gcs.cdl.persistence.DbConnection.queryInsert(DbConnection.java:185)
	at pucrs.gcs.cdl.persistence.DbConnection.createTable(DbConnection.java:53)
	at pucrs.gcs.cdl.persistence.DbConnection.open(DbConnection.java:38)
	at pucrs.gcs.cdl.persistence.DbConnection.queryInsert(DbConnection.java:185)
	at pucrs.gcs.cdl.persistence.DbConnection.createTable(DbConnection.java:53)
	at pucrs.gcs.cdl.persistence.DbConnection.open(DbConnection.java:38)
	at pucrs.gcs.cdl.persistence.DbConnection.queryInsert(DbConnection.java:185)
	at pucrs.gcs.cdl.persistence.DbConnection.createTable(DbConnection.java:53)
	at pucrs.gcs.cdl.persistence.DbConnection.open(DbConnection.java:38)
	at pucrs.gcs.cdl.persistence.DbConnection.queryInsert(DbConnection.java:185)
	at pucrs.gcs.cdl.persistence.DbConnection.createTable(DbConnection.java:53)
	at pucrs.gcs.cdl.persistence.DbConnection.open(DbConnection.java:38)
	at pucrs.gcs.cdl.persistence.DbConnection.queryInsert(DbConnection.java:185)
	at pucrs.gcs.cdl.persistence.DbConnection.createTable(DbConnection.java:53)
	at pucrs.gcs.cdl.persistence.DbConnection.open(DbConnection.java:38)
	at pucrs.gcs.cdl.persistence.DbConnection.queryInsert(DbConnection.java:185)
	at pucrs.gcs.cdl.persistence.DbConnection.createTable(DbConnection.java:53)
	at pucrs.gcs.cdl.persistence.DbConnection.open(DbConnection.java:38)
	at pucrs.gcs.cdl.persistence.DbConnection.queryInsert(DbConnection.java:185)
	at pucrs.gcs.cdl.persistence.DbConnection.createTable(DbConnection.java:53)
	at pucrs.gcs.cdl.persistence.DbConnection.open(DbConnection.java:38)
	at pucrs.gcs.cdl.persistence.DbConnection.queryInsert(DbConnection.java:185)
	at pucrs.gcs.cdl.persistence.DbConnection.createTable(DbConnection.java:53)
	at pucrs.gcs.cdl.persistence.DbConnection.open(DbConnection.java:38)
	at pucrs.gcs.cdl.persistence.DbConnection.queryInsert(DbConnection.java:185)
	at pucrs.gcs.cdl.persistence.DbConnection.createTable(DbConnection.java:53)
	at pucrs.gcs.cdl.persistence.DbConnection.open(DbConnection.java:38)
	at pucrs.gcs.cdl.persistence.DbConnection.queryInsert(DbConnection.java:185)
	at pucrs.gcs.cdl.persistence.DbConnection.createTable(DbConnection.java:53)
	at pucrs.gcs.cdl.persistence.DbConnection.open(DbConnection.java:38)
	at pucrs.gcs.cdl.persistence.DbConnection.queryInsert(DbConnection.java:185)
	at pucrs.gcs.cdl.persistence.DbConnection.createTable(DbConnection.java:53)
	at pucrs.gcs.cdl.persistence.DbConnection.open(DbConnection.java:38)
	at pucrs.gcs.cdl.persistence.DbConnection.queryInsert(DbConnection.java:185)
	at pucrs.gcs.cdl.persistence.DbConnection.createTable(DbConnection.java:53)
	at pucrs.gcs.cdl.persistence.DbConnection.open(DbConnection.java:38)
	at pucrs.gcs.cdl.persistence.DbConnection.queryInsert(DbConnection.java:185)
	at pucrs.gcs.cdl.persistence.DbConnection.createTable(DbConnection.java:53)
	at pucrs.gcs.cdl.persistence.DbConnection.open(DbConnection.java:38)
	at pucrs.gcs.cdl.persistence.DbConnection.queryInsert(DbConnection.java:185)
	at pucrs.gcs.cdl.persistence.DbConnection.createTable(DbConnection.java:53)
	at pucrs.gcs.cdl.persistence.DbConnection.open(DbConnection.java:38)
	at pucrs.gcs.cdl.persistence.DbConnection.queryInsert(DbConnection.java:185)
	at pucrs.gcs.cdl.persistence.DbConnection.createTable(DbConnection.java:53)
	at pucrs.gcs.cdl.persistence.DbConnection.open(DbConnection.java:38)
	at pucrs.gcs.cdl.persistence.DbConnection.queryInsert(DbConnection.java:185)
	at pucrs.gcs.cdl.persistence.DbConnection.createTable(DbConnection.java:53)
	at pucrs.gcs.cdl.persistence.DbConnection.open(DbConnection.java:38)
	at pucrs.gcs.cdl.persistence.DbConnection.queryInsert(DbConnection.java:185)
	at pucrs.gcs.cdl.persistence.DbConnection.createTable(DbConnection.java:53)
	at pucrs.gcs.cdl.persistence.DbConnection.open(DbConnection.java:38)
	at pucrs.gcs.cdl.persistence.DbConnection.queryInsert(DbConnection.java:185)
	at pucrs.gcs.cdl.persistence.DbConnection.createTable(DbConnection.java:53)
	at pucrs.gcs.cdl.persistence.DbConnection.open(DbConnection.java:38)
	at pucrs.gcs.cdl.persistence.DbConnection.queryInsert(DbConnection.java:185)
	at pucrs.gcs.cdl.persistence.DbConnection.createTable(DbConnection.java:53)
	at pucrs.gcs.cdl.persistence.DbConnection.open(DbConnection.java:38)
	at pucrs.gcs.cdl.persistence.DbConnection.queryInsert(DbConnection.java:185)
</error>
  </testcase>
  <testcase classname="BarControllerTest" name="consultaClientesNoBar" time="4.04">
    <error type="java.lang.StackOverflowError">java.lang.StackOverflowError
	at org.h2.message.DbException.convert(DbException.java:296)
	at org.h2.command.Command.executeQuery(Command.java:216)
	at org.h2.jdbc.JdbcPreparedStatement.executeQuery(JdbcPreparedStatement.java:114)
	at org.h2.jdbc.JdbcDatabaseMetaData.getTables(JdbcDatabaseMetaData.java:224)
	at pucrs.gcs.cdl.persistence.DbConnection.tableExists(DbConnection.java:48)
	at pucrs.gcs.cdl.persistence.DbConnection.open(DbConnection.java:37)
	at pucrs.gcs.cdl.persistence.DbConnection.queryInsert(DbConnection.java:185)
	at pucrs.gcs.cdl.persistence.DbConnection.createTable(DbConnection.java:53)
	at pucrs.gcs.cdl.persistence.DbConnection.open(DbConnection.java:38)
	at pucrs.gcs.cdl.persistence.DbConnection.queryInsert(DbConnection.java:185)
	at pucrs.gcs.cdl.persistence.DbConnection.createTable(DbConnection.java:53)
	at pucrs.gcs.cdl.persistence.DbConnection.open(DbConnection.java:38)
	at pucrs.gcs.cdl.persistence.DbConnection.queryInsert(DbConnection.java:185)
	at pucrs.gcs.cdl.persistence.DbConnection.createTable(DbConnection.java:53)
	at pucrs.gcs.cdl.persistence.DbConnection.open(DbConnection.java:38)
	at pucrs.gcs.cdl.persistence.DbConnection.queryInsert(DbConnection.java:185)
	at pucrs.gcs.cdl.persistence.DbConnection.createTable(DbConnection.java:53)
	at pucrs.gcs.cdl.persistence.DbConnection.open(DbConnection.java:38)
	at pucrs.gcs.cdl.persistence.DbConnection.queryInsert(DbConnection.java:185)
	at pucrs.gcs.cdl.persistence.DbConnection.createTable(DbConnection.java:53)
	at pucrs.gcs.cdl.persistence.DbConnection.open(DbConnection.java:38)
	at pucrs.gcs.cdl.persistence.DbConnection.queryInsert(DbConnection.java:185)
	at pucrs.gcs.cdl.persistence.DbConnection.createTable(DbConnection.java:53)
	at pucrs.gcs.cdl.persistence.DbConnection.open(DbConnection.java:38)
	at pucrs.gcs.cdl.persistence.DbConnection.queryInsert(DbConnection.java:185)
	at pucrs.gcs.cdl.persistence.DbConnection.createTable(DbConnection.java:53)
	at pucrs.gcs.cdl.persistence.DbConnection.open(DbConnection.java:38)
	at pucrs.gcs.cdl.persistence.DbConnection.queryInsert(DbConnection.java:185)
	at pucrs.gcs.cdl.persistence.DbConnection.createTable(DbConnection.java:53)
	at pucrs.gcs.cdl.persistence.DbConnection.open(DbConnection.java:38)
	at pucrs.gcs.cdl.persistence.DbConnection.queryInsert(DbConnection.java:185)
	at pucrs.gcs.cdl.persistence.DbConnection.createTable(DbConnection.java:53)
	at pucrs.gcs.cdl.persistence.DbConnection.open(DbConnection.java:38)
	at pucrs.gcs.cdl.persistence.DbConnection.queryInsert(DbConnection.java:185)
	at pucrs.gcs.cdl.persistence.DbConnection.createTable(DbConnection.java:53)
	at pucrs.gcs.cdl.persistence.DbConnection.open(DbConnection.java:38)
	at pucrs.gcs.cdl.persistence.DbConnection.queryInsert(DbConnection.java:185)
	at pucrs.gcs.cdl.persistence.DbConnection.createTable(DbConnection.java:53)
	at pucrs.gcs.cdl.persistence.DbConnection.open(DbConnection.java:38)
	at pucrs.gcs.cdl.persistence.DbConnection.queryInsert(DbConnection.java:185)
	at pucrs.gcs.cdl.persistence.DbConnection.createTable(DbConnection.java:53)
	at pucrs.gcs.cdl.persistence.DbConnection.open(DbConnection.java:38)
	at pucrs.gcs.cdl.persistence.DbConnection.queryInsert(DbConnection.java:185)
	at pucrs.gcs.cdl.persistence.DbConnection.createTable(DbConnection.java:53)
	at pucrs.gcs.cdl.persistence.DbConnection.open(DbConnection.java:38)
	at pucrs.gcs.cdl.persistence.DbConnection.queryInsert(DbConnection.java:185)
	at pucrs.gcs.cdl.persistence.DbConnection.createTable(DbConnection.java:53)
	at pucrs.gcs.cdl.persistence.DbConnection.open(DbConnection.java:38)
	at pucrs.gcs.cdl.persistence.DbConnection.queryInsert(DbConnection.java:185)
	at pucrs.gcs.cdl.persistence.DbConnection.createTable(DbConnection.java:53)
	at pucrs.gcs.cdl.persistence.DbConnection.open(DbConnection.java:38)
	at pucrs.gcs.cdl.persistence.DbConnection.queryInsert(DbConnection.java:185)
	at pucrs.gcs.cdl.persistence.DbConnection.createTable(DbConnection.java:53)
	at pucrs.gcs.cdl.persistence.DbConnection.open(DbConnection.java:38)
	at pucrs.gcs.cdl.persistence.DbConnection.queryInsert(DbConnection.java:185)
	at pucrs.gcs.cdl.persistence.DbConnection.createTable(DbConnection.java:53)
	at pucrs.gcs.cdl.persistence.DbConnection.open(DbConnection.java:38)
	at pucrs.gcs.cdl.persistence.DbConnection.queryInsert(DbConnection.java:185)
	at pucrs.gcs.cdl.persistence.DbConnection.createTable(DbConnection.java:53)
	at pucrs.gcs.cdl.persistence.DbConnection.open(DbConnection.java:38)
	at pucrs.gcs.cdl.persistence.DbConnection.queryInsert(DbConnection.java:185)
	at pucrs.gcs.cdl.persistence.DbConnection.createTable(DbConnection.java:53)
	at pucrs.gcs.cdl.persistence.DbConnection.open(DbConnection.java:38)
	at pucrs.gcs.cdl.persistence.DbConnection.queryInsert(DbConnection.java:185)
	at pucrs.gcs.cdl.persistence.DbConnection.createTable(DbConnection.java:53)
	at pucrs.gcs.cdl.persistence.DbConnection.open(DbConnection.java:38)
	at pucrs.gcs.cdl.persistence.DbConnection.queryInsert(DbConnection.java:185)
	at pucrs.gcs.cdl.persistence.DbConnection.createTable(DbConnection.java:53)
	at pucrs.gcs.cdl.persistence.DbConnection.open(DbConnection.java:38)
	at pucrs.gcs.cdl.persistence.DbConnection.queryInsert(DbConnection.java:185)
	at pucrs.gcs.cdl.persistence.DbConnection.createTable(DbConnection.java:53)
	at pucrs.gcs.cdl.persistence.DbConnection.open(DbConnection.java:38)
	at pucrs.gcs.cdl.persistence.DbConnection.queryInsert(DbConnection.java:185)
	at pucrs.gcs.cdl.persistence.DbConnection.createTable(DbConnection.java:53)
	at pucrs.gcs.cdl.persistence.DbConnection.open(DbConnection.java:38)
	at pucrs.gcs.cdl.persistence.DbConnection.queryInsert(DbConnection.java:185)
	at pucrs.gcs.cdl.persistence.DbConnection.createTable(DbConnection.java:53)
	at pucrs.gcs.cdl.persistence.DbConnection.open(DbConnection.java:38)
	at pucrs.gcs.cdl.persistence.DbConnection.queryInsert(DbConnection.java:185)
	at pucrs.gcs.cdl.persistence.DbConnection.createTable(DbConnection.java:53)
	at pucrs.gcs.cdl.persistence.DbConnection.open(DbConnection.java:38)
	at pucrs.gcs.cdl.persistence.DbConnection.queryInsert(DbConnection.java:185)
	at pucrs.gcs.cdl.persistence.DbConnection.createTable(DbConnection.java:53)
	at pucrs.gcs.cdl.persistence.DbConnection.open(DbConnection.java:38)
	at pucrs.gcs.cdl.persistence.DbConnection.queryInsert(DbConnection.java:185)
	at pucrs.gcs.cdl.persistence.DbConnection.createTable(DbConnection.java:53)
	at pucrs.gcs.cdl.persistence.DbConnection.open(DbConnection.java:38)
	at pucrs.gcs.cdl.persistence.DbConnection.queryInsert(DbConnection.java:185)
	at pucrs.gcs.cdl.persistence.DbConnection.createTable(DbConnection.java:53)
	at pucrs.gcs.cdl.persistence.DbConnection.open(DbConnection.java:38)
	at pucrs.gcs.cdl.persistence.DbConnection.queryInsert(DbConnection.java:185)
	at pucrs.gcs.cdl.persistence.DbConnection.createTable(DbConnection.java:53)
	at pucrs.gcs.cdl.persistence.DbConnection.open(DbConnection.java:38)
	at pucrs.gcs.cdl.persistence.DbConnection.queryInsert(DbConnection.java:185)
	at pucrs.gcs.cdl.persistence.DbConnection.createTable(DbConnection.java:53)
	at pucrs.gcs.cdl.persistence.DbConnection.open(DbConnection.java:38)
	at pucrs.gcs.cdl.persistence.DbConnection.queryInsert(DbConnection.java:185)
	at pucrs.gcs.cdl.persistence.DbConnection.createTable(DbConnection.java:53)
	at pucrs.gcs.cdl.persistence.DbConnection.open(DbConnection.java:38)
	at pucrs.gcs.cdl.persistence.DbConnection.queryInsert(DbConnection.java:185)
	at pucrs.gcs.cdl.persistence.DbConnection.createTable(DbConnection.java:53)
	at pucrs.gcs.cdl.persistence.DbConnection.open(DbConnection.java:38)
	at pucrs.gcs.cdl.persistence.DbConnection.queryInsert(DbConnection.java:185)
	at pucrs.gcs.cdl.persistence.DbConnection.createTable(DbConnection.java:53)
	at pucrs.gcs.cdl.persistence.DbConnection.open(DbConnection.java:38)
	at pucrs.gcs.cdl.persistence.DbConnection.queryInsert(DbConnection.java:185)
	at pucrs.gcs.cdl.persistence.DbConnection.createTable(DbConnection.java:53)
	at pucrs.gcs.cdl.persistence.DbConnection.open(DbConnection.java:38)
	at pucrs.gcs.cdl.persistence.DbConnection.queryInsert(DbConnection.java:185)
	at pucrs.gcs.cdl.persistence.DbConnection.createTable(DbConnection.java:53)
	at pucrs.gcs.cdl.persistence.DbConnection.open(DbConnection.java:38)
	at pucrs.gcs.cdl.persistence.DbConnection.queryInsert(DbConnection.java:185)
	at pucrs.gcs.cdl.persistence.DbConnection.createTable(DbConnection.java:53)
	at pucrs.gcs.cdl.persistence.DbConnection.open(DbConnection.java:38)
	at pucrs.gcs.cdl.persistence.DbConnection.queryInsert(DbConnection.java:185)
	at pucrs.gcs.cdl.persistence.DbConnection.createTable(DbConnection.java:53)
	at pucrs.gcs.cdl.persistence.DbConnection.open(DbConnection.java:38)
	at pucrs.gcs.cdl.persistence.DbConnection.queryInsert(DbConnection.java:185)
	at pucrs.gcs.cdl.persistence.DbConnection.createTable(DbConnection.java:53)
	at pucrs.gcs.cdl.persistence.DbConnection.open(DbConnection.java:38)
	at pucrs.gcs.cdl.persistence.DbConnection.queryInsert(DbConnection.java:185)
	at pucrs.gcs.cdl.persistence.DbConnection.createTable(DbConnection.java:53)
	at pucrs.gcs.cdl.persistence.DbConnection.open(DbConnection.java:38)
	at pucrs.gcs.cdl.persistence.DbConnection.queryInsert(DbConnection.java:185)
	at pucrs.gcs.cdl.persistence.DbConnection.createTable(DbConnection.java:53)
	at pucrs.gcs.cdl.persistence.DbConnection.open(DbConnection.java:38)
	at pucrs.gcs.cdl.persistence.DbConnection.queryInsert(DbConnection.java:185)
	at pucrs.gcs.cdl.persistence.DbConnection.createTable(DbConnection.java:53)
	at pucrs.gcs.cdl.persistence.DbConnection.open(DbConnection.java:38)
	at pucrs.gcs.cdl.persistence.DbConnection.queryInsert(DbConnection.java:185)
	at pucrs.gcs.cdl.persistence.DbConnection.createTable(DbConnection.java:53)
	at pucrs.gcs.cdl.persistence.DbConnection.open(DbConnection.java:38)
	at pucrs.gcs.cdl.persistence.DbConnection.queryInsert(DbConnection.java:185)
	at pucrs.gcs.cdl.persistence.DbConnection.createTable(DbConnection.java:53)
	at pucrs.gcs.cdl.persistence.DbConnection.open(DbConnection.java:38)
	at pucrs.gcs.cdl.persistence.DbConnection.queryInsert(DbConnection.java:185)
	at pucrs.gcs.cdl.persistence.DbConnection.createTable(DbConnection.java:53)
	at pucrs.gcs.cdl.persistence.DbConnection.open(DbConnection.java:38)
	at pucrs.gcs.cdl.persistence.DbConnection.queryInsert(DbConnection.java:185)
	at pucrs.gcs.cdl.persistence.DbConnection.createTable(DbConnection.java:53)
	at pucrs.gcs.cdl.persistence.DbConnection.open(DbConnection.java:38)
	at pucrs.gcs.cdl.persistence.DbConnection.queryInsert(DbConnection.java:185)
	at pucrs.gcs.cdl.persistence.DbConnection.createTable(DbConnection.java:53)
	at pucrs.gcs.cdl.persistence.DbConnection.open(DbConnection.java:38)
	at pucrs.gcs.cdl.persistence.DbConnection.queryInsert(DbConnection.java:185)
	at pucrs.gcs.cdl.persistence.DbConnection.createTable(DbConnection.java:53)
	at pucrs.gcs.cdl.persistence.DbConnection.open(DbConnection.java:38)
	at pucrs.gcs.cdl.persistence.DbConnection.queryInsert(DbConnection.java:185)
	at pucrs.gcs.cdl.persistence.DbConnection.createTable(DbConnection.java:53)
	at pucrs.gcs.cdl.persistence.DbConnection.open(DbConnection.java:38)
	at pucrs.gcs.cdl.persistence.DbConnection.queryInsert(DbConnection.java:185)
	at pucrs.gcs.cdl.persistence.DbConnection.createTable(DbConnection.java:53)
	at pucrs.gcs.cdl.persistence.DbConnection.open(DbConnection.java:38)
	at pucrs.gcs.cdl.persistence.DbConnection.queryInsert(DbConnection.java:185)
	at pucrs.gcs.cdl.persistence.DbConnection.createTable(DbConnection.java:53)
	at pucrs.gcs.cdl.persistence.DbConnection.open(DbConnection.java:38)
	at pucrs.gcs.cdl.persistence.DbConnection.queryInsert(DbConnection.java:185)
	at pucrs.gcs.cdl.persistence.DbConnection.createTable(DbConnection.java:53)
	at pucrs.gcs.cdl.persistence.DbConnection.open(DbConnection.java:38)
	at pucrs.gcs.cdl.persistence.DbConnection.queryInsert(DbConnection.java:185)
	at pucrs.gcs.cdl.persistence.DbConnection.createTable(DbConnection.java:53)
	at pucrs.gcs.cdl.persistence.DbConnection.open(DbConnection.java:38)
	at pucrs.gcs.cdl.persistence.DbConnection.queryInsert(DbConnection.java:185)
	at pucrs.gcs.cdl.persistence.DbConnection.createTable(DbConnection.java:53)
	at pucrs.gcs.cdl.persistence.DbConnection.open(DbConnection.java:38)
	at pucrs.gcs.cdl.persistence.DbConnection.queryInsert(DbConnection.java:185)
	at pucrs.gcs.cdl.persistence.DbConnection.createTable(DbConnection.java:53)
	at pucrs.gcs.cdl.persistence.DbConnection.open(DbConnection.java:38)
	at pucrs.gcs.cdl.persistence.DbConnection.queryInsert(DbConnection.java:185)
	at pucrs.gcs.cdl.persistence.DbConnection.createTable(DbConnection.java:53)
	at pucrs.gcs.cdl.persistence.DbConnection.open(DbConnection.java:38)
	at pucrs.gcs.cdl.persistence.DbConnection.queryInsert(DbConnection.java:185)
	at pucrs.gcs.cdl.persistence.DbConnection.createTable(DbConnection.java:53)
	at pucrs.gcs.cdl.persistence.DbConnection.open(DbConnection.java:38)
	at pucrs.gcs.cdl.persistence.DbConnection.queryInsert(DbConnection.java:185)
	at pucrs.gcs.cdl.persistence.DbConnection.createTable(DbConnection.java:53)
	at pucrs.gcs.cdl.persistence.DbConnection.open(DbConnection.java:38)
	at pucrs.gcs.cdl.persistence.DbConnection.queryInsert(DbConnection.java:185)
	at pucrs.gcs.cdl.persistence.DbConnection.createTable(DbConnection.java:53)
	at pucrs.gcs.cdl.persistence.DbConnection.open(DbConnection.java:38)
	at pucrs.gcs.cdl.persistence.DbConnection.queryInsert(DbConnection.java:185)
	at pucrs.gcs.cdl.persistence.DbConnection.createTable(DbConnection.java:53)
	at pucrs.gcs.cdl.persistence.DbConnection.open(DbConnection.java:38)
	at pucrs.gcs.cdl.persistence.DbConnection.queryInsert(DbConnection.java:185)
	at pucrs.gcs.cdl.persistence.DbConnection.createTable(DbConnection.java:53)
	at pucrs.gcs.cdl.persistence.DbConnection.open(DbConnection.java:38)
	at pucrs.gcs.cdl.persistence.DbConnection.queryInsert(DbConnection.java:185)
	at pucrs.gcs.cdl.persistence.DbConnection.createTable(DbConnection.java:53)
	at pucrs.gcs.cdl.persistence.DbConnection.open(DbConnection.java:38)
	at pucrs.gcs.cdl.persistence.DbConnection.queryInsert(DbConnection.java:185)
	at pucrs.gcs.cdl.persistence.DbConnection.createTable(DbConnection.java:53)
	at pucrs.gcs.cdl.persistence.DbConnection.open(DbConnection.java:38)
	at pucrs.gcs.cdl.persistence.DbConnection.queryInsert(DbConnection.java:185)
	at pucrs.gcs.cdl.persistence.DbConnection.createTable(DbConnection.java:53)
	at pucrs.gcs.cdl.persistence.DbConnection.open(DbConnection.java:38)
	at pucrs.gcs.cdl.persistence.DbConnection.queryInsert(DbConnection.java:185)
	at pucrs.gcs.cdl.persistence.DbConnection.createTable(DbConnection.java:53)
	at pucrs.gcs.cdl.persistence.DbConnection.open(DbConnection.java:38)
	at pucrs.gcs.cdl.persistence.DbConnection.queryInsert(DbConnection.java:185)
	at pucrs.gcs.cdl.persistence.DbConnection.createTable(DbConnection.java:53)
	at pucrs.gcs.cdl.persistence.DbConnection.open(DbConnection.java:38)
	at pucrs.gcs.cdl.persistence.DbConnection.queryInsert(DbConnection.java:185)
	at pucrs.gcs.cdl.persistence.DbConnection.createTable(DbConnection.java:53)
	at pucrs.gcs.cdl.persistence.DbConnection.open(DbConnection.java:38)
	at pucrs.gcs.cdl.persistence.DbConnection.queryInsert(DbConnection.java:185)
	at pucrs.gcs.cdl.persistence.DbConnection.createTable(DbConnection.java:53)
	at pucrs.gcs.cdl.persistence.DbConnection.open(DbConnection.java:38)
	at pucrs.gcs.cdl.persistence.DbConnection.queryInsert(DbConnection.java:185)
	at pucrs.gcs.cdl.persistence.DbConnection.createTable(DbConnection.java:53)
	at pucrs.gcs.cdl.persistence.DbConnection.open(DbConnection.java:38)
	at pucrs.gcs.cdl.persistence.DbConnection.queryInsert(DbConnection.java:185)
	at pucrs.gcs.cdl.persistence.DbConnection.createTable(DbConnection.java:53)
	at pucrs.gcs.cdl.persistence.DbConnection.open(DbConnection.java:38)
	at pucrs.gcs.cdl.persistence.DbConnection.queryInsert(DbConnection.java:185)
	at pucrs.gcs.cdl.persistence.DbConnection.createTable(DbConnection.java:53)
	at pucrs.gcs.cdl.persistence.DbConnection.open(DbConnection.java:38)
	at pucrs.gcs.cdl.persistence.DbConnection.queryInsert(DbConnection.java:185)
	at pucrs.gcs.cdl.persistence.DbConnection.createTable(DbConnection.java:53)
	at pucrs.gcs.cdl.persistence.DbConnection.open(DbConnection.java:38)
	at pucrs.gcs.cdl.persistence.DbConnection.queryInsert(DbConnection.java:185)
	at pucrs.gcs.cdl.persistence.DbConnection.createTable(DbConnection.java:53)
	at pucrs.gcs.cdl.persistence.DbConnection.open(DbConnection.java:38)
	at pucrs.gcs.cdl.persistence.DbConnection.queryInsert(DbConnection.java:185)
	at pucrs.gcs.cdl.persistence.DbConnection.createTable(DbConnection.java:53)
	at pucrs.gcs.cdl.persistence.DbConnection.open(DbConnection.java:38)
	at pucrs.gcs.cdl.persistence.DbConnection.queryInsert(DbConnection.java:185)
	at pucrs.gcs.cdl.persistence.DbConnection.createTable(DbConnection.java:53)
	at pucrs.gcs.cdl.persistence.DbConnection.open(DbConnection.java:38)
	at pucrs.gcs.cdl.persistence.DbConnection.queryInsert(DbConnection.java:185)
	at pucrs.gcs.cdl.persistence.DbConnection.createTable(DbConnection.java:53)
	at pucrs.gcs.cdl.persistence.DbConnection.open(DbConnection.java:38)
	at pucrs.gcs.cdl.persistence.DbConnection.queryInsert(DbConnection.java:185)
	at pucrs.gcs.cdl.persistence.DbConnection.createTable(DbConnection.java:53)
	at pucrs.gcs.cdl.persistence.DbConnection.open(DbConnection.java:38)
	at pucrs.gcs.cdl.persistence.DbConnection.queryInsert(DbConnection.java:185)
	at pucrs.gcs.cdl.persistence.DbConnection.createTable(DbConnection.java:53)
	at pucrs.gcs.cdl.persistence.DbConnection.open(DbConnection.java:38)
	at pucrs.gcs.cdl.persistence.DbConnection.queryInsert(DbConnection.java:185)
	at pucrs.gcs.cdl.persistence.DbConnection.createTable(DbConnection.java:53)
	at pucrs.gcs.cdl.persistence.DbConnection.open(DbConnection.java:38)
	at pucrs.gcs.cdl.persistence.DbConnection.queryInsert(DbConnection.java:185)
	at pucrs.gcs.cdl.persistence.DbConnection.createTable(DbConnection.java:53)
	at pucrs.gcs.cdl.persistence.DbConnection.open(DbConnection.java:38)
	at pucrs.gcs.cdl.persistence.DbConnection.queryInsert(DbConnection.java:185)
	at pucrs.gcs.cdl.persistence.DbConnection.createTable(DbConnection.java:53)
	at pucrs.gcs.cdl.persistence.DbConnection.open(DbConnection.java:38)
	at pucrs.gcs.cdl.persistence.DbConnection.queryInsert(DbConnection.java:185)
	at pucrs.gcs.cdl.persistence.DbConnection.createTable(DbConnection.java:53)
	at pucrs.gcs.cdl.persistence.DbConnection.open(DbConnection.java:38)
	at pucrs.gcs.cdl.persistence.DbConnection.queryInsert(DbConnection.java:185)
	at pucrs.gcs.cdl.persistence.DbConnection.createTable(DbConnection.java:53)
	at pucrs.gcs.cdl.persistence.DbConnection.open(DbConnection.java:38)
	at pucrs.gcs.cdl.persistence.DbConnection.queryInsert(DbConnection.java:185)
	at pucrs.gcs.cdl.persistence.DbConnection.createTable(DbConnection.java:53)
	at pucrs.gcs.cdl.persistence.DbConnection.open(DbConnection.java:38)
	at pucrs.gcs.cdl.persistence.DbConnection.queryInsert(DbConnection.java:185)
	at pucrs.gcs.cdl.persistence.DbConnection.createTable(DbConnection.java:53)
	at pucrs.gcs.cdl.persistence.DbConnection.open(DbConnection.java:38)
	at pucrs.gcs.cdl.persistence.DbConnection.queryInsert(DbConnection.java:185)
	at pucrs.gcs.cdl.persistence.DbConnection.createTable(DbConnection.java:53)
	at pucrs.gcs.cdl.persistence.DbConnection.open(DbConnection.java:38)
	at pucrs.gcs.cdl.persistence.DbConnection.queryInsert(DbConnection.java:185)
	at pucrs.gcs.cdl.persistence.DbConnection.createTable(DbConnection.java:53)
	at pucrs.gcs.cdl.persistence.DbConnection.open(DbConnection.java:38)
	at pucrs.gcs.cdl.persistence.DbConnection.queryInsert(DbConnection.java:185)
	at pucrs.gcs.cdl.persistence.DbConnection.createTable(DbConnection.java:53)
	at pucrs.gcs.cdl.persistence.DbConnection.open(DbConnection.java:38)
	at pucrs.gcs.cdl.persistence.DbConnection.queryInsert(DbConnection.java:185)
	at pucrs.gcs.cdl.persistence.DbConnection.createTable(DbConnection.java:53)
	at pucrs.gcs.cdl.persistence.DbConnection.open(DbConnection.java:38)
	at pucrs.gcs.cdl.persistence.DbConnection.queryInsert(DbConnection.java:185)
	at pucrs.gcs.cdl.persistence.DbConnection.createTable(DbConnection.java:53)
	at pucrs.gcs.cdl.persistence.DbConnection.open(DbConnection.java:38)
	at pucrs.gcs.cdl.persistence.DbConnection.queryInsert(DbConnection.java:185)
	at pucrs.gcs.cdl.persistence.DbConnection.createTable(DbConnection.java:53)
	at pucrs.gcs.cdl.persistence.DbConnection.open(DbConnection.java:38)
	at pucrs.gcs.cdl.persistence.DbConnection.queryInsert(DbConnection.java:185)
	at pucrs.gcs.cdl.persistence.DbConnection.createTable(DbConnection.java:53)
	at pucrs.gcs.cdl.persistence.DbConnection.open(DbConnection.java:38)
	at pucrs.gcs.cdl.persistence.DbConnection.queryInsert(DbConnection.java:185)
	at pucrs.gcs.cdl.persistence.DbConnection.createTable(DbConnection.java:53)
	at pucrs.gcs.cdl.persistence.DbConnection.open(DbConnection.java:38)
	at pucrs.gcs.cdl.persistence.DbConnection.queryInsert(DbConnection.java:185)
	at pucrs.gcs.cdl.persistence.DbConnection.createTable(DbConnection.java:53)
	at pucrs.gcs.cdl.persistence.DbConnection.open(DbConnection.java:38)
	at pucrs.gcs.cdl.persistence.DbConnection.queryInsert(DbConnection.java:185)
	at pucrs.gcs.cdl.persistence.DbConnection.createTable(DbConnection.java:53)
	at pucrs.gcs.cdl.persistence.DbConnection.open(DbConnection.java:38)
	at pucrs.gcs.cdl.persistence.DbConnection.queryInsert(DbConnection.java:185)
	at pucrs.gcs.cdl.persistence.DbConnection.createTable(DbConnection.java:53)
	at pucrs.gcs.cdl.persistence.DbConnection.open(DbConnection.java:38)
	at pucrs.gcs.cdl.persistence.DbConnection.queryInsert(DbConnection.java:185)
	at pucrs.gcs.cdl.persistence.DbConnection.createTable(DbConnection.java:53)
	at pucrs.gcs.cdl.persistence.DbConnection.open(DbConnection.java:38)
	at pucrs.gcs.cdl.persistence.DbConnection.queryInsert(DbConnection.java:185)
	at pucrs.gcs.cdl.persistence.DbConnection.createTable(DbConnection.java:53)
	at pucrs.gcs.cdl.persistence.DbConnection.open(DbConnection.java:38)
	at pucrs.gcs.cdl.persistence.DbConnection.queryInsert(DbConnection.java:185)
	at pucrs.gcs.cdl.persistence.DbConnection.createTable(DbConnection.java:53)
	at pucrs.gcs.cdl.persistence.DbConnection.open(DbConnection.java:38)
	at pucrs.gcs.cdl.persistence.DbConnection.queryInsert(DbConnection.java:185)
	at pucrs.gcs.cdl.persistence.DbConnection.createTable(DbConnection.java:53)
	at pucrs.gcs.cdl.persistence.DbConnection.open(DbConnection.java:38)
	at pucrs.gcs.cdl.persistence.DbConnection.queryInsert(DbConnection.java:185)
	at pucrs.gcs.cdl.persistence.DbConnection.createTable(DbConnection.java:53)
	at pucrs.gcs.cdl.persistence.DbConnection.open(DbConnection.java:38)
	at pucrs.gcs.cdl.persistence.DbConnection.queryInsert(DbConnection.java:185)
	at pucrs.gcs.cdl.persistence.DbConnection.createTable(DbConnection.java:53)
	at pucrs.gcs.cdl.persistence.DbConnection.open(DbConnection.java:38)
	at pucrs.gcs.cdl.persistence.DbConnection.queryInsert(DbConnection.java:185)
	at pucrs.gcs.cdl.persistence.DbConnection.createTable(DbConnection.java:53)
	at pucrs.gcs.cdl.persistence.DbConnection.open(DbConnection.java:38)
	at pucrs.gcs.cdl.persistence.DbConnection.queryInsert(DbConnection.java:185)
	at pucrs.gcs.cdl.persistence.DbConnection.createTable(DbConnection.java:53)
	at pucrs.gcs.cdl.persistence.DbConnection.open(DbConnection.java:38)
	at pucrs.gcs.cdl.persistence.DbConnection.queryInsert(DbConnection.java:185)
	at pucrs.gcs.cdl.persistence.DbConnection.createTable(DbConnection.java:53)
	at pucrs.gcs.cdl.persistence.DbConnection.open(DbConnection.java:38)
	at pucrs.gcs.cdl.persistence.DbConnection.queryInsert(DbConnection.java:185)
	at pucrs.gcs.cdl.persistence.DbConnection.createTable(DbConnection.java:53)
	at pucrs.gcs.cdl.persistence.DbConnection.open(DbConnection.java:38)
	at pucrs.gcs.cdl.persistence.DbConnection.queryInsert(DbConnection.java:185)
	at pucrs.gcs.cdl.persistence.DbConnection.createTable(DbConnection.java:53)
	at pucrs.gcs.cdl.persistence.DbConnection.open(DbConnection.java:38)
	at pucrs.gcs.cdl.persistence.DbConnection.queryInsert(DbConnection.java:185)
	at pucrs.gcs.cdl.persistence.DbConnection.createTable(DbConnection.java:53)
	at pucrs.gcs.cdl.persistence.DbConnection.open(DbConnection.java:38)
	at pucrs.gcs.cdl.persistence.DbConnection.queryInsert(DbConnection.java:185)
	at pucrs.gcs.cdl.persistence.DbConnection.createTable(DbConnection.java:53)
	at pucrs.gcs.cdl.persistence.DbConnection.open(DbConnection.java:38)
	at pucrs.gcs.cdl.persistence.DbConnection.queryInsert(DbConnection.java:185)
	at pucrs.gcs.cdl.persistence.DbConnection.createTable(DbConnection.java:53)
	at pucrs.gcs.cdl.persistence.DbConnection.open(DbConnection.java:38)
	at pucrs.gcs.cdl.persistence.DbConnection.queryInsert(DbConnection.java:185)
	at pucrs.gcs.cdl.persistence.DbConnection.createTable(DbConnection.java:53)
	at pucrs.gcs.cdl.persistence.DbConnection.open(DbConnection.java:38)
	at pucrs.gcs.cdl.persistence.DbConnection.queryInsert(DbConnection.java:185)
	at pucrs.gcs.cdl.persistence.DbConnection.createTable(DbConnection.java:53)
	at pucrs.gcs.cdl.persistence.DbConnection.open(DbConnection.java:38)
	at pucrs.gcs.cdl.persistence.DbConnection.queryInsert(DbConnection.java:185)
	at pucrs.gcs.cdl.persistence.DbConnection.createTable(DbConnection.java:53)
	at pucrs.gcs.cdl.persistence.DbConnection.open(DbConnection.java:38)
	at pucrs.gcs.cdl.persistence.DbConnection.queryInsert(DbConnection.java:185)
	at pucrs.gcs.cdl.persistence.DbConnection.createTable(DbConnection.java:53)
	at pucrs.gcs.cdl.persistence.DbConnection.open(DbConnection.java:38)
	at pucrs.gcs.cdl.persistence.DbConnection.queryInsert(DbConnection.java:185)
	at pucrs.gcs.cdl.persistence.DbConnection.createTable(DbConnection.java:53)
	at pucrs.gcs.cdl.persistence.DbConnection.open(DbConnection.java:38)
	at pucrs.gcs.cdl.persistence.DbConnection.queryInsert(DbConnection.java:185)
	at pucrs.gcs.cdl.persistence.DbConnection.createTable(DbConnection.java:53)
	at pucrs.gcs.cdl.persistence.DbConnection.open(DbConnection.java:38)
	at pucrs.gcs.cdl.persistence.DbConnection.queryInsert(DbConnection.java:185)
	at pucrs.gcs.cdl.persistence.DbConnection.createTable(DbConnection.java:53)
	at pucrs.gcs.cdl.persistence.DbConnection.open(DbConnection.java:38)
	at pucrs.gcs.cdl.persistence.DbConnection.queryInsert(DbConnection.java:185)
	at pucrs.gcs.cdl.persistence.DbConnection.createTable(DbConnection.java:53)
	at pucrs.gcs.cdl.persistence.DbConnection.open(DbConnection.java:38)
	at pucrs.gcs.cdl.persistence.DbConnection.queryInsert(DbConnection.java:185)
	at pucrs.gcs.cdl.persistence.DbConnection.createTable(DbConnection.java:53)
	at pucrs.gcs.cdl.persistence.DbConnection.open(DbConnection.java:38)
	at pucrs.gcs.cdl.persistence.DbConnection.queryInsert(DbConnection.java:185)
	at pucrs.gcs.cdl.persistence.DbConnection.createTable(DbConnection.java:53)
	at pucrs.gcs.cdl.persistence.DbConnection.open(DbConnection.java:38)
	at pucrs.gcs.cdl.persistence.DbConnection.queryInsert(DbConnection.java:185)
	at pucrs.gcs.cdl.persistence.DbConnection.createTable(DbConnection.java:53)
	at pucrs.gcs.cdl.persistence.DbConnection.open(DbConnection.java:38)
	at pucrs.gcs.cdl.persistence.DbConnection.queryInsert(DbConnection.java:185)
	at pucrs.gcs.cdl.persistence.DbConnection.createTable(DbConnection.java:53)
	at pucrs.gcs.cdl.persistence.DbConnection.open(DbConnection.java:38)
	at pucrs.gcs.cdl.persistence.DbConnection.queryInsert(DbConnection.java:185)
	at pucrs.gcs.cdl.persistence.DbConnection.createTable(DbConnection.java:53)
	at pucrs.gcs.cdl.persistence.DbConnection.open(DbConnection.java:38)
	at pucrs.gcs.cdl.persistence.DbConnection.queryInsert(DbConnection.java:185)
	at pucrs.gcs.cdl.persistence.DbConnection.createTable(DbConnection.java:53)
	at pucrs.gcs.cdl.persistence.DbConnection.open(DbConnection.java:38)
	at pucrs.gcs.cdl.persistence.DbConnection.queryInsert(DbConnection.java:185)
	at pucrs.gcs.cdl.persistence.DbConnection.createTable(DbConnection.java:53)
	at pucrs.gcs.cdl.persistence.DbConnection.open(DbConnection.java:38)
	at pucrs.gcs.cdl.persistence.DbConnection.queryInsert(DbConnection.java:185)
	at pucrs.gcs.cdl.persistence.DbConnection.createTable(DbConnection.java:53)
	at pucrs.gcs.cdl.persistence.DbConnection.open(DbConnection.java:38)
	at pucrs.gcs.cdl.persistence.DbConnection.queryInsert(DbConnection.java:185)
	at pucrs.gcs.cdl.persistence.DbConnection.createTable(DbConnection.java:53)
	at pucrs.gcs.cdl.persistence.DbConnection.open(DbConnection.java:38)
	at pucrs.gcs.cdl.persistence.DbConnection.queryInsert(DbConnection.java:185)
	at pucrs.gcs.cdl.persistence.DbConnection.createTable(DbConnection.java:53)
	at pucrs.gcs.cdl.persistence.DbConnection.open(DbConnection.java:38)
	at pucrs.gcs.cdl.persistence.DbConnection.queryInsert(DbConnection.java:185)
	at pucrs.gcs.cdl.persistence.DbConnection.createTable(DbConnection.java:53)
	at pucrs.gcs.cdl.persistence.DbConnection.open(DbConnection.java:38)
	at pucrs.gcs.cdl.persistence.DbConnection.queryInsert(DbConnection.java:185)
	at pucrs.gcs.cdl.persistence.DbConnection.createTable(DbConnection.java:53)
	at pucrs.gcs.cdl.persistence.DbConnection.open(DbConnection.java:38)
	at pucrs.gcs.cdl.persistence.DbConnection.queryInsert(DbConnection.java:185)
	at pucrs.gcs.cdl.persistence.DbConnection.createTable(DbConnection.java:53)
	at pucrs.gcs.cdl.persistence.DbConnection.open(DbConnection.java:38)
	at pucrs.gcs.cdl.persistence.DbConnection.queryInsert(DbConnection.java:185)
	at pucrs.gcs.cdl.persistence.DbConnection.createTable(DbConnection.java:53)
	at pucrs.gcs.cdl.persistence.DbConnection.open(DbConnection.java:38)
	at pucrs.gcs.cdl.persistence.DbConnection.queryInsert(DbConnection.java:185)
	at pucrs.gcs.cdl.persistence.DbConnection.createTable(DbConnection.java:53)
	at pucrs.gcs.cdl.persistence.DbConnection.open(DbConnection.java:38)
	at pucrs.gcs.cdl.persistence.DbConnection.queryInsert(DbConnection.java:185)
	at pucrs.gcs.cdl.persistence.DbConnection.createTable(DbConnection.java:53)
	at pucrs.gcs.cdl.persistence.DbConnection.open(DbConnection.java:38)
	at pucrs.gcs.cdl.persistence.DbConnection.queryInsert(DbConnection.java:185)
	at pucrs.gcs.cdl.persistence.DbConnection.createTable(DbConnection.java:53)
	at pucrs.gcs.cdl.persistence.DbConnection.open(DbConnection.java:38)
	at pucrs.gcs.cdl.persistence.DbConnection.queryInsert(DbConnection.java:185)
	at pucrs.gcs.cdl.persistence.DbConnection.createTable(DbConnection.java:53)
	at pucrs.gcs.cdl.persistence.DbConnection.open(DbConnection.java:38)
	at pucrs.gcs.cdl.persistence.DbConnection.queryInsert(DbConnection.java:185)
	at pucrs.gcs.cdl.persistence.DbConnection.createTable(DbConnection.java:53)
	at pucrs.gcs.cdl.persistence.DbConnection.open(DbConnection.java:38)
	at pucrs.gcs.cdl.persistence.DbConnection.queryInsert(DbConnection.java:185)
	at pucrs.gcs.cdl.persistence.DbConnection.createTable(DbConnection.java:53)
	at pucrs.gcs.cdl.persistence.DbConnection.open(DbConnection.java:38)
	at pucrs.gcs.cdl.persistence.DbConnection.queryInsert(DbConnection.java:185)
	at pucrs.gcs.cdl.persistence.DbConnection.createTable(DbConnection.java:53)
	at pucrs.gcs.cdl.persistence.DbConnection.open(DbConnection.java:38)
	at pucrs.gcs.cdl.persistence.DbConnection.queryInsert(DbConnection.java:185)
	at pucrs.gcs.cdl.persistence.DbConnection.createTable(DbConnection.java:53)
	at pucrs.gcs.cdl.persistence.DbConnection.open(DbConnection.java:38)
	at pucrs.gcs.cdl.persistence.DbConnection.queryInsert(DbConnection.java:185)
	at pucrs.gcs.cdl.persistence.DbConnection.createTable(DbConnection.java:53)
	at pucrs.gcs.cdl.persistence.DbConnection.open(DbConnection.java:38)
	at pucrs.gcs.cdl.persistence.DbConnection.queryInsert(DbConnection.java:185)
	at pucrs.gcs.cdl.persistence.DbConnection.createTable(DbConnection.java:53)
	at pucrs.gcs.cdl.persistence.DbConnection.open(DbConnection.java:38)
	at pucrs.gcs.cdl.persistence.DbConnection.queryInsert(DbConnection.java:185)
	at pucrs.gcs.cdl.persistence.DbConnection.createTable(DbConnection.java:53)
	at pucrs.gcs.cdl.persistence.DbConnection.open(DbConnection.java:38)
	at pucrs.gcs.cdl.persistence.DbConnection.queryInsert(DbConnection.java:185)
	at pucrs.gcs.cdl.persistence.DbConnection.createTable(DbConnection.java:53)
	at pucrs.gcs.cdl.persistence.DbConnection.open(DbConnection.java:38)
	at pucrs.gcs.cdl.persistence.DbConnection.queryInsert(DbConnection.java:185)
	at pucrs.gcs.cdl.persistence.DbConnection.createTable(DbConnection.java:53)
	at pucrs.gcs.cdl.persistence.DbConnection.open(DbConnection.java:38)
	at pucrs.gcs.cdl.persistence.DbConnection.queryInsert(DbConnection.java:185)
	at pucrs.gcs.cdl.persistence.DbConnection.createTable(DbConnection.java:53)
	at pucrs.gcs.cdl.persistence.DbConnection.open(DbConnection.java:38)
	at pucrs.gcs.cdl.persistence.DbConnection.queryInsert(DbConnection.java:185)
	at pucrs.gcs.cdl.persistence.DbConnection.createTable(DbConnection.java:53)
	at pucrs.gcs.cdl.persistence.DbConnection.open(DbConnection.java:38)
	at pucrs.gcs.cdl.persistence.DbConnection.queryInsert(DbConnection.java:185)
	at pucrs.gcs.cdl.persistence.DbConnection.createTable(DbConnection.java:53)
	at pucrs.gcs.cdl.persistence.DbConnection.open(DbConnection.java:38)
	at pucrs.gcs.cdl.persistence.DbConnection.queryInsert(DbConnection.java:185)
	at pucrs.gcs.cdl.persistence.DbConnection.createTable(DbConnection.java:53)
	at pucrs.gcs.cdl.persistence.DbConnection.open(DbConnection.java:38)
	at pucrs.gcs.cdl.persistence.DbConnection.queryInsert(DbConnection.java:185)
	at pucrs.gcs.cdl.persistence.DbConnection.createTable(DbConnection.java:53)
	at pucrs.gcs.cdl.persistence.DbConnection.open(DbConnection.java:38)
	at pucrs.gcs.cdl.persistence.DbConnection.queryInsert(DbConnection.java:185)
	at pucrs.gcs.cdl.persistence.DbConnection.createTable(DbConnection.java:53)
	at pucrs.gcs.cdl.persistence.DbConnection.open(DbConnection.java:38)
	at pucrs.gcs.cdl.persistence.DbConnection.queryInsert(DbConnection.java:185)
	at pucrs.gcs.cdl.persistence.DbConnection.createTable(DbConnection.java:53)
	at pucrs.gcs.cdl.persistence.DbConnection.open(DbConnection.java:38)
	at pucrs.gcs.cdl.persistence.DbConnection.queryInsert(DbConnection.java:185)
	at pucrs.gcs.cdl.persistence.DbConnection.createTable(DbConnection.java:53)
	at pucrs.gcs.cdl.persistence.DbConnection.open(DbConnection.java:38)
	at pucrs.gcs.cdl.persistence.DbConnection.queryInsert(DbConnection.java:185)
	at pucrs.gcs.cdl.persistence.DbConnection.createTable(DbConnection.java:53)
	at pucrs.gcs.cdl.persistence.DbConnection.open(DbConnection.java:38)
	at pucrs.gcs.cdl.persistence.DbConnection.queryInsert(DbConnection.java:185)
	at pucrs.gcs.cdl.persistence.DbConnection.createTable(DbConnection.java:53)
	at pucrs.gcs.cdl.persistence.DbConnection.open(DbConnection.java:38)
	at pucrs.gcs.cdl.persistence.DbConnection.queryInsert(DbConnection.java:185)
	at pucrs.gcs.cdl.persistence.DbConnection.createTable(DbConnection.java:53)
	at pucrs.gcs.cdl.persistence.DbConnection.open(DbConnection.java:38)
	at pucrs.gcs.cdl.persistence.DbConnection.queryInsert(DbConnection.java:185)
	at pucrs.gcs.cdl.persistence.DbConnection.createTable(DbConnection.java:53)
	at pucrs.gcs.cdl.persistence.DbConnection.open(DbConnection.java:38)
	at pucrs.gcs.cdl.persistence.DbConnection.queryInsert(DbConnection.java:185)
	at pucrs.gcs.cdl.persistence.DbConnection.createTable(DbConnection.java:53)
	at pucrs.gcs.cdl.persistence.DbConnection.open(DbConnection.java:38)
	at pucrs.gcs.cdl.persistence.DbConnection.queryInsert(DbConnection.java:185)
	at pucrs.gcs.cdl.persistence.DbConnection.createTable(DbConnection.java:53)
	at pucrs.gcs.cdl.persistence.DbConnection.open(DbConnection.java:38)
	at pucrs.gcs.cdl.persistence.DbConnection.queryInsert(DbConnection.java:185)
	at pucrs.gcs.cdl.persistence.DbConnection.createTable(DbConnection.java:53)
	at pucrs.gcs.cdl.persistence.DbConnection.open(DbConnection.java:38)
	at pucrs.gcs.cdl.persistence.DbConnection.queryInsert(DbConnection.java:185)
	at pucrs.gcs.cdl.persistence.DbConnection.createTable(DbConnection.java:53)
	at pucrs.gcs.cdl.persistence.DbConnection.open(DbConnection.java:38)
	at pucrs.gcs.cdl.persistence.DbConnection.queryInsert(DbConnection.java:185)
	at pucrs.gcs.cdl.persistence.DbConnection.createTable(DbConnection.java:53)
	at pucrs.gcs.cdl.persistence.DbConnection.open(DbConnection.java:38)
	at pucrs.gcs.cdl.persistence.DbConnection.queryInsert(DbConnection.java:185)
	at pucrs.gcs.cdl.persistence.DbConnection.createTable(DbConnection.java:53)
	at pucrs.gcs.cdl.persistence.DbConnection.open(DbConnection.java:38)
	at pucrs.gcs.cdl.persistence.DbConnection.queryInsert(DbConnection.java:185)
	at pucrs.gcs.cdl.persistence.DbConnection.createTable(DbConnection.java:53)
	at pucrs.gcs.cdl.persistence.DbConnection.open(DbConnection.java:38)
	at pucrs.gcs.cdl.persistence.DbConnection.queryInsert(DbConnection.java:185)
	at pucrs.gcs.cdl.persistence.DbConnection.createTable(DbConnection.java:53)
	at pucrs.gcs.cdl.persistence.DbConnection.open(DbConnection.java:38)
	at pucrs.gcs.cdl.persistence.DbConnection.queryInsert(DbConnection.java:185)
	at pucrs.gcs.cdl.persistence.DbConnection.createTable(DbConnection.java:53)
	at pucrs.gcs.cdl.persistence.DbConnection.open(DbConnection.java:38)
	at pucrs.gcs.cdl.persistence.DbConnection.queryInsert(DbConnection.java:185)
	at pucrs.gcs.cdl.persistence.DbConnection.createTable(DbConnection.java:53)
	at pucrs.gcs.cdl.persistence.DbConnection.open(DbConnection.java:38)
	at pucrs.gcs.cdl.persistence.DbConnection.queryInsert(DbConnection.java:185)
	at pucrs.gcs.cdl.persistence.DbConnection.createTable(DbConnection.java:53)
	at pucrs.gcs.cdl.persistence.DbConnection.open(DbConnection.java:38)
	at pucrs.gcs.cdl.persistence.DbConnection.queryInsert(DbConnection.java:185)
	at pucrs.gcs.cdl.persistence.DbConnection.createTable(DbConnection.java:53)
	at pucrs.gcs.cdl.persistence.DbConnection.open(DbConnection.java:38)
	at pucrs.gcs.cdl.persistence.DbConnection.queryInsert(DbConnection.java:185)
	at pucrs.gcs.cdl.persistence.DbConnection.createTable(DbConnection.java:53)
	at pucrs.gcs.cdl.persistence.DbConnection.open(DbConnection.java:38)
	at pucrs.gcs.cdl.persistence.DbConnection.queryInsert(DbConnection.java:185)
	at pucrs.gcs.cdl.persistence.DbConnection.createTable(DbConnection.java:53)
	at pucrs.gcs.cdl.persistence.DbConnection.open(DbConnection.java:38)
	at pucrs.gcs.cdl.persistence.DbConnection.queryInsert(DbConnection.java:185)
	at pucrs.gcs.cdl.persistence.DbConnection.createTable(DbConnection.java:53)
	at pucrs.gcs.cdl.persistence.DbConnection.open(DbConnection.java:38)
	at pucrs.gcs.cdl.persistence.DbConnection.queryInsert(DbConnection.java:185)
	at pucrs.gcs.cdl.persistence.DbConnection.createTable(DbConnection.java:53)
	at pucrs.gcs.cdl.persistence.DbConnection.open(DbConnection.java:38)
	at pucrs.gcs.cdl.persistence.DbConnection.queryInsert(DbConnection.java:185)
	at pucrs.gcs.cdl.persistence.DbConnection.createTable(DbConnection.java:53)
	at pucrs.gcs.cdl.persistence.DbConnection.open(DbConnection.java:38)
	at pucrs.gcs.cdl.persistence.DbConnection.queryInsert(DbConnection.java:185)
	at pucrs.gcs.cdl.persistence.DbConnection.createTable(DbConnection.java:53)
	at pucrs.gcs.cdl.persistence.DbConnection.open(DbConnection.java:38)
	at pucrs.gcs.cdl.persistence.DbConnection.queryInsert(DbConnection.java:185)
	at pucrs.gcs.cdl.persistence.DbConnection.createTable(DbConnection.java:53)
	at pucrs.gcs.cdl.persistence.DbConnection.open(DbConnection.java:38)
	at pucrs.gcs.cdl.persistence.DbConnection.queryInsert(DbConnection.java:185)
	at pucrs.gcs.cdl.persistence.DbConnection.createTable(DbConnection.java:53)
	at pucrs.gcs.cdl.persistence.DbConnection.open(DbConnection.java:38)
	at pucrs.gcs.cdl.persistence.DbConnection.queryInsert(DbConnection.java:185)
	at pucrs.gcs.cdl.persistence.DbConnection.createTable(DbConnection.java:53)
	at pucrs.gcs.cdl.persistence.DbConnection.open(DbConnection.java:38)
	at pucrs.gcs.cdl.persistence.DbConnection.queryInsert(DbConnection.java:185)
	at pucrs.gcs.cdl.persistence.DbConnection.createTable(DbConnection.java:53)
	at pucrs.gcs.cdl.persistence.DbConnection.open(DbConnection.java:38)
	at pucrs.gcs.cdl.persistence.DbConnection.queryInsert(DbConnection.java:185)
	at pucrs.gcs.cdl.persistence.DbConnection.createTable(DbConnection.java:53)
	at pucrs.gcs.cdl.persistence.DbConnection.open(DbConnection.java:38)
	at pucrs.gcs.cdl.persistence.DbConnection.queryInsert(DbConnection.java:185)
	at pucrs.gcs.cdl.persistence.DbConnection.createTable(DbConnection.java:53)
	at pucrs.gcs.cdl.persistence.DbConnection.open(DbConnection.java:38)
	at pucrs.gcs.cdl.persistence.DbConnection.queryInsert(DbConnection.java:185)
	at pucrs.gcs.cdl.persistence.DbConnection.createTable(DbConnection.java:53)
	at pucrs.gcs.cdl.persistence.DbConnection.open(DbConnection.java:38)
	at pucrs.gcs.cdl.persistence.DbConnection.queryInsert(DbConnection.java:185)
	at pucrs.gcs.cdl.persistence.DbConnection.createTable(DbConnection.java:53)
	at pucrs.gcs.cdl.persistence.DbConnection.open(DbConnection.java:38)
	at pucrs.gcs.cdl.persistence.DbConnection.queryInsert(DbConnection.java:185)
	at pucrs.gcs.cdl.persistence.DbConnection.createTable(DbConnection.java:53)
	at pucrs.gcs.cdl.persistence.DbConnection.open(DbConnection.java:38)
	at pucrs.gcs.cdl.persistence.DbConnection.queryInsert(DbConnection.java:185)
	at pucrs.gcs.cdl.persistence.DbConnection.createTable(DbConnection.java:53)
	at pucrs.gcs.cdl.persistence.DbConnection.open(DbConnection.java:38)
	at pucrs.gcs.cdl.persistence.DbConnection.queryInsert(DbConnection.java:185)
	at pucrs.gcs.cdl.persistence.DbConnection.createTable(DbConnection.java:53)
	at pucrs.gcs.cdl.persistence.DbConnection.open(DbConnection.java:38)
	at pucrs.gcs.cdl.persistence.DbConnection.queryInsert(DbConnection.java:185)
	at pucrs.gcs.cdl.persistence.DbConnection.createTable(DbConnection.java:53)
	at pucrs.gcs.cdl.persistence.DbConnection.open(DbConnection.java:38)
	at pucrs.gcs.cdl.persistence.DbConnection.queryInsert(DbConnection.java:185)
	at pucrs.gcs.cdl.persistence.DbConnection.createTable(DbConnection.java:53)
	at pucrs.gcs.cdl.persistence.DbConnection.open(DbConnection.java:38)
	at pucrs.gcs.cdl.persistence.DbConnection.queryInsert(DbConnection.java:185)
	at pucrs.gcs.cdl.persistence.DbConnection.createTable(DbConnection.java:53)
	at pucrs.gcs.cdl.persistence.DbConnection.open(DbConnection.java:38)
	at pucrs.gcs.cdl.persistence.DbConnection.queryInsert(DbConnection.java:185)
	at pucrs.gcs.cdl.persistence.DbConnection.createTable(DbConnection.java:53)
	at pucrs.gcs.cdl.persistence.DbConnection.open(DbConnection.java:38)
	at pucrs.gcs.cdl.persistence.DbConnection.queryInsert(DbConnection.java:185)
	at pucrs.gcs.cdl.persistence.DbConnection.createTable(DbConnection.java:53)
	at pucrs.gcs.cdl.persistence.DbConnection.open(DbConnection.java:38)
	at pucrs.gcs.cdl.persistence.DbConnection.queryInsert(DbConnection.java:185)
	at pucrs.gcs.cdl.persistence.DbConnection.createTable(DbConnection.java:53)
	at pucrs.gcs.cdl.persistence.DbConnection.open(DbConnection.java:38)
	at pucrs.gcs.cdl.persistence.DbConnection.queryInsert(DbConnection.java:185)
	at pucrs.gcs.cdl.persistence.DbConnection.createTable(DbConnection.java:53)
	at pucrs.gcs.cdl.persistence.DbConnection.open(DbConnection.java:38)
	at pucrs.gcs.cdl.persistence.DbConnection.queryInsert(DbConnection.java:185)
	at pucrs.gcs.cdl.persistence.DbConnection.createTable(DbConnection.java:53)
	at pucrs.gcs.cdl.persistence.DbConnection.open(DbConnection.java:38)
	at pucrs.gcs.cdl.persistence.DbConnection.queryInsert(DbConnection.java:185)
	at pucrs.gcs.cdl.persistence.DbConnection.createTable(DbConnection.java:53)
	at pucrs.gcs.cdl.persistence.DbConnection.open(DbConnection.java:38)
	at pucrs.gcs.cdl.persistence.DbConnection.queryInsert(DbConnection.java:185)
	at pucrs.gcs.cdl.persistence.DbConnection.createTable(DbConnection.java:53)
	at pucrs.gcs.cdl.persistence.DbConnection.open(DbConnection.java:38)
	at pucrs.gcs.cdl.persistence.DbConnection.queryInsert(DbConnection.java:185)
	at pucrs.gcs.cdl.persistence.DbConnection.createTable(DbConnection.java:53)
	at pucrs.gcs.cdl.persistence.DbConnection.open(DbConnection.java:38)
	at pucrs.gcs.cdl.persistence.DbConnection.queryInsert(DbConnection.java:185)
	at pucrs.gcs.cdl.persistence.DbConnection.createTable(DbConnection.java:53)
	at pucrs.gcs.cdl.persistence.DbConnection.open(DbConnection.java:38)
	at pucrs.gcs.cdl.persistence.DbConnection.queryInsert(DbConnection.java:185)
	at pucrs.gcs.cdl.persistence.DbConnection.createTable(DbConnection.java:53)
	at pucrs.gcs.cdl.persistence.DbConnection.open(DbConnection.java:38)
	at pucrs.gcs.cdl.persistence.DbConnection.queryInsert(DbConnection.java:185)
	at pucrs.gcs.cdl.persistence.DbConnection.createTable(DbConnection.java:53)
	at pucrs.gcs.cdl.persistence.DbConnection.open(DbConnection.java:38)
	at pucrs.gcs.cdl.persistence.DbConnection.queryInsert(DbConnection.java:185)
	at pucrs.gcs.cdl.persistence.DbConnection.createTable(DbConnection.java:53)
	at pucrs.gcs.cdl.persistence.DbConnection.open(DbConnection.java:38)
	at pucrs.gcs.cdl.persistence.DbConnection.queryInsert(DbConnection.java:185)
	at pucrs.gcs.cdl.persistence.DbConnection.createTable(DbConnection.java:53)
	at pucrs.gcs.cdl.persistence.DbConnection.open(DbConnection.java:38)
	at pucrs.gcs.cdl.persistence.DbConnection.queryInsert(DbConnection.java:185)
	at pucrs.gcs.cdl.persistence.DbConnection.createTable(DbConnection.java:53)
	at pucrs.gcs.cdl.persistence.DbConnection.open(DbConnection.java:38)
	at pucrs.gcs.cdl.persistence.DbConnection.queryInsert(DbConnection.java:185)
	at pucrs.gcs.cdl.persistence.DbConnection.createTable(DbConnection.java:53)
	at pucrs.gcs.cdl.persistence.DbConnection.open(DbConnection.java:38)
	at pucrs.gcs.cdl.persistence.DbConnection.queryInsert(DbConnection.java:185)
	at pucrs.gcs.cdl.persistence.DbConnection.createTable(DbConnection.java:53)
	at pucrs.gcs.cdl.persistence.DbConnection.open(DbConnection.java:38)
	at pucrs.gcs.cdl.persistence.DbConnection.queryInsert(DbConnection.java:185)
	at pucrs.gcs.cdl.persistence.DbConnection.createTable(DbConnection.java:53)
	at pucrs.gcs.cdl.persistence.DbConnection.open(DbConnection.java:38)
	at pucrs.gcs.cdl.persistence.DbConnection.queryInsert(DbConnection.java:185)
	at pucrs.gcs.cdl.persistence.DbConnection.createTable(DbConnection.java:53)
	at pucrs.gcs.cdl.persistence.DbConnection.open(DbConnection.java:38)
	at pucrs.gcs.cdl.persistence.DbConnection.queryInsert(DbConnection.java:185)
	at pucrs.gcs.cdl.persistence.DbConnection.createTable(DbConnection.java:53)
	at pucrs.gcs.cdl.persistence.DbConnection.open(DbConnection.java:38)
	at pucrs.gcs.cdl.persistence.DbConnection.queryInsert(DbConnection.java:185)
	at pucrs.gcs.cdl.persistence.DbConnection.createTable(DbConnection.java:53)
	at pucrs.gcs.cdl.persistence.DbConnection.open(DbConnection.java:38)
	at pucrs.gcs.cdl.persistence.DbConnection.queryInsert(DbConnection.java:185)
	at pucrs.gcs.cdl.persistence.DbConnection.createTable(DbConnection.java:53)
	at pucrs.gcs.cdl.persistence.DbConnection.open(DbConnection.java:38)
	at pucrs.gcs.cdl.persistence.DbConnection.queryInsert(DbConnection.java:185)
	at pucrs.gcs.cdl.persistence.DbConnection.createTable(DbConnection.java:53)
	at pucrs.gcs.cdl.persistence.DbConnection.open(DbConnection.java:38)
	at pucrs.gcs.cdl.persistence.DbConnection.queryInsert(DbConnection.java:185)
	at pucrs.gcs.cdl.persistence.DbConnection.createTable(DbConnection.java:53)
	at pucrs.gcs.cdl.persistence.DbConnection.open(DbConnection.java:38)
	at pucrs.gcs.cdl.persistence.DbConnection.queryInsert(DbConnection.java:185)
	at pucrs.gcs.cdl.persistence.DbConnection.createTable(DbConnection.java:53)
	at pucrs.gcs.cdl.persistence.DbConnection.open(DbConnection.java:38)
	at pucrs.gcs.cdl.persistence.DbConnection.queryInsert(DbConnection.java:185)
	at pucrs.gcs.cdl.persistence.DbConnection.createTable(DbConnection.java:53)
	at pucrs.gcs.cdl.persistence.DbConnection.open(DbConnection.java:38)
	at pucrs.gcs.cdl.persistence.DbConnection.queryInsert(DbConnection.java:185)
	at pucrs.gcs.cdl.persistence.DbConnection.createTable(DbConnection.java:53)
	at pucrs.gcs.cdl.persistence.DbConnection.open(DbConnection.java:38)
	at pucrs.gcs.cdl.persistence.DbConnection.queryInsert(DbConnection.java:185)
	at pucrs.gcs.cdl.persistence.DbConnection.createTable(DbConnection.java:53)
	at pucrs.gcs.cdl.persistence.DbConnection.open(DbConnection.java:38)
	at pucrs.gcs.cdl.persistence.DbConnection.queryInsert(DbConnection.java:185)
	at pucrs.gcs.cdl.persistence.DbConnection.createTable(DbConnection.java:53)
	at pucrs.gcs.cdl.persistence.DbConnection.open(DbConnection.java:38)
	at pucrs.gcs.cdl.persistence.DbConnection.queryInsert(DbConnection.java:185)
	at pucrs.gcs.cdl.persistence.DbConnection.createTable(DbConnection.java:53)
	at pucrs.gcs.cdl.persistence.DbConnection.open(DbConnection.java:38)
	at pucrs.gcs.cdl.persistence.DbConnection.queryInsert(DbConnection.java:185)
	at pucrs.gcs.cdl.persistence.DbConnection.createTable(DbConnection.java:53)
	at pucrs.gcs.cdl.persistence.DbConnection.open(DbConnection.java:38)
	at pucrs.gcs.cdl.persistence.DbConnection.queryInsert(DbConnection.java:185)
	at pucrs.gcs.cdl.persistence.DbConnection.createTable(DbConnection.java:53)
	at pucrs.gcs.cdl.persistence.DbConnection.open(DbConnection.java:38)
	at pucrs.gcs.cdl.persistence.DbConnection.queryInsert(DbConnection.java:185)
	at pucrs.gcs.cdl.persistence.DbConnection.createTable(DbConnection.java:53)
	at pucrs.gcs.cdl.persistence.DbConnection.open(DbConnection.java:38)
	at pucrs.gcs.cdl.persistence.DbConnection.queryInsert(DbConnection.java:185)
	at pucrs.gcs.cdl.persistence.DbConnection.createTable(DbConnection.java:53)
	at pucrs.gcs.cdl.persistence.DbConnection.open(DbConnection.java:38)
	at pucrs.gcs.cdl.persistence.DbConnection.queryInsert(DbConnection.java:185)
	at pucrs.gcs.cdl.persistence.DbConnection.createTable(DbConnection.java:53)
	at pucrs.gcs.cdl.persistence.DbConnection.open(DbConnection.java:38)
	at pucrs.gcs.cdl.persistence.DbConnection.queryInsert(DbConnection.java:185)
	at pucrs.gcs.cdl.persistence.DbConnection.createTable(DbConnection.java:53)
	at pucrs.gcs.cdl.persistence.DbConnection.open(DbConnection.java:38)
	at pucrs.gcs.cdl.persistence.DbConnection.queryInsert(DbConnection.java:185)
	at pucrs.gcs.cdl.persistence.DbConnection.createTable(DbConnection.java:53)
	at pucrs.gcs.cdl.persistence.DbConnection.open(DbConnection.java:38)
	at pucrs.gcs.cdl.persistence.DbConnection.queryInsert(DbConnection.java:185)
	at pucrs.gcs.cdl.persistence.DbConnection.createTable(DbConnection.java:53)
	at pucrs.gcs.cdl.persistence.DbConnection.open(DbConnection.java:38)
	at pucrs.gcs.cdl.persistence.DbConnection.queryInsert(DbConnection.java:185)
	at pucrs.gcs.cdl.persistence.DbConnection.createTable(DbConnection.java:53)
	at pucrs.gcs.cdl.persistence.DbConnection.open(DbConnection.java:38)
	at pucrs.gcs.cdl.persistence.DbConnection.queryInsert(DbConnection.java:185)
	at pucrs.gcs.cdl.persistence.DbConnection.createTable(DbConnection.java:53)
	at pucrs.gcs.cdl.persistence.DbConnection.open(DbConnection.java:38)
	at pucrs.gcs.cdl.persistence.DbConnection.queryInsert(DbConnection.java:185)
	at pucrs.gcs.cdl.persistence.DbConnection.createTable(DbConnection.java:53)
	at pucrs.gcs.cdl.persistence.DbConnection.open(DbConnection.java:38)
	at pucrs.gcs.cdl.persistence.DbConnection.queryInsert(DbConnection.java:185)
	at pucrs.gcs.cdl.persistence.DbConnection.createTable(DbConnection.java:53)
	at pucrs.gcs.cdl.persistence.DbConnection.open(DbConnection.java:38)
	at pucrs.gcs.cdl.persistence.DbConnection.queryInsert(DbConnection.java:185)
	at pucrs.gcs.cdl.persistence.DbConnection.createTable(DbConnection.java:53)
	at pucrs.gcs.cdl.persistence.DbConnection.open(DbConnection.java:38)
	at pucrs.gcs.cdl.persistence.DbConnection.queryInsert(DbConnection.java:185)
	at pucrs.gcs.cdl.persistence.DbConnection.createTable(DbConnection.java:53)
	at pucrs.gcs.cdl.persistence.DbConnection.open(DbConnection.java:38)
	at pucrs.gcs.cdl.persistence.DbConnection.queryInsert(DbConnection.java:185)
	at pucrs.gcs.cdl.persistence.DbConnection.createTable(DbConnection.java:53)
	at pucrs.gcs.cdl.persistence.DbConnection.open(DbConnection.java:38)
	at pucrs.gcs.cdl.persistence.DbConnection.queryInsert(DbConnection.java:185)
	at pucrs.gcs.cdl.persistence.DbConnection.createTable(DbConnection.java:53)
	at pucrs.gcs.cdl.persistence.DbConnection.open(DbConnection.java:38)
	at pucrs.gcs.cdl.persistence.DbConnection.queryInsert(DbConnection.java:185)
	at pucrs.gcs.cdl.persistence.DbConnection.createTable(DbConnection.java:53)
	at pucrs.gcs.cdl.persistence.DbConnection.open(DbConnection.java:38)
	at pucrs.gcs.cdl.persistence.DbConnection.queryInsert(DbConnection.java:185)
	at pucrs.gcs.cdl.persistence.DbConnection.createTable(DbConnection.java:53)
	at pucrs.gcs.cdl.persistence.DbConnection.open(DbConnection.java:38)
	at pucrs.gcs.cdl.persistence.DbConnection.queryInsert(DbConnection.java:185)
	at pucrs.gcs.cdl.persistence.DbConnection.createTable(DbConnection.java:53)
	at pucrs.gcs.cdl.persistence.DbConnection.open(DbConnection.java:38)
	at pucrs.gcs.cdl.persistence.DbConnection.queryInsert(DbConnection.java:185)
	at pucrs.gcs.cdl.persistence.DbConnection.createTable(DbConnection.java:53)
	at pucrs.gcs.cdl.persistence.DbConnection.open(DbConnection.java:38)
	at pucrs.gcs.cdl.persistence.DbConnection.queryInsert(DbConnection.java:185)
	at pucrs.gcs.cdl.persistence.DbConnection.createTable(DbConnection.java:53)
	at pucrs.gcs.cdl.persistence.DbConnection.open(DbConnection.java:38)
	at pucrs.gcs.cdl.persistence.DbConnection.queryInsert(DbConnection.java:185)
	at pucrs.gcs.cdl.persistence.DbConnection.createTable(DbConnection.java:53)
	at pucrs.gcs.cdl.persistence.DbConnection.open(DbConnection.java:38)
	at pucrs.gcs.cdl.persistence.DbConnection.queryInsert(DbConnection.java:185)
	at pucrs.gcs.cdl.persistence.DbConnection.createTable(DbConnection.java:53)
	at pucrs.gcs.cdl.persistence.DbConnection.open(DbConnection.java:38)
	at pucrs.gcs.cdl.persistence.DbConnection.queryInsert(DbConnection.java:185)
	at pucrs.gcs.cdl.persistence.DbConnection.createTable(DbConnection.java:53)
	at pucrs.gcs.cdl.persistence.DbConnection.open(DbConnection.java:38)
	at pucrs.gcs.cdl.persistence.DbConnection.queryInsert(DbConnection.java:185)
	at pucrs.gcs.cdl.persistence.DbConnection.createTable(DbConnection.java:53)
	at pucrs.gcs.cdl.persistence.DbConnection.open(DbConnection.java:38)
	at pucrs.gcs.cdl.persistence.DbConnection.queryInsert(DbConnection.java:185)
	at pucrs.gcs.cdl.persistence.DbConnection.createTable(DbConnection.java:53)
	at pucrs.gcs.cdl.persistence.DbConnection.open(DbConnection.java:38)
	at pucrs.gcs.cdl.persistence.DbConnection.queryInsert(DbConnection.java:185)
	at pucrs.gcs.cdl.persistence.DbConnection.createTable(DbConnection.java:53)
	at pucrs.gcs.cdl.persistence.DbConnection.open(DbConnection.java:38)
	at pucrs.gcs.cdl.persistence.DbConnection.queryInsert(DbConnection.java:185)
	at pucrs.gcs.cdl.persistence.DbConnection.createTable(DbConnection.java:53)
	at pucrs.gcs.cdl.persistence.DbConnection.open(DbConnection.java:38)
	at pucrs.gcs.cdl.persistence.DbConnection.queryInsert(DbConnection.java:185)
	at pucrs.gcs.cdl.persistence.DbConnection.createTable(DbConnection.java:53)
	at pucrs.gcs.cdl.persistence.DbConnection.open(DbConnection.java:38)
	at pucrs.gcs.cdl.persistence.DbConnection.queryInsert(DbConnection.java:185)
	at pucrs.gcs.cdl.persistence.DbConnection.createTable(DbConnection.java:53)
	at pucrs.gcs.cdl.persistence.DbConnection.open(DbConnection.java:38)
	at pucrs.gcs.cdl.persistence.DbConnection.queryInsert(DbConnection.java:185)
	at pucrs.gcs.cdl.persistence.DbConnection.createTable(DbConnection.java:53)
	at pucrs.gcs.cdl.persistence.DbConnection.open(DbConnection.java:38)
	at pucrs.gcs.cdl.persistence.DbConnection.queryInsert(DbConnection.java:185)
	at pucrs.gcs.cdl.persistence.DbConnection.createTable(DbConnection.java:53)
	at pucrs.gcs.cdl.persistence.DbConnection.open(DbConnection.java:38)
	at pucrs.gcs.cdl.persistence.DbConnection.queryInsert(DbConnection.java:185)
	at pucrs.gcs.cdl.persistence.DbConnection.createTable(DbConnection.java:53)
	at pucrs.gcs.cdl.persistence.DbConnection.open(DbConnection.java:38)
	at pucrs.gcs.cdl.persistence.DbConnection.queryInsert(DbConnection.java:185)
	at pucrs.gcs.cdl.persistence.DbConnection.createTable(DbConnection.java:53)
	at pucrs.gcs.cdl.persistence.DbConnection.open(DbConnection.java:38)
	at pucrs.gcs.cdl.persistence.DbConnection.queryInsert(DbConnection.java:185)
	at pucrs.gcs.cdl.persistence.DbConnection.createTable(DbConnection.java:53)
	at pucrs.gcs.cdl.persistence.DbConnection.open(DbConnection.java:38)
	at pucrs.gcs.cdl.persistence.DbConnection.queryInsert(DbConnection.java:185)
	at pucrs.gcs.cdl.persistence.DbConnection.createTable(DbConnection.java:53)
	at pucrs.gcs.cdl.persistence.DbConnection.open(DbConnection.java:38)
	at pucrs.gcs.cdl.persistence.DbConnection.queryInsert(DbConnection.java:185)
	at pucrs.gcs.cdl.persistence.DbConnection.createTable(DbConnection.java:53)
	at pucrs.gcs.cdl.persistence.DbConnection.open(DbConnection.java:38)
	at pucrs.gcs.cdl.persistence.DbConnection.queryInsert(DbConnection.java:185)
	at pucrs.gcs.cdl.persistence.DbConnection.createTable(DbConnection.java:53)
	at pucrs.gcs.cdl.persistence.DbConnection.open(DbConnection.java:38)
	at pucrs.gcs.cdl.persistence.DbConnection.queryInsert(DbConnection.java:185)
	at pucrs.gcs.cdl.persistence.DbConnection.createTable(DbConnection.java:53)
	at pucrs.gcs.cdl.persistence.DbConnection.open(DbConnection.java:38)
	at pucrs.gcs.cdl.persistence.DbConnection.queryInsert(DbConnection.java:185)
	at pucrs.gcs.cdl.persistence.DbConnection.createTable(DbConnection.java:53)
	at pucrs.gcs.cdl.persistence.DbConnection.open(DbConnection.java:38)
	at pucrs.gcs.cdl.persistence.DbConnection.queryInsert(DbConnection.java:185)
	at pucrs.gcs.cdl.persistence.DbConnection.createTable(DbConnection.java:53)
	at pucrs.gcs.cdl.persistence.DbConnection.open(DbConnection.java:38)
	at pucrs.gcs.cdl.persistence.DbConnection.queryInsert(DbConnection.java:185)
	at pucrs.gcs.cdl.persistence.DbConnection.createTable(DbConnection.java:53)
	at pucrs.gcs.cdl.persistence.DbConnection.open(DbConnection.java:38)
	at pucrs.gcs.cdl.persistence.DbConnection.queryInsert(DbConnection.java:185)
	at pucrs.gcs.cdl.persistence.DbConnection.createTable(DbConnection.java:53)
	at pucrs.gcs.cdl.persistence.DbConnection.open(DbConnection.java:38)
	at pucrs.gcs.cdl.persistence.DbConnection.queryInsert(DbConnection.java:185)
	at pucrs.gcs.cdl.persistence.DbConnection.createTable(DbConnection.java:53)
	at pucrs.gcs.cdl.persistence.DbConnection.open(DbConnection.java:38)
	at pucrs.gcs.cdl.persistence.DbConnection.queryInsert(DbConnection.java:185)
	at pucrs.gcs.cdl.persistence.DbConnection.createTable(DbConnection.java:53)
	at pucrs.gcs.cdl.persistence.DbConnection.open(DbConnection.java:38)
	at pucrs.gcs.cdl.persistence.DbConnection.queryInsert(DbConnection.java:185)
	at pucrs.gcs.cdl.persistence.DbConnection.createTable(DbConnection.java:53)
	at pucrs.gcs.cdl.persistence.DbConnection.open(DbConnection.java:38)
	at pucrs.gcs.cdl.persistence.DbConnection.queryInsert(DbConnection.java:185)
	at pucrs.gcs.cdl.persistence.DbConnection.createTable(DbConnection.java:53)
	at pucrs.gcs.cdl.persistence.DbConnection.open(DbConnection.java:38)
	at pucrs.gcs.cdl.persistence.DbConnection.queryInsert(DbConnection.java:185)
	at pucrs.gcs.cdl.persistence.DbConnection.createTable(DbConnection.java:53)
	at pucrs.gcs.cdl.persistence.DbConnection.open(DbConnection.java:38)
	at pucrs.gcs.cdl.persistence.DbConnection.queryInsert(DbConnection.java:185)
	at pucrs.gcs.cdl.persistence.DbConnection.createTable(DbConnection.java:53)
	at pucrs.gcs.cdl.persistence.DbConnection.open(DbConnection.java:38)
	at pucrs.gcs.cdl.persistence.DbConnection.queryInsert(DbConnection.java:185)
	at pucrs.gcs.cdl.persistence.DbConnection.createTable(DbConnection.java:53)
	at pucrs.gcs.cdl.persistence.DbConnection.open(DbConnection.java:38)
	at pucrs.gcs.cdl.persistence.DbConnection.queryInsert(DbConnection.java:185)
	at pucrs.gcs.cdl.persistence.DbConnection.createTable(DbConnection.java:53)
	at pucrs.gcs.cdl.persistence.DbConnection.open(DbConnection.java:38)
	at pucrs.gcs.cdl.persistence.DbConnection.queryInsert(DbConnection.java:185)
	at pucrs.gcs.cdl.persistence.DbConnection.createTable(DbConnection.java:53)
	at pucrs.gcs.cdl.persistence.DbConnection.open(DbConnection.java:38)
	at pucrs.gcs.cdl.persistence.DbConnection.queryInsert(DbConnection.java:185)
	at pucrs.gcs.cdl.persistence.DbConnection.createTable(DbConnection.java:53)
	at pucrs.gcs.cdl.persistence.DbConnection.open(DbConnection.java:38)
	at pucrs.gcs.cdl.persistence.DbConnection.queryInsert(DbConnection.java:185)
	at pucrs.gcs.cdl.persistence.DbConnection.createTable(DbConnection.java:53)
	at pucrs.gcs.cdl.persistence.DbConnection.open(DbConnection.java:38)
	at pucrs.gcs.cdl.persistence.DbConnection.queryInsert(DbConnection.java:185)
	at pucrs.gcs.cdl.persistence.DbConnection.createTable(DbConnection.java:53)
	at pucrs.gcs.cdl.persistence.DbConnection.open(DbConnection.java:38)
	at pucrs.gcs.cdl.persistence.DbConnection.queryInsert(DbConnection.java:185)
	at pucrs.gcs.cdl.persistence.DbConnection.createTable(DbConnection.java:53)
	at pucrs.gcs.cdl.persistence.DbConnection.open(DbConnection.java:38)
	at pucrs.gcs.cdl.persistence.DbConnection.queryInsert(DbConnection.java:185)
	at pucrs.gcs.cdl.persistence.DbConnection.createTable(DbConnection.java:53)
	at pucrs.gcs.cdl.persistence.DbConnection.open(DbConnection.java:38)
	at pucrs.gcs.cdl.persistence.DbConnection.queryInsert(DbConnection.java:185)
	at pucrs.gcs.cdl.persistence.DbConnection.createTable(DbConnection.java:53)
	at pucrs.gcs.cdl.persistence.DbConnection.open(DbConnection.java:38)
	at pucrs.gcs.cdl.persistence.DbConnection.queryInsert(DbConnection.java:185)
	at pucrs.gcs.cdl.persistence.DbConnection.createTable(DbConnection.java:53)
	at pucrs.gcs.cdl.persistence.DbConnection.open(DbConnection.java:38)
	at pucrs.gcs.cdl.persistence.DbConnection.queryInsert(DbConnection.java:185)
	at pucrs.gcs.cdl.persistence.DbConnection.createTable(DbConnection.java:53)
	at pucrs.gcs.cdl.persistence.DbConnection.open(DbConnection.java:38)
	at pucrs.gcs.cdl.persistence.DbConnection.queryInsert(DbConnection.java:185)
	at pucrs.gcs.cdl.persistence.DbConnection.createTable(DbConnection.java:53)
	at pucrs.gcs.cdl.persistence.DbConnection.open(DbConnection.java:38)
	at pucrs.gcs.cdl.persistence.DbConnection.queryInsert(DbConnection.java:185)
	at pucrs.gcs.cdl.persistence.DbConnection.createTable(DbConnection.java:53)
	at pucrs.gcs.cdl.persistence.DbConnection.open(DbConnection.java:38)
	at pucrs.gcs.cdl.persistence.DbConnection.queryInsert(DbConnection.java:185)
	at pucrs.gcs.cdl.persistence.DbConnection.createTable(DbConnection.java:53)
	at pucrs.gcs.cdl.persistence.DbConnection.open(DbConnection.java:38)
	at pucrs.gcs.cdl.persistence.DbConnection.queryInsert(DbConnection.java:185)
	at pucrs.gcs.cdl.persistence.DbConnection.createTable(DbConnection.java:53)
	at pucrs.gcs.cdl.persistence.DbConnection.open(DbConnection.java:38)
	at pucrs.gcs.cdl.persistence.DbConnection.queryInsert(DbConnection.java:185)
	at pucrs.gcs.cdl.persistence.DbConnection.createTable(DbConnection.java:53)
	at pucrs.gcs.cdl.persistence.DbConnection.open(DbConnection.java:38)
	at pucrs.gcs.cdl.persistence.DbConnection.queryInsert(DbConnection.java:185)
	at pucrs.gcs.cdl.persistence.DbConnection.createTable(DbConnection.java:53)
	at pucrs.gcs.cdl.persistence.DbConnection.open(DbConnection.java:38)
	at pucrs.gcs.cdl.persistence.DbConnection.queryInsert(DbConnection.java:185)
	at pucrs.gcs.cdl.persistence.DbConnection.createTable(DbConnection.java:53)
	at pucrs.gcs.cdl.persistence.DbConnection.open(DbConnection.java:38)
	at pucrs.gcs.cdl.persistence.DbConnection.queryInsert(DbConnection.java:185)
	at pucrs.gcs.cdl.persistence.DbConnection.createTable(DbConnection.java:53)
	at pucrs.gcs.cdl.persistence.DbConnection.open(DbConnection.java:38)
	at pucrs.gcs.cdl.persistence.DbConnection.queryInsert(DbConnection.java:185)
	at pucrs.gcs.cdl.persistence.DbConnection.createTable(DbConnection.java:53)
	at pucrs.gcs.cdl.persistence.DbConnection.open(DbConnection.java:38)
	at pucrs.gcs.cdl.persistence.DbConnection.queryInsert(DbConnection.java:185)
	at pucrs.gcs.cdl.persistence.DbConnection.createTable(DbConnection.java:53)
	at pucrs.gcs.cdl.persistence.DbConnection.open(DbConnection.java:38)
	at pucrs.gcs.cdl.persistence.DbConnection.queryInsert(DbConnection.java:185)
	at pucrs.gcs.cdl.persistence.DbConnection.createTable(DbConnection.java:53)
	at pucrs.gcs.cdl.persistence.DbConnection.open(DbConnection.java:38)
	at pucrs.gcs.cdl.persistence.DbConnection.queryInsert(DbConnection.java:185)
	at pucrs.gcs.cdl.persistence.DbConnection.createTable(DbConnection.java:53)
	at pucrs.gcs.cdl.persistence.DbConnection.open(DbConnection.java:38)
	at pucrs.gcs.cdl.persistence.DbConnection.queryInsert(DbConnection.java:185)
	at pucrs.gcs.cdl.persistence.DbConnection.createTable(DbConnection.java:53)
	at pucrs.gcs.cdl.persistence.DbConnection.open(DbConnection.java:38)
	at pucrs.gcs.cdl.persistence.DbConnection.queryInsert(DbConnection.java:185)
	at pucrs.gcs.cdl.persistence.DbConnection.createTable(DbConnection.java:53)
	at pucrs.gcs.cdl.persistence.DbConnection.open(DbConnection.java:38)
	at pucrs.gcs.cdl.persistence.DbConnection.queryInsert(DbConnection.java:185)
	at pucrs.gcs.cdl.persistence.DbConnection.createTable(DbConnection.java:53)
	at pucrs.gcs.cdl.persistence.DbConnection.open(DbConnection.java:38)
	at pucrs.gcs.cdl.persistence.DbConnection.queryInsert(DbConnection.java:185)
	at pucrs.gcs.cdl.persistence.DbConnection.createTable(DbConnection.java:53)
	at pucrs.gcs.cdl.persistence.DbConnection.open(DbConnection.java:38)
	at pucrs.gcs.cdl.persistence.DbConnection.queryInsert(DbConnection.java:185)
	at pucrs.gcs.cdl.persistence.DbConnection.createTable(DbConnection.java:53)
	at pucrs.gcs.cdl.persistence.DbConnection.open(DbConnection.java:38)
	at pucrs.gcs.cdl.persistence.DbConnection.queryInsert(DbConnection.java:185)
	at pucrs.gcs.cdl.persistence.DbConnection.createTable(DbConnection.java:53)
	at pucrs.gcs.cdl.persistence.DbConnection.open(DbConnection.java:38)
	at pucrs.gcs.cdl.persistence.DbConnection.queryInsert(DbConnection.java:185)
	at pucrs.gcs.cdl.persistence.DbConnection.createTable(DbConnection.java:53)
	at pucrs.gcs.cdl.persistence.DbConnection.open(DbConnection.java:38)
	at pucrs.gcs.cdl.persistence.DbConnection.queryInsert(DbConnection.java:185)
	at pucrs.gcs.cdl.persistence.DbConnection.createTable(DbConnection.java:53)
	at pucrs.gcs.cdl.persistence.DbConnection.open(DbConnection.java:38)
	at pucrs.gcs.cdl.persistence.DbConnection.queryInsert(DbConnection.java:185)
	at pucrs.gcs.cdl.persistence.DbConnection.createTable(DbConnection.java:53)
	at pucrs.gcs.cdl.persistence.DbConnection.open(DbConnection.java:38)
	at pucrs.gcs.cdl.persistence.DbConnection.queryInsert(DbConnection.java:185)
	at pucrs.gcs.cdl.persistence.DbConnection.createTable(DbConnection.java:53)
	at pucrs.gcs.cdl.persistence.DbConnection.open(DbConnection.java:38)
	at pucrs.gcs.cdl.persistence.DbConnection.queryInsert(DbConnection.java:185)
	at pucrs.gcs.cdl.persistence.DbConnection.createTable(DbConnection.java:53)
	at pucrs.gcs.cdl.persistence.DbConnection.open(DbConnection.java:38)
	at pucrs.gcs.cdl.persistence.DbConnection.queryInsert(DbConnection.java:185)
	at pucrs.gcs.cdl.persistence.DbConnection.createTable(DbConnection.java:53)
	at pucrs.gcs.cdl.persistence.DbConnection.open(DbConnection.java:38)
	at pucrs.gcs.cdl.persistence.DbConnection.queryInsert(DbConnection.java:185)
	at pucrs.gcs.cdl.persistence.DbConnection.createTable(DbConnection.java:53)
	at pucrs.gcs.cdl.persistence.DbConnection.open(DbConnection.java:38)
	at pucrs.gcs.cdl.persistence.DbConnection.queryInsert(DbConnection.java:185)
	at pucrs.gcs.cdl.persistence.DbConnection.createTable(DbConnection.java:53)
	at pucrs.gcs.cdl.persistence.DbConnection.open(DbConnection.java:38)
	at pucrs.gcs.cdl.persistence.DbConnection.queryInsert(DbConnection.java:185)
	at pucrs.gcs.cdl.persistence.DbConnection.createTable(DbConnection.java:53)
	at pucrs.gcs.cdl.persistence.DbConnection.open(DbConnection.java:38)
	at pucrs.gcs.cdl.persistence.DbConnection.queryInsert(DbConnection.java:185)
	at pucrs.gcs.cdl.persistence.DbConnection.createTable(DbConnection.java:53)
	at pucrs.gcs.cdl.persistence.DbConnection.open(DbConnection.java:38)
	at pucrs.gcs.cdl.persistence.DbConnection.queryInsert(DbConnection.java:185)
	at pucrs.gcs.cdl.persistence.DbConnection.createTable(DbConnection.java:53)
	at pucrs.gcs.cdl.persistence.DbConnection.open(DbConnection.java:38)
	at pucrs.gcs.cdl.persistence.DbConnection.queryInsert(DbConnection.java:185)
	at pucrs.gcs.cdl.persistence.DbConnection.createTable(DbConnection.java:53)
	at pucrs.gcs.cdl.persistence.DbConnection.open(DbConnection.java:38)
	at pucrs.gcs.cdl.persistence.DbConnection.queryInsert(DbConnection.java:185)
	at pucrs.gcs.cdl.persistence.DbConnection.createTable(DbConnection.java:53)
	at pucrs.gcs.cdl.persistence.DbConnection.open(DbConnection.java:38)
	at pucrs.gcs.cdl.persistence.DbConnection.queryInsert(DbConnection.java:185)
	at pucrs.gcs.cdl.persistence.DbConnection.createTable(DbConnection.java:53)
	at pucrs.gcs.cdl.persistence.DbConnection.open(DbConnection.java:38)
	at pucrs.gcs.cdl.persistence.DbConnection.queryInsert(DbConnection.java:185)
	at pucrs.gcs.cdl.persistence.DbConnection.createTable(DbConnection.java:53)
	at pucrs.gcs.cdl.persistence.DbConnection.open(DbConnection.java:38)
	at pucrs.gcs.cdl.persistence.DbConnection.queryInsert(DbConnection.java:185)
	at pucrs.gcs.cdl.persistence.DbConnection.createTable(DbConnection.java:53)
	at pucrs.gcs.cdl.persistence.DbConnection.open(DbConnection.java:38)
	at pucrs.gcs.cdl.persistence.DbConnection.queryInsert(DbConnection.java:185)
	at pucrs.gcs.cdl.persistence.DbConnection.createTable(DbConnection.java:53)
	at pucrs.gcs.cdl.persistence.DbConnection.open(DbConnection.java:38)
	at pucrs.gcs.cdl.persistence.DbConnection.queryInsert(DbConnection.java:185)
	at pucrs.gcs.cdl.persistence.DbConnection.createTable(DbConnection.java:53)
	at pucrs.gcs.cdl.persistence.DbConnection.open(DbConnection.java:38)
	at pucrs.gcs.cdl.persistence.DbConnection.queryInsert(DbConnection.java:185)
	at pucrs.gcs.cdl.persistence.DbConnection.createTable(DbConnection.java:53)
	at pucrs.gcs.cdl.persistence.DbConnection.open(DbConnection.java:38)
	at pucrs.gcs.cdl.persistence.DbConnection.queryInsert(DbConnection.java:185)
	at pucrs.gcs.cdl.persistence.DbConnection.createTable(DbConnection.java:53)
	at pucrs.gcs.cdl.persistence.DbConnection.open(DbConnection.java:38)
	at pucrs.gcs.cdl.persistence.DbConnection.queryInsert(DbConnection.java:185)
	at pucrs.gcs.cdl.persistence.DbConnection.createTable(DbConnection.java:53)
	at pucrs.gcs.cdl.persistence.DbConnection.open(DbConnection.java:38)
	at pucrs.gcs.cdl.persistence.DbConnection.queryInsert(DbConnection.java:185)
	at pucrs.gcs.cdl.persistence.DbConnection.createTable(DbConnection.java:53)
	at pucrs.gcs.cdl.persistence.DbConnection.open(DbConnection.java:38)
	at pucrs.gcs.cdl.persistence.DbConnection.queryInsert(DbConnection.java:185)
	at pucrs.gcs.cdl.persistence.DbConnection.createTable(DbConnection.java:53)
	at pucrs.gcs.cdl.persistence.DbConnection.open(DbConnection.java:38)
	at pucrs.gcs.cdl.persistence.DbConnection.queryInsert(DbConnection.java:185)
	at pucrs.gcs.cdl.persistence.DbConnection.createTable(DbConnection.java:53)
	at pucrs.gcs.cdl.persistence.DbConnection.open(DbConnection.java:38)
	at pucrs.gcs.cdl.persistence.DbConnection.queryInsert(DbConnection.java:185)
	at pucrs.gcs.cdl.persistence.DbConnection.createTable(DbConnection.java:53)
	at pucrs.gcs.cdl.persistence.DbConnection.open(DbConnection.java:38)
	at pucrs.gcs.cdl.persistence.DbConnection.queryInsert(DbConnection.java:185)
	at pucrs.gcs.cdl.persistence.DbConnection.createTable(DbConnection.java:53)
	at pucrs.gcs.cdl.persistence.DbConnection.open(DbConnection.java:38)
	at pucrs.gcs.cdl.persistence.DbConnection.queryInsert(DbConnection.java:185)
	at pucrs.gcs.cdl.persistence.DbConnection.createTable(DbConnection.java:53)
	at pucrs.gcs.cdl.persistence.DbConnection.open(DbConnection.java:38)
	at pucrs.gcs.cdl.persistence.DbConnection.queryInsert(DbConnection.java:185)
	at pucrs.gcs.cdl.persistence.DbConnection.createTable(DbConnection.java:53)
	at pucrs.gcs.cdl.persistence.DbConnection.open(DbConnection.java:38)
	at pucrs.gcs.cdl.persistence.DbConnection.queryInsert(DbConnection.java:185)
	at pucrs.gcs.cdl.persistence.DbConnection.createTable(DbConnection.java:53)
	at pucrs.gcs.cdl.persistence.DbConnection.open(DbConnection.java:38)
	at pucrs.gcs.cdl.persistence.DbConnection.queryInsert(DbConnection.java:185)
	at pucrs.gcs.cdl.persistence.DbConnection.createTable(DbConnection.java:53)
	at pucrs.gcs.cdl.persistence.DbConnection.open(DbConnection.java:38)
	at pucrs.gcs.cdl.persistence.DbConnection.queryInsert(DbConnection.java:185)
	at pucrs.gcs.cdl.persistence.DbConnection.createTable(DbConnection.java:53)
	at pucrs.gcs.cdl.persistence.DbConnection.open(DbConnection.java:38)
	at pucrs.gcs.cdl.persistence.DbConnection.queryInsert(DbConnection.java:185)
	at pucrs.gcs.cdl.persistence.DbConnection.createTable(DbConnection.java:53)
	at pucrs.gcs.cdl.persistence.DbConnection.open(DbConnection.java:38)
	at pucrs.gcs.cdl.persistence.DbConnection.queryInsert(DbConnection.java:185)
	at pucrs.gcs.cdl.persistence.DbConnection.createTable(DbConnection.java:53)
	at pucrs.gcs.cdl.persistence.DbConnection.open(DbConnection.java:38)
	at pucrs.gcs.cdl.persistence.DbConnection.queryInsert(DbConnection.java:185)
	at pucrs.gcs.cdl.persistence.DbConnection.createTable(DbConnection.java:53)
	at pucrs.gcs.cdl.persistence.DbConnection.open(DbConnection.java:38)
	at pucrs.gcs.cdl.persistence.DbConnection.queryInsert(DbConnection.java:185)
	at pucrs.gcs.cdl.persistence.DbConnection.createTable(DbConnection.java:53)
	at pucrs.gcs.cdl.persistence.DbConnection.open(DbConnection.java:38)
	at pucrs.gcs.cdl.persistence.DbConnection.queryInsert(DbConnection.java:185)
	at pucrs.gcs.cdl.persistence.DbConnection.createTable(DbConnection.java:53)
	at pucrs.gcs.cdl.persistence.DbConnection.open(DbConnection.java:38)
	at pucrs.gcs.cdl.persistence.DbConnection.queryInsert(DbConnection.java:185)
	at pucrs.gcs.cdl.persistence.DbConnection.createTable(DbConnection.java:53)
	at pucrs.gcs.cdl.persistence.DbConnection.open(DbConnection.java:38)
	at pucrs.gcs.cdl.persistence.DbConnection.queryInsert(DbConnection.java:185)
	at pucrs.gcs.cdl.persistence.DbConnection.createTable(DbConnection.java:53)
	at pucrs.gcs.cdl.persistence.DbConnection.open(DbConnection.java:38)
	at pucrs.gcs.cdl.persistence.DbConnection.queryInsert(DbConnection.java:185)
	at pucrs.gcs.cdl.persistence.DbConnection.createTable(DbConnection.java:53)
	at pucrs.gcs.cdl.persistence.DbConnection.open(DbConnection.java:38)
	at pucrs.gcs.cdl.persistence.DbConnection.queryInsert(DbConnection.java:185)
	at pucrs.gcs.cdl.persistence.DbConnection.createTable(DbConnection.java:53)
	at pucrs.gcs.cdl.persistence.DbConnection.open(DbConnection.java:38)
	at pucrs.gcs.cdl.persistence.DbConnection.queryInsert(DbConnection.java:185)
	at pucrs.gcs.cdl.persistence.DbConnection.createTable(DbConnection.java:53)
	at pucrs.gcs.cdl.persistence.DbConnection.open(DbConnection.java:38)
	at pucrs.gcs.cdl.persistence.DbConnection.queryInsert(DbConnection.java:185)
	at pucrs.gcs.cdl.persistence.DbConnection.createTable(DbConnection.java:53)
	at pucrs.gcs.cdl.persistence.DbConnection.open(DbConnection.java:38)
	at pucrs.gcs.cdl.persistence.DbConnection.queryInsert(DbConnection.java:185)
	at pucrs.gcs.cdl.persistence.DbConnection.createTable(DbConnection.java:53)
	at pucrs.gcs.cdl.persistence.DbConnection.open(DbConnection.java:38)
	at pucrs.gcs.cdl.persistence.DbConnection.queryInsert(DbConnection.java:185)
	at pucrs.gcs.cdl.persistence.DbConnection.createTable(DbConnection.java:53)
	at pucrs.gcs.cdl.persistence.DbConnection.open(DbConnection.java:38)
	at pucrs.gcs.cdl.persistence.DbConnection.queryInsert(DbConnection.java:185)
</error>
  </testcase>
  <testcase classname="BarControllerTest" name="consultaTotalClientesNoBar" time="4.028">
    <error type="java.lang.StackOverflowError">java.lang.StackOverflowError
	at org.h2.command.Parser.getSaveTokenType(Parser.java:4185)
	at org.h2.command.Parser.getTokenType(Parser.java:4173)
	at org.h2.command.Parser.read(Parser.java:3614)
	at org.h2.command.Parser.readTerm(Parser.java:3093)
	at org.h2.command.Parser.readFactor(Parser.java:2587)
	at org.h2.command.Parser.readSum(Parser.java:2574)
	at org.h2.command.Parser.readConcat(Parser.java:2544)
	at org.h2.command.Parser.readCondition(Parser.java:2370)
	at org.h2.command.Parser.readAnd(Parser.java:2342)
	at org.h2.command.Parser.readExpression(Parser.java:2334)
	at org.h2.command.Parser.readTerm(Parser.java:3252)
	at org.h2.command.Parser.readFactor(Parser.java:2587)
	at org.h2.command.Parser.readSum(Parser.java:2574)
	at org.h2.command.Parser.readConcat(Parser.java:2544)
	at org.h2.command.Parser.readCondition(Parser.java:2370)
	at org.h2.command.Parser.readAnd(Parser.java:2342)
	at org.h2.command.Parser.readExpression(Parser.java:2334)
	at org.h2.command.Parser.readTerm(Parser.java:3252)
	at org.h2.command.Parser.readFactor(Parser.java:2587)
	at org.h2.command.Parser.readSum(Parser.java:2574)
	at org.h2.command.Parser.readConcat(Parser.java:2544)
	at org.h2.command.Parser.readCondition(Parser.java:2370)
	at org.h2.command.Parser.readAnd(Parser.java:2342)
	at org.h2.command.Parser.readExpression(Parser.java:2334)
	at org.h2.command.Parser.readTerm(Parser.java:3252)
	at org.h2.command.Parser.readFactor(Parser.java:2587)
	at org.h2.command.Parser.readSum(Parser.java:2574)
	at org.h2.command.Parser.readConcat(Parser.java:2544)
	at org.h2.command.Parser.readCondition(Parser.java:2370)
	at org.h2.command.Parser.readAnd(Parser.java:2342)
	at org.h2.command.Parser.readExpression(Parser.java:2334)
	at org.h2.command.Parser.parseSelectSimple(Parser.java:2291)
	at org.h2.command.Parser.parseSelectSub(Parser.java:2133)
	at org.h2.command.Parser.parseSelectUnion(Parser.java:1946)
	at org.h2.command.Parser.parseSelectSub(Parser.java:2117)
	at org.h2.command.Parser.parseSelectUnionExtension(Parser.java:1961)
	at org.h2.command.Parser.parseSelectUnion(Parser.java:1947)
	at org.h2.command.Parser.parseSelect(Parser.java:1919)
	at org.h2.command.Parser.parsePrepared(Parser.java:357)
	at org.h2.command.Parser.parse(Parser.java:335)
	at org.h2.command.Parser.parse(Parser.java:307)
	at org.h2.command.Parser.prepare(Parser.java:262)
	at org.h2.engine.Session.prepare(Session.java:576)
	at org.h2.table.TableView.compileViewQuery(TableView.java:120)
	at org.h2.table.TableView.initColumnsAndTables(TableView.java:172)
	at org.h2.table.TableView.init(TableView.java:113)
	at org.h2.table.TableView.&lt;init&gt;(TableView.java:70)
	at org.h2.table.TableView.createTempView(TableView.java:559)
	at org.h2.command.Parser.readTableFilter(Parser.java:1367)
	at org.h2.command.Parser.parseSelectSimpleFromPart(Parser.java:2138)
	at org.h2.command.Parser.parseSelectSimple(Parser.java:2287)
	at org.h2.command.Parser.parseSelectSub(Parser.java:2133)
	at org.h2.command.Parser.parseSelectUnion(Parser.java:1946)
	at org.h2.command.Parser.parseSelect(Parser.java:1919)
	at org.h2.command.Parser.parsePrepared(Parser.java:463)
	at org.h2.command.Parser.parse(Parser.java:335)
	at org.h2.command.Parser.parse(Parser.java:307)
	at org.h2.command.Parser.prepareCommand(Parser.java:278)
	at org.h2.engine.Session.prepareLocal(Session.java:611)
	at org.h2.engine.Session.prepareCommand(Session.java:549)
	at org.h2.jdbc.JdbcConnection.prepareCommand(JdbcConnection.java:1247)
	at org.h2.jdbc.JdbcPreparedStatement.&lt;init&gt;(JdbcPreparedStatement.java:76)
	at org.h2.jdbc.JdbcConnection.prepareAutoCloseStatement(JdbcConnection.java:330)
	at org.h2.jdbc.JdbcDatabaseMetaData.getTables(JdbcDatabaseMetaData.java:195)
	at pucrs.gcs.cdl.persistence.DbConnection.tableExists(DbConnection.java:48)
	at pucrs.gcs.cdl.persistence.DbConnection.open(DbConnection.java:37)
	at pucrs.gcs.cdl.persistence.DbConnection.queryInsert(DbConnection.java:185)
	at pucrs.gcs.cdl.persistence.DbConnection.createTable(DbConnection.java:53)
	at pucrs.gcs.cdl.persistence.DbConnection.open(DbConnection.java:38)
	at pucrs.gcs.cdl.persistence.DbConnection.queryInsert(DbConnection.java:185)
	at pucrs.gcs.cdl.persistence.DbConnection.createTable(DbConnection.java:53)
	at pucrs.gcs.cdl.persistence.DbConnection.open(DbConnection.java:38)
	at pucrs.gcs.cdl.persistence.DbConnection.queryInsert(DbConnection.java:185)
	at pucrs.gcs.cdl.persistence.DbConnection.createTable(DbConnection.java:53)
	at pucrs.gcs.cdl.persistence.DbConnection.open(DbConnection.java:38)
	at pucrs.gcs.cdl.persistence.DbConnection.queryInsert(DbConnection.java:185)
	at pucrs.gcs.cdl.persistence.DbConnection.createTable(DbConnection.java:53)
	at pucrs.gcs.cdl.persistence.DbConnection.open(DbConnection.java:38)
	at pucrs.gcs.cdl.persistence.DbConnection.queryInsert(DbConnection.java:185)
	at pucrs.gcs.cdl.persistence.DbConnection.createTable(DbConnection.java:53)
	at pucrs.gcs.cdl.persistence.DbConnection.open(DbConnection.java:38)
	at pucrs.gcs.cdl.persistence.DbConnection.queryInsert(DbConnection.java:185)
	at pucrs.gcs.cdl.persistence.DbConnection.createTable(DbConnection.java:53)
	at pucrs.gcs.cdl.persistence.DbConnection.open(DbConnection.java:38)
	at pucrs.gcs.cdl.persistence.DbConnection.queryInsert(DbConnection.java:185)
	at pucrs.gcs.cdl.persistence.DbConnection.createTable(DbConnection.java:53)
	at pucrs.gcs.cdl.persistence.DbConnection.open(DbConnection.java:38)
	at pucrs.gcs.cdl.persistence.DbConnection.queryInsert(DbConnection.java:185)
	at pucrs.gcs.cdl.persistence.DbConnection.createTable(DbConnection.java:53)
	at pucrs.gcs.cdl.persistence.DbConnection.open(DbConnection.java:38)
	at pucrs.gcs.cdl.persistence.DbConnection.queryInsert(DbConnection.java:185)
	at pucrs.gcs.cdl.persistence.DbConnection.createTable(DbConnection.java:53)
	at pucrs.gcs.cdl.persistence.DbConnection.open(DbConnection.java:38)
	at pucrs.gcs.cdl.persistence.DbConnection.queryInsert(DbConnection.java:185)
	at pucrs.gcs.cdl.persistence.DbConnection.createTable(DbConnection.java:53)
	at pucrs.gcs.cdl.persistence.DbConnection.open(DbConnection.java:38)
	at pucrs.gcs.cdl.persistence.DbConnection.queryInsert(DbConnection.java:185)
	at pucrs.gcs.cdl.persistence.DbConnection.createTable(DbConnection.java:53)
	at pucrs.gcs.cdl.persistence.DbConnection.open(DbConnection.java:38)
	at pucrs.gcs.cdl.persistence.DbConnection.queryInsert(DbConnection.java:185)
	at pucrs.gcs.cdl.persistence.DbConnection.createTable(DbConnection.java:53)
	at pucrs.gcs.cdl.persistence.DbConnection.open(DbConnection.java:38)
	at pucrs.gcs.cdl.persistence.DbConnection.queryInsert(DbConnection.java:185)
	at pucrs.gcs.cdl.persistence.DbConnection.createTable(DbConnection.java:53)
	at pucrs.gcs.cdl.persistence.DbConnection.open(DbConnection.java:38)
	at pucrs.gcs.cdl.persistence.DbConnection.queryInsert(DbConnection.java:185)
	at pucrs.gcs.cdl.persistence.DbConnection.createTable(DbConnection.java:53)
	at pucrs.gcs.cdl.persistence.DbConnection.open(DbConnection.java:38)
	at pucrs.gcs.cdl.persistence.DbConnection.queryInsert(DbConnection.java:185)
	at pucrs.gcs.cdl.persistence.DbConnection.createTable(DbConnection.java:53)
	at pucrs.gcs.cdl.persistence.DbConnection.open(DbConnection.java:38)
	at pucrs.gcs.cdl.persistence.DbConnection.queryInsert(DbConnection.java:185)
	at pucrs.gcs.cdl.persistence.DbConnection.createTable(DbConnection.java:53)
	at pucrs.gcs.cdl.persistence.DbConnection.open(DbConnection.java:38)
	at pucrs.gcs.cdl.persistence.DbConnection.queryInsert(DbConnection.java:185)
	at pucrs.gcs.cdl.persistence.DbConnection.createTable(DbConnection.java:53)
	at pucrs.gcs.cdl.persistence.DbConnection.open(DbConnection.java:38)
	at pucrs.gcs.cdl.persistence.DbConnection.queryInsert(DbConnection.java:185)
	at pucrs.gcs.cdl.persistence.DbConnection.createTable(DbConnection.java:53)
	at pucrs.gcs.cdl.persistence.DbConnection.open(DbConnection.java:38)
	at pucrs.gcs.cdl.persistence.DbConnection.queryInsert(DbConnection.java:185)
	at pucrs.gcs.cdl.persistence.DbConnection.createTable(DbConnection.java:53)
	at pucrs.gcs.cdl.persistence.DbConnection.open(DbConnection.java:38)
	at pucrs.gcs.cdl.persistence.DbConnection.queryInsert(DbConnection.java:185)
	at pucrs.gcs.cdl.persistence.DbConnection.createTable(DbConnection.java:53)
	at pucrs.gcs.cdl.persistence.DbConnection.open(DbConnection.java:38)
	at pucrs.gcs.cdl.persistence.DbConnection.queryInsert(DbConnection.java:185)
	at pucrs.gcs.cdl.persistence.DbConnection.createTable(DbConnection.java:53)
	at pucrs.gcs.cdl.persistence.DbConnection.open(DbConnection.java:38)
	at pucrs.gcs.cdl.persistence.DbConnection.queryInsert(DbConnection.java:185)
	at pucrs.gcs.cdl.persistence.DbConnection.createTable(DbConnection.java:53)
	at pucrs.gcs.cdl.persistence.DbConnection.open(DbConnection.java:38)
	at pucrs.gcs.cdl.persistence.DbConnection.queryInsert(DbConnection.java:185)
	at pucrs.gcs.cdl.persistence.DbConnection.createTable(DbConnection.java:53)
	at pucrs.gcs.cdl.persistence.DbConnection.open(DbConnection.java:38)
	at pucrs.gcs.cdl.persistence.DbConnection.queryInsert(DbConnection.java:185)
	at pucrs.gcs.cdl.persistence.DbConnection.createTable(DbConnection.java:53)
	at pucrs.gcs.cdl.persistence.DbConnection.open(DbConnection.java:38)
	at pucrs.gcs.cdl.persistence.DbConnection.queryInsert(DbConnection.java:185)
	at pucrs.gcs.cdl.persistence.DbConnection.createTable(DbConnection.java:53)
	at pucrs.gcs.cdl.persistence.DbConnection.open(DbConnection.java:38)
	at pucrs.gcs.cdl.persistence.DbConnection.queryInsert(DbConnection.java:185)
	at pucrs.gcs.cdl.persistence.DbConnection.createTable(DbConnection.java:53)
	at pucrs.gcs.cdl.persistence.DbConnection.open(DbConnection.java:38)
	at pucrs.gcs.cdl.persistence.DbConnection.queryInsert(DbConnection.java:185)
	at pucrs.gcs.cdl.persistence.DbConnection.createTable(DbConnection.java:53)
	at pucrs.gcs.cdl.persistence.DbConnection.open(DbConnection.java:38)
	at pucrs.gcs.cdl.persistence.DbConnection.queryInsert(DbConnection.java:185)
	at pucrs.gcs.cdl.persistence.DbConnection.createTable(DbConnection.java:53)
	at pucrs.gcs.cdl.persistence.DbConnection.open(DbConnection.java:38)
	at pucrs.gcs.cdl.persistence.DbConnection.queryInsert(DbConnection.java:185)
	at pucrs.gcs.cdl.persistence.DbConnection.createTable(DbConnection.java:53)
	at pucrs.gcs.cdl.persistence.DbConnection.open(DbConnection.java:38)
	at pucrs.gcs.cdl.persistence.DbConnection.queryInsert(DbConnection.java:185)
	at pucrs.gcs.cdl.persistence.DbConnection.createTable(DbConnection.java:53)
	at pucrs.gcs.cdl.persistence.DbConnection.open(DbConnection.java:38)
	at pucrs.gcs.cdl.persistence.DbConnection.queryInsert(DbConnection.java:185)
	at pucrs.gcs.cdl.persistence.DbConnection.createTable(DbConnection.java:53)
	at pucrs.gcs.cdl.persistence.DbConnection.open(DbConnection.java:38)
	at pucrs.gcs.cdl.persistence.DbConnection.queryInsert(DbConnection.java:185)
	at pucrs.gcs.cdl.persistence.DbConnection.createTable(DbConnection.java:53)
	at pucrs.gcs.cdl.persistence.DbConnection.open(DbConnection.java:38)
	at pucrs.gcs.cdl.persistence.DbConnection.queryInsert(DbConnection.java:185)
	at pucrs.gcs.cdl.persistence.DbConnection.createTable(DbConnection.java:53)
	at pucrs.gcs.cdl.persistence.DbConnection.open(DbConnection.java:38)
	at pucrs.gcs.cdl.persistence.DbConnection.queryInsert(DbConnection.java:185)
	at pucrs.gcs.cdl.persistence.DbConnection.createTable(DbConnection.java:53)
	at pucrs.gcs.cdl.persistence.DbConnection.open(DbConnection.java:38)
	at pucrs.gcs.cdl.persistence.DbConnection.queryInsert(DbConnection.java:185)
	at pucrs.gcs.cdl.persistence.DbConnection.createTable(DbConnection.java:53)
	at pucrs.gcs.cdl.persistence.DbConnection.open(DbConnection.java:38)
	at pucrs.gcs.cdl.persistence.DbConnection.queryInsert(DbConnection.java:185)
	at pucrs.gcs.cdl.persistence.DbConnection.createTable(DbConnection.java:53)
	at pucrs.gcs.cdl.persistence.DbConnection.open(DbConnection.java:38)
	at pucrs.gcs.cdl.persistence.DbConnection.queryInsert(DbConnection.java:185)
	at pucrs.gcs.cdl.persistence.DbConnection.createTable(DbConnection.java:53)
	at pucrs.gcs.cdl.persistence.DbConnection.open(DbConnection.java:38)
	at pucrs.gcs.cdl.persistence.DbConnection.queryInsert(DbConnection.java:185)
	at pucrs.gcs.cdl.persistence.DbConnection.createTable(DbConnection.java:53)
	at pucrs.gcs.cdl.persistence.DbConnection.open(DbConnection.java:38)
	at pucrs.gcs.cdl.persistence.DbConnection.queryInsert(DbConnection.java:185)
	at pucrs.gcs.cdl.persistence.DbConnection.createTable(DbConnection.java:53)
	at pucrs.gcs.cdl.persistence.DbConnection.open(DbConnection.java:38)
	at pucrs.gcs.cdl.persistence.DbConnection.queryInsert(DbConnection.java:185)
	at pucrs.gcs.cdl.persistence.DbConnection.createTable(DbConnection.java:53)
	at pucrs.gcs.cdl.persistence.DbConnection.open(DbConnection.java:38)
	at pucrs.gcs.cdl.persistence.DbConnection.queryInsert(DbConnection.java:185)
	at pucrs.gcs.cdl.persistence.DbConnection.createTable(DbConnection.java:53)
	at pucrs.gcs.cdl.persistence.DbConnection.open(DbConnection.java:38)
	at pucrs.gcs.cdl.persistence.DbConnection.queryInsert(DbConnection.java:185)
	at pucrs.gcs.cdl.persistence.DbConnection.createTable(DbConnection.java:53)
	at pucrs.gcs.cdl.persistence.DbConnection.open(DbConnection.java:38)
	at pucrs.gcs.cdl.persistence.DbConnection.queryInsert(DbConnection.java:185)
	at pucrs.gcs.cdl.persistence.DbConnection.createTable(DbConnection.java:53)
	at pucrs.gcs.cdl.persistence.DbConnection.open(DbConnection.java:38)
	at pucrs.gcs.cdl.persistence.DbConnection.queryInsert(DbConnection.java:185)
	at pucrs.gcs.cdl.persistence.DbConnection.createTable(DbConnection.java:53)
	at pucrs.gcs.cdl.persistence.DbConnection.open(DbConnection.java:38)
	at pucrs.gcs.cdl.persistence.DbConnection.queryInsert(DbConnection.java:185)
	at pucrs.gcs.cdl.persistence.DbConnection.createTable(DbConnection.java:53)
	at pucrs.gcs.cdl.persistence.DbConnection.open(DbConnection.java:38)
	at pucrs.gcs.cdl.persistence.DbConnection.queryInsert(DbConnection.java:185)
	at pucrs.gcs.cdl.persistence.DbConnection.createTable(DbConnection.java:53)
	at pucrs.gcs.cdl.persistence.DbConnection.open(DbConnection.java:38)
	at pucrs.gcs.cdl.persistence.DbConnection.queryInsert(DbConnection.java:185)
	at pucrs.gcs.cdl.persistence.DbConnection.createTable(DbConnection.java:53)
	at pucrs.gcs.cdl.persistence.DbConnection.open(DbConnection.java:38)
	at pucrs.gcs.cdl.persistence.DbConnection.queryInsert(DbConnection.java:185)
	at pucrs.gcs.cdl.persistence.DbConnection.createTable(DbConnection.java:53)
	at pucrs.gcs.cdl.persistence.DbConnection.open(DbConnection.java:38)
	at pucrs.gcs.cdl.persistence.DbConnection.queryInsert(DbConnection.java:185)
	at pucrs.gcs.cdl.persistence.DbConnection.createTable(DbConnection.java:53)
	at pucrs.gcs.cdl.persistence.DbConnection.open(DbConnection.java:38)
	at pucrs.gcs.cdl.persistence.DbConnection.queryInsert(DbConnection.java:185)
	at pucrs.gcs.cdl.persistence.DbConnection.createTable(DbConnection.java:53)
	at pucrs.gcs.cdl.persistence.DbConnection.open(DbConnection.java:38)
	at pucrs.gcs.cdl.persistence.DbConnection.queryInsert(DbConnection.java:185)
	at pucrs.gcs.cdl.persistence.DbConnection.createTable(DbConnection.java:53)
	at pucrs.gcs.cdl.persistence.DbConnection.open(DbConnection.java:38)
	at pucrs.gcs.cdl.persistence.DbConnection.queryInsert(DbConnection.java:185)
	at pucrs.gcs.cdl.persistence.DbConnection.createTable(DbConnection.java:53)
	at pucrs.gcs.cdl.persistence.DbConnection.open(DbConnection.java:38)
	at pucrs.gcs.cdl.persistence.DbConnection.queryInsert(DbConnection.java:185)
	at pucrs.gcs.cdl.persistence.DbConnection.createTable(DbConnection.java:53)
	at pucrs.gcs.cdl.persistence.DbConnection.open(DbConnection.java:38)
	at pucrs.gcs.cdl.persistence.DbConnection.queryInsert(DbConnection.java:185)
	at pucrs.gcs.cdl.persistence.DbConnection.createTable(DbConnection.java:53)
	at pucrs.gcs.cdl.persistence.DbConnection.open(DbConnection.java:38)
	at pucrs.gcs.cdl.persistence.DbConnection.queryInsert(DbConnection.java:185)
	at pucrs.gcs.cdl.persistence.DbConnection.createTable(DbConnection.java:53)
	at pucrs.gcs.cdl.persistence.DbConnection.open(DbConnection.java:38)
	at pucrs.gcs.cdl.persistence.DbConnection.queryInsert(DbConnection.java:185)
	at pucrs.gcs.cdl.persistence.DbConnection.createTable(DbConnection.java:53)
	at pucrs.gcs.cdl.persistence.DbConnection.open(DbConnection.java:38)
	at pucrs.gcs.cdl.persistence.DbConnection.queryInsert(DbConnection.java:185)
	at pucrs.gcs.cdl.persistence.DbConnection.createTable(DbConnection.java:53)
	at pucrs.gcs.cdl.persistence.DbConnection.open(DbConnection.java:38)
	at pucrs.gcs.cdl.persistence.DbConnection.queryInsert(DbConnection.java:185)
	at pucrs.gcs.cdl.persistence.DbConnection.createTable(DbConnection.java:53)
	at pucrs.gcs.cdl.persistence.DbConnection.open(DbConnection.java:38)
	at pucrs.gcs.cdl.persistence.DbConnection.queryInsert(DbConnection.java:185)
	at pucrs.gcs.cdl.persistence.DbConnection.createTable(DbConnection.java:53)
	at pucrs.gcs.cdl.persistence.DbConnection.open(DbConnection.java:38)
	at pucrs.gcs.cdl.persistence.DbConnection.queryInsert(DbConnection.java:185)
	at pucrs.gcs.cdl.persistence.DbConnection.createTable(DbConnection.java:53)
	at pucrs.gcs.cdl.persistence.DbConnection.open(DbConnection.java:38)
	at pucrs.gcs.cdl.persistence.DbConnection.queryInsert(DbConnection.java:185)
	at pucrs.gcs.cdl.persistence.DbConnection.createTable(DbConnection.java:53)
	at pucrs.gcs.cdl.persistence.DbConnection.open(DbConnection.java:38)
	at pucrs.gcs.cdl.persistence.DbConnection.queryInsert(DbConnection.java:185)
	at pucrs.gcs.cdl.persistence.DbConnection.createTable(DbConnection.java:53)
	at pucrs.gcs.cdl.persistence.DbConnection.open(DbConnection.java:38)
	at pucrs.gcs.cdl.persistence.DbConnection.queryInsert(DbConnection.java:185)
	at pucrs.gcs.cdl.persistence.DbConnection.createTable(DbConnection.java:53)
	at pucrs.gcs.cdl.persistence.DbConnection.open(DbConnection.java:38)
	at pucrs.gcs.cdl.persistence.DbConnection.queryInsert(DbConnection.java:185)
	at pucrs.gcs.cdl.persistence.DbConnection.createTable(DbConnection.java:53)
	at pucrs.gcs.cdl.persistence.DbConnection.open(DbConnection.java:38)
	at pucrs.gcs.cdl.persistence.DbConnection.queryInsert(DbConnection.java:185)
	at pucrs.gcs.cdl.persistence.DbConnection.createTable(DbConnection.java:53)
	at pucrs.gcs.cdl.persistence.DbConnection.open(DbConnection.java:38)
	at pucrs.gcs.cdl.persistence.DbConnection.queryInsert(DbConnection.java:185)
	at pucrs.gcs.cdl.persistence.DbConnection.createTable(DbConnection.java:53)
	at pucrs.gcs.cdl.persistence.DbConnection.open(DbConnection.java:38)
	at pucrs.gcs.cdl.persistence.DbConnection.queryInsert(DbConnection.java:185)
	at pucrs.gcs.cdl.persistence.DbConnection.createTable(DbConnection.java:53)
	at pucrs.gcs.cdl.persistence.DbConnection.open(DbConnection.java:38)
	at pucrs.gcs.cdl.persistence.DbConnection.queryInsert(DbConnection.java:185)
	at pucrs.gcs.cdl.persistence.DbConnection.createTable(DbConnection.java:53)
	at pucrs.gcs.cdl.persistence.DbConnection.open(DbConnection.java:38)
	at pucrs.gcs.cdl.persistence.DbConnection.queryInsert(DbConnection.java:185)
	at pucrs.gcs.cdl.persistence.DbConnection.createTable(DbConnection.java:53)
	at pucrs.gcs.cdl.persistence.DbConnection.open(DbConnection.java:38)
	at pucrs.gcs.cdl.persistence.DbConnection.queryInsert(DbConnection.java:185)
	at pucrs.gcs.cdl.persistence.DbConnection.createTable(DbConnection.java:53)
	at pucrs.gcs.cdl.persistence.DbConnection.open(DbConnection.java:38)
	at pucrs.gcs.cdl.persistence.DbConnection.queryInsert(DbConnection.java:185)
	at pucrs.gcs.cdl.persistence.DbConnection.createTable(DbConnection.java:53)
	at pucrs.gcs.cdl.persistence.DbConnection.open(DbConnection.java:38)
	at pucrs.gcs.cdl.persistence.DbConnection.queryInsert(DbConnection.java:185)
	at pucrs.gcs.cdl.persistence.DbConnection.createTable(DbConnection.java:53)
	at pucrs.gcs.cdl.persistence.DbConnection.open(DbConnection.java:38)
	at pucrs.gcs.cdl.persistence.DbConnection.queryInsert(DbConnection.java:185)
	at pucrs.gcs.cdl.persistence.DbConnection.createTable(DbConnection.java:53)
	at pucrs.gcs.cdl.persistence.DbConnection.open(DbConnection.java:38)
	at pucrs.gcs.cdl.persistence.DbConnection.queryInsert(DbConnection.java:185)
	at pucrs.gcs.cdl.persistence.DbConnection.createTable(DbConnection.java:53)
	at pucrs.gcs.cdl.persistence.DbConnection.open(DbConnection.java:38)
	at pucrs.gcs.cdl.persistence.DbConnection.queryInsert(DbConnection.java:185)
	at pucrs.gcs.cdl.persistence.DbConnection.createTable(DbConnection.java:53)
	at pucrs.gcs.cdl.persistence.DbConnection.open(DbConnection.java:38)
	at pucrs.gcs.cdl.persistence.DbConnection.queryInsert(DbConnection.java:185)
	at pucrs.gcs.cdl.persistence.DbConnection.createTable(DbConnection.java:53)
	at pucrs.gcs.cdl.persistence.DbConnection.open(DbConnection.java:38)
	at pucrs.gcs.cdl.persistence.DbConnection.queryInsert(DbConnection.java:185)
	at pucrs.gcs.cdl.persistence.DbConnection.createTable(DbConnection.java:53)
	at pucrs.gcs.cdl.persistence.DbConnection.open(DbConnection.java:38)
	at pucrs.gcs.cdl.persistence.DbConnection.queryInsert(DbConnection.java:185)
	at pucrs.gcs.cdl.persistence.DbConnection.createTable(DbConnection.java:53)
	at pucrs.gcs.cdl.persistence.DbConnection.open(DbConnection.java:38)
	at pucrs.gcs.cdl.persistence.DbConnection.queryInsert(DbConnection.java:185)
	at pucrs.gcs.cdl.persistence.DbConnection.createTable(DbConnection.java:53)
	at pucrs.gcs.cdl.persistence.DbConnection.open(DbConnection.java:38)
	at pucrs.gcs.cdl.persistence.DbConnection.queryInsert(DbConnection.java:185)
	at pucrs.gcs.cdl.persistence.DbConnection.createTable(DbConnection.java:53)
	at pucrs.gcs.cdl.persistence.DbConnection.open(DbConnection.java:38)
	at pucrs.gcs.cdl.persistence.DbConnection.queryInsert(DbConnection.java:185)
	at pucrs.gcs.cdl.persistence.DbConnection.createTable(DbConnection.java:53)
	at pucrs.gcs.cdl.persistence.DbConnection.open(DbConnection.java:38)
	at pucrs.gcs.cdl.persistence.DbConnection.queryInsert(DbConnection.java:185)
	at pucrs.gcs.cdl.persistence.DbConnection.createTable(DbConnection.java:53)
	at pucrs.gcs.cdl.persistence.DbConnection.open(DbConnection.java:38)
	at pucrs.gcs.cdl.persistence.DbConnection.queryInsert(DbConnection.java:185)
	at pucrs.gcs.cdl.persistence.DbConnection.createTable(DbConnection.java:53)
	at pucrs.gcs.cdl.persistence.DbConnection.open(DbConnection.java:38)
	at pucrs.gcs.cdl.persistence.DbConnection.queryInsert(DbConnection.java:185)
	at pucrs.gcs.cdl.persistence.DbConnection.createTable(DbConnection.java:53)
	at pucrs.gcs.cdl.persistence.DbConnection.open(DbConnection.java:38)
	at pucrs.gcs.cdl.persistence.DbConnection.queryInsert(DbConnection.java:185)
	at pucrs.gcs.cdl.persistence.DbConnection.createTable(DbConnection.java:53)
	at pucrs.gcs.cdl.persistence.DbConnection.open(DbConnection.java:38)
	at pucrs.gcs.cdl.persistence.DbConnection.queryInsert(DbConnection.java:185)
	at pucrs.gcs.cdl.persistence.DbConnection.createTable(DbConnection.java:53)
	at pucrs.gcs.cdl.persistence.DbConnection.open(DbConnection.java:38)
	at pucrs.gcs.cdl.persistence.DbConnection.queryInsert(DbConnection.java:185)
	at pucrs.gcs.cdl.persistence.DbConnection.createTable(DbConnection.java:53)
	at pucrs.gcs.cdl.persistence.DbConnection.open(DbConnection.java:38)
	at pucrs.gcs.cdl.persistence.DbConnection.queryInsert(DbConnection.java:185)
	at pucrs.gcs.cdl.persistence.DbConnection.createTable(DbConnection.java:53)
	at pucrs.gcs.cdl.persistence.DbConnection.open(DbConnection.java:38)
	at pucrs.gcs.cdl.persistence.DbConnection.queryInsert(DbConnection.java:185)
	at pucrs.gcs.cdl.persistence.DbConnection.createTable(DbConnection.java:53)
	at pucrs.gcs.cdl.persistence.DbConnection.open(DbConnection.java:38)
	at pucrs.gcs.cdl.persistence.DbConnection.queryInsert(DbConnection.java:185)
	at pucrs.gcs.cdl.persistence.DbConnection.createTable(DbConnection.java:53)
	at pucrs.gcs.cdl.persistence.DbConnection.open(DbConnection.java:38)
	at pucrs.gcs.cdl.persistence.DbConnection.queryInsert(DbConnection.java:185)
	at pucrs.gcs.cdl.persistence.DbConnection.createTable(DbConnection.java:53)
	at pucrs.gcs.cdl.persistence.DbConnection.open(DbConnection.java:38)
	at pucrs.gcs.cdl.persistence.DbConnection.queryInsert(DbConnection.java:185)
	at pucrs.gcs.cdl.persistence.DbConnection.createTable(DbConnection.java:53)
	at pucrs.gcs.cdl.persistence.DbConnection.open(DbConnection.java:38)
	at pucrs.gcs.cdl.persistence.DbConnection.queryInsert(DbConnection.java:185)
	at pucrs.gcs.cdl.persistence.DbConnection.createTable(DbConnection.java:53)
	at pucrs.gcs.cdl.persistence.DbConnection.open(DbConnection.java:38)
	at pucrs.gcs.cdl.persistence.DbConnection.queryInsert(DbConnection.java:185)
	at pucrs.gcs.cdl.persistence.DbConnection.createTable(DbConnection.java:53)
	at pucrs.gcs.cdl.persistence.DbConnection.open(DbConnection.java:38)
	at pucrs.gcs.cdl.persistence.DbConnection.queryInsert(DbConnection.java:185)
	at pucrs.gcs.cdl.persistence.DbConnection.createTable(DbConnection.java:53)
	at pucrs.gcs.cdl.persistence.DbConnection.open(DbConnection.java:38)
	at pucrs.gcs.cdl.persistence.DbConnection.queryInsert(DbConnection.java:185)
	at pucrs.gcs.cdl.persistence.DbConnection.createTable(DbConnection.java:53)
	at pucrs.gcs.cdl.persistence.DbConnection.open(DbConnection.java:38)
	at pucrs.gcs.cdl.persistence.DbConnection.queryInsert(DbConnection.java:185)
	at pucrs.gcs.cdl.persistence.DbConnection.createTable(DbConnection.java:53)
	at pucrs.gcs.cdl.persistence.DbConnection.open(DbConnection.java:38)
	at pucrs.gcs.cdl.persistence.DbConnection.queryInsert(DbConnection.java:185)
	at pucrs.gcs.cdl.persistence.DbConnection.createTable(DbConnection.java:53)
	at pucrs.gcs.cdl.persistence.DbConnection.open(DbConnection.java:38)
	at pucrs.gcs.cdl.persistence.DbConnection.queryInsert(DbConnection.java:185)
	at pucrs.gcs.cdl.persistence.DbConnection.createTable(DbConnection.java:53)
	at pucrs.gcs.cdl.persistence.DbConnection.open(DbConnection.java:38)
	at pucrs.gcs.cdl.persistence.DbConnection.queryInsert(DbConnection.java:185)
	at pucrs.gcs.cdl.persistence.DbConnection.createTable(DbConnection.java:53)
	at pucrs.gcs.cdl.persistence.DbConnection.open(DbConnection.java:38)
	at pucrs.gcs.cdl.persistence.DbConnection.queryInsert(DbConnection.java:185)
	at pucrs.gcs.cdl.persistence.DbConnection.createTable(DbConnection.java:53)
	at pucrs.gcs.cdl.persistence.DbConnection.open(DbConnection.java:38)
	at pucrs.gcs.cdl.persistence.DbConnection.queryInsert(DbConnection.java:185)
	at pucrs.gcs.cdl.persistence.DbConnection.createTable(DbConnection.java:53)
	at pucrs.gcs.cdl.persistence.DbConnection.open(DbConnection.java:38)
	at pucrs.gcs.cdl.persistence.DbConnection.queryInsert(DbConnection.java:185)
	at pucrs.gcs.cdl.persistence.DbConnection.createTable(DbConnection.java:53)
	at pucrs.gcs.cdl.persistence.DbConnection.open(DbConnection.java:38)
	at pucrs.gcs.cdl.persistence.DbConnection.queryInsert(DbConnection.java:185)
	at pucrs.gcs.cdl.persistence.DbConnection.createTable(DbConnection.java:53)
	at pucrs.gcs.cdl.persistence.DbConnection.open(DbConnection.java:38)
	at pucrs.gcs.cdl.persistence.DbConnection.queryInsert(DbConnection.java:185)
	at pucrs.gcs.cdl.persistence.DbConnection.createTable(DbConnection.java:53)
	at pucrs.gcs.cdl.persistence.DbConnection.open(DbConnection.java:38)
	at pucrs.gcs.cdl.persistence.DbConnection.queryInsert(DbConnection.java:185)
	at pucrs.gcs.cdl.persistence.DbConnection.createTable(DbConnection.java:53)
	at pucrs.gcs.cdl.persistence.DbConnection.open(DbConnection.java:38)
	at pucrs.gcs.cdl.persistence.DbConnection.queryInsert(DbConnection.java:185)
	at pucrs.gcs.cdl.persistence.DbConnection.createTable(DbConnection.java:53)
	at pucrs.gcs.cdl.persistence.DbConnection.open(DbConnection.java:38)
	at pucrs.gcs.cdl.persistence.DbConnection.queryInsert(DbConnection.java:185)
	at pucrs.gcs.cdl.persistence.DbConnection.createTable(DbConnection.java:53)
	at pucrs.gcs.cdl.persistence.DbConnection.open(DbConnection.java:38)
	at pucrs.gcs.cdl.persistence.DbConnection.queryInsert(DbConnection.java:185)
	at pucrs.gcs.cdl.persistence.DbConnection.createTable(DbConnection.java:53)
	at pucrs.gcs.cdl.persistence.DbConnection.open(DbConnection.java:38)
	at pucrs.gcs.cdl.persistence.DbConnection.queryInsert(DbConnection.java:185)
	at pucrs.gcs.cdl.persistence.DbConnection.createTable(DbConnection.java:53)
	at pucrs.gcs.cdl.persistence.DbConnection.open(DbConnection.java:38)
	at pucrs.gcs.cdl.persistence.DbConnection.queryInsert(DbConnection.java:185)
	at pucrs.gcs.cdl.persistence.DbConnection.createTable(DbConnection.java:53)
	at pucrs.gcs.cdl.persistence.DbConnection.open(DbConnection.java:38)
	at pucrs.gcs.cdl.persistence.DbConnection.queryInsert(DbConnection.java:185)
	at pucrs.gcs.cdl.persistence.DbConnection.createTable(DbConnection.java:53)
	at pucrs.gcs.cdl.persistence.DbConnection.open(DbConnection.java:38)
	at pucrs.gcs.cdl.persistence.DbConnection.queryInsert(DbConnection.java:185)
	at pucrs.gcs.cdl.persistence.DbConnection.createTable(DbConnection.java:53)
	at pucrs.gcs.cdl.persistence.DbConnection.open(DbConnection.java:38)
	at pucrs.gcs.cdl.persistence.DbConnection.queryInsert(DbConnection.java:185)
	at pucrs.gcs.cdl.persistence.DbConnection.createTable(DbConnection.java:53)
	at pucrs.gcs.cdl.persistence.DbConnection.open(DbConnection.java:38)
	at pucrs.gcs.cdl.persistence.DbConnection.queryInsert(DbConnection.java:185)
	at pucrs.gcs.cdl.persistence.DbConnection.createTable(DbConnection.java:53)
	at pucrs.gcs.cdl.persistence.DbConnection.open(DbConnection.java:38)
	at pucrs.gcs.cdl.persistence.DbConnection.queryInsert(DbConnection.java:185)
	at pucrs.gcs.cdl.persistence.DbConnection.createTable(DbConnection.java:53)
	at pucrs.gcs.cdl.persistence.DbConnection.open(DbConnection.java:38)
	at pucrs.gcs.cdl.persistence.DbConnection.queryInsert(DbConnection.java:185)
	at pucrs.gcs.cdl.persistence.DbConnection.createTable(DbConnection.java:53)
	at pucrs.gcs.cdl.persistence.DbConnection.open(DbConnection.java:38)
	at pucrs.gcs.cdl.persistence.DbConnection.queryInsert(DbConnection.java:185)
	at pucrs.gcs.cdl.persistence.DbConnection.createTable(DbConnection.java:53)
	at pucrs.gcs.cdl.persistence.DbConnection.open(DbConnection.java:38)
	at pucrs.gcs.cdl.persistence.DbConnection.queryInsert(DbConnection.java:185)
	at pucrs.gcs.cdl.persistence.DbConnection.createTable(DbConnection.java:53)
	at pucrs.gcs.cdl.persistence.DbConnection.open(DbConnection.java:38)
	at pucrs.gcs.cdl.persistence.DbConnection.queryInsert(DbConnection.java:185)
	at pucrs.gcs.cdl.persistence.DbConnection.createTable(DbConnection.java:53)
	at pucrs.gcs.cdl.persistence.DbConnection.open(DbConnection.java:38)
	at pucrs.gcs.cdl.persistence.DbConnection.queryInsert(DbConnection.java:185)
	at pucrs.gcs.cdl.persistence.DbConnection.createTable(DbConnection.java:53)
	at pucrs.gcs.cdl.persistence.DbConnection.open(DbConnection.java:38)
	at pucrs.gcs.cdl.persistence.DbConnection.queryInsert(DbConnection.java:185)
	at pucrs.gcs.cdl.persistence.DbConnection.createTable(DbConnection.java:53)
	at pucrs.gcs.cdl.persistence.DbConnection.open(DbConnection.java:38)
	at pucrs.gcs.cdl.persistence.DbConnection.queryInsert(DbConnection.java:185)
	at pucrs.gcs.cdl.persistence.DbConnection.createTable(DbConnection.java:53)
	at pucrs.gcs.cdl.persistence.DbConnection.open(DbConnection.java:38)
	at pucrs.gcs.cdl.persistence.DbConnection.queryInsert(DbConnection.java:185)
	at pucrs.gcs.cdl.persistence.DbConnection.createTable(DbConnection.java:53)
	at pucrs.gcs.cdl.persistence.DbConnection.open(DbConnection.java:38)
	at pucrs.gcs.cdl.persistence.DbConnection.queryInsert(DbConnection.java:185)
	at pucrs.gcs.cdl.persistence.DbConnection.createTable(DbConnection.java:53)
	at pucrs.gcs.cdl.persistence.DbConnection.open(DbConnection.java:38)
	at pucrs.gcs.cdl.persistence.DbConnection.queryInsert(DbConnection.java:185)
	at pucrs.gcs.cdl.persistence.DbConnection.createTable(DbConnection.java:53)
	at pucrs.gcs.cdl.persistence.DbConnection.open(DbConnection.java:38)
	at pucrs.gcs.cdl.persistence.DbConnection.queryInsert(DbConnection.java:185)
	at pucrs.gcs.cdl.persistence.DbConnection.createTable(DbConnection.java:53)
	at pucrs.gcs.cdl.persistence.DbConnection.open(DbConnection.java:38)
	at pucrs.gcs.cdl.persistence.DbConnection.queryInsert(DbConnection.java:185)
	at pucrs.gcs.cdl.persistence.DbConnection.createTable(DbConnection.java:53)
	at pucrs.gcs.cdl.persistence.DbConnection.open(DbConnection.java:38)
	at pucrs.gcs.cdl.persistence.DbConnection.queryInsert(DbConnection.java:185)
	at pucrs.gcs.cdl.persistence.DbConnection.createTable(DbConnection.java:53)
	at pucrs.gcs.cdl.persistence.DbConnection.open(DbConnection.java:38)
	at pucrs.gcs.cdl.persistence.DbConnection.queryInsert(DbConnection.java:185)
	at pucrs.gcs.cdl.persistence.DbConnection.createTable(DbConnection.java:53)
	at pucrs.gcs.cdl.persistence.DbConnection.open(DbConnection.java:38)
	at pucrs.gcs.cdl.persistence.DbConnection.queryInsert(DbConnection.java:185)
	at pucrs.gcs.cdl.persistence.DbConnection.createTable(DbConnection.java:53)
	at pucrs.gcs.cdl.persistence.DbConnection.open(DbConnection.java:38)
	at pucrs.gcs.cdl.persistence.DbConnection.queryInsert(DbConnection.java:185)
	at pucrs.gcs.cdl.persistence.DbConnection.createTable(DbConnection.java:53)
	at pucrs.gcs.cdl.persistence.DbConnection.open(DbConnection.java:38)
	at pucrs.gcs.cdl.persistence.DbConnection.queryInsert(DbConnection.java:185)
	at pucrs.gcs.cdl.persistence.DbConnection.createTable(DbConnection.java:53)
	at pucrs.gcs.cdl.persistence.DbConnection.open(DbConnection.java:38)
	at pucrs.gcs.cdl.persistence.DbConnection.queryInsert(DbConnection.java:185)
	at pucrs.gcs.cdl.persistence.DbConnection.createTable(DbConnection.java:53)
	at pucrs.gcs.cdl.persistence.DbConnection.open(DbConnection.java:38)
	at pucrs.gcs.cdl.persistence.DbConnection.queryInsert(DbConnection.java:185)
	at pucrs.gcs.cdl.persistence.DbConnection.createTable(DbConnection.java:53)
	at pucrs.gcs.cdl.persistence.DbConnection.open(DbConnection.java:38)
	at pucrs.gcs.cdl.persistence.DbConnection.queryInsert(DbConnection.java:185)
	at pucrs.gcs.cdl.persistence.DbConnection.createTable(DbConnection.java:53)
	at pucrs.gcs.cdl.persistence.DbConnection.open(DbConnection.java:38)
	at pucrs.gcs.cdl.persistence.DbConnection.queryInsert(DbConnection.java:185)
	at pucrs.gcs.cdl.persistence.DbConnection.createTable(DbConnection.java:53)
	at pucrs.gcs.cdl.persistence.DbConnection.open(DbConnection.java:38)
	at pucrs.gcs.cdl.persistence.DbConnection.queryInsert(DbConnection.java:185)
	at pucrs.gcs.cdl.persistence.DbConnection.createTable(DbConnection.java:53)
	at pucrs.gcs.cdl.persistence.DbConnection.open(DbConnection.java:38)
	at pucrs.gcs.cdl.persistence.DbConnection.queryInsert(DbConnection.java:185)
	at pucrs.gcs.cdl.persistence.DbConnection.createTable(DbConnection.java:53)
	at pucrs.gcs.cdl.persistence.DbConnection.open(DbConnection.java:38)
	at pucrs.gcs.cdl.persistence.DbConnection.queryInsert(DbConnection.java:185)
	at pucrs.gcs.cdl.persistence.DbConnection.createTable(DbConnection.java:53)
	at pucrs.gcs.cdl.persistence.DbConnection.open(DbConnection.java:38)
	at pucrs.gcs.cdl.persistence.DbConnection.queryInsert(DbConnection.java:185)
	at pucrs.gcs.cdl.persistence.DbConnection.createTable(DbConnection.java:53)
	at pucrs.gcs.cdl.persistence.DbConnection.open(DbConnection.java:38)
	at pucrs.gcs.cdl.persistence.DbConnection.queryInsert(DbConnection.java:185)
	at pucrs.gcs.cdl.persistence.DbConnection.createTable(DbConnection.java:53)
	at pucrs.gcs.cdl.persistence.DbConnection.open(DbConnection.java:38)
	at pucrs.gcs.cdl.persistence.DbConnection.queryInsert(DbConnection.java:185)
	at pucrs.gcs.cdl.persistence.DbConnection.createTable(DbConnection.java:53)
	at pucrs.gcs.cdl.persistence.DbConnection.open(DbConnection.java:38)
	at pucrs.gcs.cdl.persistence.DbConnection.queryInsert(DbConnection.java:185)
	at pucrs.gcs.cdl.persistence.DbConnection.createTable(DbConnection.java:53)
	at pucrs.gcs.cdl.persistence.DbConnection.open(DbConnection.java:38)
	at pucrs.gcs.cdl.persistence.DbConnection.queryInsert(DbConnection.java:185)
	at pucrs.gcs.cdl.persistence.DbConnection.createTable(DbConnection.java:53)
	at pucrs.gcs.cdl.persistence.DbConnection.open(DbConnection.java:38)
	at pucrs.gcs.cdl.persistence.DbConnection.queryInsert(DbConnection.java:185)
	at pucrs.gcs.cdl.persistence.DbConnection.createTable(DbConnection.java:53)
	at pucrs.gcs.cdl.persistence.DbConnection.open(DbConnection.java:38)
	at pucrs.gcs.cdl.persistence.DbConnection.queryInsert(DbConnection.java:185)
	at pucrs.gcs.cdl.persistence.DbConnection.createTable(DbConnection.java:53)
	at pucrs.gcs.cdl.persistence.DbConnection.open(DbConnection.java:38)
	at pucrs.gcs.cdl.persistence.DbConnection.queryInsert(DbConnection.java:185)
	at pucrs.gcs.cdl.persistence.DbConnection.createTable(DbConnection.java:53)
	at pucrs.gcs.cdl.persistence.DbConnection.open(DbConnection.java:38)
	at pucrs.gcs.cdl.persistence.DbConnection.queryInsert(DbConnection.java:185)
	at pucrs.gcs.cdl.persistence.DbConnection.createTable(DbConnection.java:53)
	at pucrs.gcs.cdl.persistence.DbConnection.open(DbConnection.java:38)
	at pucrs.gcs.cdl.persistence.DbConnection.queryInsert(DbConnection.java:185)
	at pucrs.gcs.cdl.persistence.DbConnection.createTable(DbConnection.java:53)
	at pucrs.gcs.cdl.persistence.DbConnection.open(DbConnection.java:38)
	at pucrs.gcs.cdl.persistence.DbConnection.queryInsert(DbConnection.java:185)
	at pucrs.gcs.cdl.persistence.DbConnection.createTable(DbConnection.java:53)
	at pucrs.gcs.cdl.persistence.DbConnection.open(DbConnection.java:38)
	at pucrs.gcs.cdl.persistence.DbConnection.queryInsert(DbConnection.java:185)
	at pucrs.gcs.cdl.persistence.DbConnection.createTable(DbConnection.java:53)
	at pucrs.gcs.cdl.persistence.DbConnection.open(DbConnection.java:38)
	at pucrs.gcs.cdl.persistence.DbConnection.queryInsert(DbConnection.java:185)
	at pucrs.gcs.cdl.persistence.DbConnection.createTable(DbConnection.java:53)
	at pucrs.gcs.cdl.persistence.DbConnection.open(DbConnection.java:38)
	at pucrs.gcs.cdl.persistence.DbConnection.queryInsert(DbConnection.java:185)
	at pucrs.gcs.cdl.persistence.DbConnection.createTable(DbConnection.java:53)
	at pucrs.gcs.cdl.persistence.DbConnection.open(DbConnection.java:38)
	at pucrs.gcs.cdl.persistence.DbConnection.queryInsert(DbConnection.java:185)
	at pucrs.gcs.cdl.persistence.DbConnection.createTable(DbConnection.java:53)
	at pucrs.gcs.cdl.persistence.DbConnection.open(DbConnection.java:38)
	at pucrs.gcs.cdl.persistence.DbConnection.queryInsert(DbConnection.java:185)
	at pucrs.gcs.cdl.persistence.DbConnection.createTable(DbConnection.java:53)
	at pucrs.gcs.cdl.persistence.DbConnection.open(DbConnection.java:38)
	at pucrs.gcs.cdl.persistence.DbConnection.queryInsert(DbConnection.java:185)
	at pucrs.gcs.cdl.persistence.DbConnection.createTable(DbConnection.java:53)
	at pucrs.gcs.cdl.persistence.DbConnection.open(DbConnection.java:38)
	at pucrs.gcs.cdl.persistence.DbConnection.queryInsert(DbConnection.java:185)
	at pucrs.gcs.cdl.persistence.DbConnection.createTable(DbConnection.java:53)
	at pucrs.gcs.cdl.persistence.DbConnection.open(DbConnection.java:38)
	at pucrs.gcs.cdl.persistence.DbConnection.queryInsert(DbConnection.java:185)
	at pucrs.gcs.cdl.persistence.DbConnection.createTable(DbConnection.java:53)
	at pucrs.gcs.cdl.persistence.DbConnection.open(DbConnection.java:38)
	at pucrs.gcs.cdl.persistence.DbConnection.queryInsert(DbConnection.java:185)
	at pucrs.gcs.cdl.persistence.DbConnection.createTable(DbConnection.java:53)
	at pucrs.gcs.cdl.persistence.DbConnection.open(DbConnection.java:38)
	at pucrs.gcs.cdl.persistence.DbConnection.queryInsert(DbConnection.java:185)
	at pucrs.gcs.cdl.persistence.DbConnection.createTable(DbConnection.java:53)
	at pucrs.gcs.cdl.persistence.DbConnection.open(DbConnection.java:38)
	at pucrs.gcs.cdl.persistence.DbConnection.queryInsert(DbConnection.java:185)
	at pucrs.gcs.cdl.persistence.DbConnection.createTable(DbConnection.java:53)
	at pucrs.gcs.cdl.persistence.DbConnection.open(DbConnection.java:38)
	at pucrs.gcs.cdl.persistence.DbConnection.queryInsert(DbConnection.java:185)
	at pucrs.gcs.cdl.persistence.DbConnection.createTable(DbConnection.java:53)
	at pucrs.gcs.cdl.persistence.DbConnection.open(DbConnection.java:38)
	at pucrs.gcs.cdl.persistence.DbConnection.queryInsert(DbConnection.java:185)
	at pucrs.gcs.cdl.persistence.DbConnection.createTable(DbConnection.java:53)
	at pucrs.gcs.cdl.persistence.DbConnection.open(DbConnection.java:38)
	at pucrs.gcs.cdl.persistence.DbConnection.queryInsert(DbConnection.java:185)
	at pucrs.gcs.cdl.persistence.DbConnection.createTable(DbConnection.java:53)
	at pucrs.gcs.cdl.persistence.DbConnection.open(DbConnection.java:38)
	at pucrs.gcs.cdl.persistence.DbConnection.queryInsert(DbConnection.java:185)
	at pucrs.gcs.cdl.persistence.DbConnection.createTable(DbConnection.java:53)
	at pucrs.gcs.cdl.persistence.DbConnection.open(DbConnection.java:38)
	at pucrs.gcs.cdl.persistence.DbConnection.queryInsert(DbConnection.java:185)
	at pucrs.gcs.cdl.persistence.DbConnection.createTable(DbConnection.java:53)
	at pucrs.gcs.cdl.persistence.DbConnection.open(DbConnection.java:38)
	at pucrs.gcs.cdl.persistence.DbConnection.queryInsert(DbConnection.java:185)
	at pucrs.gcs.cdl.persistence.DbConnection.createTable(DbConnection.java:53)
	at pucrs.gcs.cdl.persistence.DbConnection.open(DbConnection.java:38)
	at pucrs.gcs.cdl.persistence.DbConnection.queryInsert(DbConnection.java:185)
	at pucrs.gcs.cdl.persistence.DbConnection.createTable(DbConnection.java:53)
	at pucrs.gcs.cdl.persistence.DbConnection.open(DbConnection.java:38)
	at pucrs.gcs.cdl.persistence.DbConnection.queryInsert(DbConnection.java:185)
	at pucrs.gcs.cdl.persistence.DbConnection.createTable(DbConnection.java:53)
	at pucrs.gcs.cdl.persistence.DbConnection.open(DbConnection.java:38)
	at pucrs.gcs.cdl.persistence.DbConnection.queryInsert(DbConnection.java:185)
	at pucrs.gcs.cdl.persistence.DbConnection.createTable(DbConnection.java:53)
	at pucrs.gcs.cdl.persistence.DbConnection.open(DbConnection.java:38)
	at pucrs.gcs.cdl.persistence.DbConnection.queryInsert(DbConnection.java:185)
	at pucrs.gcs.cdl.persistence.DbConnection.createTable(DbConnection.java:53)
	at pucrs.gcs.cdl.persistence.DbConnection.open(DbConnection.java:38)
	at pucrs.gcs.cdl.persistence.DbConnection.queryInsert(DbConnection.java:185)
	at pucrs.gcs.cdl.persistence.DbConnection.createTable(DbConnection.java:53)
	at pucrs.gcs.cdl.persistence.DbConnection.open(DbConnection.java:38)
	at pucrs.gcs.cdl.persistence.DbConnection.queryInsert(DbConnection.java:185)
	at pucrs.gcs.cdl.persistence.DbConnection.createTable(DbConnection.java:53)
	at pucrs.gcs.cdl.persistence.DbConnection.open(DbConnection.java:38)
	at pucrs.gcs.cdl.persistence.DbConnection.queryInsert(DbConnection.java:185)
	at pucrs.gcs.cdl.persistence.DbConnection.createTable(DbConnection.java:53)
	at pucrs.gcs.cdl.persistence.DbConnection.open(DbConnection.java:38)
	at pucrs.gcs.cdl.persistence.DbConnection.queryInsert(DbConnection.java:185)
	at pucrs.gcs.cdl.persistence.DbConnection.createTable(DbConnection.java:53)
	at pucrs.gcs.cdl.persistence.DbConnection.open(DbConnection.java:38)
	at pucrs.gcs.cdl.persistence.DbConnection.queryInsert(DbConnection.java:185)
	at pucrs.gcs.cdl.persistence.DbConnection.createTable(DbConnection.java:53)
	at pucrs.gcs.cdl.persistence.DbConnection.open(DbConnection.java:38)
	at pucrs.gcs.cdl.persistence.DbConnection.queryInsert(DbConnection.java:185)
	at pucrs.gcs.cdl.persistence.DbConnection.createTable(DbConnection.java:53)
	at pucrs.gcs.cdl.persistence.DbConnection.open(DbConnection.java:38)
	at pucrs.gcs.cdl.persistence.DbConnection.queryInsert(DbConnection.java:185)
	at pucrs.gcs.cdl.persistence.DbConnection.createTable(DbConnection.java:53)
	at pucrs.gcs.cdl.persistence.DbConnection.open(DbConnection.java:38)
	at pucrs.gcs.cdl.persistence.DbConnection.queryInsert(DbConnection.java:185)
	at pucrs.gcs.cdl.persistence.DbConnection.createTable(DbConnection.java:53)
	at pucrs.gcs.cdl.persistence.DbConnection.open(DbConnection.java:38)
	at pucrs.gcs.cdl.persistence.DbConnection.queryInsert(DbConnection.java:185)
	at pucrs.gcs.cdl.persistence.DbConnection.createTable(DbConnection.java:53)
	at pucrs.gcs.cdl.persistence.DbConnection.open(DbConnection.java:38)
	at pucrs.gcs.cdl.persistence.DbConnection.queryInsert(DbConnection.java:185)
	at pucrs.gcs.cdl.persistence.DbConnection.createTable(DbConnection.java:53)
	at pucrs.gcs.cdl.persistence.DbConnection.open(DbConnection.java:38)
	at pucrs.gcs.cdl.persistence.DbConnection.queryInsert(DbConnection.java:185)
	at pucrs.gcs.cdl.persistence.DbConnection.createTable(DbConnection.java:53)
	at pucrs.gcs.cdl.persistence.DbConnection.open(DbConnection.java:38)
	at pucrs.gcs.cdl.persistence.DbConnection.queryInsert(DbConnection.java:185)
	at pucrs.gcs.cdl.persistence.DbConnection.createTable(DbConnection.java:53)
	at pucrs.gcs.cdl.persistence.DbConnection.open(DbConnection.java:38)
	at pucrs.gcs.cdl.persistence.DbConnection.queryInsert(DbConnection.java:185)
	at pucrs.gcs.cdl.persistence.DbConnection.createTable(DbConnection.java:53)
	at pucrs.gcs.cdl.persistence.DbConnection.open(DbConnection.java:38)
	at pucrs.gcs.cdl.persistence.DbConnection.queryInsert(DbConnection.java:185)
	at pucrs.gcs.cdl.persistence.DbConnection.createTable(DbConnection.java:53)
	at pucrs.gcs.cdl.persistence.DbConnection.open(DbConnection.java:38)
	at pucrs.gcs.cdl.persistence.DbConnection.queryInsert(DbConnection.java:185)
	at pucrs.gcs.cdl.persistence.DbConnection.createTable(DbConnection.java:53)
	at pucrs.gcs.cdl.persistence.DbConnection.open(DbConnection.java:38)
	at pucrs.gcs.cdl.persistence.DbConnection.queryInsert(DbConnection.java:185)
	at pucrs.gcs.cdl.persistence.DbConnection.createTable(DbConnection.java:53)
	at pucrs.gcs.cdl.persistence.DbConnection.open(DbConnection.java:38)
	at pucrs.gcs.cdl.persistence.DbConnection.queryInsert(DbConnection.java:185)
	at pucrs.gcs.cdl.persistence.DbConnection.createTable(DbConnection.java:53)
	at pucrs.gcs.cdl.persistence.DbConnection.open(DbConnection.java:38)
	at pucrs.gcs.cdl.persistence.DbConnection.queryInsert(DbConnection.java:185)
	at pucrs.gcs.cdl.persistence.DbConnection.createTable(DbConnection.java:53)
	at pucrs.gcs.cdl.persistence.DbConnection.open(DbConnection.java:38)
	at pucrs.gcs.cdl.persistence.DbConnection.queryInsert(DbConnection.java:185)
	at pucrs.gcs.cdl.persistence.DbConnection.createTable(DbConnection.java:53)
	at pucrs.gcs.cdl.persistence.DbConnection.open(DbConnection.java:38)
	at pucrs.gcs.cdl.persistence.DbConnection.queryInsert(DbConnection.java:185)
	at pucrs.gcs.cdl.persistence.DbConnection.createTable(DbConnection.java:53)
	at pucrs.gcs.cdl.persistence.DbConnection.open(DbConnection.java:38)
	at pucrs.gcs.cdl.persistence.DbConnection.queryInsert(DbConnection.java:185)
	at pucrs.gcs.cdl.persistence.DbConnection.createTable(DbConnection.java:53)
	at pucrs.gcs.cdl.persistence.DbConnection.open(DbConnection.java:38)
	at pucrs.gcs.cdl.persistence.DbConnection.queryInsert(DbConnection.java:185)
	at pucrs.gcs.cdl.persistence.DbConnection.createTable(DbConnection.java:53)
	at pucrs.gcs.cdl.persistence.DbConnection.open(DbConnection.java:38)
	at pucrs.gcs.cdl.persistence.DbConnection.queryInsert(DbConnection.java:185)
	at pucrs.gcs.cdl.persistence.DbConnection.createTable(DbConnection.java:53)
	at pucrs.gcs.cdl.persistence.DbConnection.open(DbConnection.java:38)
	at pucrs.gcs.cdl.persistence.DbConnection.queryInsert(DbConnection.java:185)
	at pucrs.gcs.cdl.persistence.DbConnection.createTable(DbConnection.java:53)
	at pucrs.gcs.cdl.persistence.DbConnection.open(DbConnection.java:38)
	at pucrs.gcs.cdl.persistence.DbConnection.queryInsert(DbConnection.java:185)
	at pucrs.gcs.cdl.persistence.DbConnection.createTable(DbConnection.java:53)
	at pucrs.gcs.cdl.persistence.DbConnection.open(DbConnection.java:38)
	at pucrs.gcs.cdl.persistence.DbConnection.queryInsert(DbConnection.java:185)
	at pucrs.gcs.cdl.persistence.DbConnection.createTable(DbConnection.java:53)
	at pucrs.gcs.cdl.persistence.DbConnection.open(DbConnection.java:38)
	at pucrs.gcs.cdl.persistence.DbConnection.queryInsert(DbConnection.java:185)
	at pucrs.gcs.cdl.persistence.DbConnection.createTable(DbConnection.java:53)
	at pucrs.gcs.cdl.persistence.DbConnection.open(DbConnection.java:38)
	at pucrs.gcs.cdl.persistence.DbConnection.queryInsert(DbConnection.java:185)
	at pucrs.gcs.cdl.persistence.DbConnection.createTable(DbConnection.java:53)
	at pucrs.gcs.cdl.persistence.DbConnection.open(DbConnection.java:38)
	at pucrs.gcs.cdl.persistence.DbConnection.queryInsert(DbConnection.java:185)
	at pucrs.gcs.cdl.persistence.DbConnection.createTable(DbConnection.java:53)
	at pucrs.gcs.cdl.persistence.DbConnection.open(DbConnection.java:38)
	at pucrs.gcs.cdl.persistence.DbConnection.queryInsert(DbConnection.java:185)
	at pucrs.gcs.cdl.persistence.DbConnection.createTable(DbConnection.java:53)
	at pucrs.gcs.cdl.persistence.DbConnection.open(DbConnection.java:38)
	at pucrs.gcs.cdl.persistence.DbConnection.queryInsert(DbConnection.java:185)
	at pucrs.gcs.cdl.persistence.DbConnection.createTable(DbConnection.java:53)
	at pucrs.gcs.cdl.persistence.DbConnection.open(DbConnection.java:38)
	at pucrs.gcs.cdl.persistence.DbConnection.queryInsert(DbConnection.java:185)
	at pucrs.gcs.cdl.persistence.DbConnection.createTable(DbConnection.java:53)
	at pucrs.gcs.cdl.persistence.DbConnection.open(DbConnection.java:38)
	at pucrs.gcs.cdl.persistence.DbConnection.queryInsert(DbConnection.java:185)
	at pucrs.gcs.cdl.persistence.DbConnection.createTable(DbConnection.java:53)
	at pucrs.gcs.cdl.persistence.DbConnection.open(DbConnection.java:38)
	at pucrs.gcs.cdl.persistence.DbConnection.queryInsert(DbConnection.java:185)
	at pucrs.gcs.cdl.persistence.DbConnection.createTable(DbConnection.java:53)
	at pucrs.gcs.cdl.persistence.DbConnection.open(DbConnection.java:38)
	at pucrs.gcs.cdl.persistence.DbConnection.queryInsert(DbConnection.java:185)
	at pucrs.gcs.cdl.persistence.DbConnection.createTable(DbConnection.java:53)
	at pucrs.gcs.cdl.persistence.DbConnection.open(DbConnection.java:38)
	at pucrs.gcs.cdl.persistence.DbConnection.queryInsert(DbConnection.java:185)
	at pucrs.gcs.cdl.persistence.DbConnection.createTable(DbConnection.java:53)
	at pucrs.gcs.cdl.persistence.DbConnection.open(DbConnection.java:38)
	at pucrs.gcs.cdl.persistence.DbConnection.queryInsert(DbConnection.java:185)
	at pucrs.gcs.cdl.persistence.DbConnection.createTable(DbConnection.java:53)
	at pucrs.gcs.cdl.persistence.DbConnection.open(DbConnection.java:38)
	at pucrs.gcs.cdl.persistence.DbConnection.queryInsert(DbConnection.java:185)
	at pucrs.gcs.cdl.persistence.DbConnection.createTable(DbConnection.java:53)
	at pucrs.gcs.cdl.persistence.DbConnection.open(DbConnection.java:38)
	at pucrs.gcs.cdl.persistence.DbConnection.queryInsert(DbConnection.java:185)
	at pucrs.gcs.cdl.persistence.DbConnection.createTable(DbConnection.java:53)
	at pucrs.gcs.cdl.persistence.DbConnection.open(DbConnection.java:38)
	at pucrs.gcs.cdl.persistence.DbConnection.queryInsert(DbConnection.java:185)
	at pucrs.gcs.cdl.persistence.DbConnection.createTable(DbConnection.java:53)
	at pucrs.gcs.cdl.persistence.DbConnection.open(DbConnection.java:38)
	at pucrs.gcs.cdl.persistence.DbConnection.queryInsert(DbConnection.java:185)
	at pucrs.gcs.cdl.persistence.DbConnection.createTable(DbConnection.java:53)
	at pucrs.gcs.cdl.persistence.DbConnection.open(DbConnection.java:38)
	at pucrs.gcs.cdl.persistence.DbConnection.queryInsert(DbConnection.java:185)
	at pucrs.gcs.cdl.persistence.DbConnection.createTable(DbConnection.java:53)
	at pucrs.gcs.cdl.persistence.DbConnection.open(DbConnection.java:38)
	at pucrs.gcs.cdl.persistence.DbConnection.queryInsert(DbConnection.java:185)
	at pucrs.gcs.cdl.persistence.DbConnection.createTable(DbConnection.java:53)
	at pucrs.gcs.cdl.persistence.DbConnection.open(DbConnection.java:38)
	at pucrs.gcs.cdl.persistence.DbConnection.queryInsert(DbConnection.java:185)
	at pucrs.gcs.cdl.persistence.DbConnection.createTable(DbConnection.java:53)
	at pucrs.gcs.cdl.persistence.DbConnection.open(DbConnection.java:38)
	at pucrs.gcs.cdl.persistence.DbConnection.queryInsert(DbConnection.java:185)
	at pucrs.gcs.cdl.persistence.DbConnection.createTable(DbConnection.java:53)
	at pucrs.gcs.cdl.persistence.DbConnection.open(DbConnection.java:38)
	at pucrs.gcs.cdl.persistence.DbConnection.queryInsert(DbConnection.java:185)
	at pucrs.gcs.cdl.persistence.DbConnection.createTable(DbConnection.java:53)
	at pucrs.gcs.cdl.persistence.DbConnection.open(DbConnection.java:38)
	at pucrs.gcs.cdl.persistence.DbConnection.queryInsert(DbConnection.java:185)
	at pucrs.gcs.cdl.persistence.DbConnection.createTable(DbConnection.java:53)
	at pucrs.gcs.cdl.persistence.DbConnection.open(DbConnection.java:38)
	at pucrs.gcs.cdl.persistence.DbConnection.queryInsert(DbConnection.java:185)
	at pucrs.gcs.cdl.persistence.DbConnection.createTable(DbConnection.java:53)
	at pucrs.gcs.cdl.persistence.DbConnection.open(DbConnection.java:38)
	at pucrs.gcs.cdl.persistence.DbConnection.queryInsert(DbConnection.java:185)
	at pucrs.gcs.cdl.persistence.DbConnection.createTable(DbConnection.java:53)
	at pucrs.gcs.cdl.persistence.DbConnection.open(DbConnection.java:38)
	at pucrs.gcs.cdl.persistence.DbConnection.queryInsert(DbConnection.java:185)
	at pucrs.gcs.cdl.persistence.DbConnection.createTable(DbConnection.java:53)
	at pucrs.gcs.cdl.persistence.DbConnection.open(DbConnection.java:38)
	at pucrs.gcs.cdl.persistence.DbConnection.queryInsert(DbConnection.java:185)
	at pucrs.gcs.cdl.persistence.DbConnection.createTable(DbConnection.java:53)
	at pucrs.gcs.cdl.persistence.DbConnection.open(DbConnection.java:38)
	at pucrs.gcs.cdl.persistence.DbConnection.queryInsert(DbConnection.java:185)
	at pucrs.gcs.cdl.persistence.DbConnection.createTable(DbConnection.java:53)
	at pucrs.gcs.cdl.persistence.DbConnection.open(DbConnection.java:38)
	at pucrs.gcs.cdl.persistence.DbConnection.queryInsert(DbConnection.java:185)
	at pucrs.gcs.cdl.persistence.DbConnection.createTable(DbConnection.java:53)
	at pucrs.gcs.cdl.persistence.DbConnection.open(DbConnection.java:38)
	at pucrs.gcs.cdl.persistence.DbConnection.queryInsert(DbConnection.java:185)
	at pucrs.gcs.cdl.persistence.DbConnection.createTable(DbConnection.java:53)
	at pucrs.gcs.cdl.persistence.DbConnection.open(DbConnection.java:38)
	at pucrs.gcs.cdl.persistence.DbConnection.queryInsert(DbConnection.java:185)
	at pucrs.gcs.cdl.persistence.DbConnection.createTable(DbConnection.java:53)
	at pucrs.gcs.cdl.persistence.DbConnection.open(DbConnection.java:38)
	at pucrs.gcs.cdl.persistence.DbConnection.queryInsert(DbConnection.java:185)
	at pucrs.gcs.cdl.persistence.DbConnection.createTable(DbConnection.java:53)
	at pucrs.gcs.cdl.persistence.DbConnection.open(DbConnection.java:38)
	at pucrs.gcs.cdl.persistence.DbConnection.queryInsert(DbConnection.java:185)
	at pucrs.gcs.cdl.persistence.DbConnection.createTable(DbConnection.java:53)
	at pucrs.gcs.cdl.persistence.DbConnection.open(DbConnection.java:38)
	at pucrs.gcs.cdl.persistence.DbConnection.queryInsert(DbConnection.java:185)
	at pucrs.gcs.cdl.persistence.DbConnection.createTable(DbConnection.java:53)
	at pucrs.gcs.cdl.persistence.DbConnection.open(DbConnection.java:38)
	at pucrs.gcs.cdl.persistence.DbConnection.queryInsert(DbConnection.java:185)
	at pucrs.gcs.cdl.persistence.DbConnection.createTable(DbConnection.java:53)
	at pucrs.gcs.cdl.persistence.DbConnection.open(DbConnection.java:38)
	at pucrs.gcs.cdl.persistence.DbConnection.queryInsert(DbConnection.java:185)
	at pucrs.gcs.cdl.persistence.DbConnection.createTable(DbConnection.java:53)
	at pucrs.gcs.cdl.persistence.DbConnection.open(DbConnection.java:38)
	at pucrs.gcs.cdl.persistence.DbConnection.queryInsert(DbConnection.java:185)
	at pucrs.gcs.cdl.persistence.DbConnection.createTable(DbConnection.java:53)
	at pucrs.gcs.cdl.persistence.DbConnection.open(DbConnection.java:38)
	at pucrs.gcs.cdl.persistence.DbConnection.queryInsert(DbConnection.java:185)
	at pucrs.gcs.cdl.persistence.DbConnection.createTable(DbConnection.java:53)
	at pucrs.gcs.cdl.persistence.DbConnection.open(DbConnection.java:38)
	at pucrs.gcs.cdl.persistence.DbConnection.queryInsert(DbConnection.java:185)
	at pucrs.gcs.cdl.persistence.DbConnection.createTable(DbConnection.java:53)
	at pucrs.gcs.cdl.persistence.DbConnection.open(DbConnection.java:38)
	at pucrs.gcs.cdl.persistence.DbConnection.queryInsert(DbConnection.java:185)
	at pucrs.gcs.cdl.persistence.DbConnection.createTable(DbConnection.java:53)
	at pucrs.gcs.cdl.persistence.DbConnection.open(DbConnection.java:38)
	at pucrs.gcs.cdl.persistence.DbConnection.queryInsert(DbConnection.java:185)
	at pucrs.gcs.cdl.persistence.DbConnection.createTable(DbConnection.java:53)
	at pucrs.gcs.cdl.persistence.DbConnection.open(DbConnection.java:38)
	at pucrs.gcs.cdl.persistence.DbConnection.queryInsert(DbConnection.java:185)
	at pucrs.gcs.cdl.persistence.DbConnection.createTable(DbConnection.java:53)
	at pucrs.gcs.cdl.persistence.DbConnection.open(DbConnection.java:38)
	at pucrs.gcs.cdl.persistence.DbConnection.queryInsert(DbConnection.java:185)
	at pucrs.gcs.cdl.persistence.DbConnection.createTable(DbConnection.java:53)
	at pucrs.gcs.cdl.persistence.DbConnection.open(DbConnection.java:38)
	at pucrs.gcs.cdl.persistence.DbConnection.queryInsert(DbConnection.java:185)
	at pucrs.gcs.cdl.persistence.DbConnection.createTable(DbConnection.java:53)
	at pucrs.gcs.cdl.persistence.DbConnection.open(DbConnection.java:38)
	at pucrs.gcs.cdl.persistence.DbConnection.queryInsert(DbConnection.java:185)
	at pucrs.gcs.cdl.persistence.DbConnection.createTable(DbConnection.java:53)
	at pucrs.gcs.cdl.persistence.DbConnection.open(DbConnection.java:38)
	at pucrs.gcs.cdl.persistence.DbConnection.queryInsert(DbConnection.java:185)
	at pucrs.gcs.cdl.persistence.DbConnection.createTable(DbConnection.java:53)
	at pucrs.gcs.cdl.persistence.DbConnection.open(DbConnection.java:38)
	at pucrs.gcs.cdl.persistence.DbConnection.queryInsert(DbConnection.java:185)
	at pucrs.gcs.cdl.persistence.DbConnection.createTable(DbConnection.java:53)
	at pucrs.gcs.cdl.persistence.DbConnection.open(DbConnection.java:38)
	at pucrs.gcs.cdl.persistence.DbConnection.queryInsert(DbConnection.java:185)
	at pucrs.gcs.cdl.persistence.DbConnection.createTable(DbConnection.java:53)
	at pucrs.gcs.cdl.persistence.DbConnection.open(DbConnection.java:38)
	at pucrs.gcs.cdl.persistence.DbConnection.queryInsert(DbConnection.java:185)
	at pucrs.gcs.cdl.persistence.DbConnection.createTable(DbConnection.java:53)
	at pucrs.gcs.cdl.persistence.DbConnection.open(DbConnection.java:38)
	at pucrs.gcs.cdl.persistence.DbConnection.queryInsert(DbConnection.java:185)
	at pucrs.gcs.cdl.persistence.DbConnection.createTable(DbConnection.java:53)
	at pucrs.gcs.cdl.persistence.DbConnection.open(DbConnection.java:38)
	at pucrs.gcs.cdl.persistence.DbConnection.queryInsert(DbConnection.java:185)
	at pucrs.gcs.cdl.persistence.DbConnection.createTable(DbConnection.java:53)
	at pucrs.gcs.cdl.persistence.DbConnection.open(DbConnection.java:38)
	at pucrs.gcs.cdl.persistence.DbConnection.queryInsert(DbConnection.java:185)
	at pucrs.gcs.cdl.persistence.DbConnection.createTable(DbConnection.java:53)
	at pucrs.gcs.cdl.persistence.DbConnection.open(DbConnection.java:38)
	at pucrs.gcs.cdl.persistence.DbConnection.queryInsert(DbConnection.java:185)
	at pucrs.gcs.cdl.persistence.DbConnection.createTable(DbConnection.java:53)
	at pucrs.gcs.cdl.persistence.DbConnection.open(DbConnection.java:38)
	at pucrs.gcs.cdl.persistence.DbConnection.queryInsert(DbConnection.java:185)
	at pucrs.gcs.cdl.persistence.DbConnection.createTable(DbConnection.java:53)
	at pucrs.gcs.cdl.persistence.DbConnection.open(DbConnection.java:38)
	at pucrs.gcs.cdl.persistence.DbConnection.queryInsert(DbConnection.java:185)
	at pucrs.gcs.cdl.persistence.DbConnection.createTable(DbConnection.java:53)
	at pucrs.gcs.cdl.persistence.DbConnection.open(DbConnection.java:38)
	at pucrs.gcs.cdl.persistence.DbConnection.queryInsert(DbConnection.java:185)
	at pucrs.gcs.cdl.persistence.DbConnection.createTable(DbConnection.java:53)
	at pucrs.gcs.cdl.persistence.DbConnection.open(DbConnection.java:38)
	at pucrs.gcs.cdl.persistence.DbConnection.queryInsert(DbConnection.java:185)
	at pucrs.gcs.cdl.persistence.DbConnection.createTable(DbConnection.java:53)
	at pucrs.gcs.cdl.persistence.DbConnection.open(DbConnection.java:38)
	at pucrs.gcs.cdl.persistence.DbConnection.queryInsert(DbConnection.java:185)
	at pucrs.gcs.cdl.persistence.DbConnection.createTable(DbConnection.java:53)
	at pucrs.gcs.cdl.persistence.DbConnection.open(DbConnection.java:38)
	at pucrs.gcs.cdl.persistence.DbConnection.queryInsert(DbConnection.java:185)
	at pucrs.gcs.cdl.persistence.DbConnection.createTable(DbConnection.java:53)
	at pucrs.gcs.cdl.persistence.DbConnection.open(DbConnection.java:38)
	at pucrs.gcs.cdl.persistence.DbConnection.queryInsert(DbConnection.java:185)
	at pucrs.gcs.cdl.persistence.DbConnection.createTable(DbConnection.java:53)
	at pucrs.gcs.cdl.persistence.DbConnection.open(DbConnection.java:38)
	at pucrs.gcs.cdl.persistence.DbConnection.queryInsert(DbConnection.java:185)
	at pucrs.gcs.cdl.persistence.DbConnection.createTable(DbConnection.java:53)
	at pucrs.gcs.cdl.persistence.DbConnection.open(DbConnection.java:38)
	at pucrs.gcs.cdl.persistence.DbConnection.queryInsert(DbConnection.java:185)
	at pucrs.gcs.cdl.persistence.DbConnection.createTable(DbConnection.java:53)
	at pucrs.gcs.cdl.persistence.DbConnection.open(DbConnection.java:38)
	at pucrs.gcs.cdl.persistence.DbConnection.queryInsert(DbConnection.java:185)
	at pucrs.gcs.cdl.persistence.DbConnection.createTable(DbConnection.java:53)
	at pucrs.gcs.cdl.persistence.DbConnection.open(DbConnection.java:38)
	at pucrs.gcs.cdl.persistence.DbConnection.queryInsert(DbConnection.java:185)
	at pucrs.gcs.cdl.persistence.DbConnection.createTable(DbConnection.java:53)
	at pucrs.gcs.cdl.persistence.DbConnection.open(DbConnection.java:38)
	at pucrs.gcs.cdl.persistence.DbConnection.queryInsert(DbConnection.java:185)
	at pucrs.gcs.cdl.persistence.DbConnection.createTable(DbConnection.java:53)
	at pucrs.gcs.cdl.persistence.DbConnection.open(DbConnection.java:38)
	at pucrs.gcs.cdl.persistence.DbConnection.queryInsert(DbConnection.java:185)
	at pucrs.gcs.cdl.persistence.DbConnection.createTable(DbConnection.java:53)
	at pucrs.gcs.cdl.persistence.DbConnection.open(DbConnection.java:38)
	at pucrs.gcs.cdl.persistence.DbConnection.queryInsert(DbConnection.java:185)
	at pucrs.gcs.cdl.persistence.DbConnection.createTable(DbConnection.java:53)
	at pucrs.gcs.cdl.persistence.DbConnection.open(DbConnection.java:38)
	at pucrs.gcs.cdl.persistence.DbConnection.queryInsert(DbConnection.java:185)
	at pucrs.gcs.cdl.persistence.DbConnection.createTable(DbConnection.java:53)
	at pucrs.gcs.cdl.persistence.DbConnection.open(DbConnection.java:38)
	at pucrs.gcs.cdl.persistence.DbConnection.queryInsert(DbConnection.java:185)
	at pucrs.gcs.cdl.persistence.DbConnection.createTable(DbConnection.java:53)
	at pucrs.gcs.cdl.persistence.DbConnection.open(DbConnection.java:38)
	at pucrs.gcs.cdl.persistence.DbConnection.queryInsert(DbConnection.java:185)
	at pucrs.gcs.cdl.persistence.DbConnection.createTable(DbConnection.java:53)
	at pucrs.gcs.cdl.persistence.DbConnection.open(DbConnection.java:38)
	at pucrs.gcs.cdl.persistence.DbConnection.queryInsert(DbConnection.java:185)
	at pucrs.gcs.cdl.persistence.DbConnection.createTable(DbConnection.java:53)
	at pucrs.gcs.cdl.persistence.DbConnection.open(DbConnection.java:38)
	at pucrs.gcs.cdl.persistence.DbConnection.queryInsert(DbConnection.java:185)
	at pucrs.gcs.cdl.persistence.DbConnection.createTable(DbConnection.java:53)
	at pucrs.gcs.cdl.persistence.DbConnection.open(DbConnection.java:38)
	at pucrs.gcs.cdl.persistence.DbConnection.queryInsert(DbConnection.java:185)
	at pucrs.gcs.cdl.persistence.DbConnection.createTable(DbConnection.java:53)
	at pucrs.gcs.cdl.persistence.DbConnection.open(DbConnection.java:38)
	at pucrs.gcs.cdl.persistence.DbConnection.queryInsert(DbConnection.java:185)
	at pucrs.gcs.cdl.persistence.DbConnection.createTable(DbConnection.java:53)
	at pucrs.gcs.cdl.persistence.DbConnection.open(DbConnection.java:38)
	at pucrs.gcs.cdl.persistence.DbConnection.queryInsert(DbConnection.java:185)
	at pucrs.gcs.cdl.persistence.DbConnection.createTable(DbConnection.java:53)
	at pucrs.gcs.cdl.persistence.DbConnection.open(DbConnection.java:38)
	at pucrs.gcs.cdl.persistence.DbConnection.queryInsert(DbConnection.java:185)
	at pucrs.gcs.cdl.persistence.DbConnection.createTable(DbConnection.java:53)
	at pucrs.gcs.cdl.persistence.DbConnection.open(DbConnection.java:38)
	at pucrs.gcs.cdl.persistence.DbConnection.queryInsert(DbConnection.java:185)
	at pucrs.gcs.cdl.persistence.DbConnection.createTable(DbConnection.java:53)
	at pucrs.gcs.cdl.persistence.DbConnection.open(DbConnection.java:38)
	at pucrs.gcs.cdl.persistence.DbConnection.queryInsert(DbConnection.java:185)
	at pucrs.gcs.cdl.persistence.DbConnection.createTable(DbConnection.java:53)
	at pucrs.gcs.cdl.persistence.DbConnection.open(DbConnection.java:38)
	at pucrs.gcs.cdl.persistence.DbConnection.queryInsert(DbConnection.java:185)
	at pucrs.gcs.cdl.persistence.DbConnection.createTable(DbConnection.java:53)
	at pucrs.gcs.cdl.persistence.DbConnection.open(DbConnection.java:38)
	at pucrs.gcs.cdl.persistence.DbConnection.queryInsert(DbConnection.java:185)
	at pucrs.gcs.cdl.persistence.DbConnection.createTable(DbConnection.java:53)
	at pucrs.gcs.cdl.persistence.DbConnection.open(DbConnection.java:38)
	at pucrs.gcs.cdl.persistence.DbConnection.queryInsert(DbConnection.java:185)
	at pucrs.gcs.cdl.persistence.DbConnection.createTable(DbConnection.java:53)
	at pucrs.gcs.cdl.persistence.DbConnection.open(DbConnection.java:38)
	at pucrs.gcs.cdl.persistence.DbConnection.queryInsert(DbConnection.java:185)
	at pucrs.gcs.cdl.persistence.DbConnection.createTable(DbConnection.java:53)
	at pucrs.gcs.cdl.persistence.DbConnection.open(DbConnection.java:38)
	at pucrs.gcs.cdl.persistence.DbConnection.queryInsert(DbConnection.java:185)
	at pucrs.gcs.cdl.persistence.DbConnection.createTable(DbConnection.java:53)
	at pucrs.gcs.cdl.persistence.DbConnection.open(DbConnection.java:38)
	at pucrs.gcs.cdl.persistence.DbConnection.queryInsert(DbConnection.java:185)
	at pucrs.gcs.cdl.persistence.DbConnection.createTable(DbConnection.java:53)
	at pucrs.gcs.cdl.persistence.DbConnection.open(DbConnection.java:38)
	at pucrs.gcs.cdl.persistence.DbConnection.queryInsert(DbConnection.java:185)
	at pucrs.gcs.cdl.persistence.DbConnection.createTable(DbConnection.java:53)
	at pucrs.gcs.cdl.persistence.DbConnection.open(DbConnection.java:38)
	at pucrs.gcs.cdl.persistence.DbConnection.queryInsert(DbConnection.java:185)
	at pucrs.gcs.cdl.persistence.DbConnection.createTable(DbConnection.java:53)
	at pucrs.gcs.cdl.persistence.DbConnection.open(DbConnection.java:38)
	at pucrs.gcs.cdl.persistence.DbConnection.queryInsert(DbConnection.java:185)
	at pucrs.gcs.cdl.persistence.DbConnection.createTable(DbConnection.java:53)
	at pucrs.gcs.cdl.persistence.DbConnection.open(DbConnection.java:38)
	at pucrs.gcs.cdl.persistence.DbConnection.queryInsert(DbConnection.java:185)
	at pucrs.gcs.cdl.persistence.DbConnection.createTable(DbConnection.java:53)
	at pucrs.gcs.cdl.persistence.DbConnection.open(DbConnection.java:38)
	at pucrs.gcs.cdl.persistence.DbConnection.queryInsert(DbConnection.java:185)
	at pucrs.gcs.cdl.persistence.DbConnection.createTable(DbConnection.java:53)
	at pucrs.gcs.cdl.persistence.DbConnection.open(DbConnection.java:38)
	at pucrs.gcs.cdl.persistence.DbConnection.queryInsert(DbConnection.java:185)
	at pucrs.gcs.cdl.persistence.DbConnection.createTable(DbConnection.java:53)
	at pucrs.gcs.cdl.persistence.DbConnection.open(DbConnection.java:38)
	at pucrs.gcs.cdl.persistence.DbConnection.queryInsert(DbConnection.java:185)
	at pucrs.gcs.cdl.persistence.DbConnection.createTable(DbConnection.java:53)
	at pucrs.gcs.cdl.persistence.DbConnection.open(DbConnection.java:38)
	at pucrs.gcs.cdl.persistence.DbConnection.queryInsert(DbConnection.java:185)
	at pucrs.gcs.cdl.persistence.DbConnection.createTable(DbConnection.java:53)
	at pucrs.gcs.cdl.persistence.DbConnection.open(DbConnection.java:38)
	at pucrs.gcs.cdl.persistence.DbConnection.queryInsert(DbConnection.java:185)
	at pucrs.gcs.cdl.persistence.DbConnection.createTable(DbConnection.java:53)
	at pucrs.gcs.cdl.persistence.DbConnection.open(DbConnection.java:38)
	at pucrs.gcs.cdl.persistence.DbConnection.queryInsert(DbConnection.java:185)
	at pucrs.gcs.cdl.persistence.DbConnection.createTable(DbConnection.java:53)
	at pucrs.gcs.cdl.persistence.DbConnection.open(DbConnection.java:38)
	at pucrs.gcs.cdl.persistence.DbConnection.queryInsert(DbConnection.java:185)
	at pucrs.gcs.cdl.persistence.DbConnection.createTable(DbConnection.java:53)
	at pucrs.gcs.cdl.persistence.DbConnection.open(DbConnection.java:38)
	at pucrs.gcs.cdl.persistence.DbConnection.queryInsert(DbConnection.java:185)
	at pucrs.gcs.cdl.persistence.DbConnection.createTable(DbConnection.java:53)
	at pucrs.gcs.cdl.persistence.DbConnection.open(DbConnection.java:38)
	at pucrs.gcs.cdl.persistence.DbConnection.queryInsert(DbConnection.java:185)
	at pucrs.gcs.cdl.persistence.DbConnection.createTable(DbConnection.java:53)
	at pucrs.gcs.cdl.persistence.DbConnection.open(DbConnection.java:38)
	at pucrs.gcs.cdl.persistence.DbConnection.queryInsert(DbConnection.java:185)
	at pucrs.gcs.cdl.persistence.DbConnection.createTable(DbConnection.java:53)
	at pucrs.gcs.cdl.persistence.DbConnection.open(DbConnection.java:38)
	at pucrs.gcs.cdl.persistence.DbConnection.queryInsert(DbConnection.java:185)
	at pucrs.gcs.cdl.persistence.DbConnection.createTable(DbConnection.java:53)
	at pucrs.gcs.cdl.persistence.DbConnection.open(DbConnection.java:38)
	at pucrs.gcs.cdl.persistence.DbConnection.queryInsert(DbConnection.java:185)
	at pucrs.gcs.cdl.persistence.DbConnection.createTable(DbConnection.java:53)
	at pucrs.gcs.cdl.persistence.DbConnection.open(DbConnection.java:38)
	at pucrs.gcs.cdl.persistence.DbConnection.queryInsert(DbConnection.java:185)
	at pucrs.gcs.cdl.persistence.DbConnection.createTable(DbConnection.java:53)
	at pucrs.gcs.cdl.persistence.DbConnection.open(DbConnection.java:38)
	at pucrs.gcs.cdl.persistence.DbConnection.queryInsert(DbConnection.java:185)
	at pucrs.gcs.cdl.persistence.DbConnection.createTable(DbConnection.java:53)
	at pucrs.gcs.cdl.persistence.DbConnection.open(DbConnection.java:38)
	at pucrs.gcs.cdl.persistence.DbConnection.queryInsert(DbConnection.java:185)
	at pucrs.gcs.cdl.persistence.DbConnection.createTable(DbConnection.java:53)
	at pucrs.gcs.cdl.persistence.DbConnection.open(DbConnection.java:38)
	at pucrs.gcs.cdl.persistence.DbConnection.queryInsert(DbConnection.java:185)
	at pucrs.gcs.cdl.persistence.DbConnection.createTable(DbConnection.java:53)
	at pucrs.gcs.cdl.persistence.DbConnection.open(DbConnection.java:38)
	at pucrs.gcs.cdl.persistence.DbConnection.queryInsert(DbConnection.java:185)
	at pucrs.gcs.cdl.persistence.DbConnection.createTable(DbConnection.java:53)
	at pucrs.gcs.cdl.persistence.DbConnection.open(DbConnection.java:38)
	at pucrs.gcs.cdl.persistence.DbConnection.queryInsert(DbConnection.java:185)
	at pucrs.gcs.cdl.persistence.DbConnection.createTable(DbConnection.java:53)
	at pucrs.gcs.cdl.persistence.DbConnection.open(DbConnection.java:38)
	at pucrs.gcs.cdl.persistence.DbConnection.queryInsert(DbConnection.java:185)
	at pucrs.gcs.cdl.persistence.DbConnection.createTable(DbConnection.java:53)
	at pucrs.gcs.cdl.persistence.DbConnection.open(DbConnection.java:38)
	at pucrs.gcs.cdl.persistence.DbConnection.queryInsert(DbConnection.java:185)
	at pucrs.gcs.cdl.persistence.DbConnection.createTable(DbConnection.java:53)
	at pucrs.gcs.cdl.persistence.DbConnection.open(DbConnection.java:38)
	at pucrs.gcs.cdl.persistence.DbConnection.queryInsert(DbConnection.java:185)
	at pucrs.gcs.cdl.persistence.DbConnection.createTable(DbConnection.java:53)
	at pucrs.gcs.cdl.persistence.DbConnection.open(DbConnection.java:38)
	at pucrs.gcs.cdl.persistence.DbConnection.queryInsert(DbConnection.java:185)
	at pucrs.gcs.cdl.persistence.DbConnection.createTable(DbConnection.java:53)
	at pucrs.gcs.cdl.persistence.DbConnection.open(DbConnection.java:38)
	at pucrs.gcs.cdl.persistence.DbConnection.queryInsert(DbConnection.java:185)
	at pucrs.gcs.cdl.persistence.DbConnection.createTable(DbConnection.java:53)
	at pucrs.gcs.cdl.persistence.DbConnection.open(DbConnection.java:38)
	at pucrs.gcs.cdl.persistence.DbConnection.queryInsert(DbConnection.java:185)
	at pucrs.gcs.cdl.persistence.DbConnection.createTable(DbConnection.java:53)
	at pucrs.gcs.cdl.persistence.DbConnection.open(DbConnection.java:38)
	at pucrs.gcs.cdl.persistence.DbConnection.queryInsert(DbConnection.java:185)
	at pucrs.gcs.cdl.persistence.DbConnection.createTable(DbConnection.java:53)
	at pucrs.gcs.cdl.persistence.DbConnection.open(DbConnection.java:38)
	at pucrs.gcs.cdl.persistence.DbConnection.queryInsert(DbConnection.java:185)
	at pucrs.gcs.cdl.persistence.DbConnection.createTable(DbConnection.java:53)
	at pucrs.gcs.cdl.persistence.DbConnection.open(DbConnection.java:38)
	at pucrs.gcs.cdl.persistence.DbConnection.queryInsert(DbConnection.java:185)
	at pucrs.gcs.cdl.persistence.DbConnection.createTable(DbConnection.java:53)
	at pucrs.gcs.cdl.persistence.DbConnection.open(DbConnection.java:38)
	at pucrs.gcs.cdl.persistence.DbConnection.queryInsert(DbConnection.java:185)
	at pucrs.gcs.cdl.persistence.DbConnection.createTable(DbConnection.java:53)
	at pucrs.gcs.cdl.persistence.DbConnection.open(DbConnection.java:38)
	at pucrs.gcs.cdl.persistence.DbConnection.queryInsert(DbConnection.java:185)
	at pucrs.gcs.cdl.persistence.DbConnection.createTable(DbConnection.java:53)
	at pucrs.gcs.cdl.persistence.DbConnection.open(DbConnection.java:38)
	at pucrs.gcs.cdl.persistence.DbConnection.queryInsert(DbConnection.java:185)
	at pucrs.gcs.cdl.persistence.DbConnection.createTable(DbConnection.java:53)
	at pucrs.gcs.cdl.persistence.DbConnection.open(DbConnection.java:38)
	at pucrs.gcs.cdl.persistence.DbConnection.queryInsert(DbConnection.java:185)
	at pucrs.gcs.cdl.persistence.DbConnection.createTable(DbConnection.java:53)
	at pucrs.gcs.cdl.persistence.DbConnection.open(DbConnection.java:38)
	at pucrs.gcs.cdl.persistence.DbConnection.queryInsert(DbConnection.java:185)
	at pucrs.gcs.cdl.persistence.DbConnection.createTable(DbConnection.java:53)
	at pucrs.gcs.cdl.persistence.DbConnection.open(DbConnection.java:38)
	at pucrs.gcs.cdl.persistence.DbConnection.queryInsert(DbConnection.java:185)
	at pucrs.gcs.cdl.persistence.DbConnection.createTable(DbConnection.java:53)
	at pucrs.gcs.cdl.persistence.DbConnection.open(DbConnection.java:38)
	at pucrs.gcs.cdl.persistence.DbConnection.queryInsert(DbConnection.java:185)
	at pucrs.gcs.cdl.persistence.DbConnection.createTable(DbConnection.java:53)
	at pucrs.gcs.cdl.persistence.DbConnection.open(DbConnection.java:38)
	at pucrs.gcs.cdl.persistence.DbConnection.queryInsert(DbConnection.java:185)
	at pucrs.gcs.cdl.persistence.DbConnection.createTable(DbConnection.java:53)
	at pucrs.gcs.cdl.persistence.DbConnection.open(DbConnection.java:38)
	at pucrs.gcs.cdl.persistence.DbConnection.queryInsert(DbConnection.java:185)
</error>
  </testcase>
  <testcase classname="BarControllerTest" name="clienteExists" time="4.008">
    <error type="java.lang.StackOverflowError">java.lang.StackOverflowError
	at org.h2.message.DbException.convert(DbException.java:296)
	at org.h2.command.Command.executeQuery(Command.java:216)
	at org.h2.jdbc.JdbcPreparedStatement.executeQuery(JdbcPreparedStatement.java:114)
	at org.h2.jdbc.JdbcDatabaseMetaData.getTables(JdbcDatabaseMetaData.java:224)
	at pucrs.gcs.cdl.persistence.DbConnection.tableExists(DbConnection.java:48)
	at pucrs.gcs.cdl.persistence.DbConnection.open(DbConnection.java:37)
	at pucrs.gcs.cdl.persistence.DbConnection.queryInsert(DbConnection.java:185)
	at pucrs.gcs.cdl.persistence.DbConnection.createTable(DbConnection.java:53)
	at pucrs.gcs.cdl.persistence.DbConnection.open(DbConnection.java:38)
	at pucrs.gcs.cdl.persistence.DbConnection.queryInsert(DbConnection.java:185)
	at pucrs.gcs.cdl.persistence.DbConnection.createTable(DbConnection.java:53)
	at pucrs.gcs.cdl.persistence.DbConnection.open(DbConnection.java:38)
	at pucrs.gcs.cdl.persistence.DbConnection.queryInsert(DbConnection.java:185)
	at pucrs.gcs.cdl.persistence.DbConnection.createTable(DbConnection.java:53)
	at pucrs.gcs.cdl.persistence.DbConnection.open(DbConnection.java:38)
	at pucrs.gcs.cdl.persistence.DbConnection.queryInsert(DbConnection.java:185)
	at pucrs.gcs.cdl.persistence.DbConnection.createTable(DbConnection.java:53)
	at pucrs.gcs.cdl.persistence.DbConnection.open(DbConnection.java:38)
	at pucrs.gcs.cdl.persistence.DbConnection.queryInsert(DbConnection.java:185)
	at pucrs.gcs.cdl.persistence.DbConnection.createTable(DbConnection.java:53)
	at pucrs.gcs.cdl.persistence.DbConnection.open(DbConnection.java:38)
	at pucrs.gcs.cdl.persistence.DbConnection.queryInsert(DbConnection.java:185)
	at pucrs.gcs.cdl.persistence.DbConnection.createTable(DbConnection.java:53)
	at pucrs.gcs.cdl.persistence.DbConnection.open(DbConnection.java:38)
	at pucrs.gcs.cdl.persistence.DbConnection.queryInsert(DbConnection.java:185)
	at pucrs.gcs.cdl.persistence.DbConnection.createTable(DbConnection.java:53)
	at pucrs.gcs.cdl.persistence.DbConnection.open(DbConnection.java:38)
	at pucrs.gcs.cdl.persistence.DbConnection.queryInsert(DbConnection.java:185)
	at pucrs.gcs.cdl.persistence.DbConnection.createTable(DbConnection.java:53)
	at pucrs.gcs.cdl.persistence.DbConnection.open(DbConnection.java:38)
	at pucrs.gcs.cdl.persistence.DbConnection.queryInsert(DbConnection.java:185)
	at pucrs.gcs.cdl.persistence.DbConnection.createTable(DbConnection.java:53)
	at pucrs.gcs.cdl.persistence.DbConnection.open(DbConnection.java:38)
	at pucrs.gcs.cdl.persistence.DbConnection.queryInsert(DbConnection.java:185)
	at pucrs.gcs.cdl.persistence.DbConnection.createTable(DbConnection.java:53)
	at pucrs.gcs.cdl.persistence.DbConnection.open(DbConnection.java:38)
	at pucrs.gcs.cdl.persistence.DbConnection.queryInsert(DbConnection.java:185)
	at pucrs.gcs.cdl.persistence.DbConnection.createTable(DbConnection.java:53)
	at pucrs.gcs.cdl.persistence.DbConnection.open(DbConnection.java:38)
	at pucrs.gcs.cdl.persistence.DbConnection.queryInsert(DbConnection.java:185)
	at pucrs.gcs.cdl.persistence.DbConnection.createTable(DbConnection.java:53)
	at pucrs.gcs.cdl.persistence.DbConnection.open(DbConnection.java:38)
	at pucrs.gcs.cdl.persistence.DbConnection.queryInsert(DbConnection.java:185)
	at pucrs.gcs.cdl.persistence.DbConnection.createTable(DbConnection.java:53)
	at pucrs.gcs.cdl.persistence.DbConnection.open(DbConnection.java:38)
	at pucrs.gcs.cdl.persistence.DbConnection.queryInsert(DbConnection.java:185)
	at pucrs.gcs.cdl.persistence.DbConnection.createTable(DbConnection.java:53)
	at pucrs.gcs.cdl.persistence.DbConnection.open(DbConnection.java:38)
	at pucrs.gcs.cdl.persistence.DbConnection.queryInsert(DbConnection.java:185)
	at pucrs.gcs.cdl.persistence.DbConnection.createTable(DbConnection.java:53)
	at pucrs.gcs.cdl.persistence.DbConnection.open(DbConnection.java:38)
	at pucrs.gcs.cdl.persistence.DbConnection.queryInsert(DbConnection.java:185)
	at pucrs.gcs.cdl.persistence.DbConnection.createTable(DbConnection.java:53)
	at pucrs.gcs.cdl.persistence.DbConnection.open(DbConnection.java:38)
	at pucrs.gcs.cdl.persistence.DbConnection.queryInsert(DbConnection.java:185)
	at pucrs.gcs.cdl.persistence.DbConnection.createTable(DbConnection.java:53)
	at pucrs.gcs.cdl.persistence.DbConnection.open(DbConnection.java:38)
	at pucrs.gcs.cdl.persistence.DbConnection.queryInsert(DbConnection.java:185)
	at pucrs.gcs.cdl.persistence.DbConnection.createTable(DbConnection.java:53)
	at pucrs.gcs.cdl.persistence.DbConnection.open(DbConnection.java:38)
	at pucrs.gcs.cdl.persistence.DbConnection.queryInsert(DbConnection.java:185)
	at pucrs.gcs.cdl.persistence.DbConnection.createTable(DbConnection.java:53)
	at pucrs.gcs.cdl.persistence.DbConnection.open(DbConnection.java:38)
	at pucrs.gcs.cdl.persistence.DbConnection.queryInsert(DbConnection.java:185)
	at pucrs.gcs.cdl.persistence.DbConnection.createTable(DbConnection.java:53)
	at pucrs.gcs.cdl.persistence.DbConnection.open(DbConnection.java:38)
	at pucrs.gcs.cdl.persistence.DbConnection.queryInsert(DbConnection.java:185)
	at pucrs.gcs.cdl.persistence.DbConnection.createTable(DbConnection.java:53)
	at pucrs.gcs.cdl.persistence.DbConnection.open(DbConnection.java:38)
	at pucrs.gcs.cdl.persistence.DbConnection.queryInsert(DbConnection.java:185)
	at pucrs.gcs.cdl.persistence.DbConnection.createTable(DbConnection.java:53)
	at pucrs.gcs.cdl.persistence.DbConnection.open(DbConnection.java:38)
	at pucrs.gcs.cdl.persistence.DbConnection.queryInsert(DbConnection.java:185)
	at pucrs.gcs.cdl.persistence.DbConnection.createTable(DbConnection.java:53)
	at pucrs.gcs.cdl.persistence.DbConnection.open(DbConnection.java:38)
	at pucrs.gcs.cdl.persistence.DbConnection.queryInsert(DbConnection.java:185)
	at pucrs.gcs.cdl.persistence.DbConnection.createTable(DbConnection.java:53)
	at pucrs.gcs.cdl.persistence.DbConnection.open(DbConnection.java:38)
	at pucrs.gcs.cdl.persistence.DbConnection.queryInsert(DbConnection.java:185)
	at pucrs.gcs.cdl.persistence.DbConnection.createTable(DbConnection.java:53)
	at pucrs.gcs.cdl.persistence.DbConnection.open(DbConnection.java:38)
	at pucrs.gcs.cdl.persistence.DbConnection.queryInsert(DbConnection.java:185)
	at pucrs.gcs.cdl.persistence.DbConnection.createTable(DbConnection.java:53)
	at pucrs.gcs.cdl.persistence.DbConnection.open(DbConnection.java:38)
	at pucrs.gcs.cdl.persistence.DbConnection.queryInsert(DbConnection.java:185)
	at pucrs.gcs.cdl.persistence.DbConnection.createTable(DbConnection.java:53)
	at pucrs.gcs.cdl.persistence.DbConnection.open(DbConnection.java:38)
	at pucrs.gcs.cdl.persistence.DbConnection.queryInsert(DbConnection.java:185)
	at pucrs.gcs.cdl.persistence.DbConnection.createTable(DbConnection.java:53)
	at pucrs.gcs.cdl.persistence.DbConnection.open(DbConnection.java:38)
	at pucrs.gcs.cdl.persistence.DbConnection.queryInsert(DbConnection.java:185)
	at pucrs.gcs.cdl.persistence.DbConnection.createTable(DbConnection.java:53)
	at pucrs.gcs.cdl.persistence.DbConnection.open(DbConnection.java:38)
	at pucrs.gcs.cdl.persistence.DbConnection.queryInsert(DbConnection.java:185)
	at pucrs.gcs.cdl.persistence.DbConnection.createTable(DbConnection.java:53)
	at pucrs.gcs.cdl.persistence.DbConnection.open(DbConnection.java:38)
	at pucrs.gcs.cdl.persistence.DbConnection.queryInsert(DbConnection.java:185)
	at pucrs.gcs.cdl.persistence.DbConnection.createTable(DbConnection.java:53)
	at pucrs.gcs.cdl.persistence.DbConnection.open(DbConnection.java:38)
	at pucrs.gcs.cdl.persistence.DbConnection.queryInsert(DbConnection.java:185)
	at pucrs.gcs.cdl.persistence.DbConnection.createTable(DbConnection.java:53)
	at pucrs.gcs.cdl.persistence.DbConnection.open(DbConnection.java:38)
	at pucrs.gcs.cdl.persistence.DbConnection.queryInsert(DbConnection.java:185)
	at pucrs.gcs.cdl.persistence.DbConnection.createTable(DbConnection.java:53)
	at pucrs.gcs.cdl.persistence.DbConnection.open(DbConnection.java:38)
	at pucrs.gcs.cdl.persistence.DbConnection.queryInsert(DbConnection.java:185)
	at pucrs.gcs.cdl.persistence.DbConnection.createTable(DbConnection.java:53)
	at pucrs.gcs.cdl.persistence.DbConnection.open(DbConnection.java:38)
	at pucrs.gcs.cdl.persistence.DbConnection.queryInsert(DbConnection.java:185)
	at pucrs.gcs.cdl.persistence.DbConnection.createTable(DbConnection.java:53)
	at pucrs.gcs.cdl.persistence.DbConnection.open(DbConnection.java:38)
	at pucrs.gcs.cdl.persistence.DbConnection.queryInsert(DbConnection.java:185)
	at pucrs.gcs.cdl.persistence.DbConnection.createTable(DbConnection.java:53)
	at pucrs.gcs.cdl.persistence.DbConnection.open(DbConnection.java:38)
	at pucrs.gcs.cdl.persistence.DbConnection.queryInsert(DbConnection.java:185)
	at pucrs.gcs.cdl.persistence.DbConnection.createTable(DbConnection.java:53)
	at pucrs.gcs.cdl.persistence.DbConnection.open(DbConnection.java:38)
	at pucrs.gcs.cdl.persistence.DbConnection.queryInsert(DbConnection.java:185)
	at pucrs.gcs.cdl.persistence.DbConnection.createTable(DbConnection.java:53)
	at pucrs.gcs.cdl.persistence.DbConnection.open(DbConnection.java:38)
	at pucrs.gcs.cdl.persistence.DbConnection.queryInsert(DbConnection.java:185)
	at pucrs.gcs.cdl.persistence.DbConnection.createTable(DbConnection.java:53)
	at pucrs.gcs.cdl.persistence.DbConnection.open(DbConnection.java:38)
	at pucrs.gcs.cdl.persistence.DbConnection.queryInsert(DbConnection.java:185)
	at pucrs.gcs.cdl.persistence.DbConnection.createTable(DbConnection.java:53)
	at pucrs.gcs.cdl.persistence.DbConnection.open(DbConnection.java:38)
	at pucrs.gcs.cdl.persistence.DbConnection.queryInsert(DbConnection.java:185)
	at pucrs.gcs.cdl.persistence.DbConnection.createTable(DbConnection.java:53)
	at pucrs.gcs.cdl.persistence.DbConnection.open(DbConnection.java:38)
	at pucrs.gcs.cdl.persistence.DbConnection.queryInsert(DbConnection.java:185)
	at pucrs.gcs.cdl.persistence.DbConnection.createTable(DbConnection.java:53)
	at pucrs.gcs.cdl.persistence.DbConnection.open(DbConnection.java:38)
	at pucrs.gcs.cdl.persistence.DbConnection.queryInsert(DbConnection.java:185)
	at pucrs.gcs.cdl.persistence.DbConnection.createTable(DbConnection.java:53)
	at pucrs.gcs.cdl.persistence.DbConnection.open(DbConnection.java:38)
	at pucrs.gcs.cdl.persistence.DbConnection.queryInsert(DbConnection.java:185)
	at pucrs.gcs.cdl.persistence.DbConnection.createTable(DbConnection.java:53)
	at pucrs.gcs.cdl.persistence.DbConnection.open(DbConnection.java:38)
	at pucrs.gcs.cdl.persistence.DbConnection.queryInsert(DbConnection.java:185)
	at pucrs.gcs.cdl.persistence.DbConnection.createTable(DbConnection.java:53)
	at pucrs.gcs.cdl.persistence.DbConnection.open(DbConnection.java:38)
	at pucrs.gcs.cdl.persistence.DbConnection.queryInsert(DbConnection.java:185)
	at pucrs.gcs.cdl.persistence.DbConnection.createTable(DbConnection.java:53)
	at pucrs.gcs.cdl.persistence.DbConnection.open(DbConnection.java:38)
	at pucrs.gcs.cdl.persistence.DbConnection.queryInsert(DbConnection.java:185)
	at pucrs.gcs.cdl.persistence.DbConnection.createTable(DbConnection.java:53)
	at pucrs.gcs.cdl.persistence.DbConnection.open(DbConnection.java:38)
	at pucrs.gcs.cdl.persistence.DbConnection.queryInsert(DbConnection.java:185)
	at pucrs.gcs.cdl.persistence.DbConnection.createTable(DbConnection.java:53)
	at pucrs.gcs.cdl.persistence.DbConnection.open(DbConnection.java:38)
	at pucrs.gcs.cdl.persistence.DbConnection.queryInsert(DbConnection.java:185)
	at pucrs.gcs.cdl.persistence.DbConnection.createTable(DbConnection.java:53)
	at pucrs.gcs.cdl.persistence.DbConnection.open(DbConnection.java:38)
	at pucrs.gcs.cdl.persistence.DbConnection.queryInsert(DbConnection.java:185)
	at pucrs.gcs.cdl.persistence.DbConnection.createTable(DbConnection.java:53)
	at pucrs.gcs.cdl.persistence.DbConnection.open(DbConnection.java:38)
	at pucrs.gcs.cdl.persistence.DbConnection.queryInsert(DbConnection.java:185)
	at pucrs.gcs.cdl.persistence.DbConnection.createTable(DbConnection.java:53)
	at pucrs.gcs.cdl.persistence.DbConnection.open(DbConnection.java:38)
	at pucrs.gcs.cdl.persistence.DbConnection.queryInsert(DbConnection.java:185)
	at pucrs.gcs.cdl.persistence.DbConnection.createTable(DbConnection.java:53)
	at pucrs.gcs.cdl.persistence.DbConnection.open(DbConnection.java:38)
	at pucrs.gcs.cdl.persistence.DbConnection.queryInsert(DbConnection.java:185)
	at pucrs.gcs.cdl.persistence.DbConnection.createTable(DbConnection.java:53)
	at pucrs.gcs.cdl.persistence.DbConnection.open(DbConnection.java:38)
	at pucrs.gcs.cdl.persistence.DbConnection.queryInsert(DbConnection.java:185)
	at pucrs.gcs.cdl.persistence.DbConnection.createTable(DbConnection.java:53)
	at pucrs.gcs.cdl.persistence.DbConnection.open(DbConnection.java:38)
	at pucrs.gcs.cdl.persistence.DbConnection.queryInsert(DbConnection.java:185)
	at pucrs.gcs.cdl.persistence.DbConnection.createTable(DbConnection.java:53)
	at pucrs.gcs.cdl.persistence.DbConnection.open(DbConnection.java:38)
	at pucrs.gcs.cdl.persistence.DbConnection.queryInsert(DbConnection.java:185)
	at pucrs.gcs.cdl.persistence.DbConnection.createTable(DbConnection.java:53)
	at pucrs.gcs.cdl.persistence.DbConnection.open(DbConnection.java:38)
	at pucrs.gcs.cdl.persistence.DbConnection.queryInsert(DbConnection.java:185)
	at pucrs.gcs.cdl.persistence.DbConnection.createTable(DbConnection.java:53)
	at pucrs.gcs.cdl.persistence.DbConnection.open(DbConnection.java:38)
	at pucrs.gcs.cdl.persistence.DbConnection.queryInsert(DbConnection.java:185)
	at pucrs.gcs.cdl.persistence.DbConnection.createTable(DbConnection.java:53)
	at pucrs.gcs.cdl.persistence.DbConnection.open(DbConnection.java:38)
	at pucrs.gcs.cdl.persistence.DbConnection.queryInsert(DbConnection.java:185)
	at pucrs.gcs.cdl.persistence.DbConnection.createTable(DbConnection.java:53)
	at pucrs.gcs.cdl.persistence.DbConnection.open(DbConnection.java:38)
	at pucrs.gcs.cdl.persistence.DbConnection.queryInsert(DbConnection.java:185)
	at pucrs.gcs.cdl.persistence.DbConnection.createTable(DbConnection.java:53)
	at pucrs.gcs.cdl.persistence.DbConnection.open(DbConnection.java:38)
	at pucrs.gcs.cdl.persistence.DbConnection.queryInsert(DbConnection.java:185)
	at pucrs.gcs.cdl.persistence.DbConnection.createTable(DbConnection.java:53)
	at pucrs.gcs.cdl.persistence.DbConnection.open(DbConnection.java:38)
	at pucrs.gcs.cdl.persistence.DbConnection.queryInsert(DbConnection.java:185)
	at pucrs.gcs.cdl.persistence.DbConnection.createTable(DbConnection.java:53)
	at pucrs.gcs.cdl.persistence.DbConnection.open(DbConnection.java:38)
	at pucrs.gcs.cdl.persistence.DbConnection.queryInsert(DbConnection.java:185)
	at pucrs.gcs.cdl.persistence.DbConnection.createTable(DbConnection.java:53)
	at pucrs.gcs.cdl.persistence.DbConnection.open(DbConnection.java:38)
	at pucrs.gcs.cdl.persistence.DbConnection.queryInsert(DbConnection.java:185)
	at pucrs.gcs.cdl.persistence.DbConnection.createTable(DbConnection.java:53)
	at pucrs.gcs.cdl.persistence.DbConnection.open(DbConnection.java:38)
	at pucrs.gcs.cdl.persistence.DbConnection.queryInsert(DbConnection.java:185)
	at pucrs.gcs.cdl.persistence.DbConnection.createTable(DbConnection.java:53)
	at pucrs.gcs.cdl.persistence.DbConnection.open(DbConnection.java:38)
	at pucrs.gcs.cdl.persistence.DbConnection.queryInsert(DbConnection.java:185)
	at pucrs.gcs.cdl.persistence.DbConnection.createTable(DbConnection.java:53)
	at pucrs.gcs.cdl.persistence.DbConnection.open(DbConnection.java:38)
	at pucrs.gcs.cdl.persistence.DbConnection.queryInsert(DbConnection.java:185)
	at pucrs.gcs.cdl.persistence.DbConnection.createTable(DbConnection.java:53)
	at pucrs.gcs.cdl.persistence.DbConnection.open(DbConnection.java:38)
	at pucrs.gcs.cdl.persistence.DbConnection.queryInsert(DbConnection.java:185)
	at pucrs.gcs.cdl.persistence.DbConnection.createTable(DbConnection.java:53)
	at pucrs.gcs.cdl.persistence.DbConnection.open(DbConnection.java:38)
	at pucrs.gcs.cdl.persistence.DbConnection.queryInsert(DbConnection.java:185)
	at pucrs.gcs.cdl.persistence.DbConnection.createTable(DbConnection.java:53)
	at pucrs.gcs.cdl.persistence.DbConnection.open(DbConnection.java:38)
	at pucrs.gcs.cdl.persistence.DbConnection.queryInsert(DbConnection.java:185)
	at pucrs.gcs.cdl.persistence.DbConnection.createTable(DbConnection.java:53)
	at pucrs.gcs.cdl.persistence.DbConnection.open(DbConnection.java:38)
	at pucrs.gcs.cdl.persistence.DbConnection.queryInsert(DbConnection.java:185)
	at pucrs.gcs.cdl.persistence.DbConnection.createTable(DbConnection.java:53)
	at pucrs.gcs.cdl.persistence.DbConnection.open(DbConnection.java:38)
	at pucrs.gcs.cdl.persistence.DbConnection.queryInsert(DbConnection.java:185)
	at pucrs.gcs.cdl.persistence.DbConnection.createTable(DbConnection.java:53)
	at pucrs.gcs.cdl.persistence.DbConnection.open(DbConnection.java:38)
	at pucrs.gcs.cdl.persistence.DbConnection.queryInsert(DbConnection.java:185)
	at pucrs.gcs.cdl.persistence.DbConnection.createTable(DbConnection.java:53)
	at pucrs.gcs.cdl.persistence.DbConnection.open(DbConnection.java:38)
	at pucrs.gcs.cdl.persistence.DbConnection.queryInsert(DbConnection.java:185)
	at pucrs.gcs.cdl.persistence.DbConnection.createTable(DbConnection.java:53)
	at pucrs.gcs.cdl.persistence.DbConnection.open(DbConnection.java:38)
	at pucrs.gcs.cdl.persistence.DbConnection.queryInsert(DbConnection.java:185)
	at pucrs.gcs.cdl.persistence.DbConnection.createTable(DbConnection.java:53)
	at pucrs.gcs.cdl.persistence.DbConnection.open(DbConnection.java:38)
	at pucrs.gcs.cdl.persistence.DbConnection.queryInsert(DbConnection.java:185)
	at pucrs.gcs.cdl.persistence.DbConnection.createTable(DbConnection.java:53)
	at pucrs.gcs.cdl.persistence.DbConnection.open(DbConnection.java:38)
	at pucrs.gcs.cdl.persistence.DbConnection.queryInsert(DbConnection.java:185)
	at pucrs.gcs.cdl.persistence.DbConnection.createTable(DbConnection.java:53)
	at pucrs.gcs.cdl.persistence.DbConnection.open(DbConnection.java:38)
	at pucrs.gcs.cdl.persistence.DbConnection.queryInsert(DbConnection.java:185)
	at pucrs.gcs.cdl.persistence.DbConnection.createTable(DbConnection.java:53)
	at pucrs.gcs.cdl.persistence.DbConnection.open(DbConnection.java:38)
	at pucrs.gcs.cdl.persistence.DbConnection.queryInsert(DbConnection.java:185)
	at pucrs.gcs.cdl.persistence.DbConnection.createTable(DbConnection.java:53)
	at pucrs.gcs.cdl.persistence.DbConnection.open(DbConnection.java:38)
	at pucrs.gcs.cdl.persistence.DbConnection.queryInsert(DbConnection.java:185)
	at pucrs.gcs.cdl.persistence.DbConnection.createTable(DbConnection.java:53)
	at pucrs.gcs.cdl.persistence.DbConnection.open(DbConnection.java:38)
	at pucrs.gcs.cdl.persistence.DbConnection.queryInsert(DbConnection.java:185)
	at pucrs.gcs.cdl.persistence.DbConnection.createTable(DbConnection.java:53)
	at pucrs.gcs.cdl.persistence.DbConnection.open(DbConnection.java:38)
	at pucrs.gcs.cdl.persistence.DbConnection.queryInsert(DbConnection.java:185)
	at pucrs.gcs.cdl.persistence.DbConnection.createTable(DbConnection.java:53)
	at pucrs.gcs.cdl.persistence.DbConnection.open(DbConnection.java:38)
	at pucrs.gcs.cdl.persistence.DbConnection.queryInsert(DbConnection.java:185)
	at pucrs.gcs.cdl.persistence.DbConnection.createTable(DbConnection.java:53)
	at pucrs.gcs.cdl.persistence.DbConnection.open(DbConnection.java:38)
	at pucrs.gcs.cdl.persistence.DbConnection.queryInsert(DbConnection.java:185)
	at pucrs.gcs.cdl.persistence.DbConnection.createTable(DbConnection.java:53)
	at pucrs.gcs.cdl.persistence.DbConnection.open(DbConnection.java:38)
	at pucrs.gcs.cdl.persistence.DbConnection.queryInsert(DbConnection.java:185)
	at pucrs.gcs.cdl.persistence.DbConnection.createTable(DbConnection.java:53)
	at pucrs.gcs.cdl.persistence.DbConnection.open(DbConnection.java:38)
	at pucrs.gcs.cdl.persistence.DbConnection.queryInsert(DbConnection.java:185)
	at pucrs.gcs.cdl.persistence.DbConnection.createTable(DbConnection.java:53)
	at pucrs.gcs.cdl.persistence.DbConnection.open(DbConnection.java:38)
	at pucrs.gcs.cdl.persistence.DbConnection.queryInsert(DbConnection.java:185)
	at pucrs.gcs.cdl.persistence.DbConnection.createTable(DbConnection.java:53)
	at pucrs.gcs.cdl.persistence.DbConnection.open(DbConnection.java:38)
	at pucrs.gcs.cdl.persistence.DbConnection.queryInsert(DbConnection.java:185)
	at pucrs.gcs.cdl.persistence.DbConnection.createTable(DbConnection.java:53)
	at pucrs.gcs.cdl.persistence.DbConnection.open(DbConnection.java:38)
	at pucrs.gcs.cdl.persistence.DbConnection.queryInsert(DbConnection.java:185)
	at pucrs.gcs.cdl.persistence.DbConnection.createTable(DbConnection.java:53)
	at pucrs.gcs.cdl.persistence.DbConnection.open(DbConnection.java:38)
	at pucrs.gcs.cdl.persistence.DbConnection.queryInsert(DbConnection.java:185)
	at pucrs.gcs.cdl.persistence.DbConnection.createTable(DbConnection.java:53)
	at pucrs.gcs.cdl.persistence.DbConnection.open(DbConnection.java:38)
	at pucrs.gcs.cdl.persistence.DbConnection.queryInsert(DbConnection.java:185)
	at pucrs.gcs.cdl.persistence.DbConnection.createTable(DbConnection.java:53)
	at pucrs.gcs.cdl.persistence.DbConnection.open(DbConnection.java:38)
	at pucrs.gcs.cdl.persistence.DbConnection.queryInsert(DbConnection.java:185)
	at pucrs.gcs.cdl.persistence.DbConnection.createTable(DbConnection.java:53)
	at pucrs.gcs.cdl.persistence.DbConnection.open(DbConnection.java:38)
	at pucrs.gcs.cdl.persistence.DbConnection.queryInsert(DbConnection.java:185)
	at pucrs.gcs.cdl.persistence.DbConnection.createTable(DbConnection.java:53)
	at pucrs.gcs.cdl.persistence.DbConnection.open(DbConnection.java:38)
	at pucrs.gcs.cdl.persistence.DbConnection.queryInsert(DbConnection.java:185)
	at pucrs.gcs.cdl.persistence.DbConnection.createTable(DbConnection.java:53)
	at pucrs.gcs.cdl.persistence.DbConnection.open(DbConnection.java:38)
	at pucrs.gcs.cdl.persistence.DbConnection.queryInsert(DbConnection.java:185)
	at pucrs.gcs.cdl.persistence.DbConnection.createTable(DbConnection.java:53)
	at pucrs.gcs.cdl.persistence.DbConnection.open(DbConnection.java:38)
	at pucrs.gcs.cdl.persistence.DbConnection.queryInsert(DbConnection.java:185)
	at pucrs.gcs.cdl.persistence.DbConnection.createTable(DbConnection.java:53)
	at pucrs.gcs.cdl.persistence.DbConnection.open(DbConnection.java:38)
	at pucrs.gcs.cdl.persistence.DbConnection.queryInsert(DbConnection.java:185)
	at pucrs.gcs.cdl.persistence.DbConnection.createTable(DbConnection.java:53)
	at pucrs.gcs.cdl.persistence.DbConnection.open(DbConnection.java:38)
	at pucrs.gcs.cdl.persistence.DbConnection.queryInsert(DbConnection.java:185)
	at pucrs.gcs.cdl.persistence.DbConnection.createTable(DbConnection.java:53)
	at pucrs.gcs.cdl.persistence.DbConnection.open(DbConnection.java:38)
	at pucrs.gcs.cdl.persistence.DbConnection.queryInsert(DbConnection.java:185)
	at pucrs.gcs.cdl.persistence.DbConnection.createTable(DbConnection.java:53)
	at pucrs.gcs.cdl.persistence.DbConnection.open(DbConnection.java:38)
	at pucrs.gcs.cdl.persistence.DbConnection.queryInsert(DbConnection.java:185)
	at pucrs.gcs.cdl.persistence.DbConnection.createTable(DbConnection.java:53)
	at pucrs.gcs.cdl.persistence.DbConnection.open(DbConnection.java:38)
	at pucrs.gcs.cdl.persistence.DbConnection.queryInsert(DbConnection.java:185)
	at pucrs.gcs.cdl.persistence.DbConnection.createTable(DbConnection.java:53)
	at pucrs.gcs.cdl.persistence.DbConnection.open(DbConnection.java:38)
	at pucrs.gcs.cdl.persistence.DbConnection.queryInsert(DbConnection.java:185)
	at pucrs.gcs.cdl.persistence.DbConnection.createTable(DbConnection.java:53)
	at pucrs.gcs.cdl.persistence.DbConnection.open(DbConnection.java:38)
	at pucrs.gcs.cdl.persistence.DbConnection.queryInsert(DbConnection.java:185)
	at pucrs.gcs.cdl.persistence.DbConnection.createTable(DbConnection.java:53)
	at pucrs.gcs.cdl.persistence.DbConnection.open(DbConnection.java:38)
	at pucrs.gcs.cdl.persistence.DbConnection.queryInsert(DbConnection.java:185)
	at pucrs.gcs.cdl.persistence.DbConnection.createTable(DbConnection.java:53)
	at pucrs.gcs.cdl.persistence.DbConnection.open(DbConnection.java:38)
	at pucrs.gcs.cdl.persistence.DbConnection.queryInsert(DbConnection.java:185)
	at pucrs.gcs.cdl.persistence.DbConnection.createTable(DbConnection.java:53)
	at pucrs.gcs.cdl.persistence.DbConnection.open(DbConnection.java:38)
	at pucrs.gcs.cdl.persistence.DbConnection.queryInsert(DbConnection.java:185)
	at pucrs.gcs.cdl.persistence.DbConnection.createTable(DbConnection.java:53)
	at pucrs.gcs.cdl.persistence.DbConnection.open(DbConnection.java:38)
	at pucrs.gcs.cdl.persistence.DbConnection.queryInsert(DbConnection.java:185)
	at pucrs.gcs.cdl.persistence.DbConnection.createTable(DbConnection.java:53)
	at pucrs.gcs.cdl.persistence.DbConnection.open(DbConnection.java:38)
	at pucrs.gcs.cdl.persistence.DbConnection.queryInsert(DbConnection.java:185)
	at pucrs.gcs.cdl.persistence.DbConnection.createTable(DbConnection.java:53)
	at pucrs.gcs.cdl.persistence.DbConnection.open(DbConnection.java:38)
	at pucrs.gcs.cdl.persistence.DbConnection.queryInsert(DbConnection.java:185)
	at pucrs.gcs.cdl.persistence.DbConnection.createTable(DbConnection.java:53)
	at pucrs.gcs.cdl.persistence.DbConnection.open(DbConnection.java:38)
	at pucrs.gcs.cdl.persistence.DbConnection.queryInsert(DbConnection.java:185)
	at pucrs.gcs.cdl.persistence.DbConnection.createTable(DbConnection.java:53)
	at pucrs.gcs.cdl.persistence.DbConnection.open(DbConnection.java:38)
	at pucrs.gcs.cdl.persistence.DbConnection.queryInsert(DbConnection.java:185)
	at pucrs.gcs.cdl.persistence.DbConnection.createTable(DbConnection.java:53)
	at pucrs.gcs.cdl.persistence.DbConnection.open(DbConnection.java:38)
	at pucrs.gcs.cdl.persistence.DbConnection.queryInsert(DbConnection.java:185)
	at pucrs.gcs.cdl.persistence.DbConnection.createTable(DbConnection.java:53)
	at pucrs.gcs.cdl.persistence.DbConnection.open(DbConnection.java:38)
	at pucrs.gcs.cdl.persistence.DbConnection.queryInsert(DbConnection.java:185)
	at pucrs.gcs.cdl.persistence.DbConnection.createTable(DbConnection.java:53)
	at pucrs.gcs.cdl.persistence.DbConnection.open(DbConnection.java:38)
	at pucrs.gcs.cdl.persistence.DbConnection.queryInsert(DbConnection.java:185)
	at pucrs.gcs.cdl.persistence.DbConnection.createTable(DbConnection.java:53)
	at pucrs.gcs.cdl.persistence.DbConnection.open(DbConnection.java:38)
	at pucrs.gcs.cdl.persistence.DbConnection.queryInsert(DbConnection.java:185)
	at pucrs.gcs.cdl.persistence.DbConnection.createTable(DbConnection.java:53)
	at pucrs.gcs.cdl.persistence.DbConnection.open(DbConnection.java:38)
	at pucrs.gcs.cdl.persistence.DbConnection.queryInsert(DbConnection.java:185)
	at pucrs.gcs.cdl.persistence.DbConnection.createTable(DbConnection.java:53)
	at pucrs.gcs.cdl.persistence.DbConnection.open(DbConnection.java:38)
	at pucrs.gcs.cdl.persistence.DbConnection.queryInsert(DbConnection.java:185)
	at pucrs.gcs.cdl.persistence.DbConnection.createTable(DbConnection.java:53)
	at pucrs.gcs.cdl.persistence.DbConnection.open(DbConnection.java:38)
	at pucrs.gcs.cdl.persistence.DbConnection.queryInsert(DbConnection.java:185)
	at pucrs.gcs.cdl.persistence.DbConnection.createTable(DbConnection.java:53)
	at pucrs.gcs.cdl.persistence.DbConnection.open(DbConnection.java:38)
	at pucrs.gcs.cdl.persistence.DbConnection.queryInsert(DbConnection.java:185)
	at pucrs.gcs.cdl.persistence.DbConnection.createTable(DbConnection.java:53)
	at pucrs.gcs.cdl.persistence.DbConnection.open(DbConnection.java:38)
	at pucrs.gcs.cdl.persistence.DbConnection.queryInsert(DbConnection.java:185)
	at pucrs.gcs.cdl.persistence.DbConnection.createTable(DbConnection.java:53)
	at pucrs.gcs.cdl.persistence.DbConnection.open(DbConnection.java:38)
	at pucrs.gcs.cdl.persistence.DbConnection.queryInsert(DbConnection.java:185)
	at pucrs.gcs.cdl.persistence.DbConnection.createTable(DbConnection.java:53)
	at pucrs.gcs.cdl.persistence.DbConnection.open(DbConnection.java:38)
	at pucrs.gcs.cdl.persistence.DbConnection.queryInsert(DbConnection.java:185)
	at pucrs.gcs.cdl.persistence.DbConnection.createTable(DbConnection.java:53)
	at pucrs.gcs.cdl.persistence.DbConnection.open(DbConnection.java:38)
	at pucrs.gcs.cdl.persistence.DbConnection.queryInsert(DbConnection.java:185)
	at pucrs.gcs.cdl.persistence.DbConnection.createTable(DbConnection.java:53)
	at pucrs.gcs.cdl.persistence.DbConnection.open(DbConnection.java:38)
	at pucrs.gcs.cdl.persistence.DbConnection.queryInsert(DbConnection.java:185)
	at pucrs.gcs.cdl.persistence.DbConnection.createTable(DbConnection.java:53)
	at pucrs.gcs.cdl.persistence.DbConnection.open(DbConnection.java:38)
	at pucrs.gcs.cdl.persistence.DbConnection.queryInsert(DbConnection.java:185)
	at pucrs.gcs.cdl.persistence.DbConnection.createTable(DbConnection.java:53)
	at pucrs.gcs.cdl.persistence.DbConnection.open(DbConnection.java:38)
	at pucrs.gcs.cdl.persistence.DbConnection.queryInsert(DbConnection.java:185)
	at pucrs.gcs.cdl.persistence.DbConnection.createTable(DbConnection.java:53)
	at pucrs.gcs.cdl.persistence.DbConnection.open(DbConnection.java:38)
	at pucrs.gcs.cdl.persistence.DbConnection.queryInsert(DbConnection.java:185)
	at pucrs.gcs.cdl.persistence.DbConnection.createTable(DbConnection.java:53)
	at pucrs.gcs.cdl.persistence.DbConnection.open(DbConnection.java:38)
	at pucrs.gcs.cdl.persistence.DbConnection.queryInsert(DbConnection.java:185)
	at pucrs.gcs.cdl.persistence.DbConnection.createTable(DbConnection.java:53)
	at pucrs.gcs.cdl.persistence.DbConnection.open(DbConnection.java:38)
	at pucrs.gcs.cdl.persistence.DbConnection.queryInsert(DbConnection.java:185)
	at pucrs.gcs.cdl.persistence.DbConnection.createTable(DbConnection.java:53)
	at pucrs.gcs.cdl.persistence.DbConnection.open(DbConnection.java:38)
	at pucrs.gcs.cdl.persistence.DbConnection.queryInsert(DbConnection.java:185)
	at pucrs.gcs.cdl.persistence.DbConnection.createTable(DbConnection.java:53)
	at pucrs.gcs.cdl.persistence.DbConnection.open(DbConnection.java:38)
	at pucrs.gcs.cdl.persistence.DbConnection.queryInsert(DbConnection.java:185)
	at pucrs.gcs.cdl.persistence.DbConnection.createTable(DbConnection.java:53)
	at pucrs.gcs.cdl.persistence.DbConnection.open(DbConnection.java:38)
	at pucrs.gcs.cdl.persistence.DbConnection.queryInsert(DbConnection.java:185)
	at pucrs.gcs.cdl.persistence.DbConnection.createTable(DbConnection.java:53)
	at pucrs.gcs.cdl.persistence.DbConnection.open(DbConnection.java:38)
	at pucrs.gcs.cdl.persistence.DbConnection.queryInsert(DbConnection.java:185)
	at pucrs.gcs.cdl.persistence.DbConnection.createTable(DbConnection.java:53)
	at pucrs.gcs.cdl.persistence.DbConnection.open(DbConnection.java:38)
	at pucrs.gcs.cdl.persistence.DbConnection.queryInsert(DbConnection.java:185)
	at pucrs.gcs.cdl.persistence.DbConnection.createTable(DbConnection.java:53)
	at pucrs.gcs.cdl.persistence.DbConnection.open(DbConnection.java:38)
	at pucrs.gcs.cdl.persistence.DbConnection.queryInsert(DbConnection.java:185)
	at pucrs.gcs.cdl.persistence.DbConnection.createTable(DbConnection.java:53)
	at pucrs.gcs.cdl.persistence.DbConnection.open(DbConnection.java:38)
	at pucrs.gcs.cdl.persistence.DbConnection.queryInsert(DbConnection.java:185)
	at pucrs.gcs.cdl.persistence.DbConnection.createTable(DbConnection.java:53)
	at pucrs.gcs.cdl.persistence.DbConnection.open(DbConnection.java:38)
	at pucrs.gcs.cdl.persistence.DbConnection.queryInsert(DbConnection.java:185)
	at pucrs.gcs.cdl.persistence.DbConnection.createTable(DbConnection.java:53)
	at pucrs.gcs.cdl.persistence.DbConnection.open(DbConnection.java:38)
	at pucrs.gcs.cdl.persistence.DbConnection.queryInsert(DbConnection.java:185)
	at pucrs.gcs.cdl.persistence.DbConnection.createTable(DbConnection.java:53)
	at pucrs.gcs.cdl.persistence.DbConnection.open(DbConnection.java:38)
	at pucrs.gcs.cdl.persistence.DbConnection.queryInsert(DbConnection.java:185)
	at pucrs.gcs.cdl.persistence.DbConnection.createTable(DbConnection.java:53)
	at pucrs.gcs.cdl.persistence.DbConnection.open(DbConnection.java:38)
	at pucrs.gcs.cdl.persistence.DbConnection.queryInsert(DbConnection.java:185)
	at pucrs.gcs.cdl.persistence.DbConnection.createTable(DbConnection.java:53)
	at pucrs.gcs.cdl.persistence.DbConnection.open(DbConnection.java:38)
	at pucrs.gcs.cdl.persistence.DbConnection.queryInsert(DbConnection.java:185)
	at pucrs.gcs.cdl.persistence.DbConnection.createTable(DbConnection.java:53)
	at pucrs.gcs.cdl.persistence.DbConnection.open(DbConnection.java:38)
	at pucrs.gcs.cdl.persistence.DbConnection.queryInsert(DbConnection.java:185)
	at pucrs.gcs.cdl.persistence.DbConnection.createTable(DbConnection.java:53)
	at pucrs.gcs.cdl.persistence.DbConnection.open(DbConnection.java:38)
	at pucrs.gcs.cdl.persistence.DbConnection.queryInsert(DbConnection.java:185)
	at pucrs.gcs.cdl.persistence.DbConnection.createTable(DbConnection.java:53)
	at pucrs.gcs.cdl.persistence.DbConnection.open(DbConnection.java:38)
	at pucrs.gcs.cdl.persistence.DbConnection.queryInsert(DbConnection.java:185)
	at pucrs.gcs.cdl.persistence.DbConnection.createTable(DbConnection.java:53)
	at pucrs.gcs.cdl.persistence.DbConnection.open(DbConnection.java:38)
	at pucrs.gcs.cdl.persistence.DbConnection.queryInsert(DbConnection.java:185)
	at pucrs.gcs.cdl.persistence.DbConnection.createTable(DbConnection.java:53)
	at pucrs.gcs.cdl.persistence.DbConnection.open(DbConnection.java:38)
	at pucrs.gcs.cdl.persistence.DbConnection.queryInsert(DbConnection.java:185)
	at pucrs.gcs.cdl.persistence.DbConnection.createTable(DbConnection.java:53)
	at pucrs.gcs.cdl.persistence.DbConnection.open(DbConnection.java:38)
	at pucrs.gcs.cdl.persistence.DbConnection.queryInsert(DbConnection.java:185)
	at pucrs.gcs.cdl.persistence.DbConnection.createTable(DbConnection.java:53)
	at pucrs.gcs.cdl.persistence.DbConnection.open(DbConnection.java:38)
	at pucrs.gcs.cdl.persistence.DbConnection.queryInsert(DbConnection.java:185)
	at pucrs.gcs.cdl.persistence.DbConnection.createTable(DbConnection.java:53)
	at pucrs.gcs.cdl.persistence.DbConnection.open(DbConnection.java:38)
	at pucrs.gcs.cdl.persistence.DbConnection.queryInsert(DbConnection.java:185)
	at pucrs.gcs.cdl.persistence.DbConnection.createTable(DbConnection.java:53)
	at pucrs.gcs.cdl.persistence.DbConnection.open(DbConnection.java:38)
	at pucrs.gcs.cdl.persistence.DbConnection.queryInsert(DbConnection.java:185)
	at pucrs.gcs.cdl.persistence.DbConnection.createTable(DbConnection.java:53)
	at pucrs.gcs.cdl.persistence.DbConnection.open(DbConnection.java:38)
	at pucrs.gcs.cdl.persistence.DbConnection.queryInsert(DbConnection.java:185)
	at pucrs.gcs.cdl.persistence.DbConnection.createTable(DbConnection.java:53)
	at pucrs.gcs.cdl.persistence.DbConnection.open(DbConnection.java:38)
	at pucrs.gcs.cdl.persistence.DbConnection.queryInsert(DbConnection.java:185)
	at pucrs.gcs.cdl.persistence.DbConnection.createTable(DbConnection.java:53)
	at pucrs.gcs.cdl.persistence.DbConnection.open(DbConnection.java:38)
	at pucrs.gcs.cdl.persistence.DbConnection.queryInsert(DbConnection.java:185)
	at pucrs.gcs.cdl.persistence.DbConnection.createTable(DbConnection.java:53)
	at pucrs.gcs.cdl.persistence.DbConnection.open(DbConnection.java:38)
	at pucrs.gcs.cdl.persistence.DbConnection.queryInsert(DbConnection.java:185)
	at pucrs.gcs.cdl.persistence.DbConnection.createTable(DbConnection.java:53)
	at pucrs.gcs.cdl.persistence.DbConnection.open(DbConnection.java:38)
	at pucrs.gcs.cdl.persistence.DbConnection.queryInsert(DbConnection.java:185)
	at pucrs.gcs.cdl.persistence.DbConnection.createTable(DbConnection.java:53)
	at pucrs.gcs.cdl.persistence.DbConnection.open(DbConnection.java:38)
	at pucrs.gcs.cdl.persistence.DbConnection.queryInsert(DbConnection.java:185)
	at pucrs.gcs.cdl.persistence.DbConnection.createTable(DbConnection.java:53)
	at pucrs.gcs.cdl.persistence.DbConnection.open(DbConnection.java:38)
	at pucrs.gcs.cdl.persistence.DbConnection.queryInsert(DbConnection.java:185)
	at pucrs.gcs.cdl.persistence.DbConnection.createTable(DbConnection.java:53)
	at pucrs.gcs.cdl.persistence.DbConnection.open(DbConnection.java:38)
	at pucrs.gcs.cdl.persistence.DbConnection.queryInsert(DbConnection.java:185)
	at pucrs.gcs.cdl.persistence.DbConnection.createTable(DbConnection.java:53)
	at pucrs.gcs.cdl.persistence.DbConnection.open(DbConnection.java:38)
	at pucrs.gcs.cdl.persistence.DbConnection.queryInsert(DbConnection.java:185)
	at pucrs.gcs.cdl.persistence.DbConnection.createTable(DbConnection.java:53)
	at pucrs.gcs.cdl.persistence.DbConnection.open(DbConnection.java:38)
	at pucrs.gcs.cdl.persistence.DbConnection.queryInsert(DbConnection.java:185)
	at pucrs.gcs.cdl.persistence.DbConnection.createTable(DbConnection.java:53)
	at pucrs.gcs.cdl.persistence.DbConnection.open(DbConnection.java:38)
	at pucrs.gcs.cdl.persistence.DbConnection.queryInsert(DbConnection.java:185)
	at pucrs.gcs.cdl.persistence.DbConnection.createTable(DbConnection.java:53)
	at pucrs.gcs.cdl.persistence.DbConnection.open(DbConnection.java:38)
	at pucrs.gcs.cdl.persistence.DbConnection.queryInsert(DbConnection.java:185)
	at pucrs.gcs.cdl.persistence.DbConnection.createTable(DbConnection.java:53)
	at pucrs.gcs.cdl.persistence.DbConnection.open(DbConnection.java:38)
	at pucrs.gcs.cdl.persistence.DbConnection.queryInsert(DbConnection.java:185)
	at pucrs.gcs.cdl.persistence.DbConnection.createTable(DbConnection.java:53)
	at pucrs.gcs.cdl.persistence.DbConnection.open(DbConnection.java:38)
	at pucrs.gcs.cdl.persistence.DbConnection.queryInsert(DbConnection.java:185)
	at pucrs.gcs.cdl.persistence.DbConnection.createTable(DbConnection.java:53)
	at pucrs.gcs.cdl.persistence.DbConnection.open(DbConnection.java:38)
	at pucrs.gcs.cdl.persistence.DbConnection.queryInsert(DbConnection.java:185)
	at pucrs.gcs.cdl.persistence.DbConnection.createTable(DbConnection.java:53)
	at pucrs.gcs.cdl.persistence.DbConnection.open(DbConnection.java:38)
	at pucrs.gcs.cdl.persistence.DbConnection.queryInsert(DbConnection.java:185)
	at pucrs.gcs.cdl.persistence.DbConnection.createTable(DbConnection.java:53)
	at pucrs.gcs.cdl.persistence.DbConnection.open(DbConnection.java:38)
	at pucrs.gcs.cdl.persistence.DbConnection.queryInsert(DbConnection.java:185)
	at pucrs.gcs.cdl.persistence.DbConnection.createTable(DbConnection.java:53)
	at pucrs.gcs.cdl.persistence.DbConnection.open(DbConnection.java:38)
	at pucrs.gcs.cdl.persistence.DbConnection.queryInsert(DbConnection.java:185)
	at pucrs.gcs.cdl.persistence.DbConnection.createTable(DbConnection.java:53)
	at pucrs.gcs.cdl.persistence.DbConnection.open(DbConnection.java:38)
	at pucrs.gcs.cdl.persistence.DbConnection.queryInsert(DbConnection.java:185)
	at pucrs.gcs.cdl.persistence.DbConnection.createTable(DbConnection.java:53)
	at pucrs.gcs.cdl.persistence.DbConnection.open(DbConnection.java:38)
	at pucrs.gcs.cdl.persistence.DbConnection.queryInsert(DbConnection.java:185)
	at pucrs.gcs.cdl.persistence.DbConnection.createTable(DbConnection.java:53)
	at pucrs.gcs.cdl.persistence.DbConnection.open(DbConnection.java:38)
	at pucrs.gcs.cdl.persistence.DbConnection.queryInsert(DbConnection.java:185)
	at pucrs.gcs.cdl.persistence.DbConnection.createTable(DbConnection.java:53)
	at pucrs.gcs.cdl.persistence.DbConnection.open(DbConnection.java:38)
	at pucrs.gcs.cdl.persistence.DbConnection.queryInsert(DbConnection.java:185)
	at pucrs.gcs.cdl.persistence.DbConnection.createTable(DbConnection.java:53)
	at pucrs.gcs.cdl.persistence.DbConnection.open(DbConnection.java:38)
	at pucrs.gcs.cdl.persistence.DbConnection.queryInsert(DbConnection.java:185)
	at pucrs.gcs.cdl.persistence.DbConnection.createTable(DbConnection.java:53)
	at pucrs.gcs.cdl.persistence.DbConnection.open(DbConnection.java:38)
	at pucrs.gcs.cdl.persistence.DbConnection.queryInsert(DbConnection.java:185)
	at pucrs.gcs.cdl.persistence.DbConnection.createTable(DbConnection.java:53)
	at pucrs.gcs.cdl.persistence.DbConnection.open(DbConnection.java:38)
	at pucrs.gcs.cdl.persistence.DbConnection.queryInsert(DbConnection.java:185)
	at pucrs.gcs.cdl.persistence.DbConnection.createTable(DbConnection.java:53)
	at pucrs.gcs.cdl.persistence.DbConnection.open(DbConnection.java:38)
	at pucrs.gcs.cdl.persistence.DbConnection.queryInsert(DbConnection.java:185)
	at pucrs.gcs.cdl.persistence.DbConnection.createTable(DbConnection.java:53)
	at pucrs.gcs.cdl.persistence.DbConnection.open(DbConnection.java:38)
	at pucrs.gcs.cdl.persistence.DbConnection.queryInsert(DbConnection.java:185)
	at pucrs.gcs.cdl.persistence.DbConnection.createTable(DbConnection.java:53)
	at pucrs.gcs.cdl.persistence.DbConnection.open(DbConnection.java:38)
	at pucrs.gcs.cdl.persistence.DbConnection.queryInsert(DbConnection.java:185)
	at pucrs.gcs.cdl.persistence.DbConnection.createTable(DbConnection.java:53)
	at pucrs.gcs.cdl.persistence.DbConnection.open(DbConnection.java:38)
	at pucrs.gcs.cdl.persistence.DbConnection.queryInsert(DbConnection.java:185)
	at pucrs.gcs.cdl.persistence.DbConnection.createTable(DbConnection.java:53)
	at pucrs.gcs.cdl.persistence.DbConnection.open(DbConnection.java:38)
	at pucrs.gcs.cdl.persistence.DbConnection.queryInsert(DbConnection.java:185)
	at pucrs.gcs.cdl.persistence.DbConnection.createTable(DbConnection.java:53)
	at pucrs.gcs.cdl.persistence.DbConnection.open(DbConnection.java:38)
	at pucrs.gcs.cdl.persistence.DbConnection.queryInsert(DbConnection.java:185)
	at pucrs.gcs.cdl.persistence.DbConnection.createTable(DbConnection.java:53)
	at pucrs.gcs.cdl.persistence.DbConnection.open(DbConnection.java:38)
	at pucrs.gcs.cdl.persistence.DbConnection.queryInsert(DbConnection.java:185)
	at pucrs.gcs.cdl.persistence.DbConnection.createTable(DbConnection.java:53)
	at pucrs.gcs.cdl.persistence.DbConnection.open(DbConnection.java:38)
	at pucrs.gcs.cdl.persistence.DbConnection.queryInsert(DbConnection.java:185)
	at pucrs.gcs.cdl.persistence.DbConnection.createTable(DbConnection.java:53)
	at pucrs.gcs.cdl.persistence.DbConnection.open(DbConnection.java:38)
	at pucrs.gcs.cdl.persistence.DbConnection.queryInsert(DbConnection.java:185)
	at pucrs.gcs.cdl.persistence.DbConnection.createTable(DbConnection.java:53)
	at pucrs.gcs.cdl.persistence.DbConnection.open(DbConnection.java:38)
	at pucrs.gcs.cdl.persistence.DbConnection.queryInsert(DbConnection.java:185)
	at pucrs.gcs.cdl.persistence.DbConnection.createTable(DbConnection.java:53)
	at pucrs.gcs.cdl.persistence.DbConnection.open(DbConnection.java:38)
	at pucrs.gcs.cdl.persistence.DbConnection.queryInsert(DbConnection.java:185)
	at pucrs.gcs.cdl.persistence.DbConnection.createTable(DbConnection.java:53)
	at pucrs.gcs.cdl.persistence.DbConnection.open(DbConnection.java:38)
	at pucrs.gcs.cdl.persistence.DbConnection.queryInsert(DbConnection.java:185)
	at pucrs.gcs.cdl.persistence.DbConnection.createTable(DbConnection.java:53)
	at pucrs.gcs.cdl.persistence.DbConnection.open(DbConnection.java:38)
	at pucrs.gcs.cdl.persistence.DbConnection.queryInsert(DbConnection.java:185)
	at pucrs.gcs.cdl.persistence.DbConnection.createTable(DbConnection.java:53)
	at pucrs.gcs.cdl.persistence.DbConnection.open(DbConnection.java:38)
	at pucrs.gcs.cdl.persistence.DbConnection.queryInsert(DbConnection.java:185)
	at pucrs.gcs.cdl.persistence.DbConnection.createTable(DbConnection.java:53)
	at pucrs.gcs.cdl.persistence.DbConnection.open(DbConnection.java:38)
	at pucrs.gcs.cdl.persistence.DbConnection.queryInsert(DbConnection.java:185)
	at pucrs.gcs.cdl.persistence.DbConnection.createTable(DbConnection.java:53)
	at pucrs.gcs.cdl.persistence.DbConnection.open(DbConnection.java:38)
	at pucrs.gcs.cdl.persistence.DbConnection.queryInsert(DbConnection.java:185)
	at pucrs.gcs.cdl.persistence.DbConnection.createTable(DbConnection.java:53)
	at pucrs.gcs.cdl.persistence.DbConnection.open(DbConnection.java:38)
	at pucrs.gcs.cdl.persistence.DbConnection.queryInsert(DbConnection.java:185)
	at pucrs.gcs.cdl.persistence.DbConnection.createTable(DbConnection.java:53)
	at pucrs.gcs.cdl.persistence.DbConnection.open(DbConnection.java:38)
	at pucrs.gcs.cdl.persistence.DbConnection.queryInsert(DbConnection.java:185)
	at pucrs.gcs.cdl.persistence.DbConnection.createTable(DbConnection.java:53)
	at pucrs.gcs.cdl.persistence.DbConnection.open(DbConnection.java:38)
	at pucrs.gcs.cdl.persistence.DbConnection.queryInsert(DbConnection.java:185)
	at pucrs.gcs.cdl.persistence.DbConnection.createTable(DbConnection.java:53)
	at pucrs.gcs.cdl.persistence.DbConnection.open(DbConnection.java:38)
	at pucrs.gcs.cdl.persistence.DbConnection.queryInsert(DbConnection.java:185)
	at pucrs.gcs.cdl.persistence.DbConnection.createTable(DbConnection.java:53)
	at pucrs.gcs.cdl.persistence.DbConnection.open(DbConnection.java:38)
	at pucrs.gcs.cdl.persistence.DbConnection.queryInsert(DbConnection.java:185)
	at pucrs.gcs.cdl.persistence.DbConnection.createTable(DbConnection.java:53)
	at pucrs.gcs.cdl.persistence.DbConnection.open(DbConnection.java:38)
	at pucrs.gcs.cdl.persistence.DbConnection.queryInsert(DbConnection.java:185)
	at pucrs.gcs.cdl.persistence.DbConnection.createTable(DbConnection.java:53)
	at pucrs.gcs.cdl.persistence.DbConnection.open(DbConnection.java:38)
	at pucrs.gcs.cdl.persistence.DbConnection.queryInsert(DbConnection.java:185)
	at pucrs.gcs.cdl.persistence.DbConnection.createTable(DbConnection.java:53)
	at pucrs.gcs.cdl.persistence.DbConnection.open(DbConnection.java:38)
	at pucrs.gcs.cdl.persistence.DbConnection.queryInsert(DbConnection.java:185)
	at pucrs.gcs.cdl.persistence.DbConnection.createTable(DbConnection.java:53)
	at pucrs.gcs.cdl.persistence.DbConnection.open(DbConnection.java:38)
	at pucrs.gcs.cdl.persistence.DbConnection.queryInsert(DbConnection.java:185)
	at pucrs.gcs.cdl.persistence.DbConnection.createTable(DbConnection.java:53)
	at pucrs.gcs.cdl.persistence.DbConnection.open(DbConnection.java:38)
	at pucrs.gcs.cdl.persistence.DbConnection.queryInsert(DbConnection.java:185)
	at pucrs.gcs.cdl.persistence.DbConnection.createTable(DbConnection.java:53)
	at pucrs.gcs.cdl.persistence.DbConnection.open(DbConnection.java:38)
	at pucrs.gcs.cdl.persistence.DbConnection.queryInsert(DbConnection.java:185)
	at pucrs.gcs.cdl.persistence.DbConnection.createTable(DbConnection.java:53)
	at pucrs.gcs.cdl.persistence.DbConnection.open(DbConnection.java:38)
	at pucrs.gcs.cdl.persistence.DbConnection.queryInsert(DbConnection.java:185)
	at pucrs.gcs.cdl.persistence.DbConnection.createTable(DbConnection.java:53)
	at pucrs.gcs.cdl.persistence.DbConnection.open(DbConnection.java:38)
	at pucrs.gcs.cdl.persistence.DbConnection.queryInsert(DbConnection.java:185)
	at pucrs.gcs.cdl.persistence.DbConnection.createTable(DbConnection.java:53)
	at pucrs.gcs.cdl.persistence.DbConnection.open(DbConnection.java:38)
	at pucrs.gcs.cdl.persistence.DbConnection.queryInsert(DbConnection.java:185)
	at pucrs.gcs.cdl.persistence.DbConnection.createTable(DbConnection.java:53)
	at pucrs.gcs.cdl.persistence.DbConnection.open(DbConnection.java:38)
	at pucrs.gcs.cdl.persistence.DbConnection.queryInsert(DbConnection.java:185)
	at pucrs.gcs.cdl.persistence.DbConnection.createTable(DbConnection.java:53)
	at pucrs.gcs.cdl.persistence.DbConnection.open(DbConnection.java:38)
	at pucrs.gcs.cdl.persistence.DbConnection.queryInsert(DbConnection.java:185)
	at pucrs.gcs.cdl.persistence.DbConnection.createTable(DbConnection.java:53)
	at pucrs.gcs.cdl.persistence.DbConnection.open(DbConnection.java:38)
	at pucrs.gcs.cdl.persistence.DbConnection.queryInsert(DbConnection.java:185)
	at pucrs.gcs.cdl.persistence.DbConnection.createTable(DbConnection.java:53)
	at pucrs.gcs.cdl.persistence.DbConnection.open(DbConnection.java:38)
	at pucrs.gcs.cdl.persistence.DbConnection.queryInsert(DbConnection.java:185)
	at pucrs.gcs.cdl.persistence.DbConnection.createTable(DbConnection.java:53)
	at pucrs.gcs.cdl.persistence.DbConnection.open(DbConnection.java:38)
	at pucrs.gcs.cdl.persistence.DbConnection.queryInsert(DbConnection.java:185)
	at pucrs.gcs.cdl.persistence.DbConnection.createTable(DbConnection.java:53)
	at pucrs.gcs.cdl.persistence.DbConnection.open(DbConnection.java:38)
	at pucrs.gcs.cdl.persistence.DbConnection.queryInsert(DbConnection.java:185)
	at pucrs.gcs.cdl.persistence.DbConnection.createTable(DbConnection.java:53)
	at pucrs.gcs.cdl.persistence.DbConnection.open(DbConnection.java:38)
	at pucrs.gcs.cdl.persistence.DbConnection.queryInsert(DbConnection.java:185)
	at pucrs.gcs.cdl.persistence.DbConnection.createTable(DbConnection.java:53)
	at pucrs.gcs.cdl.persistence.DbConnection.open(DbConnection.java:38)
	at pucrs.gcs.cdl.persistence.DbConnection.queryInsert(DbConnection.java:185)
	at pucrs.gcs.cdl.persistence.DbConnection.createTable(DbConnection.java:53)
	at pucrs.gcs.cdl.persistence.DbConnection.open(DbConnection.java:38)
	at pucrs.gcs.cdl.persistence.DbConnection.queryInsert(DbConnection.java:185)
	at pucrs.gcs.cdl.persistence.DbConnection.createTable(DbConnection.java:53)
	at pucrs.gcs.cdl.persistence.DbConnection.open(DbConnection.java:38)
	at pucrs.gcs.cdl.persistence.DbConnection.queryInsert(DbConnection.java:185)
	at pucrs.gcs.cdl.persistence.DbConnection.createTable(DbConnection.java:53)
	at pucrs.gcs.cdl.persistence.DbConnection.open(DbConnection.java:38)
	at pucrs.gcs.cdl.persistence.DbConnection.queryInsert(DbConnection.java:185)
	at pucrs.gcs.cdl.persistence.DbConnection.createTable(DbConnection.java:53)
	at pucrs.gcs.cdl.persistence.DbConnection.open(DbConnection.java:38)
	at pucrs.gcs.cdl.persistence.DbConnection.queryInsert(DbConnection.java:185)
	at pucrs.gcs.cdl.persistence.DbConnection.createTable(DbConnection.java:53)
	at pucrs.gcs.cdl.persistence.DbConnection.open(DbConnection.java:38)
	at pucrs.gcs.cdl.persistence.DbConnection.queryInsert(DbConnection.java:185)
	at pucrs.gcs.cdl.persistence.DbConnection.createTable(DbConnection.java:53)
	at pucrs.gcs.cdl.persistence.DbConnection.open(DbConnection.java:38)
	at pucrs.gcs.cdl.persistence.DbConnection.queryInsert(DbConnection.java:185)
	at pucrs.gcs.cdl.persistence.DbConnection.createTable(DbConnection.java:53)
	at pucrs.gcs.cdl.persistence.DbConnection.open(DbConnection.java:38)
	at pucrs.gcs.cdl.persistence.DbConnection.queryInsert(DbConnection.java:185)
	at pucrs.gcs.cdl.persistence.DbConnection.createTable(DbConnection.java:53)
	at pucrs.gcs.cdl.persistence.DbConnection.open(DbConnection.java:38)
	at pucrs.gcs.cdl.persistence.DbConnection.queryInsert(DbConnection.java:185)
	at pucrs.gcs.cdl.persistence.DbConnection.createTable(DbConnection.java:53)
	at pucrs.gcs.cdl.persistence.DbConnection.open(DbConnection.java:38)
	at pucrs.gcs.cdl.persistence.DbConnection.queryInsert(DbConnection.java:185)
	at pucrs.gcs.cdl.persistence.DbConnection.createTable(DbConnection.java:53)
	at pucrs.gcs.cdl.persistence.DbConnection.open(DbConnection.java:38)
	at pucrs.gcs.cdl.persistence.DbConnection.queryInsert(DbConnection.java:185)
	at pucrs.gcs.cdl.persistence.DbConnection.createTable(DbConnection.java:53)
	at pucrs.gcs.cdl.persistence.DbConnection.open(DbConnection.java:38)
	at pucrs.gcs.cdl.persistence.DbConnection.queryInsert(DbConnection.java:185)
	at pucrs.gcs.cdl.persistence.DbConnection.createTable(DbConnection.java:53)
	at pucrs.gcs.cdl.persistence.DbConnection.open(DbConnection.java:38)
	at pucrs.gcs.cdl.persistence.DbConnection.queryInsert(DbConnection.java:185)
	at pucrs.gcs.cdl.persistence.DbConnection.createTable(DbConnection.java:53)
	at pucrs.gcs.cdl.persistence.DbConnection.open(DbConnection.java:38)
	at pucrs.gcs.cdl.persistence.DbConnection.queryInsert(DbConnection.java:185)
	at pucrs.gcs.cdl.persistence.DbConnection.createTable(DbConnection.java:53)
	at pucrs.gcs.cdl.persistence.DbConnection.open(DbConnection.java:38)
	at pucrs.gcs.cdl.persistence.DbConnection.queryInsert(DbConnection.java:185)
	at pucrs.gcs.cdl.persistence.DbConnection.createTable(DbConnection.java:53)
	at pucrs.gcs.cdl.persistence.DbConnection.open(DbConnection.java:38)
	at pucrs.gcs.cdl.persistence.DbConnection.queryInsert(DbConnection.java:185)
	at pucrs.gcs.cdl.persistence.DbConnection.createTable(DbConnection.java:53)
	at pucrs.gcs.cdl.persistence.DbConnection.open(DbConnection.java:38)
	at pucrs.gcs.cdl.persistence.DbConnection.queryInsert(DbConnection.java:185)
	at pucrs.gcs.cdl.persistence.DbConnection.createTable(DbConnection.java:53)
	at pucrs.gcs.cdl.persistence.DbConnection.open(DbConnection.java:38)
	at pucrs.gcs.cdl.persistence.DbConnection.queryInsert(DbConnection.java:185)
	at pucrs.gcs.cdl.persistence.DbConnection.createTable(DbConnection.java:53)
	at pucrs.gcs.cdl.persistence.DbConnection.open(DbConnection.java:38)
	at pucrs.gcs.cdl.persistence.DbConnection.queryInsert(DbConnection.java:185)
	at pucrs.gcs.cdl.persistence.DbConnection.createTable(DbConnection.java:53)
	at pucrs.gcs.cdl.persistence.DbConnection.open(DbConnection.java:38)
	at pucrs.gcs.cdl.persistence.DbConnection.queryInsert(DbConnection.java:185)
	at pucrs.gcs.cdl.persistence.DbConnection.createTable(DbConnection.java:53)
	at pucrs.gcs.cdl.persistence.DbConnection.open(DbConnection.java:38)
	at pucrs.gcs.cdl.persistence.DbConnection.queryInsert(DbConnection.java:185)
	at pucrs.gcs.cdl.persistence.DbConnection.createTable(DbConnection.java:53)
	at pucrs.gcs.cdl.persistence.DbConnection.open(DbConnection.java:38)
	at pucrs.gcs.cdl.persistence.DbConnection.queryInsert(DbConnection.java:185)
	at pucrs.gcs.cdl.persistence.DbConnection.createTable(DbConnection.java:53)
	at pucrs.gcs.cdl.persistence.DbConnection.open(DbConnection.java:38)
	at pucrs.gcs.cdl.persistence.DbConnection.queryInsert(DbConnection.java:185)
	at pucrs.gcs.cdl.persistence.DbConnection.createTable(DbConnection.java:53)
	at pucrs.gcs.cdl.persistence.DbConnection.open(DbConnection.java:38)
	at pucrs.gcs.cdl.persistence.DbConnection.queryInsert(DbConnection.java:185)
	at pucrs.gcs.cdl.persistence.DbConnection.createTable(DbConnection.java:53)
	at pucrs.gcs.cdl.persistence.DbConnection.open(DbConnection.java:38)
	at pucrs.gcs.cdl.persistence.DbConnection.queryInsert(DbConnection.java:185)
	at pucrs.gcs.cdl.persistence.DbConnection.createTable(DbConnection.java:53)
	at pucrs.gcs.cdl.persistence.DbConnection.open(DbConnection.java:38)
	at pucrs.gcs.cdl.persistence.DbConnection.queryInsert(DbConnection.java:185)
	at pucrs.gcs.cdl.persistence.DbConnection.createTable(DbConnection.java:53)
	at pucrs.gcs.cdl.persistence.DbConnection.open(DbConnection.java:38)
	at pucrs.gcs.cdl.persistence.DbConnection.queryInsert(DbConnection.java:185)
	at pucrs.gcs.cdl.persistence.DbConnection.createTable(DbConnection.java:53)
	at pucrs.gcs.cdl.persistence.DbConnection.open(DbConnection.java:38)
	at pucrs.gcs.cdl.persistence.DbConnection.queryInsert(DbConnection.java:185)
	at pucrs.gcs.cdl.persistence.DbConnection.createTable(DbConnection.java:53)
	at pucrs.gcs.cdl.persistence.DbConnection.open(DbConnection.java:38)
	at pucrs.gcs.cdl.persistence.DbConnection.queryInsert(DbConnection.java:185)
	at pucrs.gcs.cdl.persistence.DbConnection.createTable(DbConnection.java:53)
	at pucrs.gcs.cdl.persistence.DbConnection.open(DbConnection.java:38)
	at pucrs.gcs.cdl.persistence.DbConnection.queryInsert(DbConnection.java:185)
	at pucrs.gcs.cdl.persistence.DbConnection.createTable(DbConnection.java:53)
	at pucrs.gcs.cdl.persistence.DbConnection.open(DbConnection.java:38)
	at pucrs.gcs.cdl.persistence.DbConnection.queryInsert(DbConnection.java:185)
	at pucrs.gcs.cdl.persistence.DbConnection.createTable(DbConnection.java:53)
	at pucrs.gcs.cdl.persistence.DbConnection.open(DbConnection.java:38)
	at pucrs.gcs.cdl.persistence.DbConnection.queryInsert(DbConnection.java:185)
	at pucrs.gcs.cdl.persistence.DbConnection.createTable(DbConnection.java:53)
	at pucrs.gcs.cdl.persistence.DbConnection.open(DbConnection.java:38)
	at pucrs.gcs.cdl.persistence.DbConnection.queryInsert(DbConnection.java:185)
	at pucrs.gcs.cdl.persistence.DbConnection.createTable(DbConnection.java:53)
	at pucrs.gcs.cdl.persistence.DbConnection.open(DbConnection.java:38)
	at pucrs.gcs.cdl.persistence.DbConnection.queryInsert(DbConnection.java:185)
	at pucrs.gcs.cdl.persistence.DbConnection.createTable(DbConnection.java:53)
	at pucrs.gcs.cdl.persistence.DbConnection.open(DbConnection.java:38)
	at pucrs.gcs.cdl.persistence.DbConnection.queryInsert(DbConnection.java:185)
	at pucrs.gcs.cdl.persistence.DbConnection.createTable(DbConnection.java:53)
	at pucrs.gcs.cdl.persistence.DbConnection.open(DbConnection.java:38)
	at pucrs.gcs.cdl.persistence.DbConnection.queryInsert(DbConnection.java:185)
	at pucrs.gcs.cdl.persistence.DbConnection.createTable(DbConnection.java:53)
	at pucrs.gcs.cdl.persistence.DbConnection.open(DbConnection.java:38)
	at pucrs.gcs.cdl.persistence.DbConnection.queryInsert(DbConnection.java:185)
	at pucrs.gcs.cdl.persistence.DbConnection.createTable(DbConnection.java:53)
	at pucrs.gcs.cdl.persistence.DbConnection.open(DbConnection.java:38)
	at pucrs.gcs.cdl.persistence.DbConnection.queryInsert(DbConnection.java:185)
	at pucrs.gcs.cdl.persistence.DbConnection.createTable(DbConnection.java:53)
	at pucrs.gcs.cdl.persistence.DbConnection.open(DbConnection.java:38)
	at pucrs.gcs.cdl.persistence.DbConnection.queryInsert(DbConnection.java:185)
	at pucrs.gcs.cdl.persistence.DbConnection.createTable(DbConnection.java:53)
	at pucrs.gcs.cdl.persistence.DbConnection.open(DbConnection.java:38)
	at pucrs.gcs.cdl.persistence.DbConnection.queryInsert(DbConnection.java:185)
	at pucrs.gcs.cdl.persistence.DbConnection.createTable(DbConnection.java:53)
	at pucrs.gcs.cdl.persistence.DbConnection.open(DbConnection.java:38)
	at pucrs.gcs.cdl.persistence.DbConnection.queryInsert(DbConnection.java:185)
	at pucrs.gcs.cdl.persistence.DbConnection.createTable(DbConnection.java:53)
	at pucrs.gcs.cdl.persistence.DbConnection.open(DbConnection.java:38)
	at pucrs.gcs.cdl.persistence.DbConnection.queryInsert(DbConnection.java:185)
	at pucrs.gcs.cdl.persistence.DbConnection.createTable(DbConnection.java:53)
	at pucrs.gcs.cdl.persistence.DbConnection.open(DbConnection.java:38)
	at pucrs.gcs.cdl.persistence.DbConnection.queryInsert(DbConnection.java:185)
	at pucrs.gcs.cdl.persistence.DbConnection.createTable(DbConnection.java:53)
	at pucrs.gcs.cdl.persistence.DbConnection.open(DbConnection.java:38)
	at pucrs.gcs.cdl.persistence.DbConnection.queryInsert(DbConnection.java:185)
	at pucrs.gcs.cdl.persistence.DbConnection.createTable(DbConnection.java:53)
	at pucrs.gcs.cdl.persistence.DbConnection.open(DbConnection.java:38)
	at pucrs.gcs.cdl.persistence.DbConnection.queryInsert(DbConnection.java:185)
	at pucrs.gcs.cdl.persistence.DbConnection.createTable(DbConnection.java:53)
	at pucrs.gcs.cdl.persistence.DbConnection.open(DbConnection.java:38)
	at pucrs.gcs.cdl.persistence.DbConnection.queryInsert(DbConnection.java:185)
	at pucrs.gcs.cdl.persistence.DbConnection.createTable(DbConnection.java:53)
	at pucrs.gcs.cdl.persistence.DbConnection.open(DbConnection.java:38)
	at pucrs.gcs.cdl.persistence.DbConnection.queryInsert(DbConnection.java:185)
	at pucrs.gcs.cdl.persistence.DbConnection.createTable(DbConnection.java:53)
	at pucrs.gcs.cdl.persistence.DbConnection.open(DbConnection.java:38)
	at pucrs.gcs.cdl.persistence.DbConnection.queryInsert(DbConnection.java:185)
	at pucrs.gcs.cdl.persistence.DbConnection.createTable(DbConnection.java:53)
	at pucrs.gcs.cdl.persistence.DbConnection.open(DbConnection.java:38)
	at pucrs.gcs.cdl.persistence.DbConnection.queryInsert(DbConnection.java:185)
	at pucrs.gcs.cdl.persistence.DbConnection.createTable(DbConnection.java:53)
	at pucrs.gcs.cdl.persistence.DbConnection.open(DbConnection.java:38)
	at pucrs.gcs.cdl.persistence.DbConnection.queryInsert(DbConnection.java:185)
	at pucrs.gcs.cdl.persistence.DbConnection.createTable(DbConnection.java:53)
	at pucrs.gcs.cdl.persistence.DbConnection.open(DbConnection.java:38)
	at pucrs.gcs.cdl.persistence.DbConnection.queryInsert(DbConnection.java:185)
	at pucrs.gcs.cdl.persistence.DbConnection.createTable(DbConnection.java:53)
	at pucrs.gcs.cdl.persistence.DbConnection.open(DbConnection.java:38)
	at pucrs.gcs.cdl.persistence.DbConnection.queryInsert(DbConnection.java:185)
	at pucrs.gcs.cdl.persistence.DbConnection.createTable(DbConnection.java:53)
	at pucrs.gcs.cdl.persistence.DbConnection.open(DbConnection.java:38)
	at pucrs.gcs.cdl.persistence.DbConnection.queryInsert(DbConnection.java:185)
	at pucrs.gcs.cdl.persistence.DbConnection.createTable(DbConnection.java:53)
	at pucrs.gcs.cdl.persistence.DbConnection.open(DbConnection.java:38)
	at pucrs.gcs.cdl.persistence.DbConnection.queryInsert(DbConnection.java:185)
	at pucrs.gcs.cdl.persistence.DbConnection.createTable(DbConnection.java:53)
	at pucrs.gcs.cdl.persistence.DbConnection.open(DbConnection.java:38)
	at pucrs.gcs.cdl.persistence.DbConnection.queryInsert(DbConnection.java:185)
	at pucrs.gcs.cdl.persistence.DbConnection.createTable(DbConnection.java:53)
	at pucrs.gcs.cdl.persistence.DbConnection.open(DbConnection.java:38)
	at pucrs.gcs.cdl.persistence.DbConnection.queryInsert(DbConnection.java:185)
	at pucrs.gcs.cdl.persistence.DbConnection.createTable(DbConnection.java:53)
	at pucrs.gcs.cdl.persistence.DbConnection.open(DbConnection.java:38)
	at pucrs.gcs.cdl.persistence.DbConnection.queryInsert(DbConnection.java:185)
	at pucrs.gcs.cdl.persistence.DbConnection.createTable(DbConnection.java:53)
	at pucrs.gcs.cdl.persistence.DbConnection.open(DbConnection.java:38)
	at pucrs.gcs.cdl.persistence.DbConnection.queryInsert(DbConnection.java:185)
	at pucrs.gcs.cdl.persistence.DbConnection.createTable(DbConnection.java:53)
	at pucrs.gcs.cdl.persistence.DbConnection.open(DbConnection.java:38)
	at pucrs.gcs.cdl.persistence.DbConnection.queryInsert(DbConnection.java:185)
	at pucrs.gcs.cdl.persistence.DbConnection.createTable(DbConnection.java:53)
	at pucrs.gcs.cdl.persistence.DbConnection.open(DbConnection.java:38)
	at pucrs.gcs.cdl.persistence.DbConnection.queryInsert(DbConnection.java:185)
	at pucrs.gcs.cdl.persistence.DbConnection.createTable(DbConnection.java:53)
	at pucrs.gcs.cdl.persistence.DbConnection.open(DbConnection.java:38)
	at pucrs.gcs.cdl.persistence.DbConnection.queryInsert(DbConnection.java:185)
	at pucrs.gcs.cdl.persistence.DbConnection.createTable(DbConnection.java:53)
	at pucrs.gcs.cdl.persistence.DbConnection.open(DbConnection.java:38)
	at pucrs.gcs.cdl.persistence.DbConnection.queryInsert(DbConnection.java:185)
	at pucrs.gcs.cdl.persistence.DbConnection.createTable(DbConnection.java:53)
	at pucrs.gcs.cdl.persistence.DbConnection.open(DbConnection.java:38)
	at pucrs.gcs.cdl.persistence.DbConnection.queryInsert(DbConnection.java:185)
	at pucrs.gcs.cdl.persistence.DbConnection.createTable(DbConnection.java:53)
	at pucrs.gcs.cdl.persistence.DbConnection.open(DbConnection.java:38)
	at pucrs.gcs.cdl.persistence.DbConnection.queryInsert(DbConnection.java:185)
	at pucrs.gcs.cdl.persistence.DbConnection.createTable(DbConnection.java:53)
	at pucrs.gcs.cdl.persistence.DbConnection.open(DbConnection.java:38)
	at pucrs.gcs.cdl.persistence.DbConnection.queryInsert(DbConnection.java:185)
	at pucrs.gcs.cdl.persistence.DbConnection.createTable(DbConnection.java:53)
	at pucrs.gcs.cdl.persistence.DbConnection.open(DbConnection.java:38)
	at pucrs.gcs.cdl.persistence.DbConnection.queryInsert(DbConnection.java:185)
	at pucrs.gcs.cdl.persistence.DbConnection.createTable(DbConnection.java:53)
	at pucrs.gcs.cdl.persistence.DbConnection.open(DbConnection.java:38)
	at pucrs.gcs.cdl.persistence.DbConnection.queryInsert(DbConnection.java:185)
	at pucrs.gcs.cdl.persistence.DbConnection.createTable(DbConnection.java:53)
	at pucrs.gcs.cdl.persistence.DbConnection.open(DbConnection.java:38)
	at pucrs.gcs.cdl.persistence.DbConnection.queryInsert(DbConnection.java:185)
	at pucrs.gcs.cdl.persistence.DbConnection.createTable(DbConnection.java:53)
	at pucrs.gcs.cdl.persistence.DbConnection.open(DbConnection.java:38)
	at pucrs.gcs.cdl.persistence.DbConnection.queryInsert(DbConnection.java:185)
	at pucrs.gcs.cdl.persistence.DbConnection.createTable(DbConnection.java:53)
	at pucrs.gcs.cdl.persistence.DbConnection.open(DbConnection.java:38)
	at pucrs.gcs.cdl.persistence.DbConnection.queryInsert(DbConnection.java:185)
	at pucrs.gcs.cdl.persistence.DbConnection.createTable(DbConnection.java:53)
	at pucrs.gcs.cdl.persistence.DbConnection.open(DbConnection.java:38)
	at pucrs.gcs.cdl.persistence.DbConnection.queryInsert(DbConnection.java:185)
	at pucrs.gcs.cdl.persistence.DbConnection.createTable(DbConnection.java:53)
	at pucrs.gcs.cdl.persistence.DbConnection.open(DbConnection.java:38)
	at pucrs.gcs.cdl.persistence.DbConnection.queryInsert(DbConnection.java:185)
	at pucrs.gcs.cdl.persistence.DbConnection.createTable(DbConnection.java:53)
	at pucrs.gcs.cdl.persistence.DbConnection.open(DbConnection.java:38)
	at pucrs.gcs.cdl.persistence.DbConnection.queryInsert(DbConnection.java:185)
	at pucrs.gcs.cdl.persistence.DbConnection.createTable(DbConnection.java:53)
	at pucrs.gcs.cdl.persistence.DbConnection.open(DbConnection.java:38)
	at pucrs.gcs.cdl.persistence.DbConnection.queryInsert(DbConnection.java:185)
	at pucrs.gcs.cdl.persistence.DbConnection.createTable(DbConnection.java:53)
	at pucrs.gcs.cdl.persistence.DbConnection.open(DbConnection.java:38)
	at pucrs.gcs.cdl.persistence.DbConnection.queryInsert(DbConnection.java:185)
	at pucrs.gcs.cdl.persistence.DbConnection.createTable(DbConnection.java:53)
	at pucrs.gcs.cdl.persistence.DbConnection.open(DbConnection.java:38)
	at pucrs.gcs.cdl.persistence.DbConnection.queryInsert(DbConnection.java:185)
	at pucrs.gcs.cdl.persistence.DbConnection.createTable(DbConnection.java:53)
	at pucrs.gcs.cdl.persistence.DbConnection.open(DbConnection.java:38)
	at pucrs.gcs.cdl.persistence.DbConnection.queryInsert(DbConnection.java:185)
	at pucrs.gcs.cdl.persistence.DbConnection.createTable(DbConnection.java:53)
	at pucrs.gcs.cdl.persistence.DbConnection.open(DbConnection.java:38)
	at pucrs.gcs.cdl.persistence.DbConnection.queryInsert(DbConnection.java:185)
	at pucrs.gcs.cdl.persistence.DbConnection.createTable(DbConnection.java:53)
	at pucrs.gcs.cdl.persistence.DbConnection.open(DbConnection.java:38)
	at pucrs.gcs.cdl.persistence.DbConnection.queryInsert(DbConnection.java:185)
	at pucrs.gcs.cdl.persistence.DbConnection.createTable(DbConnection.java:53)
	at pucrs.gcs.cdl.persistence.DbConnection.open(DbConnection.java:38)
	at pucrs.gcs.cdl.persistence.DbConnection.queryInsert(DbConnection.java:185)
	at pucrs.gcs.cdl.persistence.DbConnection.createTable(DbConnection.java:53)
	at pucrs.gcs.cdl.persistence.DbConnection.open(DbConnection.java:38)
	at pucrs.gcs.cdl.persistence.DbConnection.queryInsert(DbConnection.java:185)
	at pucrs.gcs.cdl.persistence.DbConnection.createTable(DbConnection.java:53)
	at pucrs.gcs.cdl.persistence.DbConnection.open(DbConnection.java:38)
	at pucrs.gcs.cdl.persistence.DbConnection.queryInsert(DbConnection.java:185)
	at pucrs.gcs.cdl.persistence.DbConnection.createTable(DbConnection.java:53)
	at pucrs.gcs.cdl.persistence.DbConnection.open(DbConnection.java:38)
	at pucrs.gcs.cdl.persistence.DbConnection.queryInsert(DbConnection.java:185)
	at pucrs.gcs.cdl.persistence.DbConnection.createTable(DbConnection.java:53)
	at pucrs.gcs.cdl.persistence.DbConnection.open(DbConnection.java:38)
	at pucrs.gcs.cdl.persistence.DbConnection.queryInsert(DbConnection.java:185)
	at pucrs.gcs.cdl.persistence.DbConnection.createTable(DbConnection.java:53)
	at pucrs.gcs.cdl.persistence.DbConnection.open(DbConnection.java:38)
	at pucrs.gcs.cdl.persistence.DbConnection.queryInsert(DbConnection.java:185)
	at pucrs.gcs.cdl.persistence.DbConnection.createTable(DbConnection.java:53)
	at pucrs.gcs.cdl.persistence.DbConnection.open(DbConnection.java:38)
	at pucrs.gcs.cdl.persistence.DbConnection.queryInsert(DbConnection.java:185)
	at pucrs.gcs.cdl.persistence.DbConnection.createTable(DbConnection.java:53)
	at pucrs.gcs.cdl.persistence.DbConnection.open(DbConnection.java:38)
	at pucrs.gcs.cdl.persistence.DbConnection.queryInsert(DbConnection.java:185)
	at pucrs.gcs.cdl.persistence.DbConnection.createTable(DbConnection.java:53)
	at pucrs.gcs.cdl.persistence.DbConnection.open(DbConnection.java:38)
	at pucrs.gcs.cdl.persistence.DbConnection.queryInsert(DbConnection.java:185)
	at pucrs.gcs.cdl.persistence.DbConnection.createTable(DbConnection.java:53)
	at pucrs.gcs.cdl.persistence.DbConnection.open(DbConnection.java:38)
	at pucrs.gcs.cdl.persistence.DbConnection.queryInsert(DbConnection.java:185)
	at pucrs.gcs.cdl.persistence.DbConnection.createTable(DbConnection.java:53)
	at pucrs.gcs.cdl.persistence.DbConnection.open(DbConnection.java:38)
	at pucrs.gcs.cdl.persistence.DbConnection.queryInsert(DbConnection.java:185)
	at pucrs.gcs.cdl.persistence.DbConnection.createTable(DbConnection.java:53)
	at pucrs.gcs.cdl.persistence.DbConnection.open(DbConnection.java:38)
	at pucrs.gcs.cdl.persistence.DbConnection.queryInsert(DbConnection.java:185)
	at pucrs.gcs.cdl.persistence.DbConnection.createTable(DbConnection.java:53)
	at pucrs.gcs.cdl.persistence.DbConnection.open(DbConnection.java:38)
	at pucrs.gcs.cdl.persistence.DbConnection.queryInsert(DbConnection.java:185)
	at pucrs.gcs.cdl.persistence.DbConnection.createTable(DbConnection.java:53)
	at pucrs.gcs.cdl.persistence.DbConnection.open(DbConnection.java:38)
	at pucrs.gcs.cdl.persistence.DbConnection.queryInsert(DbConnection.java:185)
	at pucrs.gcs.cdl.persistence.DbConnection.createTable(DbConnection.java:53)
	at pucrs.gcs.cdl.persistence.DbConnection.open(DbConnection.java:38)
	at pucrs.gcs.cdl.persistence.DbConnection.queryInsert(DbConnection.java:185)
	at pucrs.gcs.cdl.persistence.DbConnection.createTable(DbConnection.java:53)
	at pucrs.gcs.cdl.persistence.DbConnection.open(DbConnection.java:38)
	at pucrs.gcs.cdl.persistence.DbConnection.queryInsert(DbConnection.java:185)
	at pucrs.gcs.cdl.persistence.DbConnection.createTable(DbConnection.java:53)
	at pucrs.gcs.cdl.persistence.DbConnection.open(DbConnection.java:38)
	at pucrs.gcs.cdl.persistence.DbConnection.queryInsert(DbConnection.java:185)
	at pucrs.gcs.cdl.persistence.DbConnection.createTable(DbConnection.java:53)
	at pucrs.gcs.cdl.persistence.DbConnection.open(DbConnection.java:38)
	at pucrs.gcs.cdl.persistence.DbConnection.queryInsert(DbConnection.java:185)
	at pucrs.gcs.cdl.persistence.DbConnection.createTable(DbConnection.java:53)
	at pucrs.gcs.cdl.persistence.DbConnection.open(DbConnection.java:38)
	at pucrs.gcs.cdl.persistence.DbConnection.queryInsert(DbConnection.java:185)
	at pucrs.gcs.cdl.persistence.DbConnection.createTable(DbConnection.java:53)
	at pucrs.gcs.cdl.persistence.DbConnection.open(DbConnection.java:38)
	at pucrs.gcs.cdl.persistence.DbConnection.queryInsert(DbConnection.java:185)
	at pucrs.gcs.cdl.persistence.DbConnection.createTable(DbConnection.java:53)
	at pucrs.gcs.cdl.persistence.DbConnection.open(DbConnection.java:38)
	at pucrs.gcs.cdl.persistence.DbConnection.queryInsert(DbConnection.java:185)
	at pucrs.gcs.cdl.persistence.DbConnection.createTable(DbConnection.java:53)
	at pucrs.gcs.cdl.persistence.DbConnection.open(DbConnection.java:38)
	at pucrs.gcs.cdl.persistence.DbConnection.queryInsert(DbConnection.java:185)
	at pucrs.gcs.cdl.persistence.DbConnection.createTable(DbConnection.java:53)
	at pucrs.gcs.cdl.persistence.DbConnection.open(DbConnection.java:38)
	at pucrs.gcs.cdl.persistence.DbConnection.queryInsert(DbConnection.java:185)
	at pucrs.gcs.cdl.persistence.DbConnection.createTable(DbConnection.java:53)
	at pucrs.gcs.cdl.persistence.DbConnection.open(DbConnection.java:38)
	at pucrs.gcs.cdl.persistence.DbConnection.queryInsert(DbConnection.java:185)
	at pucrs.gcs.cdl.persistence.DbConnection.createTable(DbConnection.java:53)
	at pucrs.gcs.cdl.persistence.DbConnection.open(DbConnection.java:38)
	at pucrs.gcs.cdl.persistence.DbConnection.queryInsert(DbConnection.java:185)
	at pucrs.gcs.cdl.persistence.DbConnection.createTable(DbConnection.java:53)
	at pucrs.gcs.cdl.persistence.DbConnection.open(DbConnection.java:38)
	at pucrs.gcs.cdl.persistence.DbConnection.queryInsert(DbConnection.java:185)
	at pucrs.gcs.cdl.persistence.DbConnection.createTable(DbConnection.java:53)
	at pucrs.gcs.cdl.persistence.DbConnection.open(DbConnection.java:38)
	at pucrs.gcs.cdl.persistence.DbConnection.queryInsert(DbConnection.java:185)
	at pucrs.gcs.cdl.persistence.DbConnection.createTable(DbConnection.java:53)
	at pucrs.gcs.cdl.persistence.DbConnection.open(DbConnection.java:38)
	at pucrs.gcs.cdl.persistence.DbConnection.queryInsert(DbConnection.java:185)
	at pucrs.gcs.cdl.persistence.DbConnection.createTable(DbConnection.java:53)
	at pucrs.gcs.cdl.persistence.DbConnection.open(DbConnection.java:38)
	at pucrs.gcs.cdl.persistence.DbConnection.queryInsert(DbConnection.java:185)
	at pucrs.gcs.cdl.persistence.DbConnection.createTable(DbConnection.java:53)
	at pucrs.gcs.cdl.persistence.DbConnection.open(DbConnection.java:38)
	at pucrs.gcs.cdl.persistence.DbConnection.queryInsert(DbConnection.java:185)
	at pucrs.gcs.cdl.persistence.DbConnection.createTable(DbConnection.java:53)
	at pucrs.gcs.cdl.persistence.DbConnection.open(DbConnection.java:38)
	at pucrs.gcs.cdl.persistence.DbConnection.queryInsert(DbConnection.java:185)
	at pucrs.gcs.cdl.persistence.DbConnection.createTable(DbConnection.java:53)
	at pucrs.gcs.cdl.persistence.DbConnection.open(DbConnection.java:38)
	at pucrs.gcs.cdl.persistence.DbConnection.queryInsert(DbConnection.java:185)
	at pucrs.gcs.cdl.persistence.DbConnection.createTable(DbConnection.java:53)
	at pucrs.gcs.cdl.persistence.DbConnection.open(DbConnection.java:38)
	at pucrs.gcs.cdl.persistence.DbConnection.queryInsert(DbConnection.java:185)
	at pucrs.gcs.cdl.persistence.DbConnection.createTable(DbConnection.java:53)
	at pucrs.gcs.cdl.persistence.DbConnection.open(DbConnection.java:38)
	at pucrs.gcs.cdl.persistence.DbConnection.queryInsert(DbConnection.java:185)
	at pucrs.gcs.cdl.persistence.DbConnection.createTable(DbConnection.java:53)
	at pucrs.gcs.cdl.persistence.DbConnection.open(DbConnection.java:38)
	at pucrs.gcs.cdl.persistence.DbConnection.queryInsert(DbConnection.java:185)
	at pucrs.gcs.cdl.persistence.DbConnection.createTable(DbConnection.java:53)
	at pucrs.gcs.cdl.persistence.DbConnection.open(DbConnection.java:38)
	at pucrs.gcs.cdl.persistence.DbConnection.queryInsert(DbConnection.java:185)
	at pucrs.gcs.cdl.persistence.DbConnection.createTable(DbConnection.java:53)
	at pucrs.gcs.cdl.persistence.DbConnection.open(DbConnection.java:38)
	at pucrs.gcs.cdl.persistence.DbConnection.queryInsert(DbConnection.java:185)
	at pucrs.gcs.cdl.persistence.DbConnection.createTable(DbConnection.java:53)
	at pucrs.gcs.cdl.persistence.DbConnection.open(DbConnection.java:38)
	at pucrs.gcs.cdl.persistence.DbConnection.queryInsert(DbConnection.java:185)
	at pucrs.gcs.cdl.persistence.DbConnection.createTable(DbConnection.java:53)
	at pucrs.gcs.cdl.persistence.DbConnection.open(DbConnection.java:38)
	at pucrs.gcs.cdl.persistence.DbConnection.queryInsert(DbConnection.java:185)
	at pucrs.gcs.cdl.persistence.DbConnection.createTable(DbConnection.java:53)
	at pucrs.gcs.cdl.persistence.DbConnection.open(DbConnection.java:38)
	at pucrs.gcs.cdl.persistence.DbConnection.queryInsert(DbConnection.java:185)
	at pucrs.gcs.cdl.persistence.DbConnection.createTable(DbConnection.java:53)
	at pucrs.gcs.cdl.persistence.DbConnection.open(DbConnection.java:38)
	at pucrs.gcs.cdl.persistence.DbConnection.queryInsert(DbConnection.java:185)
	at pucrs.gcs.cdl.persistence.DbConnection.createTable(DbConnection.java:53)
	at pucrs.gcs.cdl.persistence.DbConnection.open(DbConnection.java:38)
	at pucrs.gcs.cdl.persistence.DbConnection.queryInsert(DbConnection.java:185)
	at pucrs.gcs.cdl.persistence.DbConnection.createTable(DbConnection.java:53)
	at pucrs.gcs.cdl.persistence.DbConnection.open(DbConnection.java:38)
	at pucrs.gcs.cdl.persistence.DbConnection.queryInsert(DbConnection.java:185)
	at pucrs.gcs.cdl.persistence.DbConnection.createTable(DbConnection.java:53)
	at pucrs.gcs.cdl.persistence.DbConnection.open(DbConnection.java:38)
	at pucrs.gcs.cdl.persistence.DbConnection.queryInsert(DbConnection.java:185)
	at pucrs.gcs.cdl.persistence.DbConnection.createTable(DbConnection.java:53)
	at pucrs.gcs.cdl.persistence.DbConnection.open(DbConnection.java:38)
	at pucrs.gcs.cdl.persistence.DbConnection.queryInsert(DbConnection.java:185)
	at pucrs.gcs.cdl.persistence.DbConnection.createTable(DbConnection.java:53)
	at pucrs.gcs.cdl.persistence.DbConnection.open(DbConnection.java:38)
	at pucrs.gcs.cdl.persistence.DbConnection.queryInsert(DbConnection.java:185)
	at pucrs.gcs.cdl.persistence.DbConnection.createTable(DbConnection.java:53)
	at pucrs.gcs.cdl.persistence.DbConnection.open(DbConnection.java:38)
	at pucrs.gcs.cdl.persistence.DbConnection.queryInsert(DbConnection.java:185)
	at pucrs.gcs.cdl.persistence.DbConnection.createTable(DbConnection.java:53)
	at pucrs.gcs.cdl.persistence.DbConnection.open(DbConnection.java:38)
	at pucrs.gcs.cdl.persistence.DbConnection.queryInsert(DbConnection.java:185)
	at pucrs.gcs.cdl.persistence.DbConnection.createTable(DbConnection.java:53)
	at pucrs.gcs.cdl.persistence.DbConnection.open(DbConnection.java:38)
	at pucrs.gcs.cdl.persistence.DbConnection.queryInsert(DbConnection.java:185)
</error>
  </testcase>
  <testcase classname="BarControllerTest" name="clienteSai" time="4.806">
    <error type="java.lang.StackOverflowError">java.lang.StackOverflowError
	at org.h2.command.Parser.getSaveTokenType(Parser.java:4185)
	at org.h2.command.Parser.getTokenType(Parser.java:4173)
	at org.h2.command.Parser.read(Parser.java:3614)
	at org.h2.command.Parser.readTerm(Parser.java:3093)
	at org.h2.command.Parser.readFactor(Parser.java:2587)
	at org.h2.command.Parser.readSum(Parser.java:2574)
	at org.h2.command.Parser.readConcat(Parser.java:2544)
	at org.h2.command.Parser.readCondition(Parser.java:2370)
	at org.h2.command.Parser.readAnd(Parser.java:2342)
	at org.h2.command.Parser.readExpression(Parser.java:2334)
	at org.h2.command.Parser.readTerm(Parser.java:3252)
	at org.h2.command.Parser.readFactor(Parser.java:2587)
	at org.h2.command.Parser.readSum(Parser.java:2574)
	at org.h2.command.Parser.readConcat(Parser.java:2544)
	at org.h2.command.Parser.readCondition(Parser.java:2370)
	at org.h2.command.Parser.readAnd(Parser.java:2342)
	at org.h2.command.Parser.readExpression(Parser.java:2334)
	at org.h2.command.Parser.readTerm(Parser.java:3252)
	at org.h2.command.Parser.readFactor(Parser.java:2587)
	at org.h2.command.Parser.readSum(Parser.java:2574)
	at org.h2.command.Parser.readConcat(Parser.java:2544)
	at org.h2.command.Parser.readCondition(Parser.java:2370)
	at org.h2.command.Parser.readAnd(Parser.java:2342)
	at org.h2.command.Parser.readExpression(Parser.java:2334)
	at org.h2.command.Parser.readTerm(Parser.java:3252)
	at org.h2.command.Parser.readFactor(Parser.java:2587)
	at org.h2.command.Parser.readSum(Parser.java:2574)
	at org.h2.command.Parser.readConcat(Parser.java:2544)
	at org.h2.command.Parser.readCondition(Parser.java:2370)
	at org.h2.command.Parser.readAnd(Parser.java:2342)
	at org.h2.command.Parser.readExpression(Parser.java:2334)
	at org.h2.command.Parser.parseSelectSimple(Parser.java:2291)
	at org.h2.command.Parser.parseSelectSub(Parser.java:2133)
	at org.h2.command.Parser.parseSelectUnion(Parser.java:1946)
	at org.h2.command.Parser.parseSelectSub(Parser.java:2117)
	at org.h2.command.Parser.parseSelectUnionExtension(Parser.java:1961)
	at org.h2.command.Parser.parseSelectUnion(Parser.java:1947)
	at org.h2.command.Parser.parseSelect(Parser.java:1919)
	at org.h2.command.Parser.parsePrepared(Parser.java:357)
	at org.h2.command.Parser.parse(Parser.java:335)
	at org.h2.command.Parser.parse(Parser.java:307)
	at org.h2.command.Parser.prepare(Parser.java:262)
	at org.h2.engine.Session.prepare(Session.java:576)
	at org.h2.table.TableView.compileViewQuery(TableView.java:120)
	at org.h2.table.TableView.initColumnsAndTables(TableView.java:172)
	at org.h2.table.TableView.init(TableView.java:113)
	at org.h2.table.TableView.&lt;init&gt;(TableView.java:70)
	at org.h2.table.TableView.createTempView(TableView.java:559)
	at org.h2.command.Parser.readTableFilter(Parser.java:1367)
	at org.h2.command.Parser.parseSelectSimpleFromPart(Parser.java:2138)
	at org.h2.command.Parser.parseSelectSimple(Parser.java:2287)
	at org.h2.command.Parser.parseSelectSub(Parser.java:2133)
	at org.h2.command.Parser.parseSelectUnion(Parser.java:1946)
	at org.h2.command.Parser.parseSelect(Parser.java:1919)
	at org.h2.command.Parser.parsePrepared(Parser.java:463)
	at org.h2.command.Parser.parse(Parser.java:335)
	at org.h2.command.Parser.parse(Parser.java:307)
	at org.h2.command.Parser.prepareCommand(Parser.java:278)
	at org.h2.engine.Session.prepareLocal(Session.java:611)
	at org.h2.engine.Session.prepareCommand(Session.java:549)
	at org.h2.jdbc.JdbcConnection.prepareCommand(JdbcConnection.java:1247)
	at org.h2.jdbc.JdbcPreparedStatement.&lt;init&gt;(JdbcPreparedStatement.java:76)
	at org.h2.jdbc.JdbcConnection.prepareAutoCloseStatement(JdbcConnection.java:330)
	at org.h2.jdbc.JdbcDatabaseMetaData.getTables(JdbcDatabaseMetaData.java:195)
	at pucrs.gcs.cdl.persistence.DbConnection.tableExists(DbConnection.java:48)
	at pucrs.gcs.cdl.persistence.DbConnection.open(DbConnection.java:37)
	at pucrs.gcs.cdl.persistence.DbConnection.queryInsert(DbConnection.java:185)
	at pucrs.gcs.cdl.persistence.DbConnection.createTable(DbConnection.java:53)
	at pucrs.gcs.cdl.persistence.DbConnection.open(DbConnection.java:38)
	at pucrs.gcs.cdl.persistence.DbConnection.queryInsert(DbConnection.java:185)
	at pucrs.gcs.cdl.persistence.DbConnection.createTable(DbConnection.java:53)
	at pucrs.gcs.cdl.persistence.DbConnection.open(DbConnection.java:38)
	at pucrs.gcs.cdl.persistence.DbConnection.queryInsert(DbConnection.java:185)
	at pucrs.gcs.cdl.persistence.DbConnection.createTable(DbConnection.java:53)
	at pucrs.gcs.cdl.persistence.DbConnection.open(DbConnection.java:38)
	at pucrs.gcs.cdl.persistence.DbConnection.queryInsert(DbConnection.java:185)
	at pucrs.gcs.cdl.persistence.DbConnection.createTable(DbConnection.java:53)
	at pucrs.gcs.cdl.persistence.DbConnection.open(DbConnection.java:38)
	at pucrs.gcs.cdl.persistence.DbConnection.queryInsert(DbConnection.java:185)
	at pucrs.gcs.cdl.persistence.DbConnection.createTable(DbConnection.java:53)
	at pucrs.gcs.cdl.persistence.DbConnection.open(DbConnection.java:38)
	at pucrs.gcs.cdl.persistence.DbConnection.queryInsert(DbConnection.java:185)
	at pucrs.gcs.cdl.persistence.DbConnection.createTable(DbConnection.java:53)
	at pucrs.gcs.cdl.persistence.DbConnection.open(DbConnection.java:38)
	at pucrs.gcs.cdl.persistence.DbConnection.queryInsert(DbConnection.java:185)
	at pucrs.gcs.cdl.persistence.DbConnection.createTable(DbConnection.java:53)
	at pucrs.gcs.cdl.persistence.DbConnection.open(DbConnection.java:38)
	at pucrs.gcs.cdl.persistence.DbConnection.queryInsert(DbConnection.java:185)
	at pucrs.gcs.cdl.persistence.DbConnection.createTable(DbConnection.java:53)
	at pucrs.gcs.cdl.persistence.DbConnection.open(DbConnection.java:38)
	at pucrs.gcs.cdl.persistence.DbConnection.queryInsert(DbConnection.java:185)
	at pucrs.gcs.cdl.persistence.DbConnection.createTable(DbConnection.java:53)
	at pucrs.gcs.cdl.persistence.DbConnection.open(DbConnection.java:38)
	at pucrs.gcs.cdl.persistence.DbConnection.queryInsert(DbConnection.java:185)
	at pucrs.gcs.cdl.persistence.DbConnection.createTable(DbConnection.java:53)
	at pucrs.gcs.cdl.persistence.DbConnection.open(DbConnection.java:38)
	at pucrs.gcs.cdl.persistence.DbConnection.queryInsert(DbConnection.java:185)
	at pucrs.gcs.cdl.persistence.DbConnection.createTable(DbConnection.java:53)
	at pucrs.gcs.cdl.persistence.DbConnection.open(DbConnection.java:38)
	at pucrs.gcs.cdl.persistence.DbConnection.queryInsert(DbConnection.java:185)
	at pucrs.gcs.cdl.persistence.DbConnection.createTable(DbConnection.java:53)
	at pucrs.gcs.cdl.persistence.DbConnection.open(DbConnection.java:38)
	at pucrs.gcs.cdl.persistence.DbConnection.queryInsert(DbConnection.java:185)
	at pucrs.gcs.cdl.persistence.DbConnection.createTable(DbConnection.java:53)
	at pucrs.gcs.cdl.persistence.DbConnection.open(DbConnection.java:38)
	at pucrs.gcs.cdl.persistence.DbConnection.queryInsert(DbConnection.java:185)
	at pucrs.gcs.cdl.persistence.DbConnection.createTable(DbConnection.java:53)
	at pucrs.gcs.cdl.persistence.DbConnection.open(DbConnection.java:38)
	at pucrs.gcs.cdl.persistence.DbConnection.queryInsert(DbConnection.java:185)
	at pucrs.gcs.cdl.persistence.DbConnection.createTable(DbConnection.java:53)
	at pucrs.gcs.cdl.persistence.DbConnection.open(DbConnection.java:38)
	at pucrs.gcs.cdl.persistence.DbConnection.queryInsert(DbConnection.java:185)
	at pucrs.gcs.cdl.persistence.DbConnection.createTable(DbConnection.java:53)
	at pucrs.gcs.cdl.persistence.DbConnection.open(DbConnection.java:38)
	at pucrs.gcs.cdl.persistence.DbConnection.queryInsert(DbConnection.java:185)
	at pucrs.gcs.cdl.persistence.DbConnection.createTable(DbConnection.java:53)
	at pucrs.gcs.cdl.persistence.DbConnection.open(DbConnection.java:38)
	at pucrs.gcs.cdl.persistence.DbConnection.queryInsert(DbConnection.java:185)
	at pucrs.gcs.cdl.persistence.DbConnection.createTable(DbConnection.java:53)
	at pucrs.gcs.cdl.persistence.DbConnection.open(DbConnection.java:38)
	at pucrs.gcs.cdl.persistence.DbConnection.queryInsert(DbConnection.java:185)
	at pucrs.gcs.cdl.persistence.DbConnection.createTable(DbConnection.java:53)
	at pucrs.gcs.cdl.persistence.DbConnection.open(DbConnection.java:38)
	at pucrs.gcs.cdl.persistence.DbConnection.queryInsert(DbConnection.java:185)
	at pucrs.gcs.cdl.persistence.DbConnection.createTable(DbConnection.java:53)
	at pucrs.gcs.cdl.persistence.DbConnection.open(DbConnection.java:38)
	at pucrs.gcs.cdl.persistence.DbConnection.queryInsert(DbConnection.java:185)
	at pucrs.gcs.cdl.persistence.DbConnection.createTable(DbConnection.java:53)
	at pucrs.gcs.cdl.persistence.DbConnection.open(DbConnection.java:38)
	at pucrs.gcs.cdl.persistence.DbConnection.queryInsert(DbConnection.java:185)
	at pucrs.gcs.cdl.persistence.DbConnection.createTable(DbConnection.java:53)
	at pucrs.gcs.cdl.persistence.DbConnection.open(DbConnection.java:38)
	at pucrs.gcs.cdl.persistence.DbConnection.queryInsert(DbConnection.java:185)
	at pucrs.gcs.cdl.persistence.DbConnection.createTable(DbConnection.java:53)
	at pucrs.gcs.cdl.persistence.DbConnection.open(DbConnection.java:38)
	at pucrs.gcs.cdl.persistence.DbConnection.queryInsert(DbConnection.java:185)
	at pucrs.gcs.cdl.persistence.DbConnection.createTable(DbConnection.java:53)
	at pucrs.gcs.cdl.persistence.DbConnection.open(DbConnection.java:38)
	at pucrs.gcs.cdl.persistence.DbConnection.queryInsert(DbConnection.java:185)
	at pucrs.gcs.cdl.persistence.DbConnection.createTable(DbConnection.java:53)
	at pucrs.gcs.cdl.persistence.DbConnection.open(DbConnection.java:38)
	at pucrs.gcs.cdl.persistence.DbConnection.queryInsert(DbConnection.java:185)
	at pucrs.gcs.cdl.persistence.DbConnection.createTable(DbConnection.java:53)
	at pucrs.gcs.cdl.persistence.DbConnection.open(DbConnection.java:38)
	at pucrs.gcs.cdl.persistence.DbConnection.queryInsert(DbConnection.java:185)
	at pucrs.gcs.cdl.persistence.DbConnection.createTable(DbConnection.java:53)
	at pucrs.gcs.cdl.persistence.DbConnection.open(DbConnection.java:38)
	at pucrs.gcs.cdl.persistence.DbConnection.queryInsert(DbConnection.java:185)
	at pucrs.gcs.cdl.persistence.DbConnection.createTable(DbConnection.java:53)
	at pucrs.gcs.cdl.persistence.DbConnection.open(DbConnection.java:38)
	at pucrs.gcs.cdl.persistence.DbConnection.queryInsert(DbConnection.java:185)
	at pucrs.gcs.cdl.persistence.DbConnection.createTable(DbConnection.java:53)
	at pucrs.gcs.cdl.persistence.DbConnection.open(DbConnection.java:38)
	at pucrs.gcs.cdl.persistence.DbConnection.queryInsert(DbConnection.java:185)
	at pucrs.gcs.cdl.persistence.DbConnection.createTable(DbConnection.java:53)
	at pucrs.gcs.cdl.persistence.DbConnection.open(DbConnection.java:38)
	at pucrs.gcs.cdl.persistence.DbConnection.queryInsert(DbConnection.java:185)
	at pucrs.gcs.cdl.persistence.DbConnection.createTable(DbConnection.java:53)
	at pucrs.gcs.cdl.persistence.DbConnection.open(DbConnection.java:38)
	at pucrs.gcs.cdl.persistence.DbConnection.queryInsert(DbConnection.java:185)
	at pucrs.gcs.cdl.persistence.DbConnection.createTable(DbConnection.java:53)
	at pucrs.gcs.cdl.persistence.DbConnection.open(DbConnection.java:38)
	at pucrs.gcs.cdl.persistence.DbConnection.queryInsert(DbConnection.java:185)
	at pucrs.gcs.cdl.persistence.DbConnection.createTable(DbConnection.java:53)
	at pucrs.gcs.cdl.persistence.DbConnection.open(DbConnection.java:38)
	at pucrs.gcs.cdl.persistence.DbConnection.queryInsert(DbConnection.java:185)
	at pucrs.gcs.cdl.persistence.DbConnection.createTable(DbConnection.java:53)
	at pucrs.gcs.cdl.persistence.DbConnection.open(DbConnection.java:38)
	at pucrs.gcs.cdl.persistence.DbConnection.queryInsert(DbConnection.java:185)
	at pucrs.gcs.cdl.persistence.DbConnection.createTable(DbConnection.java:53)
	at pucrs.gcs.cdl.persistence.DbConnection.open(DbConnection.java:38)
	at pucrs.gcs.cdl.persistence.DbConnection.queryInsert(DbConnection.java:185)
	at pucrs.gcs.cdl.persistence.DbConnection.createTable(DbConnection.java:53)
	at pucrs.gcs.cdl.persistence.DbConnection.open(DbConnection.java:38)
	at pucrs.gcs.cdl.persistence.DbConnection.queryInsert(DbConnection.java:185)
	at pucrs.gcs.cdl.persistence.DbConnection.createTable(DbConnection.java:53)
	at pucrs.gcs.cdl.persistence.DbConnection.open(DbConnection.java:38)
	at pucrs.gcs.cdl.persistence.DbConnection.queryInsert(DbConnection.java:185)
	at pucrs.gcs.cdl.persistence.DbConnection.createTable(DbConnection.java:53)
	at pucrs.gcs.cdl.persistence.DbConnection.open(DbConnection.java:38)
	at pucrs.gcs.cdl.persistence.DbConnection.queryInsert(DbConnection.java:185)
	at pucrs.gcs.cdl.persistence.DbConnection.createTable(DbConnection.java:53)
	at pucrs.gcs.cdl.persistence.DbConnection.open(DbConnection.java:38)
	at pucrs.gcs.cdl.persistence.DbConnection.queryInsert(DbConnection.java:185)
	at pucrs.gcs.cdl.persistence.DbConnection.createTable(DbConnection.java:53)
	at pucrs.gcs.cdl.persistence.DbConnection.open(DbConnection.java:38)
	at pucrs.gcs.cdl.persistence.DbConnection.queryInsert(DbConnection.java:185)
	at pucrs.gcs.cdl.persistence.DbConnection.createTable(DbConnection.java:53)
	at pucrs.gcs.cdl.persistence.DbConnection.open(DbConnection.java:38)
	at pucrs.gcs.cdl.persistence.DbConnection.queryInsert(DbConnection.java:185)
	at pucrs.gcs.cdl.persistence.DbConnection.createTable(DbConnection.java:53)
	at pucrs.gcs.cdl.persistence.DbConnection.open(DbConnection.java:38)
	at pucrs.gcs.cdl.persistence.DbConnection.queryInsert(DbConnection.java:185)
	at pucrs.gcs.cdl.persistence.DbConnection.createTable(DbConnection.java:53)
	at pucrs.gcs.cdl.persistence.DbConnection.open(DbConnection.java:38)
	at pucrs.gcs.cdl.persistence.DbConnection.queryInsert(DbConnection.java:185)
	at pucrs.gcs.cdl.persistence.DbConnection.createTable(DbConnection.java:53)
	at pucrs.gcs.cdl.persistence.DbConnection.open(DbConnection.java:38)
	at pucrs.gcs.cdl.persistence.DbConnection.queryInsert(DbConnection.java:185)
	at pucrs.gcs.cdl.persistence.DbConnection.createTable(DbConnection.java:53)
	at pucrs.gcs.cdl.persistence.DbConnection.open(DbConnection.java:38)
	at pucrs.gcs.cdl.persistence.DbConnection.queryInsert(DbConnection.java:185)
	at pucrs.gcs.cdl.persistence.DbConnection.createTable(DbConnection.java:53)
	at pucrs.gcs.cdl.persistence.DbConnection.open(DbConnection.java:38)
	at pucrs.gcs.cdl.persistence.DbConnection.queryInsert(DbConnection.java:185)
	at pucrs.gcs.cdl.persistence.DbConnection.createTable(DbConnection.java:53)
	at pucrs.gcs.cdl.persistence.DbConnection.open(DbConnection.java:38)
	at pucrs.gcs.cdl.persistence.DbConnection.queryInsert(DbConnection.java:185)
	at pucrs.gcs.cdl.persistence.DbConnection.createTable(DbConnection.java:53)
	at pucrs.gcs.cdl.persistence.DbConnection.open(DbConnection.java:38)
	at pucrs.gcs.cdl.persistence.DbConnection.queryInsert(DbConnection.java:185)
	at pucrs.gcs.cdl.persistence.DbConnection.createTable(DbConnection.java:53)
	at pucrs.gcs.cdl.persistence.DbConnection.open(DbConnection.java:38)
	at pucrs.gcs.cdl.persistence.DbConnection.queryInsert(DbConnection.java:185)
	at pucrs.gcs.cdl.persistence.DbConnection.createTable(DbConnection.java:53)
	at pucrs.gcs.cdl.persistence.DbConnection.open(DbConnection.java:38)
	at pucrs.gcs.cdl.persistence.DbConnection.queryInsert(DbConnection.java:185)
	at pucrs.gcs.cdl.persistence.DbConnection.createTable(DbConnection.java:53)
	at pucrs.gcs.cdl.persistence.DbConnection.open(DbConnection.java:38)
	at pucrs.gcs.cdl.persistence.DbConnection.queryInsert(DbConnection.java:185)
	at pucrs.gcs.cdl.persistence.DbConnection.createTable(DbConnection.java:53)
	at pucrs.gcs.cdl.persistence.DbConnection.open(DbConnection.java:38)
	at pucrs.gcs.cdl.persistence.DbConnection.queryInsert(DbConnection.java:185)
	at pucrs.gcs.cdl.persistence.DbConnection.createTable(DbConnection.java:53)
	at pucrs.gcs.cdl.persistence.DbConnection.open(DbConnection.java:38)
	at pucrs.gcs.cdl.persistence.DbConnection.queryInsert(DbConnection.java:185)
	at pucrs.gcs.cdl.persistence.DbConnection.createTable(DbConnection.java:53)
	at pucrs.gcs.cdl.persistence.DbConnection.open(DbConnection.java:38)
	at pucrs.gcs.cdl.persistence.DbConnection.queryInsert(DbConnection.java:185)
	at pucrs.gcs.cdl.persistence.DbConnection.createTable(DbConnection.java:53)
	at pucrs.gcs.cdl.persistence.DbConnection.open(DbConnection.java:38)
	at pucrs.gcs.cdl.persistence.DbConnection.queryInsert(DbConnection.java:185)
	at pucrs.gcs.cdl.persistence.DbConnection.createTable(DbConnection.java:53)
	at pucrs.gcs.cdl.persistence.DbConnection.open(DbConnection.java:38)
	at pucrs.gcs.cdl.persistence.DbConnection.queryInsert(DbConnection.java:185)
	at pucrs.gcs.cdl.persistence.DbConnection.createTable(DbConnection.java:53)
	at pucrs.gcs.cdl.persistence.DbConnection.open(DbConnection.java:38)
	at pucrs.gcs.cdl.persistence.DbConnection.queryInsert(DbConnection.java:185)
	at pucrs.gcs.cdl.persistence.DbConnection.createTable(DbConnection.java:53)
	at pucrs.gcs.cdl.persistence.DbConnection.open(DbConnection.java:38)
	at pucrs.gcs.cdl.persistence.DbConnection.queryInsert(DbConnection.java:185)
	at pucrs.gcs.cdl.persistence.DbConnection.createTable(DbConnection.java:53)
	at pucrs.gcs.cdl.persistence.DbConnection.open(DbConnection.java:38)
	at pucrs.gcs.cdl.persistence.DbConnection.queryInsert(DbConnection.java:185)
	at pucrs.gcs.cdl.persistence.DbConnection.createTable(DbConnection.java:53)
	at pucrs.gcs.cdl.persistence.DbConnection.open(DbConnection.java:38)
	at pucrs.gcs.cdl.persistence.DbConnection.queryInsert(DbConnection.java:185)
	at pucrs.gcs.cdl.persistence.DbConnection.createTable(DbConnection.java:53)
	at pucrs.gcs.cdl.persistence.DbConnection.open(DbConnection.java:38)
	at pucrs.gcs.cdl.persistence.DbConnection.queryInsert(DbConnection.java:185)
	at pucrs.gcs.cdl.persistence.DbConnection.createTable(DbConnection.java:53)
	at pucrs.gcs.cdl.persistence.DbConnection.open(DbConnection.java:38)
	at pucrs.gcs.cdl.persistence.DbConnection.queryInsert(DbConnection.java:185)
	at pucrs.gcs.cdl.persistence.DbConnection.createTable(DbConnection.java:53)
	at pucrs.gcs.cdl.persistence.DbConnection.open(DbConnection.java:38)
	at pucrs.gcs.cdl.persistence.DbConnection.queryInsert(DbConnection.java:185)
	at pucrs.gcs.cdl.persistence.DbConnection.createTable(DbConnection.java:53)
	at pucrs.gcs.cdl.persistence.DbConnection.open(DbConnection.java:38)
	at pucrs.gcs.cdl.persistence.DbConnection.queryInsert(DbConnection.java:185)
	at pucrs.gcs.cdl.persistence.DbConnection.createTable(DbConnection.java:53)
	at pucrs.gcs.cdl.persistence.DbConnection.open(DbConnection.java:38)
	at pucrs.gcs.cdl.persistence.DbConnection.queryInsert(DbConnection.java:185)
	at pucrs.gcs.cdl.persistence.DbConnection.createTable(DbConnection.java:53)
	at pucrs.gcs.cdl.persistence.DbConnection.open(DbConnection.java:38)
	at pucrs.gcs.cdl.persistence.DbConnection.queryInsert(DbConnection.java:185)
	at pucrs.gcs.cdl.persistence.DbConnection.createTable(DbConnection.java:53)
	at pucrs.gcs.cdl.persistence.DbConnection.open(DbConnection.java:38)
	at pucrs.gcs.cdl.persistence.DbConnection.queryInsert(DbConnection.java:185)
	at pucrs.gcs.cdl.persistence.DbConnection.createTable(DbConnection.java:53)
	at pucrs.gcs.cdl.persistence.DbConnection.open(DbConnection.java:38)
	at pucrs.gcs.cdl.persistence.DbConnection.queryInsert(DbConnection.java:185)
	at pucrs.gcs.cdl.persistence.DbConnection.createTable(DbConnection.java:53)
	at pucrs.gcs.cdl.persistence.DbConnection.open(DbConnection.java:38)
	at pucrs.gcs.cdl.persistence.DbConnection.queryInsert(DbConnection.java:185)
	at pucrs.gcs.cdl.persistence.DbConnection.createTable(DbConnection.java:53)
	at pucrs.gcs.cdl.persistence.DbConnection.open(DbConnection.java:38)
	at pucrs.gcs.cdl.persistence.DbConnection.queryInsert(DbConnection.java:185)
	at pucrs.gcs.cdl.persistence.DbConnection.createTable(DbConnection.java:53)
	at pucrs.gcs.cdl.persistence.DbConnection.open(DbConnection.java:38)
	at pucrs.gcs.cdl.persistence.DbConnection.queryInsert(DbConnection.java:185)
	at pucrs.gcs.cdl.persistence.DbConnection.createTable(DbConnection.java:53)
	at pucrs.gcs.cdl.persistence.DbConnection.open(DbConnection.java:38)
	at pucrs.gcs.cdl.persistence.DbConnection.queryInsert(DbConnection.java:185)
	at pucrs.gcs.cdl.persistence.DbConnection.createTable(DbConnection.java:53)
	at pucrs.gcs.cdl.persistence.DbConnection.open(DbConnection.java:38)
	at pucrs.gcs.cdl.persistence.DbConnection.queryInsert(DbConnection.java:185)
	at pucrs.gcs.cdl.persistence.DbConnection.createTable(DbConnection.java:53)
	at pucrs.gcs.cdl.persistence.DbConnection.open(DbConnection.java:38)
	at pucrs.gcs.cdl.persistence.DbConnection.queryInsert(DbConnection.java:185)
	at pucrs.gcs.cdl.persistence.DbConnection.createTable(DbConnection.java:53)
	at pucrs.gcs.cdl.persistence.DbConnection.open(DbConnection.java:38)
	at pucrs.gcs.cdl.persistence.DbConnection.queryInsert(DbConnection.java:185)
	at pucrs.gcs.cdl.persistence.DbConnection.createTable(DbConnection.java:53)
	at pucrs.gcs.cdl.persistence.DbConnection.open(DbConnection.java:38)
	at pucrs.gcs.cdl.persistence.DbConnection.queryInsert(DbConnection.java:185)
	at pucrs.gcs.cdl.persistence.DbConnection.createTable(DbConnection.java:53)
	at pucrs.gcs.cdl.persistence.DbConnection.open(DbConnection.java:38)
	at pucrs.gcs.cdl.persistence.DbConnection.queryInsert(DbConnection.java:185)
	at pucrs.gcs.cdl.persistence.DbConnection.createTable(DbConnection.java:53)
	at pucrs.gcs.cdl.persistence.DbConnection.open(DbConnection.java:38)
	at pucrs.gcs.cdl.persistence.DbConnection.queryInsert(DbConnection.java:185)
	at pucrs.gcs.cdl.persistence.DbConnection.createTable(DbConnection.java:53)
	at pucrs.gcs.cdl.persistence.DbConnection.open(DbConnection.java:38)
	at pucrs.gcs.cdl.persistence.DbConnection.queryInsert(DbConnection.java:185)
	at pucrs.gcs.cdl.persistence.DbConnection.createTable(DbConnection.java:53)
	at pucrs.gcs.cdl.persistence.DbConnection.open(DbConnection.java:38)
	at pucrs.gcs.cdl.persistence.DbConnection.queryInsert(DbConnection.java:185)
	at pucrs.gcs.cdl.persistence.DbConnection.createTable(DbConnection.java:53)
	at pucrs.gcs.cdl.persistence.DbConnection.open(DbConnection.java:38)
	at pucrs.gcs.cdl.persistence.DbConnection.queryInsert(DbConnection.java:185)
	at pucrs.gcs.cdl.persistence.DbConnection.createTable(DbConnection.java:53)
	at pucrs.gcs.cdl.persistence.DbConnection.open(DbConnection.java:38)
	at pucrs.gcs.cdl.persistence.DbConnection.queryInsert(DbConnection.java:185)
	at pucrs.gcs.cdl.persistence.DbConnection.createTable(DbConnection.java:53)
	at pucrs.gcs.cdl.persistence.DbConnection.open(DbConnection.java:38)
	at pucrs.gcs.cdl.persistence.DbConnection.queryInsert(DbConnection.java:185)
	at pucrs.gcs.cdl.persistence.DbConnection.createTable(DbConnection.java:53)
	at pucrs.gcs.cdl.persistence.DbConnection.open(DbConnection.java:38)
	at pucrs.gcs.cdl.persistence.DbConnection.queryInsert(DbConnection.java:185)
	at pucrs.gcs.cdl.persistence.DbConnection.createTable(DbConnection.java:53)
	at pucrs.gcs.cdl.persistence.DbConnection.open(DbConnection.java:38)
	at pucrs.gcs.cdl.persistence.DbConnection.queryInsert(DbConnection.java:185)
	at pucrs.gcs.cdl.persistence.DbConnection.createTable(DbConnection.java:53)
	at pucrs.gcs.cdl.persistence.DbConnection.open(DbConnection.java:38)
	at pucrs.gcs.cdl.persistence.DbConnection.queryInsert(DbConnection.java:185)
	at pucrs.gcs.cdl.persistence.DbConnection.createTable(DbConnection.java:53)
	at pucrs.gcs.cdl.persistence.DbConnection.open(DbConnection.java:38)
	at pucrs.gcs.cdl.persistence.DbConnection.queryInsert(DbConnection.java:185)
	at pucrs.gcs.cdl.persistence.DbConnection.createTable(DbConnection.java:53)
	at pucrs.gcs.cdl.persistence.DbConnection.open(DbConnection.java:38)
	at pucrs.gcs.cdl.persistence.DbConnection.queryInsert(DbConnection.java:185)
	at pucrs.gcs.cdl.persistence.DbConnection.createTable(DbConnection.java:53)
	at pucrs.gcs.cdl.persistence.DbConnection.open(DbConnection.java:38)
	at pucrs.gcs.cdl.persistence.DbConnection.queryInsert(DbConnection.java:185)
	at pucrs.gcs.cdl.persistence.DbConnection.createTable(DbConnection.java:53)
	at pucrs.gcs.cdl.persistence.DbConnection.open(DbConnection.java:38)
	at pucrs.gcs.cdl.persistence.DbConnection.queryInsert(DbConnection.java:185)
	at pucrs.gcs.cdl.persistence.DbConnection.createTable(DbConnection.java:53)
	at pucrs.gcs.cdl.persistence.DbConnection.open(DbConnection.java:38)
	at pucrs.gcs.cdl.persistence.DbConnection.queryInsert(DbConnection.java:185)
	at pucrs.gcs.cdl.persistence.DbConnection.createTable(DbConnection.java:53)
	at pucrs.gcs.cdl.persistence.DbConnection.open(DbConnection.java:38)
	at pucrs.gcs.cdl.persistence.DbConnection.queryInsert(DbConnection.java:185)
	at pucrs.gcs.cdl.persistence.DbConnection.createTable(DbConnection.java:53)
	at pucrs.gcs.cdl.persistence.DbConnection.open(DbConnection.java:38)
	at pucrs.gcs.cdl.persistence.DbConnection.queryInsert(DbConnection.java:185)
	at pucrs.gcs.cdl.persistence.DbConnection.createTable(DbConnection.java:53)
	at pucrs.gcs.cdl.persistence.DbConnection.open(DbConnection.java:38)
	at pucrs.gcs.cdl.persistence.DbConnection.queryInsert(DbConnection.java:185)
	at pucrs.gcs.cdl.persistence.DbConnection.createTable(DbConnection.java:53)
	at pucrs.gcs.cdl.persistence.DbConnection.open(DbConnection.java:38)
	at pucrs.gcs.cdl.persistence.DbConnection.queryInsert(DbConnection.java:185)
	at pucrs.gcs.cdl.persistence.DbConnection.createTable(DbConnection.java:53)
	at pucrs.gcs.cdl.persistence.DbConnection.open(DbConnection.java:38)
	at pucrs.gcs.cdl.persistence.DbConnection.queryInsert(DbConnection.java:185)
	at pucrs.gcs.cdl.persistence.DbConnection.createTable(DbConnection.java:53)
	at pucrs.gcs.cdl.persistence.DbConnection.open(DbConnection.java:38)
	at pucrs.gcs.cdl.persistence.DbConnection.queryInsert(DbConnection.java:185)
	at pucrs.gcs.cdl.persistence.DbConnection.createTable(DbConnection.java:53)
	at pucrs.gcs.cdl.persistence.DbConnection.open(DbConnection.java:38)
	at pucrs.gcs.cdl.persistence.DbConnection.queryInsert(DbConnection.java:185)
	at pucrs.gcs.cdl.persistence.DbConnection.createTable(DbConnection.java:53)
	at pucrs.gcs.cdl.persistence.DbConnection.open(DbConnection.java:38)
	at pucrs.gcs.cdl.persistence.DbConnection.queryInsert(DbConnection.java:185)
	at pucrs.gcs.cdl.persistence.DbConnection.createTable(DbConnection.java:53)
	at pucrs.gcs.cdl.persistence.DbConnection.open(DbConnection.java:38)
	at pucrs.gcs.cdl.persistence.DbConnection.queryInsert(DbConnection.java:185)
	at pucrs.gcs.cdl.persistence.DbConnection.createTable(DbConnection.java:53)
	at pucrs.gcs.cdl.persistence.DbConnection.open(DbConnection.java:38)
	at pucrs.gcs.cdl.persistence.DbConnection.queryInsert(DbConnection.java:185)
	at pucrs.gcs.cdl.persistence.DbConnection.createTable(DbConnection.java:53)
	at pucrs.gcs.cdl.persistence.DbConnection.open(DbConnection.java:38)
	at pucrs.gcs.cdl.persistence.DbConnection.queryInsert(DbConnection.java:185)
	at pucrs.gcs.cdl.persistence.DbConnection.createTable(DbConnection.java:53)
	at pucrs.gcs.cdl.persistence.DbConnection.open(DbConnection.java:38)
	at pucrs.gcs.cdl.persistence.DbConnection.queryInsert(DbConnection.java:185)
	at pucrs.gcs.cdl.persistence.DbConnection.createTable(DbConnection.java:53)
	at pucrs.gcs.cdl.persistence.DbConnection.open(DbConnection.java:38)
	at pucrs.gcs.cdl.persistence.DbConnection.queryInsert(DbConnection.java:185)
	at pucrs.gcs.cdl.persistence.DbConnection.createTable(DbConnection.java:53)
	at pucrs.gcs.cdl.persistence.DbConnection.open(DbConnection.java:38)
	at pucrs.gcs.cdl.persistence.DbConnection.queryInsert(DbConnection.java:185)
	at pucrs.gcs.cdl.persistence.DbConnection.createTable(DbConnection.java:53)
	at pucrs.gcs.cdl.persistence.DbConnection.open(DbConnection.java:38)
	at pucrs.gcs.cdl.persistence.DbConnection.queryInsert(DbConnection.java:185)
	at pucrs.gcs.cdl.persistence.DbConnection.createTable(DbConnection.java:53)
	at pucrs.gcs.cdl.persistence.DbConnection.open(DbConnection.java:38)
	at pucrs.gcs.cdl.persistence.DbConnection.queryInsert(DbConnection.java:185)
	at pucrs.gcs.cdl.persistence.DbConnection.createTable(DbConnection.java:53)
	at pucrs.gcs.cdl.persistence.DbConnection.open(DbConnection.java:38)
	at pucrs.gcs.cdl.persistence.DbConnection.queryInsert(DbConnection.java:185)
	at pucrs.gcs.cdl.persistence.DbConnection.createTable(DbConnection.java:53)
	at pucrs.gcs.cdl.persistence.DbConnection.open(DbConnection.java:38)
	at pucrs.gcs.cdl.persistence.DbConnection.queryInsert(DbConnection.java:185)
	at pucrs.gcs.cdl.persistence.DbConnection.createTable(DbConnection.java:53)
	at pucrs.gcs.cdl.persistence.DbConnection.open(DbConnection.java:38)
	at pucrs.gcs.cdl.persistence.DbConnection.queryInsert(DbConnection.java:185)
	at pucrs.gcs.cdl.persistence.DbConnection.createTable(DbConnection.java:53)
	at pucrs.gcs.cdl.persistence.DbConnection.open(DbConnection.java:38)
	at pucrs.gcs.cdl.persistence.DbConnection.queryInsert(DbConnection.java:185)
	at pucrs.gcs.cdl.persistence.DbConnection.createTable(DbConnection.java:53)
	at pucrs.gcs.cdl.persistence.DbConnection.open(DbConnection.java:38)
	at pucrs.gcs.cdl.persistence.DbConnection.queryInsert(DbConnection.java:185)
	at pucrs.gcs.cdl.persistence.DbConnection.createTable(DbConnection.java:53)
	at pucrs.gcs.cdl.persistence.DbConnection.open(DbConnection.java:38)
	at pucrs.gcs.cdl.persistence.DbConnection.queryInsert(DbConnection.java:185)
	at pucrs.gcs.cdl.persistence.DbConnection.createTable(DbConnection.java:53)
	at pucrs.gcs.cdl.persistence.DbConnection.open(DbConnection.java:38)
	at pucrs.gcs.cdl.persistence.DbConnection.queryInsert(DbConnection.java:185)
	at pucrs.gcs.cdl.persistence.DbConnection.createTable(DbConnection.java:53)
	at pucrs.gcs.cdl.persistence.DbConnection.open(DbConnection.java:38)
	at pucrs.gcs.cdl.persistence.DbConnection.queryInsert(DbConnection.java:185)
	at pucrs.gcs.cdl.persistence.DbConnection.createTable(DbConnection.java:53)
	at pucrs.gcs.cdl.persistence.DbConnection.open(DbConnection.java:38)
	at pucrs.gcs.cdl.persistence.DbConnection.queryInsert(DbConnection.java:185)
	at pucrs.gcs.cdl.persistence.DbConnection.createTable(DbConnection.java:53)
	at pucrs.gcs.cdl.persistence.DbConnection.open(DbConnection.java:38)
	at pucrs.gcs.cdl.persistence.DbConnection.queryInsert(DbConnection.java:185)
	at pucrs.gcs.cdl.persistence.DbConnection.createTable(DbConnection.java:53)
	at pucrs.gcs.cdl.persistence.DbConnection.open(DbConnection.java:38)
	at pucrs.gcs.cdl.persistence.DbConnection.queryInsert(DbConnection.java:185)
	at pucrs.gcs.cdl.persistence.DbConnection.createTable(DbConnection.java:53)
	at pucrs.gcs.cdl.persistence.DbConnection.open(DbConnection.java:38)
	at pucrs.gcs.cdl.persistence.DbConnection.queryInsert(DbConnection.java:185)
	at pucrs.gcs.cdl.persistence.DbConnection.createTable(DbConnection.java:53)
	at pucrs.gcs.cdl.persistence.DbConnection.open(DbConnection.java:38)
	at pucrs.gcs.cdl.persistence.DbConnection.queryInsert(DbConnection.java:185)
	at pucrs.gcs.cdl.persistence.DbConnection.createTable(DbConnection.java:53)
	at pucrs.gcs.cdl.persistence.DbConnection.open(DbConnection.java:38)
	at pucrs.gcs.cdl.persistence.DbConnection.queryInsert(DbConnection.java:185)
	at pucrs.gcs.cdl.persistence.DbConnection.createTable(DbConnection.java:53)
	at pucrs.gcs.cdl.persistence.DbConnection.open(DbConnection.java:38)
	at pucrs.gcs.cdl.persistence.DbConnection.queryInsert(DbConnection.java:185)
	at pucrs.gcs.cdl.persistence.DbConnection.createTable(DbConnection.java:53)
	at pucrs.gcs.cdl.persistence.DbConnection.open(DbConnection.java:38)
	at pucrs.gcs.cdl.persistence.DbConnection.queryInsert(DbConnection.java:185)
	at pucrs.gcs.cdl.persistence.DbConnection.createTable(DbConnection.java:53)
	at pucrs.gcs.cdl.persistence.DbConnection.open(DbConnection.java:38)
	at pucrs.gcs.cdl.persistence.DbConnection.queryInsert(DbConnection.java:185)
	at pucrs.gcs.cdl.persistence.DbConnection.createTable(DbConnection.java:53)
	at pucrs.gcs.cdl.persistence.DbConnection.open(DbConnection.java:38)
	at pucrs.gcs.cdl.persistence.DbConnection.queryInsert(DbConnection.java:185)
	at pucrs.gcs.cdl.persistence.DbConnection.createTable(DbConnection.java:53)
	at pucrs.gcs.cdl.persistence.DbConnection.open(DbConnection.java:38)
	at pucrs.gcs.cdl.persistence.DbConnection.queryInsert(DbConnection.java:185)
	at pucrs.gcs.cdl.persistence.DbConnection.createTable(DbConnection.java:53)
	at pucrs.gcs.cdl.persistence.DbConnection.open(DbConnection.java:38)
	at pucrs.gcs.cdl.persistence.DbConnection.queryInsert(DbConnection.java:185)
	at pucrs.gcs.cdl.persistence.DbConnection.createTable(DbConnection.java:53)
	at pucrs.gcs.cdl.persistence.DbConnection.open(DbConnection.java:38)
	at pucrs.gcs.cdl.persistence.DbConnection.queryInsert(DbConnection.java:185)
	at pucrs.gcs.cdl.persistence.DbConnection.createTable(DbConnection.java:53)
	at pucrs.gcs.cdl.persistence.DbConnection.open(DbConnection.java:38)
	at pucrs.gcs.cdl.persistence.DbConnection.queryInsert(DbConnection.java:185)
	at pucrs.gcs.cdl.persistence.DbConnection.createTable(DbConnection.java:53)
	at pucrs.gcs.cdl.persistence.DbConnection.open(DbConnection.java:38)
	at pucrs.gcs.cdl.persistence.DbConnection.queryInsert(DbConnection.java:185)
	at pucrs.gcs.cdl.persistence.DbConnection.createTable(DbConnection.java:53)
	at pucrs.gcs.cdl.persistence.DbConnection.open(DbConnection.java:38)
	at pucrs.gcs.cdl.persistence.DbConnection.queryInsert(DbConnection.java:185)
	at pucrs.gcs.cdl.persistence.DbConnection.createTable(DbConnection.java:53)
	at pucrs.gcs.cdl.persistence.DbConnection.open(DbConnection.java:38)
	at pucrs.gcs.cdl.persistence.DbConnection.queryInsert(DbConnection.java:185)
	at pucrs.gcs.cdl.persistence.DbConnection.createTable(DbConnection.java:53)
	at pucrs.gcs.cdl.persistence.DbConnection.open(DbConnection.java:38)
	at pucrs.gcs.cdl.persistence.DbConnection.queryInsert(DbConnection.java:185)
	at pucrs.gcs.cdl.persistence.DbConnection.createTable(DbConnection.java:53)
	at pucrs.gcs.cdl.persistence.DbConnection.open(DbConnection.java:38)
	at pucrs.gcs.cdl.persistence.DbConnection.queryInsert(DbConnection.java:185)
	at pucrs.gcs.cdl.persistence.DbConnection.createTable(DbConnection.java:53)
	at pucrs.gcs.cdl.persistence.DbConnection.open(DbConnection.java:38)
	at pucrs.gcs.cdl.persistence.DbConnection.queryInsert(DbConnection.java:185)
	at pucrs.gcs.cdl.persistence.DbConnection.createTable(DbConnection.java:53)
	at pucrs.gcs.cdl.persistence.DbConnection.open(DbConnection.java:38)
	at pucrs.gcs.cdl.persistence.DbConnection.queryInsert(DbConnection.java:185)
	at pucrs.gcs.cdl.persistence.DbConnection.createTable(DbConnection.java:53)
	at pucrs.gcs.cdl.persistence.DbConnection.open(DbConnection.java:38)
	at pucrs.gcs.cdl.persistence.DbConnection.queryInsert(DbConnection.java:185)
	at pucrs.gcs.cdl.persistence.DbConnection.createTable(DbConnection.java:53)
	at pucrs.gcs.cdl.persistence.DbConnection.open(DbConnection.java:38)
	at pucrs.gcs.cdl.persistence.DbConnection.queryInsert(DbConnection.java:185)
	at pucrs.gcs.cdl.persistence.DbConnection.createTable(DbConnection.java:53)
	at pucrs.gcs.cdl.persistence.DbConnection.open(DbConnection.java:38)
	at pucrs.gcs.cdl.persistence.DbConnection.queryInsert(DbConnection.java:185)
	at pucrs.gcs.cdl.persistence.DbConnection.createTable(DbConnection.java:53)
	at pucrs.gcs.cdl.persistence.DbConnection.open(DbConnection.java:38)
	at pucrs.gcs.cdl.persistence.DbConnection.queryInsert(DbConnection.java:185)
	at pucrs.gcs.cdl.persistence.DbConnection.createTable(DbConnection.java:53)
	at pucrs.gcs.cdl.persistence.DbConnection.open(DbConnection.java:38)
	at pucrs.gcs.cdl.persistence.DbConnection.queryInsert(DbConnection.java:185)
	at pucrs.gcs.cdl.persistence.DbConnection.createTable(DbConnection.java:53)
	at pucrs.gcs.cdl.persistence.DbConnection.open(DbConnection.java:38)
	at pucrs.gcs.cdl.persistence.DbConnection.queryInsert(DbConnection.java:185)
	at pucrs.gcs.cdl.persistence.DbConnection.createTable(DbConnection.java:53)
	at pucrs.gcs.cdl.persistence.DbConnection.open(DbConnection.java:38)
	at pucrs.gcs.cdl.persistence.DbConnection.queryInsert(DbConnection.java:185)
	at pucrs.gcs.cdl.persistence.DbConnection.createTable(DbConnection.java:53)
	at pucrs.gcs.cdl.persistence.DbConnection.open(DbConnection.java:38)
	at pucrs.gcs.cdl.persistence.DbConnection.queryInsert(DbConnection.java:185)
	at pucrs.gcs.cdl.persistence.DbConnection.createTable(DbConnection.java:53)
	at pucrs.gcs.cdl.persistence.DbConnection.open(DbConnection.java:38)
	at pucrs.gcs.cdl.persistence.DbConnection.queryInsert(DbConnection.java:185)
	at pucrs.gcs.cdl.persistence.DbConnection.createTable(DbConnection.java:53)
	at pucrs.gcs.cdl.persistence.DbConnection.open(DbConnection.java:38)
	at pucrs.gcs.cdl.persistence.DbConnection.queryInsert(DbConnection.java:185)
	at pucrs.gcs.cdl.persistence.DbConnection.createTable(DbConnection.java:53)
	at pucrs.gcs.cdl.persistence.DbConnection.open(DbConnection.java:38)
	at pucrs.gcs.cdl.persistence.DbConnection.queryInsert(DbConnection.java:185)
	at pucrs.gcs.cdl.persistence.DbConnection.createTable(DbConnection.java:53)
	at pucrs.gcs.cdl.persistence.DbConnection.open(DbConnection.java:38)
	at pucrs.gcs.cdl.persistence.DbConnection.queryInsert(DbConnection.java:185)
	at pucrs.gcs.cdl.persistence.DbConnection.createTable(DbConnection.java:53)
	at pucrs.gcs.cdl.persistence.DbConnection.open(DbConnection.java:38)
	at pucrs.gcs.cdl.persistence.DbConnection.queryInsert(DbConnection.java:185)
	at pucrs.gcs.cdl.persistence.DbConnection.createTable(DbConnection.java:53)
	at pucrs.gcs.cdl.persistence.DbConnection.open(DbConnection.java:38)
	at pucrs.gcs.cdl.persistence.DbConnection.queryInsert(DbConnection.java:185)
	at pucrs.gcs.cdl.persistence.DbConnection.createTable(DbConnection.java:53)
	at pucrs.gcs.cdl.persistence.DbConnection.open(DbConnection.java:38)
	at pucrs.gcs.cdl.persistence.DbConnection.queryInsert(DbConnection.java:185)
	at pucrs.gcs.cdl.persistence.DbConnection.createTable(DbConnection.java:53)
	at pucrs.gcs.cdl.persistence.DbConnection.open(DbConnection.java:38)
	at pucrs.gcs.cdl.persistence.DbConnection.queryInsert(DbConnection.java:185)
	at pucrs.gcs.cdl.persistence.DbConnection.createTable(DbConnection.java:53)
	at pucrs.gcs.cdl.persistence.DbConnection.open(DbConnection.java:38)
	at pucrs.gcs.cdl.persistence.DbConnection.queryInsert(DbConnection.java:185)
	at pucrs.gcs.cdl.persistence.DbConnection.createTable(DbConnection.java:53)
	at pucrs.gcs.cdl.persistence.DbConnection.open(DbConnection.java:38)
	at pucrs.gcs.cdl.persistence.DbConnection.queryInsert(DbConnection.java:185)
	at pucrs.gcs.cdl.persistence.DbConnection.createTable(DbConnection.java:53)
	at pucrs.gcs.cdl.persistence.DbConnection.open(DbConnection.java:38)
	at pucrs.gcs.cdl.persistence.DbConnection.queryInsert(DbConnection.java:185)
	at pucrs.gcs.cdl.persistence.DbConnection.createTable(DbConnection.java:53)
	at pucrs.gcs.cdl.persistence.DbConnection.open(DbConnection.java:38)
	at pucrs.gcs.cdl.persistence.DbConnection.queryInsert(DbConnection.java:185)
	at pucrs.gcs.cdl.persistence.DbConnection.createTable(DbConnection.java:53)
	at pucrs.gcs.cdl.persistence.DbConnection.open(DbConnection.java:38)
	at pucrs.gcs.cdl.persistence.DbConnection.queryInsert(DbConnection.java:185)
	at pucrs.gcs.cdl.persistence.DbConnection.createTable(DbConnection.java:53)
	at pucrs.gcs.cdl.persistence.DbConnection.open(DbConnection.java:38)
	at pucrs.gcs.cdl.persistence.DbConnection.queryInsert(DbConnection.java:185)
	at pucrs.gcs.cdl.persistence.DbConnection.createTable(DbConnection.java:53)
	at pucrs.gcs.cdl.persistence.DbConnection.open(DbConnection.java:38)
	at pucrs.gcs.cdl.persistence.DbConnection.queryInsert(DbConnection.java:185)
	at pucrs.gcs.cdl.persistence.DbConnection.createTable(DbConnection.java:53)
	at pucrs.gcs.cdl.persistence.DbConnection.open(DbConnection.java:38)
	at pucrs.gcs.cdl.persistence.DbConnection.queryInsert(DbConnection.java:185)
	at pucrs.gcs.cdl.persistence.DbConnection.createTable(DbConnection.java:53)
	at pucrs.gcs.cdl.persistence.DbConnection.open(DbConnection.java:38)
	at pucrs.gcs.cdl.persistence.DbConnection.queryInsert(DbConnection.java:185)
	at pucrs.gcs.cdl.persistence.DbConnection.createTable(DbConnection.java:53)
	at pucrs.gcs.cdl.persistence.DbConnection.open(DbConnection.java:38)
	at pucrs.gcs.cdl.persistence.DbConnection.queryInsert(DbConnection.java:185)
	at pucrs.gcs.cdl.persistence.DbConnection.createTable(DbConnection.java:53)
	at pucrs.gcs.cdl.persistence.DbConnection.open(DbConnection.java:38)
	at pucrs.gcs.cdl.persistence.DbConnection.queryInsert(DbConnection.java:185)
	at pucrs.gcs.cdl.persistence.DbConnection.createTable(DbConnection.java:53)
	at pucrs.gcs.cdl.persistence.DbConnection.open(DbConnection.java:38)
	at pucrs.gcs.cdl.persistence.DbConnection.queryInsert(DbConnection.java:185)
	at pucrs.gcs.cdl.persistence.DbConnection.createTable(DbConnection.java:53)
	at pucrs.gcs.cdl.persistence.DbConnection.open(DbConnection.java:38)
	at pucrs.gcs.cdl.persistence.DbConnection.queryInsert(DbConnection.java:185)
	at pucrs.gcs.cdl.persistence.DbConnection.createTable(DbConnection.java:53)
	at pucrs.gcs.cdl.persistence.DbConnection.open(DbConnection.java:38)
	at pucrs.gcs.cdl.persistence.DbConnection.queryInsert(DbConnection.java:185)
	at pucrs.gcs.cdl.persistence.DbConnection.createTable(DbConnection.java:53)
	at pucrs.gcs.cdl.persistence.DbConnection.open(DbConnection.java:38)
	at pucrs.gcs.cdl.persistence.DbConnection.queryInsert(DbConnection.java:185)
	at pucrs.gcs.cdl.persistence.DbConnection.createTable(DbConnection.java:53)
	at pucrs.gcs.cdl.persistence.DbConnection.open(DbConnection.java:38)
	at pucrs.gcs.cdl.persistence.DbConnection.queryInsert(DbConnection.java:185)
	at pucrs.gcs.cdl.persistence.DbConnection.createTable(DbConnection.java:53)
	at pucrs.gcs.cdl.persistence.DbConnection.open(DbConnection.java:38)
	at pucrs.gcs.cdl.persistence.DbConnection.queryInsert(DbConnection.java:185)
	at pucrs.gcs.cdl.persistence.DbConnection.createTable(DbConnection.java:53)
	at pucrs.gcs.cdl.persistence.DbConnection.open(DbConnection.java:38)
	at pucrs.gcs.cdl.persistence.DbConnection.queryInsert(DbConnection.java:185)
	at pucrs.gcs.cdl.persistence.DbConnection.createTable(DbConnection.java:53)
	at pucrs.gcs.cdl.persistence.DbConnection.open(DbConnection.java:38)
	at pucrs.gcs.cdl.persistence.DbConnection.queryInsert(DbConnection.java:185)
	at pucrs.gcs.cdl.persistence.DbConnection.createTable(DbConnection.java:53)
	at pucrs.gcs.cdl.persistence.DbConnection.open(DbConnection.java:38)
	at pucrs.gcs.cdl.persistence.DbConnection.queryInsert(DbConnection.java:185)
	at pucrs.gcs.cdl.persistence.DbConnection.createTable(DbConnection.java:53)
	at pucrs.gcs.cdl.persistence.DbConnection.open(DbConnection.java:38)
	at pucrs.gcs.cdl.persistence.DbConnection.queryInsert(DbConnection.java:185)
	at pucrs.gcs.cdl.persistence.DbConnection.createTable(DbConnection.java:53)
	at pucrs.gcs.cdl.persistence.DbConnection.open(DbConnection.java:38)
	at pucrs.gcs.cdl.persistence.DbConnection.queryInsert(DbConnection.java:185)
	at pucrs.gcs.cdl.persistence.DbConnection.createTable(DbConnection.java:53)
	at pucrs.gcs.cdl.persistence.DbConnection.open(DbConnection.java:38)
	at pucrs.gcs.cdl.persistence.DbConnection.queryInsert(DbConnection.java:185)
	at pucrs.gcs.cdl.persistence.DbConnection.createTable(DbConnection.java:53)
	at pucrs.gcs.cdl.persistence.DbConnection.open(DbConnection.java:38)
	at pucrs.gcs.cdl.persistence.DbConnection.queryInsert(DbConnection.java:185)
	at pucrs.gcs.cdl.persistence.DbConnection.createTable(DbConnection.java:53)
	at pucrs.gcs.cdl.persistence.DbConnection.open(DbConnection.java:38)
	at pucrs.gcs.cdl.persistence.DbConnection.queryInsert(DbConnection.java:185)
	at pucrs.gcs.cdl.persistence.DbConnection.createTable(DbConnection.java:53)
	at pucrs.gcs.cdl.persistence.DbConnection.open(DbConnection.java:38)
	at pucrs.gcs.cdl.persistence.DbConnection.queryInsert(DbConnection.java:185)
	at pucrs.gcs.cdl.persistence.DbConnection.createTable(DbConnection.java:53)
	at pucrs.gcs.cdl.persistence.DbConnection.open(DbConnection.java:38)
	at pucrs.gcs.cdl.persistence.DbConnection.queryInsert(DbConnection.java:185)
	at pucrs.gcs.cdl.persistence.DbConnection.createTable(DbConnection.java:53)
	at pucrs.gcs.cdl.persistence.DbConnection.open(DbConnection.java:38)
	at pucrs.gcs.cdl.persistence.DbConnection.queryInsert(DbConnection.java:185)
	at pucrs.gcs.cdl.persistence.DbConnection.createTable(DbConnection.java:53)
	at pucrs.gcs.cdl.persistence.DbConnection.open(DbConnection.java:38)
	at pucrs.gcs.cdl.persistence.DbConnection.queryInsert(DbConnection.java:185)
	at pucrs.gcs.cdl.persistence.DbConnection.createTable(DbConnection.java:53)
	at pucrs.gcs.cdl.persistence.DbConnection.open(DbConnection.java:38)
	at pucrs.gcs.cdl.persistence.DbConnection.queryInsert(DbConnection.java:185)
	at pucrs.gcs.cdl.persistence.DbConnection.createTable(DbConnection.java:53)
	at pucrs.gcs.cdl.persistence.DbConnection.open(DbConnection.java:38)
	at pucrs.gcs.cdl.persistence.DbConnection.queryInsert(DbConnection.java:185)
	at pucrs.gcs.cdl.persistence.DbConnection.createTable(DbConnection.java:53)
	at pucrs.gcs.cdl.persistence.DbConnection.open(DbConnection.java:38)
	at pucrs.gcs.cdl.persistence.DbConnection.queryInsert(DbConnection.java:185)
	at pucrs.gcs.cdl.persistence.DbConnection.createTable(DbConnection.java:53)
	at pucrs.gcs.cdl.persistence.DbConnection.open(DbConnection.java:38)
	at pucrs.gcs.cdl.persistence.DbConnection.queryInsert(DbConnection.java:185)
	at pucrs.gcs.cdl.persistence.DbConnection.createTable(DbConnection.java:53)
	at pucrs.gcs.cdl.persistence.DbConnection.open(DbConnection.java:38)
	at pucrs.gcs.cdl.persistence.DbConnection.queryInsert(DbConnection.java:185)
	at pucrs.gcs.cdl.persistence.DbConnection.createTable(DbConnection.java:53)
	at pucrs.gcs.cdl.persistence.DbConnection.open(DbConnection.java:38)
	at pucrs.gcs.cdl.persistence.DbConnection.queryInsert(DbConnection.java:185)
	at pucrs.gcs.cdl.persistence.DbConnection.createTable(DbConnection.java:53)
	at pucrs.gcs.cdl.persistence.DbConnection.open(DbConnection.java:38)
	at pucrs.gcs.cdl.persistence.DbConnection.queryInsert(DbConnection.java:185)
	at pucrs.gcs.cdl.persistence.DbConnection.createTable(DbConnection.java:53)
	at pucrs.gcs.cdl.persistence.DbConnection.open(DbConnection.java:38)
	at pucrs.gcs.cdl.persistence.DbConnection.queryInsert(DbConnection.java:185)
	at pucrs.gcs.cdl.persistence.DbConnection.createTable(DbConnection.java:53)
	at pucrs.gcs.cdl.persistence.DbConnection.open(DbConnection.java:38)
	at pucrs.gcs.cdl.persistence.DbConnection.queryInsert(DbConnection.java:185)
	at pucrs.gcs.cdl.persistence.DbConnection.createTable(DbConnection.java:53)
	at pucrs.gcs.cdl.persistence.DbConnection.open(DbConnection.java:38)
	at pucrs.gcs.cdl.persistence.DbConnection.queryInsert(DbConnection.java:185)
	at pucrs.gcs.cdl.persistence.DbConnection.createTable(DbConnection.java:53)
	at pucrs.gcs.cdl.persistence.DbConnection.open(DbConnection.java:38)
	at pucrs.gcs.cdl.persistence.DbConnection.queryInsert(DbConnection.java:185)
	at pucrs.gcs.cdl.persistence.DbConnection.createTable(DbConnection.java:53)
	at pucrs.gcs.cdl.persistence.DbConnection.open(DbConnection.java:38)
	at pucrs.gcs.cdl.persistence.DbConnection.queryInsert(DbConnection.java:185)
	at pucrs.gcs.cdl.persistence.DbConnection.createTable(DbConnection.java:53)
	at pucrs.gcs.cdl.persistence.DbConnection.open(DbConnection.java:38)
	at pucrs.gcs.cdl.persistence.DbConnection.queryInsert(DbConnection.java:185)
	at pucrs.gcs.cdl.persistence.DbConnection.createTable(DbConnection.java:53)
	at pucrs.gcs.cdl.persistence.DbConnection.open(DbConnection.java:38)
	at pucrs.gcs.cdl.persistence.DbConnection.queryInsert(DbConnection.java:185)
	at pucrs.gcs.cdl.persistence.DbConnection.createTable(DbConnection.java:53)
	at pucrs.gcs.cdl.persistence.DbConnection.open(DbConnection.java:38)
	at pucrs.gcs.cdl.persistence.DbConnection.queryInsert(DbConnection.java:185)
	at pucrs.gcs.cdl.persistence.DbConnection.createTable(DbConnection.java:53)
	at pucrs.gcs.cdl.persistence.DbConnection.open(DbConnection.java:38)
	at pucrs.gcs.cdl.persistence.DbConnection.queryInsert(DbConnection.java:185)
	at pucrs.gcs.cdl.persistence.DbConnection.createTable(DbConnection.java:53)
	at pucrs.gcs.cdl.persistence.DbConnection.open(DbConnection.java:38)
	at pucrs.gcs.cdl.persistence.DbConnection.queryInsert(DbConnection.java:185)
	at pucrs.gcs.cdl.persistence.DbConnection.createTable(DbConnection.java:53)
	at pucrs.gcs.cdl.persistence.DbConnection.open(DbConnection.java:38)
	at pucrs.gcs.cdl.persistence.DbConnection.queryInsert(DbConnection.java:185)
	at pucrs.gcs.cdl.persistence.DbConnection.createTable(DbConnection.java:53)
	at pucrs.gcs.cdl.persistence.DbConnection.open(DbConnection.java:38)
	at pucrs.gcs.cdl.persistence.DbConnection.queryInsert(DbConnection.java:185)
	at pucrs.gcs.cdl.persistence.DbConnection.createTable(DbConnection.java:53)
	at pucrs.gcs.cdl.persistence.DbConnection.open(DbConnection.java:38)
	at pucrs.gcs.cdl.persistence.DbConnection.queryInsert(DbConnection.java:185)
	at pucrs.gcs.cdl.persistence.DbConnection.createTable(DbConnection.java:53)
	at pucrs.gcs.cdl.persistence.DbConnection.open(DbConnection.java:38)
	at pucrs.gcs.cdl.persistence.DbConnection.queryInsert(DbConnection.java:185)
	at pucrs.gcs.cdl.persistence.DbConnection.createTable(DbConnection.java:53)
	at pucrs.gcs.cdl.persistence.DbConnection.open(DbConnection.java:38)
	at pucrs.gcs.cdl.persistence.DbConnection.queryInsert(DbConnection.java:185)
	at pucrs.gcs.cdl.persistence.DbConnection.createTable(DbConnection.java:53)
	at pucrs.gcs.cdl.persistence.DbConnection.open(DbConnection.java:38)
	at pucrs.gcs.cdl.persistence.DbConnection.queryInsert(DbConnection.java:185)
	at pucrs.gcs.cdl.persistence.DbConnection.createTable(DbConnection.java:53)
	at pucrs.gcs.cdl.persistence.DbConnection.open(DbConnection.java:38)
	at pucrs.gcs.cdl.persistence.DbConnection.queryInsert(DbConnection.java:185)
	at pucrs.gcs.cdl.persistence.DbConnection.createTable(DbConnection.java:53)
	at pucrs.gcs.cdl.persistence.DbConnection.open(DbConnection.java:38)
	at pucrs.gcs.cdl.persistence.DbConnection.queryInsert(DbConnection.java:185)
	at pucrs.gcs.cdl.persistence.DbConnection.createTable(DbConnection.java:53)
	at pucrs.gcs.cdl.persistence.DbConnection.open(DbConnection.java:38)
	at pucrs.gcs.cdl.persistence.DbConnection.queryInsert(DbConnection.java:185)
	at pucrs.gcs.cdl.persistence.DbConnection.createTable(DbConnection.java:53)
	at pucrs.gcs.cdl.persistence.DbConnection.open(DbConnection.java:38)
	at pucrs.gcs.cdl.persistence.DbConnection.queryInsert(DbConnection.java:185)
	at pucrs.gcs.cdl.persistence.DbConnection.createTable(DbConnection.java:53)
	at pucrs.gcs.cdl.persistence.DbConnection.open(DbConnection.java:38)
	at pucrs.gcs.cdl.persistence.DbConnection.queryInsert(DbConnection.java:185)
	at pucrs.gcs.cdl.persistence.DbConnection.createTable(DbConnection.java:53)
	at pucrs.gcs.cdl.persistence.DbConnection.open(DbConnection.java:38)
	at pucrs.gcs.cdl.persistence.DbConnection.queryInsert(DbConnection.java:185)
	at pucrs.gcs.cdl.persistence.DbConnection.createTable(DbConnection.java:53)
	at pucrs.gcs.cdl.persistence.DbConnection.open(DbConnection.java:38)
	at pucrs.gcs.cdl.persistence.DbConnection.queryInsert(DbConnection.java:185)
	at pucrs.gcs.cdl.persistence.DbConnection.createTable(DbConnection.java:53)
	at pucrs.gcs.cdl.persistence.DbConnection.open(DbConnection.java:38)
	at pucrs.gcs.cdl.persistence.DbConnection.queryInsert(DbConnection.java:185)
	at pucrs.gcs.cdl.persistence.DbConnection.createTable(DbConnection.java:53)
	at pucrs.gcs.cdl.persistence.DbConnection.open(DbConnection.java:38)
	at pucrs.gcs.cdl.persistence.DbConnection.queryInsert(DbConnection.java:185)
	at pucrs.gcs.cdl.persistence.DbConnection.createTable(DbConnection.java:53)
	at pucrs.gcs.cdl.persistence.DbConnection.open(DbConnection.java:38)
	at pucrs.gcs.cdl.persistence.DbConnection.queryInsert(DbConnection.java:185)
	at pucrs.gcs.cdl.persistence.DbConnection.createTable(DbConnection.java:53)
	at pucrs.gcs.cdl.persistence.DbConnection.open(DbConnection.java:38)
	at pucrs.gcs.cdl.persistence.DbConnection.queryInsert(DbConnection.java:185)
	at pucrs.gcs.cdl.persistence.DbConnection.createTable(DbConnection.java:53)
	at pucrs.gcs.cdl.persistence.DbConnection.open(DbConnection.java:38)
	at pucrs.gcs.cdl.persistence.DbConnection.queryInsert(DbConnection.java:185)
	at pucrs.gcs.cdl.persistence.DbConnection.createTable(DbConnection.java:53)
	at pucrs.gcs.cdl.persistence.DbConnection.open(DbConnection.java:38)
	at pucrs.gcs.cdl.persistence.DbConnection.queryInsert(DbConnection.java:185)
	at pucrs.gcs.cdl.persistence.DbConnection.createTable(DbConnection.java:53)
	at pucrs.gcs.cdl.persistence.DbConnection.open(DbConnection.java:38)
	at pucrs.gcs.cdl.persistence.DbConnection.queryInsert(DbConnection.java:185)
	at pucrs.gcs.cdl.persistence.DbConnection.createTable(DbConnection.java:53)
	at pucrs.gcs.cdl.persistence.DbConnection.open(DbConnection.java:38)
	at pucrs.gcs.cdl.persistence.DbConnection.queryInsert(DbConnection.java:185)
	at pucrs.gcs.cdl.persistence.DbConnection.createTable(DbConnection.java:53)
	at pucrs.gcs.cdl.persistence.DbConnection.open(DbConnection.java:38)
	at pucrs.gcs.cdl.persistence.DbConnection.queryInsert(DbConnection.java:185)
	at pucrs.gcs.cdl.persistence.DbConnection.createTable(DbConnection.java:53)
	at pucrs.gcs.cdl.persistence.DbConnection.open(DbConnection.java:38)
	at pucrs.gcs.cdl.persistence.DbConnection.queryInsert(DbConnection.java:185)
	at pucrs.gcs.cdl.persistence.DbConnection.createTable(DbConnection.java:53)
	at pucrs.gcs.cdl.persistence.DbConnection.open(DbConnection.java:38)
	at pucrs.gcs.cdl.persistence.DbConnection.queryInsert(DbConnection.java:185)
	at pucrs.gcs.cdl.persistence.DbConnection.createTable(DbConnection.java:53)
	at pucrs.gcs.cdl.persistence.DbConnection.open(DbConnection.java:38)
	at pucrs.gcs.cdl.persistence.DbConnection.queryInsert(DbConnection.java:185)
	at pucrs.gcs.cdl.persistence.DbConnection.createTable(DbConnection.java:53)
	at pucrs.gcs.cdl.persistence.DbConnection.open(DbConnection.java:38)
	at pucrs.gcs.cdl.persistence.DbConnection.queryInsert(DbConnection.java:185)
	at pucrs.gcs.cdl.persistence.DbConnection.createTable(DbConnection.java:53)
	at pucrs.gcs.cdl.persistence.DbConnection.open(DbConnection.java:38)
	at pucrs.gcs.cdl.persistence.DbConnection.queryInsert(DbConnection.java:185)
	at pucrs.gcs.cdl.persistence.DbConnection.createTable(DbConnection.java:53)
	at pucrs.gcs.cdl.persistence.DbConnection.open(DbConnection.java:38)
	at pucrs.gcs.cdl.persistence.DbConnection.queryInsert(DbConnection.java:185)
	at pucrs.gcs.cdl.persistence.DbConnection.createTable(DbConnection.java:53)
	at pucrs.gcs.cdl.persistence.DbConnection.open(DbConnection.java:38)
	at pucrs.gcs.cdl.persistence.DbConnection.queryInsert(DbConnection.java:185)
	at pucrs.gcs.cdl.persistence.DbConnection.createTable(DbConnection.java:53)
	at pucrs.gcs.cdl.persistence.DbConnection.open(DbConnection.java:38)
	at pucrs.gcs.cdl.persistence.DbConnection.queryInsert(DbConnection.java:185)
	at pucrs.gcs.cdl.persistence.DbConnection.createTable(DbConnection.java:53)
	at pucrs.gcs.cdl.persistence.DbConnection.open(DbConnection.java:38)
	at pucrs.gcs.cdl.persistence.DbConnection.queryInsert(DbConnection.java:185)
	at pucrs.gcs.cdl.persistence.DbConnection.createTable(DbConnection.java:53)
	at pucrs.gcs.cdl.persistence.DbConnection.open(DbConnection.java:38)
	at pucrs.gcs.cdl.persistence.DbConnection.queryInsert(DbConnection.java:185)
	at pucrs.gcs.cdl.persistence.DbConnection.createTable(DbConnection.java:53)
	at pucrs.gcs.cdl.persistence.DbConnection.open(DbConnection.java:38)
	at pucrs.gcs.cdl.persistence.DbConnection.queryInsert(DbConnection.java:185)
	at pucrs.gcs.cdl.persistence.DbConnection.createTable(DbConnection.java:53)
	at pucrs.gcs.cdl.persistence.DbConnection.open(DbConnection.java:38)
	at pucrs.gcs.cdl.persistence.DbConnection.queryInsert(DbConnection.java:185)
	at pucrs.gcs.cdl.persistence.DbConnection.createTable(DbConnection.java:53)
	at pucrs.gcs.cdl.persistence.DbConnection.open(DbConnection.java:38)
	at pucrs.gcs.cdl.persistence.DbConnection.queryInsert(DbConnection.java:185)
	at pucrs.gcs.cdl.persistence.DbConnection.createTable(DbConnection.java:53)
	at pucrs.gcs.cdl.persistence.DbConnection.open(DbConnection.java:38)
	at pucrs.gcs.cdl.persistence.DbConnection.queryInsert(DbConnection.java:185)
	at pucrs.gcs.cdl.persistence.DbConnection.createTable(DbConnection.java:53)
	at pucrs.gcs.cdl.persistence.DbConnection.open(DbConnection.java:38)
	at pucrs.gcs.cdl.persistence.DbConnection.queryInsert(DbConnection.java:185)
	at pucrs.gcs.cdl.persistence.DbConnection.createTable(DbConnection.java:53)
	at pucrs.gcs.cdl.persistence.DbConnection.open(DbConnection.java:38)
	at pucrs.gcs.cdl.persistence.DbConnection.queryInsert(DbConnection.java:185)
	at pucrs.gcs.cdl.persistence.DbConnection.createTable(DbConnection.java:53)
	at pucrs.gcs.cdl.persistence.DbConnection.open(DbConnection.java:38)
	at pucrs.gcs.cdl.persistence.DbConnection.queryInsert(DbConnection.java:185)
	at pucrs.gcs.cdl.persistence.DbConnection.createTable(DbConnection.java:53)
	at pucrs.gcs.cdl.persistence.DbConnection.open(DbConnection.java:38)
	at pucrs.gcs.cdl.persistence.DbConnection.queryInsert(DbConnection.java:185)
	at pucrs.gcs.cdl.persistence.DbConnection.createTable(DbConnection.java:53)
	at pucrs.gcs.cdl.persistence.DbConnection.open(DbConnection.java:38)
	at pucrs.gcs.cdl.persistence.DbConnection.queryInsert(DbConnection.java:185)
	at pucrs.gcs.cdl.persistence.DbConnection.createTable(DbConnection.java:53)
	at pucrs.gcs.cdl.persistence.DbConnection.open(DbConnection.java:38)
	at pucrs.gcs.cdl.persistence.DbConnection.queryInsert(DbConnection.java:185)
	at pucrs.gcs.cdl.persistence.DbConnection.createTable(DbConnection.java:53)
	at pucrs.gcs.cdl.persistence.DbConnection.open(DbConnection.java:38)
	at pucrs.gcs.cdl.persistence.DbConnection.queryInsert(DbConnection.java:185)
	at pucrs.gcs.cdl.persistence.DbConnection.createTable(DbConnection.java:53)
	at pucrs.gcs.cdl.persistence.DbConnection.open(DbConnection.java:38)
	at pucrs.gcs.cdl.persistence.DbConnection.queryInsert(DbConnection.java:185)
	at pucrs.gcs.cdl.persistence.DbConnection.createTable(DbConnection.java:53)
	at pucrs.gcs.cdl.persistence.DbConnection.open(DbConnection.java:38)
	at pucrs.gcs.cdl.persistence.DbConnection.queryInsert(DbConnection.java:185)
	at pucrs.gcs.cdl.persistence.DbConnection.createTable(DbConnection.java:53)
	at pucrs.gcs.cdl.persistence.DbConnection.open(DbConnection.java:38)
	at pucrs.gcs.cdl.persistence.DbConnection.queryInsert(DbConnection.java:185)
	at pucrs.gcs.cdl.persistence.DbConnection.createTable(DbConnection.java:53)
	at pucrs.gcs.cdl.persistence.DbConnection.open(DbConnection.java:38)
	at pucrs.gcs.cdl.persistence.DbConnection.queryInsert(DbConnection.java:185)
	at pucrs.gcs.cdl.persistence.DbConnection.createTable(DbConnection.java:53)
	at pucrs.gcs.cdl.persistence.DbConnection.open(DbConnection.java:38)
	at pucrs.gcs.cdl.persistence.DbConnection.queryInsert(DbConnection.java:185)
	at pucrs.gcs.cdl.persistence.DbConnection.createTable(DbConnection.java:53)
	at pucrs.gcs.cdl.persistence.DbConnection.open(DbConnection.java:38)
	at pucrs.gcs.cdl.persistence.DbConnection.queryInsert(DbConnection.java:185)
	at pucrs.gcs.cdl.persistence.DbConnection.createTable(DbConnection.java:53)
	at pucrs.gcs.cdl.persistence.DbConnection.open(DbConnection.java:38)
	at pucrs.gcs.cdl.persistence.DbConnection.queryInsert(DbConnection.java:185)
	at pucrs.gcs.cdl.persistence.DbConnection.createTable(DbConnection.java:53)
	at pucrs.gcs.cdl.persistence.DbConnection.open(DbConnection.java:38)
	at pucrs.gcs.cdl.persistence.DbConnection.queryInsert(DbConnection.java:185)
	at pucrs.gcs.cdl.persistence.DbConnection.createTable(DbConnection.java:53)
	at pucrs.gcs.cdl.persistence.DbConnection.open(DbConnection.java:38)
	at pucrs.gcs.cdl.persistence.DbConnection.queryInsert(DbConnection.java:185)
	at pucrs.gcs.cdl.persistence.DbConnection.createTable(DbConnection.java:53)
	at pucrs.gcs.cdl.persistence.DbConnection.open(DbConnection.java:38)
	at pucrs.gcs.cdl.persistence.DbConnection.queryInsert(DbConnection.java:185)
	at pucrs.gcs.cdl.persistence.DbConnection.createTable(DbConnection.java:53)
	at pucrs.gcs.cdl.persistence.DbConnection.open(DbConnection.java:38)
	at pucrs.gcs.cdl.persistence.DbConnection.queryInsert(DbConnection.java:185)
	at pucrs.gcs.cdl.persistence.DbConnection.createTable(DbConnection.java:53)
	at pucrs.gcs.cdl.persistence.DbConnection.open(DbConnection.java:38)
	at pucrs.gcs.cdl.persistence.DbConnection.queryInsert(DbConnection.java:185)
	at pucrs.gcs.cdl.persistence.DbConnection.createTable(DbConnection.java:53)
	at pucrs.gcs.cdl.persistence.DbConnection.open(DbConnection.java:38)
	at pucrs.gcs.cdl.persistence.DbConnection.queryInsert(DbConnection.java:185)
	at pucrs.gcs.cdl.persistence.DbConnection.createTable(DbConnection.java:53)
	at pucrs.gcs.cdl.persistence.DbConnection.open(DbConnection.java:38)
	at pucrs.gcs.cdl.persistence.DbConnection.queryInsert(DbConnection.java:185)
	at pucrs.gcs.cdl.persistence.DbConnection.createTable(DbConnection.java:53)
	at pucrs.gcs.cdl.persistence.DbConnection.open(DbConnection.java:38)
	at pucrs.gcs.cdl.persistence.DbConnection.queryInsert(DbConnection.java:185)
	at pucrs.gcs.cdl.persistence.DbConnection.createTable(DbConnection.java:53)
	at pucrs.gcs.cdl.persistence.DbConnection.open(DbConnection.java:38)
	at pucrs.gcs.cdl.persistence.DbConnection.queryInsert(DbConnection.java:185)
	at pucrs.gcs.cdl.persistence.DbConnection.createTable(DbConnection.java:53)
	at pucrs.gcs.cdl.persistence.DbConnection.open(DbConnection.java:38)
	at pucrs.gcs.cdl.persistence.DbConnection.queryInsert(DbConnection.java:185)
	at pucrs.gcs.cdl.persistence.DbConnection.createTable(DbConnection.java:53)
	at pucrs.gcs.cdl.persistence.DbConnection.open(DbConnection.java:38)
	at pucrs.gcs.cdl.persistence.DbConnection.queryInsert(DbConnection.java:185)
	at pucrs.gcs.cdl.persistence.DbConnection.createTable(DbConnection.java:53)
	at pucrs.gcs.cdl.persistence.DbConnection.open(DbConnection.java:38)
	at pucrs.gcs.cdl.persistence.DbConnection.queryInsert(DbConnection.java:185)
	at pucrs.gcs.cdl.persistence.DbConnection.createTable(DbConnection.java:53)
	at pucrs.gcs.cdl.persistence.DbConnection.open(DbConnection.java:38)
	at pucrs.gcs.cdl.persistence.DbConnection.queryInsert(DbConnection.java:185)
	at pucrs.gcs.cdl.persistence.DbConnection.createTable(DbConnection.java:53)
	at pucrs.gcs.cdl.persistence.DbConnection.open(DbConnection.java:38)
	at pucrs.gcs.cdl.persistence.DbConnection.queryInsert(DbConnection.java:185)
	at pucrs.gcs.cdl.persistence.DbConnection.createTable(DbConnection.java:53)
	at pucrs.gcs.cdl.persistence.DbConnection.open(DbConnection.java:38)
	at pucrs.gcs.cdl.persistence.DbConnection.queryInsert(DbConnection.java:185)
	at pucrs.gcs.cdl.persistence.DbConnection.createTable(DbConnection.java:53)
	at pucrs.gcs.cdl.persistence.DbConnection.open(DbConnection.java:38)
	at pucrs.gcs.cdl.persistence.DbConnection.queryInsert(DbConnection.java:185)
	at pucrs.gcs.cdl.persistence.DbConnection.createTable(DbConnection.java:53)
	at pucrs.gcs.cdl.persistence.DbConnection.open(DbConnection.java:38)
	at pucrs.gcs.cdl.persistence.DbConnection.queryInsert(DbConnection.java:185)
	at pucrs.gcs.cdl.persistence.DbConnection.createTable(DbConnection.java:53)
	at pucrs.gcs.cdl.persistence.DbConnection.open(DbConnection.java:38)
	at pucrs.gcs.cdl.persistence.DbConnection.queryInsert(DbConnection.java:185)
	at pucrs.gcs.cdl.persistence.DbConnection.createTable(DbConnection.java:53)
	at pucrs.gcs.cdl.persistence.DbConnection.open(DbConnection.java:38)
	at pucrs.gcs.cdl.persistence.DbConnection.queryInsert(DbConnection.java:185)
	at pucrs.gcs.cdl.persistence.DbConnection.createTable(DbConnection.java:53)
	at pucrs.gcs.cdl.persistence.DbConnection.open(DbConnection.java:38)
	at pucrs.gcs.cdl.persistence.DbConnection.queryInsert(DbConnection.java:185)
	at pucrs.gcs.cdl.persistence.DbConnection.createTable(DbConnection.java:53)
	at pucrs.gcs.cdl.persistence.DbConnection.open(DbConnection.java:38)
	at pucrs.gcs.cdl.persistence.DbConnection.queryInsert(DbConnection.java:185)
	at pucrs.gcs.cdl.persistence.DbConnection.createTable(DbConnection.java:53)
	at pucrs.gcs.cdl.persistence.DbConnection.open(DbConnection.java:38)
	at pucrs.gcs.cdl.persistence.DbConnection.queryInsert(DbConnection.java:185)
	at pucrs.gcs.cdl.persistence.DbConnection.createTable(DbConnection.java:53)
	at pucrs.gcs.cdl.persistence.DbConnection.open(DbConnection.java:38)
	at pucrs.gcs.cdl.persistence.DbConnection.queryInsert(DbConnection.java:185)
	at pucrs.gcs.cdl.persistence.DbConnection.createTable(DbConnection.java:53)
	at pucrs.gcs.cdl.persistence.DbConnection.open(DbConnection.java:38)
	at pucrs.gcs.cdl.persistence.DbConnection.queryInsert(DbConnection.java:185)
	at pucrs.gcs.cdl.persistence.DbConnection.createTable(DbConnection.java:53)
	at pucrs.gcs.cdl.persistence.DbConnection.open(DbConnection.java:38)
	at pucrs.gcs.cdl.persistence.DbConnection.queryInsert(DbConnection.java:185)
	at pucrs.gcs.cdl.persistence.DbConnection.createTable(DbConnection.java:53)
	at pucrs.gcs.cdl.persistence.DbConnection.open(DbConnection.java:38)
	at pucrs.gcs.cdl.persistence.DbConnection.queryInsert(DbConnection.java:185)
	at pucrs.gcs.cdl.persistence.DbConnection.createTable(DbConnection.java:53)
	at pucrs.gcs.cdl.persistence.DbConnection.open(DbConnection.java:38)
	at pucrs.gcs.cdl.persistence.DbConnection.queryInsert(DbConnection.java:185)
	at pucrs.gcs.cdl.persistence.DbConnection.createTable(DbConnection.java:53)
	at pucrs.gcs.cdl.persistence.DbConnection.open(DbConnection.java:38)
	at pucrs.gcs.cdl.persistence.DbConnection.queryInsert(DbConnection.java:185)
	at pucrs.gcs.cdl.persistence.DbConnection.createTable(DbConnection.java:53)
	at pucrs.gcs.cdl.persistence.DbConnection.open(DbConnection.java:38)
	at pucrs.gcs.cdl.persistence.DbConnection.queryInsert(DbConnection.java:185)
	at pucrs.gcs.cdl.persistence.DbConnection.createTable(DbConnection.java:53)
	at pucrs.gcs.cdl.persistence.DbConnection.open(DbConnection.java:38)
	at pucrs.gcs.cdl.persistence.DbConnection.queryInsert(DbConnection.java:185)
	at pucrs.gcs.cdl.persistence.DbConnection.createTable(DbConnection.java:53)
	at pucrs.gcs.cdl.persistence.DbConnection.open(DbConnection.java:38)
	at pucrs.gcs.cdl.persistence.DbConnection.queryInsert(DbConnection.java:185)
	at pucrs.gcs.cdl.persistence.DbConnection.createTable(DbConnection.java:53)
	at pucrs.gcs.cdl.persistence.DbConnection.open(DbConnection.java:38)
	at pucrs.gcs.cdl.persistence.DbConnection.queryInsert(DbConnection.java:185)
	at pucrs.gcs.cdl.persistence.DbConnection.createTable(DbConnection.java:53)
	at pucrs.gcs.cdl.persistence.DbConnection.open(DbConnection.java:38)
	at pucrs.gcs.cdl.persistence.DbConnection.queryInsert(DbConnection.java:185)
	at pucrs.gcs.cdl.persistence.DbConnection.createTable(DbConnection.java:53)
	at pucrs.gcs.cdl.persistence.DbConnection.open(DbConnection.java:38)
	at pucrs.gcs.cdl.persistence.DbConnection.queryInsert(DbConnection.java:185)
	at pucrs.gcs.cdl.persistence.DbConnection.createTable(DbConnection.java:53)
	at pucrs.gcs.cdl.persistence.DbConnection.open(DbConnection.java:38)
	at pucrs.gcs.cdl.persistence.DbConnection.queryInsert(DbConnection.java:185)
	at pucrs.gcs.cdl.persistence.DbConnection.createTable(DbConnection.java:53)
	at pucrs.gcs.cdl.persistence.DbConnection.open(DbConnection.java:38)
	at pucrs.gcs.cdl.persistence.DbConnection.queryInsert(DbConnection.java:185)
	at pucrs.gcs.cdl.persistence.DbConnection.createTable(DbConnection.java:53)
	at pucrs.gcs.cdl.persistence.DbConnection.open(DbConnection.java:38)
	at pucrs.gcs.cdl.persistence.DbConnection.queryInsert(DbConnection.java:185)
	at pucrs.gcs.cdl.persistence.DbConnection.createTable(DbConnection.java:53)
	at pucrs.gcs.cdl.persistence.DbConnection.open(DbConnection.java:38)
	at pucrs.gcs.cdl.persistence.DbConnection.queryInsert(DbConnection.java:185)
	at pucrs.gcs.cdl.persistence.DbConnection.createTable(DbConnection.java:53)
	at pucrs.gcs.cdl.persistence.DbConnection.open(DbConnection.java:38)
	at pucrs.gcs.cdl.persistence.DbConnection.queryInsert(DbConnection.java:185)
	at pucrs.gcs.cdl.persistence.DbConnection.createTable(DbConnection.java:53)
	at pucrs.gcs.cdl.persistence.DbConnection.open(DbConnection.java:38)
	at pucrs.gcs.cdl.persistence.DbConnection.queryInsert(DbConnection.java:185)
	at pucrs.gcs.cdl.persistence.DbConnection.createTable(DbConnection.java:53)
	at pucrs.gcs.cdl.persistence.DbConnection.open(DbConnection.java:38)
	at pucrs.gcs.cdl.persistence.DbConnection.queryInsert(DbConnection.java:185)
	at pucrs.gcs.cdl.persistence.DbConnection.createTable(DbConnection.java:53)
	at pucrs.gcs.cdl.persistence.DbConnection.open(DbConnection.java:38)
	at pucrs.gcs.cdl.persistence.DbConnection.queryInsert(DbConnection.java:185)
	at pucrs.gcs.cdl.persistence.DbConnection.createTable(DbConnection.java:53)
	at pucrs.gcs.cdl.persistence.DbConnection.open(DbConnection.java:38)
	at pucrs.gcs.cdl.persistence.DbConnection.queryInsert(DbConnection.java:185)
	at pucrs.gcs.cdl.persistence.DbConnection.createTable(DbConnection.java:53)
	at pucrs.gcs.cdl.persistence.DbConnection.open(DbConnection.java:38)
	at pucrs.gcs.cdl.persistence.DbConnection.queryInsert(DbConnection.java:185)
	at pucrs.gcs.cdl.persistence.DbConnection.createTable(DbConnection.java:53)
	at pucrs.gcs.cdl.persistence.DbConnection.open(DbConnection.java:38)
	at pucrs.gcs.cdl.persistence.DbConnection.queryInsert(DbConnection.java:185)
	at pucrs.gcs.cdl.persistence.DbConnection.createTable(DbConnection.java:53)
	at pucrs.gcs.cdl.persistence.DbConnection.open(DbConnection.java:38)
	at pucrs.gcs.cdl.persistence.DbConnection.queryInsert(DbConnection.java:185)
	at pucrs.gcs.cdl.persistence.DbConnection.createTable(DbConnection.java:53)
	at pucrs.gcs.cdl.persistence.DbConnection.open(DbConnection.java:38)
	at pucrs.gcs.cdl.persistence.DbConnection.queryInsert(DbConnection.java:185)
	at pucrs.gcs.cdl.persistence.DbConnection.createTable(DbConnection.java:53)
	at pucrs.gcs.cdl.persistence.DbConnection.open(DbConnection.java:38)
	at pucrs.gcs.cdl.persistence.DbConnection.queryInsert(DbConnection.java:185)
	at pucrs.gcs.cdl.persistence.DbConnection.createTable(DbConnection.java:53)
	at pucrs.gcs.cdl.persistence.DbConnection.open(DbConnection.java:38)
	at pucrs.gcs.cdl.persistence.DbConnection.queryInsert(DbConnection.java:185)
	at pucrs.gcs.cdl.persistence.DbConnection.createTable(DbConnection.java:53)
	at pucrs.gcs.cdl.persistence.DbConnection.open(DbConnection.java:38)
	at pucrs.gcs.cdl.persistence.DbConnection.queryInsert(DbConnection.java:185)
	at pucrs.gcs.cdl.persistence.DbConnection.createTable(DbConnection.java:53)
	at pucrs.gcs.cdl.persistence.DbConnection.open(DbConnection.java:38)
	at pucrs.gcs.cdl.persistence.DbConnection.queryInsert(DbConnection.java:185)
	at pucrs.gcs.cdl.persistence.DbConnection.createTable(DbConnection.java:53)
	at pucrs.gcs.cdl.persistence.DbConnection.open(DbConnection.java:38)
	at pucrs.gcs.cdl.persistence.DbConnection.queryInsert(DbConnection.java:185)
	at pucrs.gcs.cdl.persistence.DbConnection.createTable(DbConnection.java:53)
	at pucrs.gcs.cdl.persistence.DbConnection.open(DbConnection.java:38)
	at pucrs.gcs.cdl.persistence.DbConnection.queryInsert(DbConnection.java:185)
	at pucrs.gcs.cdl.persistence.DbConnection.createTable(DbConnection.java:53)
	at pucrs.gcs.cdl.persistence.DbConnection.open(DbConnection.java:38)
	at pucrs.gcs.cdl.persistence.DbConnection.queryInsert(DbConnection.java:185)
	at pucrs.gcs.cdl.persistence.DbConnection.createTable(DbConnection.java:53)
	at pucrs.gcs.cdl.persistence.DbConnection.open(DbConnection.java:38)
	at pucrs.gcs.cdl.persistence.DbConnection.queryInsert(DbConnection.java:185)
	at pucrs.gcs.cdl.persistence.DbConnection.createTable(DbConnection.java:53)
	at pucrs.gcs.cdl.persistence.DbConnection.open(DbConnection.java:38)
	at pucrs.gcs.cdl.persistence.DbConnection.queryInsert(DbConnection.java:185)
	at pucrs.gcs.cdl.persistence.DbConnection.createTable(DbConnection.java:53)
	at pucrs.gcs.cdl.persistence.DbConnection.open(DbConnection.java:38)
	at pucrs.gcs.cdl.persistence.DbConnection.queryInsert(DbConnection.java:185)
	at pucrs.gcs.cdl.persistence.DbConnection.createTable(DbConnection.java:53)
	at pucrs.gcs.cdl.persistence.DbConnection.open(DbConnection.java:38)
	at pucrs.gcs.cdl.persistence.DbConnection.queryInsert(DbConnection.java:185)
	at pucrs.gcs.cdl.persistence.DbConnection.createTable(DbConnection.java:53)
	at pucrs.gcs.cdl.persistence.DbConnection.open(DbConnection.java:38)
	at pucrs.gcs.cdl.persistence.DbConnection.queryInsert(DbConnection.java:185)
	at pucrs.gcs.cdl.persistence.DbConnection.createTable(DbConnection.java:53)
	at pucrs.gcs.cdl.persistence.DbConnection.open(DbConnection.java:38)
	at pucrs.gcs.cdl.persistence.DbConnection.queryInsert(DbConnection.java:185)
	at pucrs.gcs.cdl.persistence.DbConnection.createTable(DbConnection.java:53)
	at pucrs.gcs.cdl.persistence.DbConnection.open(DbConnection.java:38)
	at pucrs.gcs.cdl.persistence.DbConnection.queryInsert(DbConnection.java:185)
	at pucrs.gcs.cdl.persistence.DbConnection.createTable(DbConnection.java:53)
	at pucrs.gcs.cdl.persistence.DbConnection.open(DbConnection.java:38)
	at pucrs.gcs.cdl.persistence.DbConnection.queryInsert(DbConnection.java:185)
	at pucrs.gcs.cdl.persistence.DbConnection.createTable(DbConnection.java:53)
	at pucrs.gcs.cdl.persistence.DbConnection.open(DbConnection.java:38)
	at pucrs.gcs.cdl.persistence.DbConnection.queryInsert(DbConnection.java:185)
	at pucrs.gcs.cdl.persistence.DbConnection.createTable(DbConnection.java:53)
	at pucrs.gcs.cdl.persistence.DbConnection.open(DbConnection.java:38)
	at pucrs.gcs.cdl.persistence.DbConnection.queryInsert(DbConnection.java:185)
	at pucrs.gcs.cdl.persistence.DbConnection.createTable(DbConnection.java:53)
	at pucrs.gcs.cdl.persistence.DbConnection.open(DbConnection.java:38)
	at pucrs.gcs.cdl.persistence.DbConnection.queryInsert(DbConnection.java:185)
	at pucrs.gcs.cdl.persistence.DbConnection.createTable(DbConnection.java:53)
	at pucrs.gcs.cdl.persistence.DbConnection.open(DbConnection.java:38)
	at pucrs.gcs.cdl.persistence.DbConnection.queryInsert(DbConnection.java:185)
	at pucrs.gcs.cdl.persistence.DbConnection.createTable(DbConnection.java:53)
	at pucrs.gcs.cdl.persistence.DbConnection.open(DbConnection.java:38)
	at pucrs.gcs.cdl.persistence.DbConnection.queryInsert(DbConnection.java:185)
	at pucrs.gcs.cdl.persistence.DbConnection.createTable(DbConnection.java:53)
	at pucrs.gcs.cdl.persistence.DbConnection.open(DbConnection.java:38)
	at pucrs.gcs.cdl.persistence.DbConnection.queryInsert(DbConnection.java:185)
	at pucrs.gcs.cdl.persistence.DbConnection.createTable(DbConnection.java:53)
	at pucrs.gcs.cdl.persistence.DbConnection.open(DbConnection.java:38)
	at pucrs.gcs.cdl.persistence.DbConnection.queryInsert(DbConnection.java:185)
	at pucrs.gcs.cdl.persistence.DbConnection.createTable(DbConnection.java:53)
	at pucrs.gcs.cdl.persistence.DbConnection.open(DbConnection.java:38)
	at pucrs.gcs.cdl.persistence.DbConnection.queryInsert(DbConnection.java:185)
	at pucrs.gcs.cdl.persistence.DbConnection.createTable(DbConnection.java:53)
	at pucrs.gcs.cdl.persistence.DbConnection.open(DbConnection.java:38)
	at pucrs.gcs.cdl.persistence.DbConnection.queryInsert(DbConnection.java:185)
</error>
  </testcase>
  <testcase classname="BarControllerTest" name="clienteEstaNoBar" time="4.891">
    <error type="java.lang.StackOverflowError">java.lang.StackOverflowError
	at org.h2.message.DbException.convert(DbException.java:296)
	at org.h2.command.Command.executeQuery(Command.java:216)
	at org.h2.jdbc.JdbcPreparedStatement.executeQuery(JdbcPreparedStatement.java:114)
	at org.h2.jdbc.JdbcDatabaseMetaData.getTables(JdbcDatabaseMetaData.java:224)
	at pucrs.gcs.cdl.persistence.DbConnection.tableExists(DbConnection.java:48)
	at pucrs.gcs.cdl.persistence.DbConnection.open(DbConnection.java:37)
	at pucrs.gcs.cdl.persistence.DbConnection.queryInsert(DbConnection.java:185)
	at pucrs.gcs.cdl.persistence.DbConnection.createTable(DbConnection.java:53)
	at pucrs.gcs.cdl.persistence.DbConnection.open(DbConnection.java:38)
	at pucrs.gcs.cdl.persistence.DbConnection.queryInsert(DbConnection.java:185)
	at pucrs.gcs.cdl.persistence.DbConnection.createTable(DbConnection.java:53)
	at pucrs.gcs.cdl.persistence.DbConnection.open(DbConnection.java:38)
	at pucrs.gcs.cdl.persistence.DbConnection.queryInsert(DbConnection.java:185)
	at pucrs.gcs.cdl.persistence.DbConnection.createTable(DbConnection.java:53)
	at pucrs.gcs.cdl.persistence.DbConnection.open(DbConnection.java:38)
	at pucrs.gcs.cdl.persistence.DbConnection.queryInsert(DbConnection.java:185)
	at pucrs.gcs.cdl.persistence.DbConnection.createTable(DbConnection.java:53)
	at pucrs.gcs.cdl.persistence.DbConnection.open(DbConnection.java:38)
	at pucrs.gcs.cdl.persistence.DbConnection.queryInsert(DbConnection.java:185)
	at pucrs.gcs.cdl.persistence.DbConnection.createTable(DbConnection.java:53)
	at pucrs.gcs.cdl.persistence.DbConnection.open(DbConnection.java:38)
	at pucrs.gcs.cdl.persistence.DbConnection.queryInsert(DbConnection.java:185)
	at pucrs.gcs.cdl.persistence.DbConnection.createTable(DbConnection.java:53)
	at pucrs.gcs.cdl.persistence.DbConnection.open(DbConnection.java:38)
	at pucrs.gcs.cdl.persistence.DbConnection.queryInsert(DbConnection.java:185)
	at pucrs.gcs.cdl.persistence.DbConnection.createTable(DbConnection.java:53)
	at pucrs.gcs.cdl.persistence.DbConnection.open(DbConnection.java:38)
	at pucrs.gcs.cdl.persistence.DbConnection.queryInsert(DbConnection.java:185)
	at pucrs.gcs.cdl.persistence.DbConnection.createTable(DbConnection.java:53)
	at pucrs.gcs.cdl.persistence.DbConnection.open(DbConnection.java:38)
	at pucrs.gcs.cdl.persistence.DbConnection.queryInsert(DbConnection.java:185)
	at pucrs.gcs.cdl.persistence.DbConnection.createTable(DbConnection.java:53)
	at pucrs.gcs.cdl.persistence.DbConnection.open(DbConnection.java:38)
	at pucrs.gcs.cdl.persistence.DbConnection.queryInsert(DbConnection.java:185)
	at pucrs.gcs.cdl.persistence.DbConnection.createTable(DbConnection.java:53)
	at pucrs.gcs.cdl.persistence.DbConnection.open(DbConnection.java:38)
	at pucrs.gcs.cdl.persistence.DbConnection.queryInsert(DbConnection.java:185)
	at pucrs.gcs.cdl.persistence.DbConnection.createTable(DbConnection.java:53)
	at pucrs.gcs.cdl.persistence.DbConnection.open(DbConnection.java:38)
	at pucrs.gcs.cdl.persistence.DbConnection.queryInsert(DbConnection.java:185)
	at pucrs.gcs.cdl.persistence.DbConnection.createTable(DbConnection.java:53)
	at pucrs.gcs.cdl.persistence.DbConnection.open(DbConnection.java:38)
	at pucrs.gcs.cdl.persistence.DbConnection.queryInsert(DbConnection.java:185)
	at pucrs.gcs.cdl.persistence.DbConnection.createTable(DbConnection.java:53)
	at pucrs.gcs.cdl.persistence.DbConnection.open(DbConnection.java:38)
	at pucrs.gcs.cdl.persistence.DbConnection.queryInsert(DbConnection.java:185)
	at pucrs.gcs.cdl.persistence.DbConnection.createTable(DbConnection.java:53)
	at pucrs.gcs.cdl.persistence.DbConnection.open(DbConnection.java:38)
	at pucrs.gcs.cdl.persistence.DbConnection.queryInsert(DbConnection.java:185)
	at pucrs.gcs.cdl.persistence.DbConnection.createTable(DbConnection.java:53)
	at pucrs.gcs.cdl.persistence.DbConnection.open(DbConnection.java:38)
	at pucrs.gcs.cdl.persistence.DbConnection.queryInsert(DbConnection.java:185)
	at pucrs.gcs.cdl.persistence.DbConnection.createTable(DbConnection.java:53)
	at pucrs.gcs.cdl.persistence.DbConnection.open(DbConnection.java:38)
	at pucrs.gcs.cdl.persistence.DbConnection.queryInsert(DbConnection.java:185)
	at pucrs.gcs.cdl.persistence.DbConnection.createTable(DbConnection.java:53)
	at pucrs.gcs.cdl.persistence.DbConnection.open(DbConnection.java:38)
	at pucrs.gcs.cdl.persistence.DbConnection.queryInsert(DbConnection.java:185)
	at pucrs.gcs.cdl.persistence.DbConnection.createTable(DbConnection.java:53)
	at pucrs.gcs.cdl.persistence.DbConnection.open(DbConnection.java:38)
	at pucrs.gcs.cdl.persistence.DbConnection.queryInsert(DbConnection.java:185)
	at pucrs.gcs.cdl.persistence.DbConnection.createTable(DbConnection.java:53)
	at pucrs.gcs.cdl.persistence.DbConnection.open(DbConnection.java:38)
	at pucrs.gcs.cdl.persistence.DbConnection.queryInsert(DbConnection.java:185)
	at pucrs.gcs.cdl.persistence.DbConnection.createTable(DbConnection.java:53)
	at pucrs.gcs.cdl.persistence.DbConnection.open(DbConnection.java:38)
	at pucrs.gcs.cdl.persistence.DbConnection.queryInsert(DbConnection.java:185)
	at pucrs.gcs.cdl.persistence.DbConnection.createTable(DbConnection.java:53)
	at pucrs.gcs.cdl.persistence.DbConnection.open(DbConnection.java:38)
	at pucrs.gcs.cdl.persistence.DbConnection.queryInsert(DbConnection.java:185)
	at pucrs.gcs.cdl.persistence.DbConnection.createTable(DbConnection.java:53)
	at pucrs.gcs.cdl.persistence.DbConnection.open(DbConnection.java:38)
	at pucrs.gcs.cdl.persistence.DbConnection.queryInsert(DbConnection.java:185)
	at pucrs.gcs.cdl.persistence.DbConnection.createTable(DbConnection.java:53)
	at pucrs.gcs.cdl.persistence.DbConnection.open(DbConnection.java:38)
	at pucrs.gcs.cdl.persistence.DbConnection.queryInsert(DbConnection.java:185)
	at pucrs.gcs.cdl.persistence.DbConnection.createTable(DbConnection.java:53)
	at pucrs.gcs.cdl.persistence.DbConnection.open(DbConnection.java:38)
	at pucrs.gcs.cdl.persistence.DbConnection.queryInsert(DbConnection.java:185)
	at pucrs.gcs.cdl.persistence.DbConnection.createTable(DbConnection.java:53)
	at pucrs.gcs.cdl.persistence.DbConnection.open(DbConnection.java:38)
	at pucrs.gcs.cdl.persistence.DbConnection.queryInsert(DbConnection.java:185)
	at pucrs.gcs.cdl.persistence.DbConnection.createTable(DbConnection.java:53)
	at pucrs.gcs.cdl.persistence.DbConnection.open(DbConnection.java:38)
	at pucrs.gcs.cdl.persistence.DbConnection.queryInsert(DbConnection.java:185)
	at pucrs.gcs.cdl.persistence.DbConnection.createTable(DbConnection.java:53)
	at pucrs.gcs.cdl.persistence.DbConnection.open(DbConnection.java:38)
	at pucrs.gcs.cdl.persistence.DbConnection.queryInsert(DbConnection.java:185)
	at pucrs.gcs.cdl.persistence.DbConnection.createTable(DbConnection.java:53)
	at pucrs.gcs.cdl.persistence.DbConnection.open(DbConnection.java:38)
	at pucrs.gcs.cdl.persistence.DbConnection.queryInsert(DbConnection.java:185)
	at pucrs.gcs.cdl.persistence.DbConnection.createTable(DbConnection.java:53)
	at pucrs.gcs.cdl.persistence.DbConnection.open(DbConnection.java:38)
	at pucrs.gcs.cdl.persistence.DbConnection.queryInsert(DbConnection.java:185)
	at pucrs.gcs.cdl.persistence.DbConnection.createTable(DbConnection.java:53)
	at pucrs.gcs.cdl.persistence.DbConnection.open(DbConnection.java:38)
	at pucrs.gcs.cdl.persistence.DbConnection.queryInsert(DbConnection.java:185)
	at pucrs.gcs.cdl.persistence.DbConnection.createTable(DbConnection.java:53)
	at pucrs.gcs.cdl.persistence.DbConnection.open(DbConnection.java:38)
	at pucrs.gcs.cdl.persistence.DbConnection.queryInsert(DbConnection.java:185)
	at pucrs.gcs.cdl.persistence.DbConnection.createTable(DbConnection.java:53)
	at pucrs.gcs.cdl.persistence.DbConnection.open(DbConnection.java:38)
	at pucrs.gcs.cdl.persistence.DbConnection.queryInsert(DbConnection.java:185)
	at pucrs.gcs.cdl.persistence.DbConnection.createTable(DbConnection.java:53)
	at pucrs.gcs.cdl.persistence.DbConnection.open(DbConnection.java:38)
	at pucrs.gcs.cdl.persistence.DbConnection.queryInsert(DbConnection.java:185)
	at pucrs.gcs.cdl.persistence.DbConnection.createTable(DbConnection.java:53)
	at pucrs.gcs.cdl.persistence.DbConnection.open(DbConnection.java:38)
	at pucrs.gcs.cdl.persistence.DbConnection.queryInsert(DbConnection.java:185)
	at pucrs.gcs.cdl.persistence.DbConnection.createTable(DbConnection.java:53)
	at pucrs.gcs.cdl.persistence.DbConnection.open(DbConnection.java:38)
	at pucrs.gcs.cdl.persistence.DbConnection.queryInsert(DbConnection.java:185)
	at pucrs.gcs.cdl.persistence.DbConnection.createTable(DbConnection.java:53)
	at pucrs.gcs.cdl.persistence.DbConnection.open(DbConnection.java:38)
	at pucrs.gcs.cdl.persistence.DbConnection.queryInsert(DbConnection.java:185)
	at pucrs.gcs.cdl.persistence.DbConnection.createTable(DbConnection.java:53)
	at pucrs.gcs.cdl.persistence.DbConnection.open(DbConnection.java:38)
	at pucrs.gcs.cdl.persistence.DbConnection.queryInsert(DbConnection.java:185)
	at pucrs.gcs.cdl.persistence.DbConnection.createTable(DbConnection.java:53)
	at pucrs.gcs.cdl.persistence.DbConnection.open(DbConnection.java:38)
	at pucrs.gcs.cdl.persistence.DbConnection.queryInsert(DbConnection.java:185)
	at pucrs.gcs.cdl.persistence.DbConnection.createTable(DbConnection.java:53)
	at pucrs.gcs.cdl.persistence.DbConnection.open(DbConnection.java:38)
	at pucrs.gcs.cdl.persistence.DbConnection.queryInsert(DbConnection.java:185)
	at pucrs.gcs.cdl.persistence.DbConnection.createTable(DbConnection.java:53)
	at pucrs.gcs.cdl.persistence.DbConnection.open(DbConnection.java:38)
	at pucrs.gcs.cdl.persistence.DbConnection.queryInsert(DbConnection.java:185)
	at pucrs.gcs.cdl.persistence.DbConnection.createTable(DbConnection.java:53)
	at pucrs.gcs.cdl.persistence.DbConnection.open(DbConnection.java:38)
	at pucrs.gcs.cdl.persistence.DbConnection.queryInsert(DbConnection.java:185)
	at pucrs.gcs.cdl.persistence.DbConnection.createTable(DbConnection.java:53)
	at pucrs.gcs.cdl.persistence.DbConnection.open(DbConnection.java:38)
	at pucrs.gcs.cdl.persistence.DbConnection.queryInsert(DbConnection.java:185)
	at pucrs.gcs.cdl.persistence.DbConnection.createTable(DbConnection.java:53)
	at pucrs.gcs.cdl.persistence.DbConnection.open(DbConnection.java:38)
	at pucrs.gcs.cdl.persistence.DbConnection.queryInsert(DbConnection.java:185)
	at pucrs.gcs.cdl.persistence.DbConnection.createTable(DbConnection.java:53)
	at pucrs.gcs.cdl.persistence.DbConnection.open(DbConnection.java:38)
	at pucrs.gcs.cdl.persistence.DbConnection.queryInsert(DbConnection.java:185)
	at pucrs.gcs.cdl.persistence.DbConnection.createTable(DbConnection.java:53)
	at pucrs.gcs.cdl.persistence.DbConnection.open(DbConnection.java:38)
	at pucrs.gcs.cdl.persistence.DbConnection.queryInsert(DbConnection.java:185)
	at pucrs.gcs.cdl.persistence.DbConnection.createTable(DbConnection.java:53)
	at pucrs.gcs.cdl.persistence.DbConnection.open(DbConnection.java:38)
	at pucrs.gcs.cdl.persistence.DbConnection.queryInsert(DbConnection.java:185)
	at pucrs.gcs.cdl.persistence.DbConnection.createTable(DbConnection.java:53)
	at pucrs.gcs.cdl.persistence.DbConnection.open(DbConnection.java:38)
	at pucrs.gcs.cdl.persistence.DbConnection.queryInsert(DbConnection.java:185)
	at pucrs.gcs.cdl.persistence.DbConnection.createTable(DbConnection.java:53)
	at pucrs.gcs.cdl.persistence.DbConnection.open(DbConnection.java:38)
	at pucrs.gcs.cdl.persistence.DbConnection.queryInsert(DbConnection.java:185)
	at pucrs.gcs.cdl.persistence.DbConnection.createTable(DbConnection.java:53)
	at pucrs.gcs.cdl.persistence.DbConnection.open(DbConnection.java:38)
	at pucrs.gcs.cdl.persistence.DbConnection.queryInsert(DbConnection.java:185)
	at pucrs.gcs.cdl.persistence.DbConnection.createTable(DbConnection.java:53)
	at pucrs.gcs.cdl.persistence.DbConnection.open(DbConnection.java:38)
	at pucrs.gcs.cdl.persistence.DbConnection.queryInsert(DbConnection.java:185)
	at pucrs.gcs.cdl.persistence.DbConnection.createTable(DbConnection.java:53)
	at pucrs.gcs.cdl.persistence.DbConnection.open(DbConnection.java:38)
	at pucrs.gcs.cdl.persistence.DbConnection.queryInsert(DbConnection.java:185)
	at pucrs.gcs.cdl.persistence.DbConnection.createTable(DbConnection.java:53)
	at pucrs.gcs.cdl.persistence.DbConnection.open(DbConnection.java:38)
	at pucrs.gcs.cdl.persistence.DbConnection.queryInsert(DbConnection.java:185)
	at pucrs.gcs.cdl.persistence.DbConnection.createTable(DbConnection.java:53)
	at pucrs.gcs.cdl.persistence.DbConnection.open(DbConnection.java:38)
	at pucrs.gcs.cdl.persistence.DbConnection.queryInsert(DbConnection.java:185)
	at pucrs.gcs.cdl.persistence.DbConnection.createTable(DbConnection.java:53)
	at pucrs.gcs.cdl.persistence.DbConnection.open(DbConnection.java:38)
	at pucrs.gcs.cdl.persistence.DbConnection.queryInsert(DbConnection.java:185)
	at pucrs.gcs.cdl.persistence.DbConnection.createTable(DbConnection.java:53)
	at pucrs.gcs.cdl.persistence.DbConnection.open(DbConnection.java:38)
	at pucrs.gcs.cdl.persistence.DbConnection.queryInsert(DbConnection.java:185)
	at pucrs.gcs.cdl.persistence.DbConnection.createTable(DbConnection.java:53)
	at pucrs.gcs.cdl.persistence.DbConnection.open(DbConnection.java:38)
	at pucrs.gcs.cdl.persistence.DbConnection.queryInsert(DbConnection.java:185)
	at pucrs.gcs.cdl.persistence.DbConnection.createTable(DbConnection.java:53)
	at pucrs.gcs.cdl.persistence.DbConnection.open(DbConnection.java:38)
	at pucrs.gcs.cdl.persistence.DbConnection.queryInsert(DbConnection.java:185)
	at pucrs.gcs.cdl.persistence.DbConnection.createTable(DbConnection.java:53)
	at pucrs.gcs.cdl.persistence.DbConnection.open(DbConnection.java:38)
	at pucrs.gcs.cdl.persistence.DbConnection.queryInsert(DbConnection.java:185)
	at pucrs.gcs.cdl.persistence.DbConnection.createTable(DbConnection.java:53)
	at pucrs.gcs.cdl.persistence.DbConnection.open(DbConnection.java:38)
	at pucrs.gcs.cdl.persistence.DbConnection.queryInsert(DbConnection.java:185)
	at pucrs.gcs.cdl.persistence.DbConnection.createTable(DbConnection.java:53)
	at pucrs.gcs.cdl.persistence.DbConnection.open(DbConnection.java:38)
	at pucrs.gcs.cdl.persistence.DbConnection.queryInsert(DbConnection.java:185)
	at pucrs.gcs.cdl.persistence.DbConnection.createTable(DbConnection.java:53)
	at pucrs.gcs.cdl.persistence.DbConnection.open(DbConnection.java:38)
	at pucrs.gcs.cdl.persistence.DbConnection.queryInsert(DbConnection.java:185)
	at pucrs.gcs.cdl.persistence.DbConnection.createTable(DbConnection.java:53)
	at pucrs.gcs.cdl.persistence.DbConnection.open(DbConnection.java:38)
	at pucrs.gcs.cdl.persistence.DbConnection.queryInsert(DbConnection.java:185)
	at pucrs.gcs.cdl.persistence.DbConnection.createTable(DbConnection.java:53)
	at pucrs.gcs.cdl.persistence.DbConnection.open(DbConnection.java:38)
	at pucrs.gcs.cdl.persistence.DbConnection.queryInsert(DbConnection.java:185)
	at pucrs.gcs.cdl.persistence.DbConnection.createTable(DbConnection.java:53)
	at pucrs.gcs.cdl.persistence.DbConnection.open(DbConnection.java:38)
	at pucrs.gcs.cdl.persistence.DbConnection.queryInsert(DbConnection.java:185)
	at pucrs.gcs.cdl.persistence.DbConnection.createTable(DbConnection.java:53)
	at pucrs.gcs.cdl.persistence.DbConnection.open(DbConnection.java:38)
	at pucrs.gcs.cdl.persistence.DbConnection.queryInsert(DbConnection.java:185)
	at pucrs.gcs.cdl.persistence.DbConnection.createTable(DbConnection.java:53)
	at pucrs.gcs.cdl.persistence.DbConnection.open(DbConnection.java:38)
	at pucrs.gcs.cdl.persistence.DbConnection.queryInsert(DbConnection.java:185)
	at pucrs.gcs.cdl.persistence.DbConnection.createTable(DbConnection.java:53)
	at pucrs.gcs.cdl.persistence.DbConnection.open(DbConnection.java:38)
	at pucrs.gcs.cdl.persistence.DbConnection.queryInsert(DbConnection.java:185)
	at pucrs.gcs.cdl.persistence.DbConnection.createTable(DbConnection.java:53)
	at pucrs.gcs.cdl.persistence.DbConnection.open(DbConnection.java:38)
	at pucrs.gcs.cdl.persistence.DbConnection.queryInsert(DbConnection.java:185)
	at pucrs.gcs.cdl.persistence.DbConnection.createTable(DbConnection.java:53)
	at pucrs.gcs.cdl.persistence.DbConnection.open(DbConnection.java:38)
	at pucrs.gcs.cdl.persistence.DbConnection.queryInsert(DbConnection.java:185)
	at pucrs.gcs.cdl.persistence.DbConnection.createTable(DbConnection.java:53)
	at pucrs.gcs.cdl.persistence.DbConnection.open(DbConnection.java:38)
	at pucrs.gcs.cdl.persistence.DbConnection.queryInsert(DbConnection.java:185)
	at pucrs.gcs.cdl.persistence.DbConnection.createTable(DbConnection.java:53)
	at pucrs.gcs.cdl.persistence.DbConnection.open(DbConnection.java:38)
	at pucrs.gcs.cdl.persistence.DbConnection.queryInsert(DbConnection.java:185)
	at pucrs.gcs.cdl.persistence.DbConnection.createTable(DbConnection.java:53)
	at pucrs.gcs.cdl.persistence.DbConnection.open(DbConnection.java:38)
	at pucrs.gcs.cdl.persistence.DbConnection.queryInsert(DbConnection.java:185)
	at pucrs.gcs.cdl.persistence.DbConnection.createTable(DbConnection.java:53)
	at pucrs.gcs.cdl.persistence.DbConnection.open(DbConnection.java:38)
	at pucrs.gcs.cdl.persistence.DbConnection.queryInsert(DbConnection.java:185)
	at pucrs.gcs.cdl.persistence.DbConnection.createTable(DbConnection.java:53)
	at pucrs.gcs.cdl.persistence.DbConnection.open(DbConnection.java:38)
	at pucrs.gcs.cdl.persistence.DbConnection.queryInsert(DbConnection.java:185)
	at pucrs.gcs.cdl.persistence.DbConnection.createTable(DbConnection.java:53)
	at pucrs.gcs.cdl.persistence.DbConnection.open(DbConnection.java:38)
	at pucrs.gcs.cdl.persistence.DbConnection.queryInsert(DbConnection.java:185)
	at pucrs.gcs.cdl.persistence.DbConnection.createTable(DbConnection.java:53)
	at pucrs.gcs.cdl.persistence.DbConnection.open(DbConnection.java:38)
	at pucrs.gcs.cdl.persistence.DbConnection.queryInsert(DbConnection.java:185)
	at pucrs.gcs.cdl.persistence.DbConnection.createTable(DbConnection.java:53)
	at pucrs.gcs.cdl.persistence.DbConnection.open(DbConnection.java:38)
	at pucrs.gcs.cdl.persistence.DbConnection.queryInsert(DbConnection.java:185)
	at pucrs.gcs.cdl.persistence.DbConnection.createTable(DbConnection.java:53)
	at pucrs.gcs.cdl.persistence.DbConnection.open(DbConnection.java:38)
	at pucrs.gcs.cdl.persistence.DbConnection.queryInsert(DbConnection.java:185)
	at pucrs.gcs.cdl.persistence.DbConnection.createTable(DbConnection.java:53)
	at pucrs.gcs.cdl.persistence.DbConnection.open(DbConnection.java:38)
	at pucrs.gcs.cdl.persistence.DbConnection.queryInsert(DbConnection.java:185)
	at pucrs.gcs.cdl.persistence.DbConnection.createTable(DbConnection.java:53)
	at pucrs.gcs.cdl.persistence.DbConnection.open(DbConnection.java:38)
	at pucrs.gcs.cdl.persistence.DbConnection.queryInsert(DbConnection.java:185)
	at pucrs.gcs.cdl.persistence.DbConnection.createTable(DbConnection.java:53)
	at pucrs.gcs.cdl.persistence.DbConnection.open(DbConnection.java:38)
	at pucrs.gcs.cdl.persistence.DbConnection.queryInsert(DbConnection.java:185)
	at pucrs.gcs.cdl.persistence.DbConnection.createTable(DbConnection.java:53)
	at pucrs.gcs.cdl.persistence.DbConnection.open(DbConnection.java:38)
	at pucrs.gcs.cdl.persistence.DbConnection.queryInsert(DbConnection.java:185)
	at pucrs.gcs.cdl.persistence.DbConnection.createTable(DbConnection.java:53)
	at pucrs.gcs.cdl.persistence.DbConnection.open(DbConnection.java:38)
	at pucrs.gcs.cdl.persistence.DbConnection.queryInsert(DbConnection.java:185)
	at pucrs.gcs.cdl.persistence.DbConnection.createTable(DbConnection.java:53)
	at pucrs.gcs.cdl.persistence.DbConnection.open(DbConnection.java:38)
	at pucrs.gcs.cdl.persistence.DbConnection.queryInsert(DbConnection.java:185)
	at pucrs.gcs.cdl.persistence.DbConnection.createTable(DbConnection.java:53)
	at pucrs.gcs.cdl.persistence.DbConnection.open(DbConnection.java:38)
	at pucrs.gcs.cdl.persistence.DbConnection.queryInsert(DbConnection.java:185)
	at pucrs.gcs.cdl.persistence.DbConnection.createTable(DbConnection.java:53)
	at pucrs.gcs.cdl.persistence.DbConnection.open(DbConnection.java:38)
	at pucrs.gcs.cdl.persistence.DbConnection.queryInsert(DbConnection.java:185)
	at pucrs.gcs.cdl.persistence.DbConnection.createTable(DbConnection.java:53)
	at pucrs.gcs.cdl.persistence.DbConnection.open(DbConnection.java:38)
	at pucrs.gcs.cdl.persistence.DbConnection.queryInsert(DbConnection.java:185)
	at pucrs.gcs.cdl.persistence.DbConnection.createTable(DbConnection.java:53)
	at pucrs.gcs.cdl.persistence.DbConnection.open(DbConnection.java:38)
	at pucrs.gcs.cdl.persistence.DbConnection.queryInsert(DbConnection.java:185)
	at pucrs.gcs.cdl.persistence.DbConnection.createTable(DbConnection.java:53)
	at pucrs.gcs.cdl.persistence.DbConnection.open(DbConnection.java:38)
	at pucrs.gcs.cdl.persistence.DbConnection.queryInsert(DbConnection.java:185)
	at pucrs.gcs.cdl.persistence.DbConnection.createTable(DbConnection.java:53)
	at pucrs.gcs.cdl.persistence.DbConnection.open(DbConnection.java:38)
	at pucrs.gcs.cdl.persistence.DbConnection.queryInsert(DbConnection.java:185)
	at pucrs.gcs.cdl.persistence.DbConnection.createTable(DbConnection.java:53)
	at pucrs.gcs.cdl.persistence.DbConnection.open(DbConnection.java:38)
	at pucrs.gcs.cdl.persistence.DbConnection.queryInsert(DbConnection.java:185)
	at pucrs.gcs.cdl.persistence.DbConnection.createTable(DbConnection.java:53)
	at pucrs.gcs.cdl.persistence.DbConnection.open(DbConnection.java:38)
	at pucrs.gcs.cdl.persistence.DbConnection.queryInsert(DbConnection.java:185)
	at pucrs.gcs.cdl.persistence.DbConnection.createTable(DbConnection.java:53)
	at pucrs.gcs.cdl.persistence.DbConnection.open(DbConnection.java:38)
	at pucrs.gcs.cdl.persistence.DbConnection.queryInsert(DbConnection.java:185)
	at pucrs.gcs.cdl.persistence.DbConnection.createTable(DbConnection.java:53)
	at pucrs.gcs.cdl.persistence.DbConnection.open(DbConnection.java:38)
	at pucrs.gcs.cdl.persistence.DbConnection.queryInsert(DbConnection.java:185)
	at pucrs.gcs.cdl.persistence.DbConnection.createTable(DbConnection.java:53)
	at pucrs.gcs.cdl.persistence.DbConnection.open(DbConnection.java:38)
	at pucrs.gcs.cdl.persistence.DbConnection.queryInsert(DbConnection.java:185)
	at pucrs.gcs.cdl.persistence.DbConnection.createTable(DbConnection.java:53)
	at pucrs.gcs.cdl.persistence.DbConnection.open(DbConnection.java:38)
	at pucrs.gcs.cdl.persistence.DbConnection.queryInsert(DbConnection.java:185)
	at pucrs.gcs.cdl.persistence.DbConnection.createTable(DbConnection.java:53)
	at pucrs.gcs.cdl.persistence.DbConnection.open(DbConnection.java:38)
	at pucrs.gcs.cdl.persistence.DbConnection.queryInsert(DbConnection.java:185)
	at pucrs.gcs.cdl.persistence.DbConnection.createTable(DbConnection.java:53)
	at pucrs.gcs.cdl.persistence.DbConnection.open(DbConnection.java:38)
	at pucrs.gcs.cdl.persistence.DbConnection.queryInsert(DbConnection.java:185)
	at pucrs.gcs.cdl.persistence.DbConnection.createTable(DbConnection.java:53)
	at pucrs.gcs.cdl.persistence.DbConnection.open(DbConnection.java:38)
	at pucrs.gcs.cdl.persistence.DbConnection.queryInsert(DbConnection.java:185)
	at pucrs.gcs.cdl.persistence.DbConnection.createTable(DbConnection.java:53)
	at pucrs.gcs.cdl.persistence.DbConnection.open(DbConnection.java:38)
	at pucrs.gcs.cdl.persistence.DbConnection.queryInsert(DbConnection.java:185)
	at pucrs.gcs.cdl.persistence.DbConnection.createTable(DbConnection.java:53)
	at pucrs.gcs.cdl.persistence.DbConnection.open(DbConnection.java:38)
	at pucrs.gcs.cdl.persistence.DbConnection.queryInsert(DbConnection.java:185)
	at pucrs.gcs.cdl.persistence.DbConnection.createTable(DbConnection.java:53)
	at pucrs.gcs.cdl.persistence.DbConnection.open(DbConnection.java:38)
	at pucrs.gcs.cdl.persistence.DbConnection.queryInsert(DbConnection.java:185)
	at pucrs.gcs.cdl.persistence.DbConnection.createTable(DbConnection.java:53)
	at pucrs.gcs.cdl.persistence.DbConnection.open(DbConnection.java:38)
	at pucrs.gcs.cdl.persistence.DbConnection.queryInsert(DbConnection.java:185)
	at pucrs.gcs.cdl.persistence.DbConnection.createTable(DbConnection.java:53)
	at pucrs.gcs.cdl.persistence.DbConnection.open(DbConnection.java:38)
	at pucrs.gcs.cdl.persistence.DbConnection.queryInsert(DbConnection.java:185)
	at pucrs.gcs.cdl.persistence.DbConnection.createTable(DbConnection.java:53)
	at pucrs.gcs.cdl.persistence.DbConnection.open(DbConnection.java:38)
	at pucrs.gcs.cdl.persistence.DbConnection.queryInsert(DbConnection.java:185)
	at pucrs.gcs.cdl.persistence.DbConnection.createTable(DbConnection.java:53)
	at pucrs.gcs.cdl.persistence.DbConnection.open(DbConnection.java:38)
	at pucrs.gcs.cdl.persistence.DbConnection.queryInsert(DbConnection.java:185)
	at pucrs.gcs.cdl.persistence.DbConnection.createTable(DbConnection.java:53)
	at pucrs.gcs.cdl.persistence.DbConnection.open(DbConnection.java:38)
	at pucrs.gcs.cdl.persistence.DbConnection.queryInsert(DbConnection.java:185)
	at pucrs.gcs.cdl.persistence.DbConnection.createTable(DbConnection.java:53)
	at pucrs.gcs.cdl.persistence.DbConnection.open(DbConnection.java:38)
	at pucrs.gcs.cdl.persistence.DbConnection.queryInsert(DbConnection.java:185)
	at pucrs.gcs.cdl.persistence.DbConnection.createTable(DbConnection.java:53)
	at pucrs.gcs.cdl.persistence.DbConnection.open(DbConnection.java:38)
	at pucrs.gcs.cdl.persistence.DbConnection.queryInsert(DbConnection.java:185)
	at pucrs.gcs.cdl.persistence.DbConnection.createTable(DbConnection.java:53)
	at pucrs.gcs.cdl.persistence.DbConnection.open(DbConnection.java:38)
	at pucrs.gcs.cdl.persistence.DbConnection.queryInsert(DbConnection.java:185)
	at pucrs.gcs.cdl.persistence.DbConnection.createTable(DbConnection.java:53)
	at pucrs.gcs.cdl.persistence.DbConnection.open(DbConnection.java:38)
	at pucrs.gcs.cdl.persistence.DbConnection.queryInsert(DbConnection.java:185)
	at pucrs.gcs.cdl.persistence.DbConnection.createTable(DbConnection.java:53)
	at pucrs.gcs.cdl.persistence.DbConnection.open(DbConnection.java:38)
	at pucrs.gcs.cdl.persistence.DbConnection.queryInsert(DbConnection.java:185)
	at pucrs.gcs.cdl.persistence.DbConnection.createTable(DbConnection.java:53)
	at pucrs.gcs.cdl.persistence.DbConnection.open(DbConnection.java:38)
	at pucrs.gcs.cdl.persistence.DbConnection.queryInsert(DbConnection.java:185)
	at pucrs.gcs.cdl.persistence.DbConnection.createTable(DbConnection.java:53)
	at pucrs.gcs.cdl.persistence.DbConnection.open(DbConnection.java:38)
	at pucrs.gcs.cdl.persistence.DbConnection.queryInsert(DbConnection.java:185)
	at pucrs.gcs.cdl.persistence.DbConnection.createTable(DbConnection.java:53)
	at pucrs.gcs.cdl.persistence.DbConnection.open(DbConnection.java:38)
	at pucrs.gcs.cdl.persistence.DbConnection.queryInsert(DbConnection.java:185)
	at pucrs.gcs.cdl.persistence.DbConnection.createTable(DbConnection.java:53)
	at pucrs.gcs.cdl.persistence.DbConnection.open(DbConnection.java:38)
	at pucrs.gcs.cdl.persistence.DbConnection.queryInsert(DbConnection.java:185)
	at pucrs.gcs.cdl.persistence.DbConnection.createTable(DbConnection.java:53)
	at pucrs.gcs.cdl.persistence.DbConnection.open(DbConnection.java:38)
	at pucrs.gcs.cdl.persistence.DbConnection.queryInsert(DbConnection.java:185)
	at pucrs.gcs.cdl.persistence.DbConnection.createTable(DbConnection.java:53)
	at pucrs.gcs.cdl.persistence.DbConnection.open(DbConnection.java:38)
	at pucrs.gcs.cdl.persistence.DbConnection.queryInsert(DbConnection.java:185)
	at pucrs.gcs.cdl.persistence.DbConnection.createTable(DbConnection.java:53)
	at pucrs.gcs.cdl.persistence.DbConnection.open(DbConnection.java:38)
	at pucrs.gcs.cdl.persistence.DbConnection.queryInsert(DbConnection.java:185)
	at pucrs.gcs.cdl.persistence.DbConnection.createTable(DbConnection.java:53)
	at pucrs.gcs.cdl.persistence.DbConnection.open(DbConnection.java:38)
	at pucrs.gcs.cdl.persistence.DbConnection.queryInsert(DbConnection.java:185)
	at pucrs.gcs.cdl.persistence.DbConnection.createTable(DbConnection.java:53)
	at pucrs.gcs.cdl.persistence.DbConnection.open(DbConnection.java:38)
	at pucrs.gcs.cdl.persistence.DbConnection.queryInsert(DbConnection.java:185)
	at pucrs.gcs.cdl.persistence.DbConnection.createTable(DbConnection.java:53)
	at pucrs.gcs.cdl.persistence.DbConnection.open(DbConnection.java:38)
	at pucrs.gcs.cdl.persistence.DbConnection.queryInsert(DbConnection.java:185)
	at pucrs.gcs.cdl.persistence.DbConnection.createTable(DbConnection.java:53)
	at pucrs.gcs.cdl.persistence.DbConnection.open(DbConnection.java:38)
	at pucrs.gcs.cdl.persistence.DbConnection.queryInsert(DbConnection.java:185)
	at pucrs.gcs.cdl.persistence.DbConnection.createTable(DbConnection.java:53)
	at pucrs.gcs.cdl.persistence.DbConnection.open(DbConnection.java:38)
	at pucrs.gcs.cdl.persistence.DbConnection.queryInsert(DbConnection.java:185)
	at pucrs.gcs.cdl.persistence.DbConnection.createTable(DbConnection.java:53)
	at pucrs.gcs.cdl.persistence.DbConnection.open(DbConnection.java:38)
	at pucrs.gcs.cdl.persistence.DbConnection.queryInsert(DbConnection.java:185)
	at pucrs.gcs.cdl.persistence.DbConnection.createTable(DbConnection.java:53)
	at pucrs.gcs.cdl.persistence.DbConnection.open(DbConnection.java:38)
	at pucrs.gcs.cdl.persistence.DbConnection.queryInsert(DbConnection.java:185)
	at pucrs.gcs.cdl.persistence.DbConnection.createTable(DbConnection.java:53)
	at pucrs.gcs.cdl.persistence.DbConnection.open(DbConnection.java:38)
	at pucrs.gcs.cdl.persistence.DbConnection.queryInsert(DbConnection.java:185)
	at pucrs.gcs.cdl.persistence.DbConnection.createTable(DbConnection.java:53)
	at pucrs.gcs.cdl.persistence.DbConnection.open(DbConnection.java:38)
	at pucrs.gcs.cdl.persistence.DbConnection.queryInsert(DbConnection.java:185)
	at pucrs.gcs.cdl.persistence.DbConnection.createTable(DbConnection.java:53)
	at pucrs.gcs.cdl.persistence.DbConnection.open(DbConnection.java:38)
	at pucrs.gcs.cdl.persistence.DbConnection.queryInsert(DbConnection.java:185)
	at pucrs.gcs.cdl.persistence.DbConnection.createTable(DbConnection.java:53)
	at pucrs.gcs.cdl.persistence.DbConnection.open(DbConnection.java:38)
	at pucrs.gcs.cdl.persistence.DbConnection.queryInsert(DbConnection.java:185)
	at pucrs.gcs.cdl.persistence.DbConnection.createTable(DbConnection.java:53)
	at pucrs.gcs.cdl.persistence.DbConnection.open(DbConnection.java:38)
	at pucrs.gcs.cdl.persistence.DbConnection.queryInsert(DbConnection.java:185)
	at pucrs.gcs.cdl.persistence.DbConnection.createTable(DbConnection.java:53)
	at pucrs.gcs.cdl.persistence.DbConnection.open(DbConnection.java:38)
	at pucrs.gcs.cdl.persistence.DbConnection.queryInsert(DbConnection.java:185)
	at pucrs.gcs.cdl.persistence.DbConnection.createTable(DbConnection.java:53)
	at pucrs.gcs.cdl.persistence.DbConnection.open(DbConnection.java:38)
	at pucrs.gcs.cdl.persistence.DbConnection.queryInsert(DbConnection.java:185)
	at pucrs.gcs.cdl.persistence.DbConnection.createTable(DbConnection.java:53)
	at pucrs.gcs.cdl.persistence.DbConnection.open(DbConnection.java:38)
	at pucrs.gcs.cdl.persistence.DbConnection.queryInsert(DbConnection.java:185)
	at pucrs.gcs.cdl.persistence.DbConnection.createTable(DbConnection.java:53)
	at pucrs.gcs.cdl.persistence.DbConnection.open(DbConnection.java:38)
	at pucrs.gcs.cdl.persistence.DbConnection.queryInsert(DbConnection.java:185)
	at pucrs.gcs.cdl.persistence.DbConnection.createTable(DbConnection.java:53)
	at pucrs.gcs.cdl.persistence.DbConnection.open(DbConnection.java:38)
	at pucrs.gcs.cdl.persistence.DbConnection.queryInsert(DbConnection.java:185)
	at pucrs.gcs.cdl.persistence.DbConnection.createTable(DbConnection.java:53)
	at pucrs.gcs.cdl.persistence.DbConnection.open(DbConnection.java:38)
	at pucrs.gcs.cdl.persistence.DbConnection.queryInsert(DbConnection.java:185)
	at pucrs.gcs.cdl.persistence.DbConnection.createTable(DbConnection.java:53)
	at pucrs.gcs.cdl.persistence.DbConnection.open(DbConnection.java:38)
	at pucrs.gcs.cdl.persistence.DbConnection.queryInsert(DbConnection.java:185)
	at pucrs.gcs.cdl.persistence.DbConnection.createTable(DbConnection.java:53)
	at pucrs.gcs.cdl.persistence.DbConnection.open(DbConnection.java:38)
	at pucrs.gcs.cdl.persistence.DbConnection.queryInsert(DbConnection.java:185)
	at pucrs.gcs.cdl.persistence.DbConnection.createTable(DbConnection.java:53)
	at pucrs.gcs.cdl.persistence.DbConnection.open(DbConnection.java:38)
	at pucrs.gcs.cdl.persistence.DbConnection.queryInsert(DbConnection.java:185)
	at pucrs.gcs.cdl.persistence.DbConnection.createTable(DbConnection.java:53)
	at pucrs.gcs.cdl.persistence.DbConnection.open(DbConnection.java:38)
	at pucrs.gcs.cdl.persistence.DbConnection.queryInsert(DbConnection.java:185)
	at pucrs.gcs.cdl.persistence.DbConnection.createTable(DbConnection.java:53)
	at pucrs.gcs.cdl.persistence.DbConnection.open(DbConnection.java:38)
	at pucrs.gcs.cdl.persistence.DbConnection.queryInsert(DbConnection.java:185)
	at pucrs.gcs.cdl.persistence.DbConnection.createTable(DbConnection.java:53)
	at pucrs.gcs.cdl.persistence.DbConnection.open(DbConnection.java:38)
	at pucrs.gcs.cdl.persistence.DbConnection.queryInsert(DbConnection.java:185)
	at pucrs.gcs.cdl.persistence.DbConnection.createTable(DbConnection.java:53)
	at pucrs.gcs.cdl.persistence.DbConnection.open(DbConnection.java:38)
	at pucrs.gcs.cdl.persistence.DbConnection.queryInsert(DbConnection.java:185)
	at pucrs.gcs.cdl.persistence.DbConnection.createTable(DbConnection.java:53)
	at pucrs.gcs.cdl.persistence.DbConnection.open(DbConnection.java:38)
	at pucrs.gcs.cdl.persistence.DbConnection.queryInsert(DbConnection.java:185)
	at pucrs.gcs.cdl.persistence.DbConnection.createTable(DbConnection.java:53)
	at pucrs.gcs.cdl.persistence.DbConnection.open(DbConnection.java:38)
	at pucrs.gcs.cdl.persistence.DbConnection.queryInsert(DbConnection.java:185)
	at pucrs.gcs.cdl.persistence.DbConnection.createTable(DbConnection.java:53)
	at pucrs.gcs.cdl.persistence.DbConnection.open(DbConnection.java:38)
	at pucrs.gcs.cdl.persistence.DbConnection.queryInsert(DbConnection.java:185)
	at pucrs.gcs.cdl.persistence.DbConnection.createTable(DbConnection.java:53)
	at pucrs.gcs.cdl.persistence.DbConnection.open(DbConnection.java:38)
	at pucrs.gcs.cdl.persistence.DbConnection.queryInsert(DbConnection.java:185)
	at pucrs.gcs.cdl.persistence.DbConnection.createTable(DbConnection.java:53)
	at pucrs.gcs.cdl.persistence.DbConnection.open(DbConnection.java:38)
	at pucrs.gcs.cdl.persistence.DbConnection.queryInsert(DbConnection.java:185)
	at pucrs.gcs.cdl.persistence.DbConnection.createTable(DbConnection.java:53)
	at pucrs.gcs.cdl.persistence.DbConnection.open(DbConnection.java:38)
	at pucrs.gcs.cdl.persistence.DbConnection.queryInsert(DbConnection.java:185)
	at pucrs.gcs.cdl.persistence.DbConnection.createTable(DbConnection.java:53)
	at pucrs.gcs.cdl.persistence.DbConnection.open(DbConnection.java:38)
	at pucrs.gcs.cdl.persistence.DbConnection.queryInsert(DbConnection.java:185)
	at pucrs.gcs.cdl.persistence.DbConnection.createTable(DbConnection.java:53)
	at pucrs.gcs.cdl.persistence.DbConnection.open(DbConnection.java:38)
	at pucrs.gcs.cdl.persistence.DbConnection.queryInsert(DbConnection.java:185)
	at pucrs.gcs.cdl.persistence.DbConnection.createTable(DbConnection.java:53)
	at pucrs.gcs.cdl.persistence.DbConnection.open(DbConnection.java:38)
	at pucrs.gcs.cdl.persistence.DbConnection.queryInsert(DbConnection.java:185)
	at pucrs.gcs.cdl.persistence.DbConnection.createTable(DbConnection.java:53)
	at pucrs.gcs.cdl.persistence.DbConnection.open(DbConnection.java:38)
	at pucrs.gcs.cdl.persistence.DbConnection.queryInsert(DbConnection.java:185)
	at pucrs.gcs.cdl.persistence.DbConnection.createTable(DbConnection.java:53)
	at pucrs.gcs.cdl.persistence.DbConnection.open(DbConnection.java:38)
	at pucrs.gcs.cdl.persistence.DbConnection.queryInsert(DbConnection.java:185)
	at pucrs.gcs.cdl.persistence.DbConnection.createTable(DbConnection.java:53)
	at pucrs.gcs.cdl.persistence.DbConnection.open(DbConnection.java:38)
	at pucrs.gcs.cdl.persistence.DbConnection.queryInsert(DbConnection.java:185)
	at pucrs.gcs.cdl.persistence.DbConnection.createTable(DbConnection.java:53)
	at pucrs.gcs.cdl.persistence.DbConnection.open(DbConnection.java:38)
	at pucrs.gcs.cdl.persistence.DbConnection.queryInsert(DbConnection.java:185)
	at pucrs.gcs.cdl.persistence.DbConnection.createTable(DbConnection.java:53)
	at pucrs.gcs.cdl.persistence.DbConnection.open(DbConnection.java:38)
	at pucrs.gcs.cdl.persistence.DbConnection.queryInsert(DbConnection.java:185)
	at pucrs.gcs.cdl.persistence.DbConnection.createTable(DbConnection.java:53)
	at pucrs.gcs.cdl.persistence.DbConnection.open(DbConnection.java:38)
	at pucrs.gcs.cdl.persistence.DbConnection.queryInsert(DbConnection.java:185)
	at pucrs.gcs.cdl.persistence.DbConnection.createTable(DbConnection.java:53)
	at pucrs.gcs.cdl.persistence.DbConnection.open(DbConnection.java:38)
	at pucrs.gcs.cdl.persistence.DbConnection.queryInsert(DbConnection.java:185)
	at pucrs.gcs.cdl.persistence.DbConnection.createTable(DbConnection.java:53)
	at pucrs.gcs.cdl.persistence.DbConnection.open(DbConnection.java:38)
	at pucrs.gcs.cdl.persistence.DbConnection.queryInsert(DbConnection.java:185)
	at pucrs.gcs.cdl.persistence.DbConnection.createTable(DbConnection.java:53)
	at pucrs.gcs.cdl.persistence.DbConnection.open(DbConnection.java:38)
	at pucrs.gcs.cdl.persistence.DbConnection.queryInsert(DbConnection.java:185)
	at pucrs.gcs.cdl.persistence.DbConnection.createTable(DbConnection.java:53)
	at pucrs.gcs.cdl.persistence.DbConnection.open(DbConnection.java:38)
	at pucrs.gcs.cdl.persistence.DbConnection.queryInsert(DbConnection.java:185)
	at pucrs.gcs.cdl.persistence.DbConnection.createTable(DbConnection.java:53)
	at pucrs.gcs.cdl.persistence.DbConnection.open(DbConnection.java:38)
	at pucrs.gcs.cdl.persistence.DbConnection.queryInsert(DbConnection.java:185)
	at pucrs.gcs.cdl.persistence.DbConnection.createTable(DbConnection.java:53)
	at pucrs.gcs.cdl.persistence.DbConnection.open(DbConnection.java:38)
	at pucrs.gcs.cdl.persistence.DbConnection.queryInsert(DbConnection.java:185)
	at pucrs.gcs.cdl.persistence.DbConnection.createTable(DbConnection.java:53)
	at pucrs.gcs.cdl.persistence.DbConnection.open(DbConnection.java:38)
	at pucrs.gcs.cdl.persistence.DbConnection.queryInsert(DbConnection.java:185)
	at pucrs.gcs.cdl.persistence.DbConnection.createTable(DbConnection.java:53)
	at pucrs.gcs.cdl.persistence.DbConnection.open(DbConnection.java:38)
	at pucrs.gcs.cdl.persistence.DbConnection.queryInsert(DbConnection.java:185)
	at pucrs.gcs.cdl.persistence.DbConnection.createTable(DbConnection.java:53)
	at pucrs.gcs.cdl.persistence.DbConnection.open(DbConnection.java:38)
	at pucrs.gcs.cdl.persistence.DbConnection.queryInsert(DbConnection.java:185)
	at pucrs.gcs.cdl.persistence.DbConnection.createTable(DbConnection.java:53)
	at pucrs.gcs.cdl.persistence.DbConnection.open(DbConnection.java:38)
	at pucrs.gcs.cdl.persistence.DbConnection.queryInsert(DbConnection.java:185)
	at pucrs.gcs.cdl.persistence.DbConnection.createTable(DbConnection.java:53)
	at pucrs.gcs.cdl.persistence.DbConnection.open(DbConnection.java:38)
	at pucrs.gcs.cdl.persistence.DbConnection.queryInsert(DbConnection.java:185)
	at pucrs.gcs.cdl.persistence.DbConnection.createTable(DbConnection.java:53)
	at pucrs.gcs.cdl.persistence.DbConnection.open(DbConnection.java:38)
	at pucrs.gcs.cdl.persistence.DbConnection.queryInsert(DbConnection.java:185)
	at pucrs.gcs.cdl.persistence.DbConnection.createTable(DbConnection.java:53)
	at pucrs.gcs.cdl.persistence.DbConnection.open(DbConnection.java:38)
	at pucrs.gcs.cdl.persistence.DbConnection.queryInsert(DbConnection.java:185)
	at pucrs.gcs.cdl.persistence.DbConnection.createTable(DbConnection.java:53)
	at pucrs.gcs.cdl.persistence.DbConnection.open(DbConnection.java:38)
	at pucrs.gcs.cdl.persistence.DbConnection.queryInsert(DbConnection.java:185)
	at pucrs.gcs.cdl.persistence.DbConnection.createTable(DbConnection.java:53)
	at pucrs.gcs.cdl.persistence.DbConnection.open(DbConnection.java:38)
	at pucrs.gcs.cdl.persistence.DbConnection.queryInsert(DbConnection.java:185)
	at pucrs.gcs.cdl.persistence.DbConnection.createTable(DbConnection.java:53)
	at pucrs.gcs.cdl.persistence.DbConnection.open(DbConnection.java:38)
	at pucrs.gcs.cdl.persistence.DbConnection.queryInsert(DbConnection.java:185)
	at pucrs.gcs.cdl.persistence.DbConnection.createTable(DbConnection.java:53)
	at pucrs.gcs.cdl.persistence.DbConnection.open(DbConnection.java:38)
	at pucrs.gcs.cdl.persistence.DbConnection.queryInsert(DbConnection.java:185)
	at pucrs.gcs.cdl.persistence.DbConnection.createTable(DbConnection.java:53)
	at pucrs.gcs.cdl.persistence.DbConnection.open(DbConnection.java:38)
	at pucrs.gcs.cdl.persistence.DbConnection.queryInsert(DbConnection.java:185)
	at pucrs.gcs.cdl.persistence.DbConnection.createTable(DbConnection.java:53)
	at pucrs.gcs.cdl.persistence.DbConnection.open(DbConnection.java:38)
	at pucrs.gcs.cdl.persistence.DbConnection.queryInsert(DbConnection.java:185)
	at pucrs.gcs.cdl.persistence.DbConnection.createTable(DbConnection.java:53)
	at pucrs.gcs.cdl.persistence.DbConnection.open(DbConnection.java:38)
	at pucrs.gcs.cdl.persistence.DbConnection.queryInsert(DbConnection.java:185)
	at pucrs.gcs.cdl.persistence.DbConnection.createTable(DbConnection.java:53)
	at pucrs.gcs.cdl.persistence.DbConnection.open(DbConnection.java:38)
	at pucrs.gcs.cdl.persistence.DbConnection.queryInsert(DbConnection.java:185)
	at pucrs.gcs.cdl.persistence.DbConnection.createTable(DbConnection.java:53)
	at pucrs.gcs.cdl.persistence.DbConnection.open(DbConnection.java:38)
	at pucrs.gcs.cdl.persistence.DbConnection.queryInsert(DbConnection.java:185)
	at pucrs.gcs.cdl.persistence.DbConnection.createTable(DbConnection.java:53)
	at pucrs.gcs.cdl.persistence.DbConnection.open(DbConnection.java:38)
	at pucrs.gcs.cdl.persistence.DbConnection.queryInsert(DbConnection.java:185)
	at pucrs.gcs.cdl.persistence.DbConnection.createTable(DbConnection.java:53)
	at pucrs.gcs.cdl.persistence.DbConnection.open(DbConnection.java:38)
	at pucrs.gcs.cdl.persistence.DbConnection.queryInsert(DbConnection.java:185)
	at pucrs.gcs.cdl.persistence.DbConnection.createTable(DbConnection.java:53)
	at pucrs.gcs.cdl.persistence.DbConnection.open(DbConnection.java:38)
	at pucrs.gcs.cdl.persistence.DbConnection.queryInsert(DbConnection.java:185)
	at pucrs.gcs.cdl.persistence.DbConnection.createTable(DbConnection.java:53)
	at pucrs.gcs.cdl.persistence.DbConnection.open(DbConnection.java:38)
	at pucrs.gcs.cdl.persistence.DbConnection.queryInsert(DbConnection.java:185)
	at pucrs.gcs.cdl.persistence.DbConnection.createTable(DbConnection.java:53)
	at pucrs.gcs.cdl.persistence.DbConnection.open(DbConnection.java:38)
	at pucrs.gcs.cdl.persistence.DbConnection.queryInsert(DbConnection.java:185)
	at pucrs.gcs.cdl.persistence.DbConnection.createTable(DbConnection.java:53)
	at pucrs.gcs.cdl.persistence.DbConnection.open(DbConnection.java:38)
	at pucrs.gcs.cdl.persistence.DbConnection.queryInsert(DbConnection.java:185)
	at pucrs.gcs.cdl.persistence.DbConnection.createTable(DbConnection.java:53)
	at pucrs.gcs.cdl.persistence.DbConnection.open(DbConnection.java:38)
	at pucrs.gcs.cdl.persistence.DbConnection.queryInsert(DbConnection.java:185)
	at pucrs.gcs.cdl.persistence.DbConnection.createTable(DbConnection.java:53)
	at pucrs.gcs.cdl.persistence.DbConnection.open(DbConnection.java:38)
	at pucrs.gcs.cdl.persistence.DbConnection.queryInsert(DbConnection.java:185)
	at pucrs.gcs.cdl.persistence.DbConnection.createTable(DbConnection.java:53)
	at pucrs.gcs.cdl.persistence.DbConnection.open(DbConnection.java:38)
	at pucrs.gcs.cdl.persistence.DbConnection.queryInsert(DbConnection.java:185)
	at pucrs.gcs.cdl.persistence.DbConnection.createTable(DbConnection.java:53)
	at pucrs.gcs.cdl.persistence.DbConnection.open(DbConnection.java:38)
	at pucrs.gcs.cdl.persistence.DbConnection.queryInsert(DbConnection.java:185)
	at pucrs.gcs.cdl.persistence.DbConnection.createTable(DbConnection.java:53)
	at pucrs.gcs.cdl.persistence.DbConnection.open(DbConnection.java:38)
	at pucrs.gcs.cdl.persistence.DbConnection.queryInsert(DbConnection.java:185)
	at pucrs.gcs.cdl.persistence.DbConnection.createTable(DbConnection.java:53)
	at pucrs.gcs.cdl.persistence.DbConnection.open(DbConnection.java:38)
	at pucrs.gcs.cdl.persistence.DbConnection.queryInsert(DbConnection.java:185)
	at pucrs.gcs.cdl.persistence.DbConnection.createTable(DbConnection.java:53)
	at pucrs.gcs.cdl.persistence.DbConnection.open(DbConnection.java:38)
	at pucrs.gcs.cdl.persistence.DbConnection.queryInsert(DbConnection.java:185)
	at pucrs.gcs.cdl.persistence.DbConnection.createTable(DbConnection.java:53)
	at pucrs.gcs.cdl.persistence.DbConnection.open(DbConnection.java:38)
	at pucrs.gcs.cdl.persistence.DbConnection.queryInsert(DbConnection.java:185)
	at pucrs.gcs.cdl.persistence.DbConnection.createTable(DbConnection.java:53)
	at pucrs.gcs.cdl.persistence.DbConnection.open(DbConnection.java:38)
	at pucrs.gcs.cdl.persistence.DbConnection.queryInsert(DbConnection.java:185)
	at pucrs.gcs.cdl.persistence.DbConnection.createTable(DbConnection.java:53)
	at pucrs.gcs.cdl.persistence.DbConnection.open(DbConnection.java:38)
	at pucrs.gcs.cdl.persistence.DbConnection.queryInsert(DbConnection.java:185)
	at pucrs.gcs.cdl.persistence.DbConnection.createTable(DbConnection.java:53)
	at pucrs.gcs.cdl.persistence.DbConnection.open(DbConnection.java:38)
	at pucrs.gcs.cdl.persistence.DbConnection.queryInsert(DbConnection.java:185)
	at pucrs.gcs.cdl.persistence.DbConnection.createTable(DbConnection.java:53)
	at pucrs.gcs.cdl.persistence.DbConnection.open(DbConnection.java:38)
	at pucrs.gcs.cdl.persistence.DbConnection.queryInsert(DbConnection.java:185)
	at pucrs.gcs.cdl.persistence.DbConnection.createTable(DbConnection.java:53)
	at pucrs.gcs.cdl.persistence.DbConnection.open(DbConnection.java:38)
	at pucrs.gcs.cdl.persistence.DbConnection.queryInsert(DbConnection.java:185)
	at pucrs.gcs.cdl.persistence.DbConnection.createTable(DbConnection.java:53)
	at pucrs.gcs.cdl.persistence.DbConnection.open(DbConnection.java:38)
	at pucrs.gcs.cdl.persistence.DbConnection.queryInsert(DbConnection.java:185)
	at pucrs.gcs.cdl.persistence.DbConnection.createTable(DbConnection.java:53)
	at pucrs.gcs.cdl.persistence.DbConnection.open(DbConnection.java:38)
	at pucrs.gcs.cdl.persistence.DbConnection.queryInsert(DbConnection.java:185)
	at pucrs.gcs.cdl.persistence.DbConnection.createTable(DbConnection.java:53)
	at pucrs.gcs.cdl.persistence.DbConnection.open(DbConnection.java:38)
	at pucrs.gcs.cdl.persistence.DbConnection.queryInsert(DbConnection.java:185)
	at pucrs.gcs.cdl.persistence.DbConnection.createTable(DbConnection.java:53)
	at pucrs.gcs.cdl.persistence.DbConnection.open(DbConnection.java:38)
	at pucrs.gcs.cdl.persistence.DbConnection.queryInsert(DbConnection.java:185)
	at pucrs.gcs.cdl.persistence.DbConnection.createTable(DbConnection.java:53)
	at pucrs.gcs.cdl.persistence.DbConnection.open(DbConnection.java:38)
	at pucrs.gcs.cdl.persistence.DbConnection.queryInsert(DbConnection.java:185)
	at pucrs.gcs.cdl.persistence.DbConnection.createTable(DbConnection.java:53)
	at pucrs.gcs.cdl.persistence.DbConnection.open(DbConnection.java:38)
	at pucrs.gcs.cdl.persistence.DbConnection.queryInsert(DbConnection.java:185)
	at pucrs.gcs.cdl.persistence.DbConnection.createTable(DbConnection.java:53)
	at pucrs.gcs.cdl.persistence.DbConnection.open(DbConnection.java:38)
	at pucrs.gcs.cdl.persistence.DbConnection.queryInsert(DbConnection.java:185)
	at pucrs.gcs.cdl.persistence.DbConnection.createTable(DbConnection.java:53)
	at pucrs.gcs.cdl.persistence.DbConnection.open(DbConnection.java:38)
	at pucrs.gcs.cdl.persistence.DbConnection.queryInsert(DbConnection.java:185)
	at pucrs.gcs.cdl.persistence.DbConnection.createTable(DbConnection.java:53)
	at pucrs.gcs.cdl.persistence.DbConnection.open(DbConnection.java:38)
	at pucrs.gcs.cdl.persistence.DbConnection.queryInsert(DbConnection.java:185)
	at pucrs.gcs.cdl.persistence.DbConnection.createTable(DbConnection.java:53)
	at pucrs.gcs.cdl.persistence.DbConnection.open(DbConnection.java:38)
	at pucrs.gcs.cdl.persistence.DbConnection.queryInsert(DbConnection.java:185)
	at pucrs.gcs.cdl.persistence.DbConnection.createTable(DbConnection.java:53)
	at pucrs.gcs.cdl.persistence.DbConnection.open(DbConnection.java:38)
	at pucrs.gcs.cdl.persistence.DbConnection.queryInsert(DbConnection.java:185)
	at pucrs.gcs.cdl.persistence.DbConnection.createTable(DbConnection.java:53)
	at pucrs.gcs.cdl.persistence.DbConnection.open(DbConnection.java:38)
	at pucrs.gcs.cdl.persistence.DbConnection.queryInsert(DbConnection.java:185)
	at pucrs.gcs.cdl.persistence.DbConnection.createTable(DbConnection.java:53)
	at pucrs.gcs.cdl.persistence.DbConnection.open(DbConnection.java:38)
	at pucrs.gcs.cdl.persistence.DbConnection.queryInsert(DbConnection.java:185)
	at pucrs.gcs.cdl.persistence.DbConnection.createTable(DbConnection.java:53)
	at pucrs.gcs.cdl.persistence.DbConnection.open(DbConnection.java:38)
	at pucrs.gcs.cdl.persistence.DbConnection.queryInsert(DbConnection.java:185)
	at pucrs.gcs.cdl.persistence.DbConnection.createTable(DbConnection.java:53)
	at pucrs.gcs.cdl.persistence.DbConnection.open(DbConnection.java:38)
	at pucrs.gcs.cdl.persistence.DbConnection.queryInsert(DbConnection.java:185)
	at pucrs.gcs.cdl.persistence.DbConnection.createTable(DbConnection.java:53)
	at pucrs.gcs.cdl.persistence.DbConnection.open(DbConnection.java:38)
	at pucrs.gcs.cdl.persistence.DbConnection.queryInsert(DbConnection.java:185)
	at pucrs.gcs.cdl.persistence.DbConnection.createTable(DbConnection.java:53)
	at pucrs.gcs.cdl.persistence.DbConnection.open(DbConnection.java:38)
	at pucrs.gcs.cdl.persistence.DbConnection.queryInsert(DbConnection.java:185)
	at pucrs.gcs.cdl.persistence.DbConnection.createTable(DbConnection.java:53)
	at pucrs.gcs.cdl.persistence.DbConnection.open(DbConnection.java:38)
	at pucrs.gcs.cdl.persistence.DbConnection.queryInsert(DbConnection.java:185)
	at pucrs.gcs.cdl.persistence.DbConnection.createTable(DbConnection.java:53)
	at pucrs.gcs.cdl.persistence.DbConnection.open(DbConnection.java:38)
	at pucrs.gcs.cdl.persistence.DbConnection.queryInsert(DbConnection.java:185)
	at pucrs.gcs.cdl.persistence.DbConnection.createTable(DbConnection.java:53)
	at pucrs.gcs.cdl.persistence.DbConnection.open(DbConnection.java:38)
	at pucrs.gcs.cdl.persistence.DbConnection.queryInsert(DbConnection.java:185)
	at pucrs.gcs.cdl.persistence.DbConnection.createTable(DbConnection.java:53)
	at pucrs.gcs.cdl.persistence.DbConnection.open(DbConnection.java:38)
	at pucrs.gcs.cdl.persistence.DbConnection.queryInsert(DbConnection.java:185)
	at pucrs.gcs.cdl.persistence.DbConnection.createTable(DbConnection.java:53)
	at pucrs.gcs.cdl.persistence.DbConnection.open(DbConnection.java:38)
	at pucrs.gcs.cdl.persistence.DbConnection.queryInsert(DbConnection.java:185)
	at pucrs.gcs.cdl.persistence.DbConnection.createTable(DbConnection.java:53)
	at pucrs.gcs.cdl.persistence.DbConnection.open(DbConnection.java:38)
	at pucrs.gcs.cdl.persistence.DbConnection.queryInsert(DbConnection.java:185)
	at pucrs.gcs.cdl.persistence.DbConnection.createTable(DbConnection.java:53)
	at pucrs.gcs.cdl.persistence.DbConnection.open(DbConnection.java:38)
	at pucrs.gcs.cdl.persistence.DbConnection.queryInsert(DbConnection.java:185)
	at pucrs.gcs.cdl.persistence.DbConnection.createTable(DbConnection.java:53)
	at pucrs.gcs.cdl.persistence.DbConnection.open(DbConnection.java:38)
	at pucrs.gcs.cdl.persistence.DbConnection.queryInsert(DbConnection.java:185)
	at pucrs.gcs.cdl.persistence.DbConnection.createTable(DbConnection.java:53)
	at pucrs.gcs.cdl.persistence.DbConnection.open(DbConnection.java:38)
	at pucrs.gcs.cdl.persistence.DbConnection.queryInsert(DbConnection.java:185)
	at pucrs.gcs.cdl.persistence.DbConnection.createTable(DbConnection.java:53)
	at pucrs.gcs.cdl.persistence.DbConnection.open(DbConnection.java:38)
	at pucrs.gcs.cdl.persistence.DbConnection.queryInsert(DbConnection.java:185)
	at pucrs.gcs.cdl.persistence.DbConnection.createTable(DbConnection.java:53)
	at pucrs.gcs.cdl.persistence.DbConnection.open(DbConnection.java:38)
	at pucrs.gcs.cdl.persistence.DbConnection.queryInsert(DbConnection.java:185)
	at pucrs.gcs.cdl.persistence.DbConnection.createTable(DbConnection.java:53)
	at pucrs.gcs.cdl.persistence.DbConnection.open(DbConnection.java:38)
	at pucrs.gcs.cdl.persistence.DbConnection.queryInsert(DbConnection.java:185)
	at pucrs.gcs.cdl.persistence.DbConnection.createTable(DbConnection.java:53)
	at pucrs.gcs.cdl.persistence.DbConnection.open(DbConnection.java:38)
	at pucrs.gcs.cdl.persistence.DbConnection.queryInsert(DbConnection.java:185)
	at pucrs.gcs.cdl.persistence.DbConnection.createTable(DbConnection.java:53)
	at pucrs.gcs.cdl.persistence.DbConnection.open(DbConnection.java:38)
	at pucrs.gcs.cdl.persistence.DbConnection.queryInsert(DbConnection.java:185)
	at pucrs.gcs.cdl.persistence.DbConnection.createTable(DbConnection.java:53)
	at pucrs.gcs.cdl.persistence.DbConnection.open(DbConnection.java:38)
	at pucrs.gcs.cdl.persistence.DbConnection.queryInsert(DbConnection.java:185)
	at pucrs.gcs.cdl.persistence.DbConnection.createTable(DbConnection.java:53)
	at pucrs.gcs.cdl.persistence.DbConnection.open(DbConnection.java:38)
	at pucrs.gcs.cdl.persistence.DbConnection.queryInsert(DbConnection.java:185)
	at pucrs.gcs.cdl.persistence.DbConnection.createTable(DbConnection.java:53)
	at pucrs.gcs.cdl.persistence.DbConnection.open(DbConnection.java:38)
	at pucrs.gcs.cdl.persistence.DbConnection.queryInsert(DbConnection.java:185)
	at pucrs.gcs.cdl.persistence.DbConnection.createTable(DbConnection.java:53)
	at pucrs.gcs.cdl.persistence.DbConnection.open(DbConnection.java:38)
	at pucrs.gcs.cdl.persistence.DbConnection.queryInsert(DbConnection.java:185)
	at pucrs.gcs.cdl.persistence.DbConnection.createTable(DbConnection.java:53)
	at pucrs.gcs.cdl.persistence.DbConnection.open(DbConnection.java:38)
	at pucrs.gcs.cdl.persistence.DbConnection.queryInsert(DbConnection.java:185)
	at pucrs.gcs.cdl.persistence.DbConnection.createTable(DbConnection.java:53)
	at pucrs.gcs.cdl.persistence.DbConnection.open(DbConnection.java:38)
	at pucrs.gcs.cdl.persistence.DbConnection.queryInsert(DbConnection.java:185)
	at pucrs.gcs.cdl.persistence.DbConnection.createTable(DbConnection.java:53)
	at pucrs.gcs.cdl.persistence.DbConnection.open(DbConnection.java:38)
	at pucrs.gcs.cdl.persistence.DbConnection.queryInsert(DbConnection.java:185)
	at pucrs.gcs.cdl.persistence.DbConnection.createTable(DbConnection.java:53)
	at pucrs.gcs.cdl.persistence.DbConnection.open(DbConnection.java:38)
	at pucrs.gcs.cdl.persistence.DbConnection.queryInsert(DbConnection.java:185)
	at pucrs.gcs.cdl.persistence.DbConnection.createTable(DbConnection.java:53)
	at pucrs.gcs.cdl.persistence.DbConnection.open(DbConnection.java:38)
	at pucrs.gcs.cdl.persistence.DbConnection.queryInsert(DbConnection.java:185)
	at pucrs.gcs.cdl.persistence.DbConnection.createTable(DbConnection.java:53)
	at pucrs.gcs.cdl.persistence.DbConnection.open(DbConnection.java:38)
	at pucrs.gcs.cdl.persistence.DbConnection.queryInsert(DbConnection.java:185)
	at pucrs.gcs.cdl.persistence.DbConnection.createTable(DbConnection.java:53)
	at pucrs.gcs.cdl.persistence.DbConnection.open(DbConnection.java:38)
	at pucrs.gcs.cdl.persistence.DbConnection.queryInsert(DbConnection.java:185)
	at pucrs.gcs.cdl.persistence.DbConnection.createTable(DbConnection.java:53)
	at pucrs.gcs.cdl.persistence.DbConnection.open(DbConnection.java:38)
	at pucrs.gcs.cdl.persistence.DbConnection.queryInsert(DbConnection.java:185)
	at pucrs.gcs.cdl.persistence.DbConnection.createTable(DbConnection.java:53)
	at pucrs.gcs.cdl.persistence.DbConnection.open(DbConnection.java:38)
	at pucrs.gcs.cdl.persistence.DbConnection.queryInsert(DbConnection.java:185)
	at pucrs.gcs.cdl.persistence.DbConnection.createTable(DbConnection.java:53)
	at pucrs.gcs.cdl.persistence.DbConnection.open(DbConnection.java:38)
	at pucrs.gcs.cdl.persistence.DbConnection.queryInsert(DbConnection.java:185)
	at pucrs.gcs.cdl.persistence.DbConnection.createTable(DbConnection.java:53)
	at pucrs.gcs.cdl.persistence.DbConnection.open(DbConnection.java:38)
	at pucrs.gcs.cdl.persistence.DbConnection.queryInsert(DbConnection.java:185)
	at pucrs.gcs.cdl.persistence.DbConnection.createTable(DbConnection.java:53)
	at pucrs.gcs.cdl.persistence.DbConnection.open(DbConnection.java:38)
	at pucrs.gcs.cdl.persistence.DbConnection.queryInsert(DbConnection.java:185)
	at pucrs.gcs.cdl.persistence.DbConnection.createTable(DbConnection.java:53)
	at pucrs.gcs.cdl.persistence.DbConnection.open(DbConnection.java:38)
	at pucrs.gcs.cdl.persistence.DbConnection.queryInsert(DbConnection.java:185)
	at pucrs.gcs.cdl.persistence.DbConnection.createTable(DbConnection.java:53)
	at pucrs.gcs.cdl.persistence.DbConnection.open(DbConnection.java:38)
	at pucrs.gcs.cdl.persistence.DbConnection.queryInsert(DbConnection.java:185)
	at pucrs.gcs.cdl.persistence.DbConnection.createTable(DbConnection.java:53)
	at pucrs.gcs.cdl.persistence.DbConnection.open(DbConnection.java:38)
	at pucrs.gcs.cdl.persistence.DbConnection.queryInsert(DbConnection.java:185)
	at pucrs.gcs.cdl.persistence.DbConnection.createTable(DbConnection.java:53)
	at pucrs.gcs.cdl.persistence.DbConnection.open(DbConnection.java:38)
	at pucrs.gcs.cdl.persistence.DbConnection.queryInsert(DbConnection.java:185)
	at pucrs.gcs.cdl.persistence.DbConnection.createTable(DbConnection.java:53)
	at pucrs.gcs.cdl.persistence.DbConnection.open(DbConnection.java:38)
	at pucrs.gcs.cdl.persistence.DbConnection.queryInsert(DbConnection.java:185)
	at pucrs.gcs.cdl.persistence.DbConnection.createTable(DbConnection.java:53)
	at pucrs.gcs.cdl.persistence.DbConnection.open(DbConnection.java:38)
	at pucrs.gcs.cdl.persistence.DbConnection.queryInsert(DbConnection.java:185)
	at pucrs.gcs.cdl.persistence.DbConnection.createTable(DbConnection.java:53)
	at pucrs.gcs.cdl.persistence.DbConnection.open(DbConnection.java:38)
	at pucrs.gcs.cdl.persistence.DbConnection.queryInsert(DbConnection.java:185)
	at pucrs.gcs.cdl.persistence.DbConnection.createTable(DbConnection.java:53)
	at pucrs.gcs.cdl.persistence.DbConnection.open(DbConnection.java:38)
	at pucrs.gcs.cdl.persistence.DbConnection.queryInsert(DbConnection.java:185)
	at pucrs.gcs.cdl.persistence.DbConnection.createTable(DbConnection.java:53)
	at pucrs.gcs.cdl.persistence.DbConnection.open(DbConnection.java:38)
	at pucrs.gcs.cdl.persistence.DbConnection.queryInsert(DbConnection.java:185)
	at pucrs.gcs.cdl.persistence.DbConnection.createTable(DbConnection.java:53)
	at pucrs.gcs.cdl.persistence.DbConnection.open(DbConnection.java:38)
	at pucrs.gcs.cdl.persistence.DbConnection.queryInsert(DbConnection.java:185)
	at pucrs.gcs.cdl.persistence.DbConnection.createTable(DbConnection.java:53)
	at pucrs.gcs.cdl.persistence.DbConnection.open(DbConnection.java:38)
	at pucrs.gcs.cdl.persistence.DbConnection.queryInsert(DbConnection.java:185)
	at pucrs.gcs.cdl.persistence.DbConnection.createTable(DbConnection.java:53)
	at pucrs.gcs.cdl.persistence.DbConnection.open(DbConnection.java:38)
	at pucrs.gcs.cdl.persistence.DbConnection.queryInsert(DbConnection.java:185)
	at pucrs.gcs.cdl.persistence.DbConnection.createTable(DbConnection.java:53)
	at pucrs.gcs.cdl.persistence.DbConnection.open(DbConnection.java:38)
	at pucrs.gcs.cdl.persistence.DbConnection.queryInsert(DbConnection.java:185)
	at pucrs.gcs.cdl.persistence.DbConnection.createTable(DbConnection.java:53)
	at pucrs.gcs.cdl.persistence.DbConnection.open(DbConnection.java:38)
	at pucrs.gcs.cdl.persistence.DbConnection.queryInsert(DbConnection.java:185)
	at pucrs.gcs.cdl.persistence.DbConnection.createTable(DbConnection.java:53)
	at pucrs.gcs.cdl.persistence.DbConnection.open(DbConnection.java:38)
	at pucrs.gcs.cdl.persistence.DbConnection.queryInsert(DbConnection.java:185)
	at pucrs.gcs.cdl.persistence.DbConnection.createTable(DbConnection.java:53)
	at pucrs.gcs.cdl.persistence.DbConnection.open(DbConnection.java:38)
	at pucrs.gcs.cdl.persistence.DbConnection.queryInsert(DbConnection.java:185)
	at pucrs.gcs.cdl.persistence.DbConnection.createTable(DbConnection.java:53)
	at pucrs.gcs.cdl.persistence.DbConnection.open(DbConnection.java:38)
	at pucrs.gcs.cdl.persistence.DbConnection.queryInsert(DbConnection.java:185)
	at pucrs.gcs.cdl.persistence.DbConnection.createTable(DbConnection.java:53)
	at pucrs.gcs.cdl.persistence.DbConnection.open(DbConnection.java:38)
	at pucrs.gcs.cdl.persistence.DbConnection.queryInsert(DbConnection.java:185)
	at pucrs.gcs.cdl.persistence.DbConnection.createTable(DbConnection.java:53)
	at pucrs.gcs.cdl.persistence.DbConnection.open(DbConnection.java:38)
	at pucrs.gcs.cdl.persistence.DbConnection.queryInsert(DbConnection.java:185)
	at pucrs.gcs.cdl.persistence.DbConnection.createTable(DbConnection.java:53)
	at pucrs.gcs.cdl.persistence.DbConnection.open(DbConnection.java:38)
	at pucrs.gcs.cdl.persistence.DbConnection.queryInsert(DbConnection.java:185)
	at pucrs.gcs.cdl.persistence.DbConnection.createTable(DbConnection.java:53)
	at pucrs.gcs.cdl.persistence.DbConnection.open(DbConnection.java:38)
	at pucrs.gcs.cdl.persistence.DbConnection.queryInsert(DbConnection.java:185)
	at pucrs.gcs.cdl.persistence.DbConnection.createTable(DbConnection.java:53)
	at pucrs.gcs.cdl.persistence.DbConnection.open(DbConnection.java:38)
	at pucrs.gcs.cdl.persistence.DbConnection.queryInsert(DbConnection.java:185)
	at pucrs.gcs.cdl.persistence.DbConnection.createTable(DbConnection.java:53)
	at pucrs.gcs.cdl.persistence.DbConnection.open(DbConnection.java:38)
	at pucrs.gcs.cdl.persistence.DbConnection.queryInsert(DbConnection.java:185)
	at pucrs.gcs.cdl.persistence.DbConnection.createTable(DbConnection.java:53)
	at pucrs.gcs.cdl.persistence.DbConnection.open(DbConnection.java:38)
	at pucrs.gcs.cdl.persistence.DbConnection.queryInsert(DbConnection.java:185)
	at pucrs.gcs.cdl.persistence.DbConnection.createTable(DbConnection.java:53)
	at pucrs.gcs.cdl.persistence.DbConnection.open(DbConnection.java:38)
	at pucrs.gcs.cdl.persistence.DbConnection.queryInsert(DbConnection.java:185)
	at pucrs.gcs.cdl.persistence.DbConnection.createTable(DbConnection.java:53)
	at pucrs.gcs.cdl.persistence.DbConnection.open(DbConnection.java:38)
	at pucrs.gcs.cdl.persistence.DbConnection.queryInsert(DbConnection.java:185)
	at pucrs.gcs.cdl.persistence.DbConnection.createTable(DbConnection.java:53)
	at pucrs.gcs.cdl.persistence.DbConnection.open(DbConnection.java:38)
	at pucrs.gcs.cdl.persistence.DbConnection.queryInsert(DbConnection.java:185)
	at pucrs.gcs.cdl.persistence.DbConnection.createTable(DbConnection.java:53)
	at pucrs.gcs.cdl.persistence.DbConnection.open(DbConnection.java:38)
	at pucrs.gcs.cdl.persistence.DbConnection.queryInsert(DbConnection.java:185)
	at pucrs.gcs.cdl.persistence.DbConnection.createTable(DbConnection.java:53)
	at pucrs.gcs.cdl.persistence.DbConnection.open(DbConnection.java:38)
	at pucrs.gcs.cdl.persistence.DbConnection.queryInsert(DbConnection.java:185)
	at pucrs.gcs.cdl.persistence.DbConnection.createTable(DbConnection.java:53)
	at pucrs.gcs.cdl.persistence.DbConnection.open(DbConnection.java:38)
	at pucrs.gcs.cdl.persistence.DbConnection.queryInsert(DbConnection.java:185)
	at pucrs.gcs.cdl.persistence.DbConnection.createTable(DbConnection.java:53)
	at pucrs.gcs.cdl.persistence.DbConnection.open(DbConnection.java:38)
	at pucrs.gcs.cdl.persistence.DbConnection.queryInsert(DbConnection.java:185)
	at pucrs.gcs.cdl.persistence.DbConnection.createTable(DbConnection.java:53)
	at pucrs.gcs.cdl.persistence.DbConnection.open(DbConnection.java:38)
	at pucrs.gcs.cdl.persistence.DbConnection.queryInsert(DbConnection.java:185)
	at pucrs.gcs.cdl.persistence.DbConnection.createTable(DbConnection.java:53)
	at pucrs.gcs.cdl.persistence.DbConnection.open(DbConnection.java:38)
	at pucrs.gcs.cdl.persistence.DbConnection.queryInsert(DbConnection.java:185)
	at pucrs.gcs.cdl.persistence.DbConnection.createTable(DbConnection.java:53)
	at pucrs.gcs.cdl.persistence.DbConnection.open(DbConnection.java:38)
	at pucrs.gcs.cdl.persistence.DbConnection.queryInsert(DbConnection.java:185)
	at pucrs.gcs.cdl.persistence.DbConnection.createTable(DbConnection.java:53)
	at pucrs.gcs.cdl.persistence.DbConnection.open(DbConnection.java:38)
	at pucrs.gcs.cdl.persistence.DbConnection.queryInsert(DbConnection.java:185)
	at pucrs.gcs.cdl.persistence.DbConnection.createTable(DbConnection.java:53)
	at pucrs.gcs.cdl.persistence.DbConnection.open(DbConnection.java:38)
	at pucrs.gcs.cdl.persistence.DbConnection.queryInsert(DbConnection.java:185)
	at pucrs.gcs.cdl.persistence.DbConnection.createTable(DbConnection.java:53)
	at pucrs.gcs.cdl.persistence.DbConnection.open(DbConnection.java:38)
	at pucrs.gcs.cdl.persistence.DbConnection.queryInsert(DbConnection.java:185)
	at pucrs.gcs.cdl.persistence.DbConnection.createTable(DbConnection.java:53)
	at pucrs.gcs.cdl.persistence.DbConnection.open(DbConnection.java:38)
	at pucrs.gcs.cdl.persistence.DbConnection.queryInsert(DbConnection.java:185)
	at pucrs.gcs.cdl.persistence.DbConnection.createTable(DbConnection.java:53)
	at pucrs.gcs.cdl.persistence.DbConnection.open(DbConnection.java:38)
	at pucrs.gcs.cdl.persistence.DbConnection.queryInsert(DbConnection.java:185)
	at pucrs.gcs.cdl.persistence.DbConnection.createTable(DbConnection.java:53)
	at pucrs.gcs.cdl.persistence.DbConnection.open(DbConnection.java:38)
	at pucrs.gcs.cdl.persistence.DbConnection.queryInsert(DbConnection.java:185)
	at pucrs.gcs.cdl.persistence.DbConnection.createTable(DbConnection.java:53)
	at pucrs.gcs.cdl.persistence.DbConnection.open(DbConnection.java:38)
	at pucrs.gcs.cdl.persistence.DbConnection.queryInsert(DbConnection.java:185)
	at pucrs.gcs.cdl.persistence.DbConnection.createTable(DbConnection.java:53)
	at pucrs.gcs.cdl.persistence.DbConnection.open(DbConnection.java:38)
	at pucrs.gcs.cdl.persistence.DbConnection.queryInsert(DbConnection.java:185)
	at pucrs.gcs.cdl.persistence.DbConnection.createTable(DbConnection.java:53)
	at pucrs.gcs.cdl.persistence.DbConnection.open(DbConnection.java:38)
	at pucrs.gcs.cdl.persistence.DbConnection.queryInsert(DbConnection.java:185)
	at pucrs.gcs.cdl.persistence.DbConnection.createTable(DbConnection.java:53)
	at pucrs.gcs.cdl.persistence.DbConnection.open(DbConnection.java:38)
	at pucrs.gcs.cdl.persistence.DbConnection.queryInsert(DbConnection.java:185)
	at pucrs.gcs.cdl.persistence.DbConnection.createTable(DbConnection.java:53)
	at pucrs.gcs.cdl.persistence.DbConnection.open(DbConnection.java:38)
	at pucrs.gcs.cdl.persistence.DbConnection.queryInsert(DbConnection.java:185)
	at pucrs.gcs.cdl.persistence.DbConnection.createTable(DbConnection.java:53)
	at pucrs.gcs.cdl.persistence.DbConnection.open(DbConnection.java:38)
	at pucrs.gcs.cdl.persistence.DbConnection.queryInsert(DbConnection.java:185)
	at pucrs.gcs.cdl.persistence.DbConnection.createTable(DbConnection.java:53)
	at pucrs.gcs.cdl.persistence.DbConnection.open(DbConnection.java:38)
	at pucrs.gcs.cdl.persistence.DbConnection.queryInsert(DbConnection.java:185)
	at pucrs.gcs.cdl.persistence.DbConnection.createTable(DbConnection.java:53)
	at pucrs.gcs.cdl.persistence.DbConnection.open(DbConnection.java:38)
	at pucrs.gcs.cdl.persistence.DbConnection.queryInsert(DbConnection.java:185)
	at pucrs.gcs.cdl.persistence.DbConnection.createTable(DbConnection.java:53)
	at pucrs.gcs.cdl.persistence.DbConnection.open(DbConnection.java:38)
	at pucrs.gcs.cdl.persistence.DbConnection.queryInsert(DbConnection.java:185)
	at pucrs.gcs.cdl.persistence.DbConnection.createTable(DbConnection.java:53)
	at pucrs.gcs.cdl.persistence.DbConnection.open(DbConnection.java:38)
	at pucrs.gcs.cdl.persistence.DbConnection.queryInsert(DbConnection.java:185)
	at pucrs.gcs.cdl.persistence.DbConnection.createTable(DbConnection.java:53)
	at pucrs.gcs.cdl.persistence.DbConnection.open(DbConnection.java:38)
	at pucrs.gcs.cdl.persistence.DbConnection.queryInsert(DbConnection.java:185)
	at pucrs.gcs.cdl.persistence.DbConnection.createTable(DbConnection.java:53)
	at pucrs.gcs.cdl.persistence.DbConnection.open(DbConnection.java:38)
	at pucrs.gcs.cdl.persistence.DbConnection.queryInsert(DbConnection.java:185)
	at pucrs.gcs.cdl.persistence.DbConnection.createTable(DbConnection.java:53)
	at pucrs.gcs.cdl.persistence.DbConnection.open(DbConnection.java:38)
	at pucrs.gcs.cdl.persistence.DbConnection.queryInsert(DbConnection.java:185)
	at pucrs.gcs.cdl.persistence.DbConnection.createTable(DbConnection.java:53)
	at pucrs.gcs.cdl.persistence.DbConnection.open(DbConnection.java:38)
	at pucrs.gcs.cdl.persistence.DbConnection.queryInsert(DbConnection.java:185)
	at pucrs.gcs.cdl.persistence.DbConnection.createTable(DbConnection.java:53)
	at pucrs.gcs.cdl.persistence.DbConnection.open(DbConnection.java:38)
	at pucrs.gcs.cdl.persistence.DbConnection.queryInsert(DbConnection.java:185)
	at pucrs.gcs.cdl.persistence.DbConnection.createTable(DbConnection.java:53)
	at pucrs.gcs.cdl.persistence.DbConnection.open(DbConnection.java:38)
	at pucrs.gcs.cdl.persistence.DbConnection.queryInsert(DbConnection.java:185)
	at pucrs.gcs.cdl.persistence.DbConnection.createTable(DbConnection.java:53)
	at pucrs.gcs.cdl.persistence.DbConnection.open(DbConnection.java:38)
	at pucrs.gcs.cdl.persistence.DbConnection.queryInsert(DbConnection.java:185)
	at pucrs.gcs.cdl.persistence.DbConnection.createTable(DbConnection.java:53)
	at pucrs.gcs.cdl.persistence.DbConnection.open(DbConnection.java:38)
	at pucrs.gcs.cdl.persistence.DbConnection.queryInsert(DbConnection.java:185)
	at pucrs.gcs.cdl.persistence.DbConnection.createTable(DbConnection.java:53)
	at pucrs.gcs.cdl.persistence.DbConnection.open(DbConnection.java:38)
	at pucrs.gcs.cdl.persistence.DbConnection.queryInsert(DbConnection.java:185)
	at pucrs.gcs.cdl.persistence.DbConnection.createTable(DbConnection.java:53)
	at pucrs.gcs.cdl.persistence.DbConnection.open(DbConnection.java:38)
	at pucrs.gcs.cdl.persistence.DbConnection.queryInsert(DbConnection.java:185)
	at pucrs.gcs.cdl.persistence.DbConnection.createTable(DbConnection.java:53)
	at pucrs.gcs.cdl.persistence.DbConnection.open(DbConnection.java:38)
	at pucrs.gcs.cdl.persistence.DbConnection.queryInsert(DbConnection.java:185)
	at pucrs.gcs.cdl.persistence.DbConnection.createTable(DbConnection.java:53)
	at pucrs.gcs.cdl.persistence.DbConnection.open(DbConnection.java:38)
	at pucrs.gcs.cdl.persistence.DbConnection.queryInsert(DbConnection.java:185)
	at pucrs.gcs.cdl.persistence.DbConnection.createTable(DbConnection.java:53)
	at pucrs.gcs.cdl.persistence.DbConnection.open(DbConnection.java:38)
	at pucrs.gcs.cdl.persistence.DbConnection.queryInsert(DbConnection.java:185)
	at pucrs.gcs.cdl.persistence.DbConnection.createTable(DbConnection.java:53)
	at pucrs.gcs.cdl.persistence.DbConnection.open(DbConnection.java:38)
	at pucrs.gcs.cdl.persistence.DbConnection.queryInsert(DbConnection.java:185)
	at pucrs.gcs.cdl.persistence.DbConnection.createTable(DbConnection.java:53)
	at pucrs.gcs.cdl.persistence.DbConnection.open(DbConnection.java:38)
	at pucrs.gcs.cdl.persistence.DbConnection.queryInsert(DbConnection.java:185)
	at pucrs.gcs.cdl.persistence.DbConnection.createTable(DbConnection.java:53)
	at pucrs.gcs.cdl.persistence.DbConnection.open(DbConnection.java:38)
	at pucrs.gcs.cdl.persistence.DbConnection.queryInsert(DbConnection.java:185)
	at pucrs.gcs.cdl.persistence.DbConnection.createTable(DbConnection.java:53)
	at pucrs.gcs.cdl.persistence.DbConnection.open(DbConnection.java:38)
	at pucrs.gcs.cdl.persistence.DbConnection.queryInsert(DbConnection.java:185)
	at pucrs.gcs.cdl.persistence.DbConnection.createTable(DbConnection.java:53)
	at pucrs.gcs.cdl.persistence.DbConnection.open(DbConnection.java:38)
	at pucrs.gcs.cdl.persistence.DbConnection.queryInsert(DbConnection.java:185)
	at pucrs.gcs.cdl.persistence.DbConnection.createTable(DbConnection.java:53)
	at pucrs.gcs.cdl.persistence.DbConnection.open(DbConnection.java:38)
	at pucrs.gcs.cdl.persistence.DbConnection.queryInsert(DbConnection.java:185)
	at pucrs.gcs.cdl.persistence.DbConnection.createTable(DbConnection.java:53)
	at pucrs.gcs.cdl.persistence.DbConnection.open(DbConnection.java:38)
	at pucrs.gcs.cdl.persistence.DbConnection.queryInsert(DbConnection.java:185)
	at pucrs.gcs.cdl.persistence.DbConnection.createTable(DbConnection.java:53)
	at pucrs.gcs.cdl.persistence.DbConnection.open(DbConnection.java:38)
	at pucrs.gcs.cdl.persistence.DbConnection.queryInsert(DbConnection.java:185)
	at pucrs.gcs.cdl.persistence.DbConnection.createTable(DbConnection.java:53)
	at pucrs.gcs.cdl.persistence.DbConnection.open(DbConnection.java:38)
	at pucrs.gcs.cdl.persistence.DbConnection.queryInsert(DbConnection.java:185)
	at pucrs.gcs.cdl.persistence.DbConnection.createTable(DbConnection.java:53)
	at pucrs.gcs.cdl.persistence.DbConnection.open(DbConnection.java:38)
	at pucrs.gcs.cdl.persistence.DbConnection.queryInsert(DbConnection.java:185)
	at pucrs.gcs.cdl.persistence.DbConnection.createTable(DbConnection.java:53)
	at pucrs.gcs.cdl.persistence.DbConnection.open(DbConnection.java:38)
	at pucrs.gcs.cdl.persistence.DbConnection.queryInsert(DbConnection.java:185)
	at pucrs.gcs.cdl.persistence.DbConnection.createTable(DbConnection.java:53)
	at pucrs.gcs.cdl.persistence.DbConnection.open(DbConnection.java:38)
	at pucrs.gcs.cdl.persistence.DbConnection.queryInsert(DbConnection.java:185)
	at pucrs.gcs.cdl.persistence.DbConnection.createTable(DbConnection.java:53)
	at pucrs.gcs.cdl.persistence.DbConnection.open(DbConnection.java:38)
	at pucrs.gcs.cdl.persistence.DbConnection.queryInsert(DbConnection.java:185)
	at pucrs.gcs.cdl.persistence.DbConnection.createTable(DbConnection.java:53)
	at pucrs.gcs.cdl.persistence.DbConnection.open(DbConnection.java:38)
	at pucrs.gcs.cdl.persistence.DbConnection.queryInsert(DbConnection.java:185)
	at pucrs.gcs.cdl.persistence.DbConnection.createTable(DbConnection.java:53)
	at pucrs.gcs.cdl.persistence.DbConnection.open(DbConnection.java:38)
	at pucrs.gcs.cdl.persistence.DbConnection.queryInsert(DbConnection.java:185)
	at pucrs.gcs.cdl.persistence.DbConnection.createTable(DbConnection.java:53)
	at pucrs.gcs.cdl.persistence.DbConnection.open(DbConnection.java:38)
	at pucrs.gcs.cdl.persistence.DbConnection.queryInsert(DbConnection.java:185)
	at pucrs.gcs.cdl.persistence.DbConnection.createTable(DbConnection.java:53)
	at pucrs.gcs.cdl.persistence.DbConnection.open(DbConnection.java:38)
	at pucrs.gcs.cdl.persistence.DbConnection.queryInsert(DbConnection.java:185)
	at pucrs.gcs.cdl.persistence.DbConnection.createTable(DbConnection.java:53)
	at pucrs.gcs.cdl.persistence.DbConnection.open(DbConnection.java:38)
	at pucrs.gcs.cdl.persistence.DbConnection.queryInsert(DbConnection.java:185)
	at pucrs.gcs.cdl.persistence.DbConnection.createTable(DbConnection.java:53)
	at pucrs.gcs.cdl.persistence.DbConnection.open(DbConnection.java:38)
	at pucrs.gcs.cdl.persistence.DbConnection.queryInsert(DbConnection.java:185)
	at pucrs.gcs.cdl.persistence.DbConnection.createTable(DbConnection.java:53)
	at pucrs.gcs.cdl.persistence.DbConnection.open(DbConnection.java:38)
	at pucrs.gcs.cdl.persistence.DbConnection.queryInsert(DbConnection.java:185)
	at pucrs.gcs.cdl.persistence.DbConnection.createTable(DbConnection.java:53)
	at pucrs.gcs.cdl.persistence.DbConnection.open(DbConnection.java:38)
	at pucrs.gcs.cdl.persistence.DbConnection.queryInsert(DbConnection.java:185)
	at pucrs.gcs.cdl.persistence.DbConnection.createTable(DbConnection.java:53)
	at pucrs.gcs.cdl.persistence.DbConnection.open(DbConnection.java:38)
	at pucrs.gcs.cdl.persistence.DbConnection.queryInsert(DbConnection.java:185)
	at pucrs.gcs.cdl.persistence.DbConnection.createTable(DbConnection.java:53)
	at pucrs.gcs.cdl.persistence.DbConnection.open(DbConnection.java:38)
	at pucrs.gcs.cdl.persistence.DbConnection.queryInsert(DbConnection.java:185)
	at pucrs.gcs.cdl.persistence.DbConnection.createTable(DbConnection.java:53)
	at pucrs.gcs.cdl.persistence.DbConnection.open(DbConnection.java:38)
	at pucrs.gcs.cdl.persistence.DbConnection.queryInsert(DbConnection.java:185)
	at pucrs.gcs.cdl.persistence.DbConnection.createTable(DbConnection.java:53)
	at pucrs.gcs.cdl.persistence.DbConnection.open(DbConnection.java:38)
	at pucrs.gcs.cdl.persistence.DbConnection.queryInsert(DbConnection.java:185)
	at pucrs.gcs.cdl.persistence.DbConnection.createTable(DbConnection.java:53)
	at pucrs.gcs.cdl.persistence.DbConnection.open(DbConnection.java:38)
	at pucrs.gcs.cdl.persistence.DbConnection.queryInsert(DbConnection.java:185)
	at pucrs.gcs.cdl.persistence.DbConnection.createTable(DbConnection.java:53)
	at pucrs.gcs.cdl.persistence.DbConnection.open(DbConnection.java:38)
	at pucrs.gcs.cdl.persistence.DbConnection.queryInsert(DbConnection.java:185)
	at pucrs.gcs.cdl.persistence.DbConnection.createTable(DbConnection.java:53)
	at pucrs.gcs.cdl.persistence.DbConnection.open(DbConnection.java:38)
	at pucrs.gcs.cdl.persistence.DbConnection.queryInsert(DbConnection.java:185)
	at pucrs.gcs.cdl.persistence.DbConnection.createTable(DbConnection.java:53)
	at pucrs.gcs.cdl.persistence.DbConnection.open(DbConnection.java:38)
	at pucrs.gcs.cdl.persistence.DbConnection.queryInsert(DbConnection.java:185)
</error>
  </testcase>
  <testcase classname="BarControllerTest" name="consultaPorcentagemSocios" time="6.443">
    <error type="java.lang.StackOverflowError">java.lang.StackOverflowError
	at org.h2.command.Parser.getSaveTokenType(Parser.java:4185)
	at org.h2.command.Parser.getTokenType(Parser.java:4173)
	at org.h2.command.Parser.read(Parser.java:3614)
	at org.h2.command.Parser.readTerm(Parser.java:3093)
	at org.h2.command.Parser.readFactor(Parser.java:2587)
	at org.h2.command.Parser.readSum(Parser.java:2574)
	at org.h2.command.Parser.readConcat(Parser.java:2544)
	at org.h2.command.Parser.readCondition(Parser.java:2370)
	at org.h2.command.Parser.readAnd(Parser.java:2342)
	at org.h2.command.Parser.readExpression(Parser.java:2334)
	at org.h2.command.Parser.readTerm(Parser.java:3252)
	at org.h2.command.Parser.readFactor(Parser.java:2587)
	at org.h2.command.Parser.readSum(Parser.java:2574)
	at org.h2.command.Parser.readConcat(Parser.java:2544)
	at org.h2.command.Parser.readCondition(Parser.java:2370)
	at org.h2.command.Parser.readAnd(Parser.java:2342)
	at org.h2.command.Parser.readExpression(Parser.java:2334)
	at org.h2.command.Parser.readTerm(Parser.java:3252)
	at org.h2.command.Parser.readFactor(Parser.java:2587)
	at org.h2.command.Parser.readSum(Parser.java:2574)
	at org.h2.command.Parser.readConcat(Parser.java:2544)
	at org.h2.command.Parser.readCondition(Parser.java:2370)
	at org.h2.command.Parser.readAnd(Parser.java:2342)
	at org.h2.command.Parser.readExpression(Parser.java:2334)
	at org.h2.command.Parser.readTerm(Parser.java:3252)
	at org.h2.command.Parser.readFactor(Parser.java:2587)
	at org.h2.command.Parser.readSum(Parser.java:2574)
	at org.h2.command.Parser.readConcat(Parser.java:2544)
	at org.h2.command.Parser.readCondition(Parser.java:2370)
	at org.h2.command.Parser.readAnd(Parser.java:2342)
	at org.h2.command.Parser.readExpression(Parser.java:2334)
	at org.h2.command.Parser.parseSelectSimple(Parser.java:2291)
	at org.h2.command.Parser.parseSelectSub(Parser.java:2133)
	at org.h2.command.Parser.parseSelectUnion(Parser.java:1946)
	at org.h2.command.Parser.parseSelectSub(Parser.java:2117)
	at org.h2.command.Parser.parseSelectUnionExtension(Parser.java:1961)
	at org.h2.command.Parser.parseSelectUnion(Parser.java:1947)
	at org.h2.command.Parser.parseSelect(Parser.java:1919)
	at org.h2.command.Parser.parsePrepared(Parser.java:357)
	at org.h2.command.Parser.parse(Parser.java:335)
	at org.h2.command.Parser.parse(Parser.java:307)
	at org.h2.command.Parser.prepare(Parser.java:262)
	at org.h2.engine.Session.prepare(Session.java:576)
	at org.h2.table.TableView.compileViewQuery(TableView.java:120)
	at org.h2.table.TableView.initColumnsAndTables(TableView.java:172)
	at org.h2.table.TableView.init(TableView.java:113)
	at org.h2.table.TableView.&lt;init&gt;(TableView.java:70)
	at org.h2.table.TableView.createTempView(TableView.java:559)
	at org.h2.command.Parser.readTableFilter(Parser.java:1367)
	at org.h2.command.Parser.parseSelectSimpleFromPart(Parser.java:2138)
	at org.h2.command.Parser.parseSelectSimple(Parser.java:2287)
	at org.h2.command.Parser.parseSelectSub(Parser.java:2133)
	at org.h2.command.Parser.parseSelectUnion(Parser.java:1946)
	at org.h2.command.Parser.parseSelect(Parser.java:1919)
	at org.h2.command.Parser.parsePrepared(Parser.java:463)
	at org.h2.command.Parser.parse(Parser.java:335)
	at org.h2.command.Parser.parse(Parser.java:307)
	at org.h2.command.Parser.prepareCommand(Parser.java:278)
	at org.h2.engine.Session.prepareLocal(Session.java:611)
	at org.h2.engine.Session.prepareCommand(Session.java:549)
	at org.h2.jdbc.JdbcConnection.prepareCommand(JdbcConnection.java:1247)
	at org.h2.jdbc.JdbcPreparedStatement.&lt;init&gt;(JdbcPreparedStatement.java:76)
	at org.h2.jdbc.JdbcConnection.prepareAutoCloseStatement(JdbcConnection.java:330)
	at org.h2.jdbc.JdbcDatabaseMetaData.getTables(JdbcDatabaseMetaData.java:195)
	at pucrs.gcs.cdl.persistence.DbConnection.tableExists(DbConnection.java:48)
	at pucrs.gcs.cdl.persistence.DbConnection.open(DbConnection.java:37)
	at pucrs.gcs.cdl.persistence.DbConnection.queryInsert(DbConnection.java:185)
	at pucrs.gcs.cdl.persistence.DbConnection.createTable(DbConnection.java:53)
	at pucrs.gcs.cdl.persistence.DbConnection.open(DbConnection.java:38)
	at pucrs.gcs.cdl.persistence.DbConnection.queryInsert(DbConnection.java:185)
	at pucrs.gcs.cdl.persistence.DbConnection.createTable(DbConnection.java:53)
	at pucrs.gcs.cdl.persistence.DbConnection.open(DbConnection.java:38)
	at pucrs.gcs.cdl.persistence.DbConnection.queryInsert(DbConnection.java:185)
	at pucrs.gcs.cdl.persistence.DbConnection.createTable(DbConnection.java:53)
	at pucrs.gcs.cdl.persistence.DbConnection.open(DbConnection.java:38)
	at pucrs.gcs.cdl.persistence.DbConnection.queryInsert(DbConnection.java:185)
	at pucrs.gcs.cdl.persistence.DbConnection.createTable(DbConnection.java:53)
	at pucrs.gcs.cdl.persistence.DbConnection.open(DbConnection.java:38)
	at pucrs.gcs.cdl.persistence.DbConnection.queryInsert(DbConnection.java:185)
	at pucrs.gcs.cdl.persistence.DbConnection.createTable(DbConnection.java:53)
	at pucrs.gcs.cdl.persistence.DbConnection.open(DbConnection.java:38)
	at pucrs.gcs.cdl.persistence.DbConnection.queryInsert(DbConnection.java:185)
	at pucrs.gcs.cdl.persistence.DbConnection.createTable(DbConnection.java:53)
	at pucrs.gcs.cdl.persistence.DbConnection.open(DbConnection.java:38)
	at pucrs.gcs.cdl.persistence.DbConnection.queryInsert(DbConnection.java:185)
	at pucrs.gcs.cdl.persistence.DbConnection.createTable(DbConnection.java:53)
	at pucrs.gcs.cdl.persistence.DbConnection.open(DbConnection.java:38)
	at pucrs.gcs.cdl.persistence.DbConnection.queryInsert(DbConnection.java:185)
	at pucrs.gcs.cdl.persistence.DbConnection.createTable(DbConnection.java:53)
	at pucrs.gcs.cdl.persistence.DbConnection.open(DbConnection.java:38)
	at pucrs.gcs.cdl.persistence.DbConnection.queryInsert(DbConnection.java:185)
	at pucrs.gcs.cdl.persistence.DbConnection.createTable(DbConnection.java:53)
	at pucrs.gcs.cdl.persistence.DbConnection.open(DbConnection.java:38)
	at pucrs.gcs.cdl.persistence.DbConnection.queryInsert(DbConnection.java:185)
	at pucrs.gcs.cdl.persistence.DbConnection.createTable(DbConnection.java:53)
	at pucrs.gcs.cdl.persistence.DbConnection.open(DbConnection.java:38)
	at pucrs.gcs.cdl.persistence.DbConnection.queryInsert(DbConnection.java:185)
	at pucrs.gcs.cdl.persistence.DbConnection.createTable(DbConnection.java:53)
	at pucrs.gcs.cdl.persistence.DbConnection.open(DbConnection.java:38)
	at pucrs.gcs.cdl.persistence.DbConnection.queryInsert(DbConnection.java:185)
	at pucrs.gcs.cdl.persistence.DbConnection.createTable(DbConnection.java:53)
	at pucrs.gcs.cdl.persistence.DbConnection.open(DbConnection.java:38)
	at pucrs.gcs.cdl.persistence.DbConnection.queryInsert(DbConnection.java:185)
	at pucrs.gcs.cdl.persistence.DbConnection.createTable(DbConnection.java:53)
	at pucrs.gcs.cdl.persistence.DbConnection.open(DbConnection.java:38)
	at pucrs.gcs.cdl.persistence.DbConnection.queryInsert(DbConnection.java:185)
	at pucrs.gcs.cdl.persistence.DbConnection.createTable(DbConnection.java:53)
	at pucrs.gcs.cdl.persistence.DbConnection.open(DbConnection.java:38)
	at pucrs.gcs.cdl.persistence.DbConnection.queryInsert(DbConnection.java:185)
	at pucrs.gcs.cdl.persistence.DbConnection.createTable(DbConnection.java:53)
	at pucrs.gcs.cdl.persistence.DbConnection.open(DbConnection.java:38)
	at pucrs.gcs.cdl.persistence.DbConnection.queryInsert(DbConnection.java:185)
	at pucrs.gcs.cdl.persistence.DbConnection.createTable(DbConnection.java:53)
	at pucrs.gcs.cdl.persistence.DbConnection.open(DbConnection.java:38)
	at pucrs.gcs.cdl.persistence.DbConnection.queryInsert(DbConnection.java:185)
	at pucrs.gcs.cdl.persistence.DbConnection.createTable(DbConnection.java:53)
	at pucrs.gcs.cdl.persistence.DbConnection.open(DbConnection.java:38)
	at pucrs.gcs.cdl.persistence.DbConnection.queryInsert(DbConnection.java:185)
	at pucrs.gcs.cdl.persistence.DbConnection.createTable(DbConnection.java:53)
	at pucrs.gcs.cdl.persistence.DbConnection.open(DbConnection.java:38)
	at pucrs.gcs.cdl.persistence.DbConnection.queryInsert(DbConnection.java:185)
	at pucrs.gcs.cdl.persistence.DbConnection.createTable(DbConnection.java:53)
	at pucrs.gcs.cdl.persistence.DbConnection.open(DbConnection.java:38)
	at pucrs.gcs.cdl.persistence.DbConnection.queryInsert(DbConnection.java:185)
	at pucrs.gcs.cdl.persistence.DbConnection.createTable(DbConnection.java:53)
	at pucrs.gcs.cdl.persistence.DbConnection.open(DbConnection.java:38)
	at pucrs.gcs.cdl.persistence.DbConnection.queryInsert(DbConnection.java:185)
	at pucrs.gcs.cdl.persistence.DbConnection.createTable(DbConnection.java:53)
	at pucrs.gcs.cdl.persistence.DbConnection.open(DbConnection.java:38)
	at pucrs.gcs.cdl.persistence.DbConnection.queryInsert(DbConnection.java:185)
	at pucrs.gcs.cdl.persistence.DbConnection.createTable(DbConnection.java:53)
	at pucrs.gcs.cdl.persistence.DbConnection.open(DbConnection.java:38)
	at pucrs.gcs.cdl.persistence.DbConnection.queryInsert(DbConnection.java:185)
	at pucrs.gcs.cdl.persistence.DbConnection.createTable(DbConnection.java:53)
	at pucrs.gcs.cdl.persistence.DbConnection.open(DbConnection.java:38)
	at pucrs.gcs.cdl.persistence.DbConnection.queryInsert(DbConnection.java:185)
	at pucrs.gcs.cdl.persistence.DbConnection.createTable(DbConnection.java:53)
	at pucrs.gcs.cdl.persistence.DbConnection.open(DbConnection.java:38)
	at pucrs.gcs.cdl.persistence.DbConnection.queryInsert(DbConnection.java:185)
	at pucrs.gcs.cdl.persistence.DbConnection.createTable(DbConnection.java:53)
	at pucrs.gcs.cdl.persistence.DbConnection.open(DbConnection.java:38)
	at pucrs.gcs.cdl.persistence.DbConnection.queryInsert(DbConnection.java:185)
	at pucrs.gcs.cdl.persistence.DbConnection.createTable(DbConnection.java:53)
	at pucrs.gcs.cdl.persistence.DbConnection.open(DbConnection.java:38)
	at pucrs.gcs.cdl.persistence.DbConnection.queryInsert(DbConnection.java:185)
	at pucrs.gcs.cdl.persistence.DbConnection.createTable(DbConnection.java:53)
	at pucrs.gcs.cdl.persistence.DbConnection.open(DbConnection.java:38)
	at pucrs.gcs.cdl.persistence.DbConnection.queryInsert(DbConnection.java:185)
	at pucrs.gcs.cdl.persistence.DbConnection.createTable(DbConnection.java:53)
	at pucrs.gcs.cdl.persistence.DbConnection.open(DbConnection.java:38)
	at pucrs.gcs.cdl.persistence.DbConnection.queryInsert(DbConnection.java:185)
	at pucrs.gcs.cdl.persistence.DbConnection.createTable(DbConnection.java:53)
	at pucrs.gcs.cdl.persistence.DbConnection.open(DbConnection.java:38)
	at pucrs.gcs.cdl.persistence.DbConnection.queryInsert(DbConnection.java:185)
	at pucrs.gcs.cdl.persistence.DbConnection.createTable(DbConnection.java:53)
	at pucrs.gcs.cdl.persistence.DbConnection.open(DbConnection.java:38)
	at pucrs.gcs.cdl.persistence.DbConnection.queryInsert(DbConnection.java:185)
	at pucrs.gcs.cdl.persistence.DbConnection.createTable(DbConnection.java:53)
	at pucrs.gcs.cdl.persistence.DbConnection.open(DbConnection.java:38)
	at pucrs.gcs.cdl.persistence.DbConnection.queryInsert(DbConnection.java:185)
	at pucrs.gcs.cdl.persistence.DbConnection.createTable(DbConnection.java:53)
	at pucrs.gcs.cdl.persistence.DbConnection.open(DbConnection.java:38)
	at pucrs.gcs.cdl.persistence.DbConnection.queryInsert(DbConnection.java:185)
	at pucrs.gcs.cdl.persistence.DbConnection.createTable(DbConnection.java:53)
	at pucrs.gcs.cdl.persistence.DbConnection.open(DbConnection.java:38)
	at pucrs.gcs.cdl.persistence.DbConnection.queryInsert(DbConnection.java:185)
	at pucrs.gcs.cdl.persistence.DbConnection.createTable(DbConnection.java:53)
	at pucrs.gcs.cdl.persistence.DbConnection.open(DbConnection.java:38)
	at pucrs.gcs.cdl.persistence.DbConnection.queryInsert(DbConnection.java:185)
	at pucrs.gcs.cdl.persistence.DbConnection.createTable(DbConnection.java:53)
	at pucrs.gcs.cdl.persistence.DbConnection.open(DbConnection.java:38)
	at pucrs.gcs.cdl.persistence.DbConnection.queryInsert(DbConnection.java:185)
	at pucrs.gcs.cdl.persistence.DbConnection.createTable(DbConnection.java:53)
	at pucrs.gcs.cdl.persistence.DbConnection.open(DbConnection.java:38)
	at pucrs.gcs.cdl.persistence.DbConnection.queryInsert(DbConnection.java:185)
	at pucrs.gcs.cdl.persistence.DbConnection.createTable(DbConnection.java:53)
	at pucrs.gcs.cdl.persistence.DbConnection.open(DbConnection.java:38)
	at pucrs.gcs.cdl.persistence.DbConnection.queryInsert(DbConnection.java:185)
	at pucrs.gcs.cdl.persistence.DbConnection.createTable(DbConnection.java:53)
	at pucrs.gcs.cdl.persistence.DbConnection.open(DbConnection.java:38)
	at pucrs.gcs.cdl.persistence.DbConnection.queryInsert(DbConnection.java:185)
	at pucrs.gcs.cdl.persistence.DbConnection.createTable(DbConnection.java:53)
	at pucrs.gcs.cdl.persistence.DbConnection.open(DbConnection.java:38)
	at pucrs.gcs.cdl.persistence.DbConnection.queryInsert(DbConnection.java:185)
	at pucrs.gcs.cdl.persistence.DbConnection.createTable(DbConnection.java:53)
	at pucrs.gcs.cdl.persistence.DbConnection.open(DbConnection.java:38)
	at pucrs.gcs.cdl.persistence.DbConnection.queryInsert(DbConnection.java:185)
	at pucrs.gcs.cdl.persistence.DbConnection.createTable(DbConnection.java:53)
	at pucrs.gcs.cdl.persistence.DbConnection.open(DbConnection.java:38)
	at pucrs.gcs.cdl.persistence.DbConnection.queryInsert(DbConnection.java:185)
	at pucrs.gcs.cdl.persistence.DbConnection.createTable(DbConnection.java:53)
	at pucrs.gcs.cdl.persistence.DbConnection.open(DbConnection.java:38)
	at pucrs.gcs.cdl.persistence.DbConnection.queryInsert(DbConnection.java:185)
	at pucrs.gcs.cdl.persistence.DbConnection.createTable(DbConnection.java:53)
	at pucrs.gcs.cdl.persistence.DbConnection.open(DbConnection.java:38)
	at pucrs.gcs.cdl.persistence.DbConnection.queryInsert(DbConnection.java:185)
	at pucrs.gcs.cdl.persistence.DbConnection.createTable(DbConnection.java:53)
	at pucrs.gcs.cdl.persistence.DbConnection.open(DbConnection.java:38)
	at pucrs.gcs.cdl.persistence.DbConnection.queryInsert(DbConnection.java:185)
	at pucrs.gcs.cdl.persistence.DbConnection.createTable(DbConnection.java:53)
	at pucrs.gcs.cdl.persistence.DbConnection.open(DbConnection.java:38)
	at pucrs.gcs.cdl.persistence.DbConnection.queryInsert(DbConnection.java:185)
	at pucrs.gcs.cdl.persistence.DbConnection.createTable(DbConnection.java:53)
	at pucrs.gcs.cdl.persistence.DbConnection.open(DbConnection.java:38)
	at pucrs.gcs.cdl.persistence.DbConnection.queryInsert(DbConnection.java:185)
	at pucrs.gcs.cdl.persistence.DbConnection.createTable(DbConnection.java:53)
	at pucrs.gcs.cdl.persistence.DbConnection.open(DbConnection.java:38)
	at pucrs.gcs.cdl.persistence.DbConnection.queryInsert(DbConnection.java:185)
	at pucrs.gcs.cdl.persistence.DbConnection.createTable(DbConnection.java:53)
	at pucrs.gcs.cdl.persistence.DbConnection.open(DbConnection.java:38)
	at pucrs.gcs.cdl.persistence.DbConnection.queryInsert(DbConnection.java:185)
	at pucrs.gcs.cdl.persistence.DbConnection.createTable(DbConnection.java:53)
	at pucrs.gcs.cdl.persistence.DbConnection.open(DbConnection.java:38)
	at pucrs.gcs.cdl.persistence.DbConnection.queryInsert(DbConnection.java:185)
	at pucrs.gcs.cdl.persistence.DbConnection.createTable(DbConnection.java:53)
	at pucrs.gcs.cdl.persistence.DbConnection.open(DbConnection.java:38)
	at pucrs.gcs.cdl.persistence.DbConnection.queryInsert(DbConnection.java:185)
	at pucrs.gcs.cdl.persistence.DbConnection.createTable(DbConnection.java:53)
	at pucrs.gcs.cdl.persistence.DbConnection.open(DbConnection.java:38)
	at pucrs.gcs.cdl.persistence.DbConnection.queryInsert(DbConnection.java:185)
	at pucrs.gcs.cdl.persistence.DbConnection.createTable(DbConnection.java:53)
	at pucrs.gcs.cdl.persistence.DbConnection.open(DbConnection.java:38)
	at pucrs.gcs.cdl.persistence.DbConnection.queryInsert(DbConnection.java:185)
	at pucrs.gcs.cdl.persistence.DbConnection.createTable(DbConnection.java:53)
	at pucrs.gcs.cdl.persistence.DbConnection.open(DbConnection.java:38)
	at pucrs.gcs.cdl.persistence.DbConnection.queryInsert(DbConnection.java:185)
	at pucrs.gcs.cdl.persistence.DbConnection.createTable(DbConnection.java:53)
	at pucrs.gcs.cdl.persistence.DbConnection.open(DbConnection.java:38)
	at pucrs.gcs.cdl.persistence.DbConnection.queryInsert(DbConnection.java:185)
	at pucrs.gcs.cdl.persistence.DbConnection.createTable(DbConnection.java:53)
	at pucrs.gcs.cdl.persistence.DbConnection.open(DbConnection.java:38)
	at pucrs.gcs.cdl.persistence.DbConnection.queryInsert(DbConnection.java:185)
	at pucrs.gcs.cdl.persistence.DbConnection.createTable(DbConnection.java:53)
	at pucrs.gcs.cdl.persistence.DbConnection.open(DbConnection.java:38)
	at pucrs.gcs.cdl.persistence.DbConnection.queryInsert(DbConnection.java:185)
	at pucrs.gcs.cdl.persistence.DbConnection.createTable(DbConnection.java:53)
	at pucrs.gcs.cdl.persistence.DbConnection.open(DbConnection.java:38)
	at pucrs.gcs.cdl.persistence.DbConnection.queryInsert(DbConnection.java:185)
	at pucrs.gcs.cdl.persistence.DbConnection.createTable(DbConnection.java:53)
	at pucrs.gcs.cdl.persistence.DbConnection.open(DbConnection.java:38)
	at pucrs.gcs.cdl.persistence.DbConnection.queryInsert(DbConnection.java:185)
	at pucrs.gcs.cdl.persistence.DbConnection.createTable(DbConnection.java:53)
	at pucrs.gcs.cdl.persistence.DbConnection.open(DbConnection.java:38)
	at pucrs.gcs.cdl.persistence.DbConnection.queryInsert(DbConnection.java:185)
	at pucrs.gcs.cdl.persistence.DbConnection.createTable(DbConnection.java:53)
	at pucrs.gcs.cdl.persistence.DbConnection.open(DbConnection.java:38)
	at pucrs.gcs.cdl.persistence.DbConnection.queryInsert(DbConnection.java:185)
	at pucrs.gcs.cdl.persistence.DbConnection.createTable(DbConnection.java:53)
	at pucrs.gcs.cdl.persistence.DbConnection.open(DbConnection.java:38)
	at pucrs.gcs.cdl.persistence.DbConnection.queryInsert(DbConnection.java:185)
	at pucrs.gcs.cdl.persistence.DbConnection.createTable(DbConnection.java:53)
	at pucrs.gcs.cdl.persistence.DbConnection.open(DbConnection.java:38)
	at pucrs.gcs.cdl.persistence.DbConnection.queryInsert(DbConnection.java:185)
	at pucrs.gcs.cdl.persistence.DbConnection.createTable(DbConnection.java:53)
	at pucrs.gcs.cdl.persistence.DbConnection.open(DbConnection.java:38)
	at pucrs.gcs.cdl.persistence.DbConnection.queryInsert(DbConnection.java:185)
	at pucrs.gcs.cdl.persistence.DbConnection.createTable(DbConnection.java:53)
	at pucrs.gcs.cdl.persistence.DbConnection.open(DbConnection.java:38)
	at pucrs.gcs.cdl.persistence.DbConnection.queryInsert(DbConnection.java:185)
	at pucrs.gcs.cdl.persistence.DbConnection.createTable(DbConnection.java:53)
	at pucrs.gcs.cdl.persistence.DbConnection.open(DbConnection.java:38)
	at pucrs.gcs.cdl.persistence.DbConnection.queryInsert(DbConnection.java:185)
	at pucrs.gcs.cdl.persistence.DbConnection.createTable(DbConnection.java:53)
	at pucrs.gcs.cdl.persistence.DbConnection.open(DbConnection.java:38)
	at pucrs.gcs.cdl.persistence.DbConnection.queryInsert(DbConnection.java:185)
	at pucrs.gcs.cdl.persistence.DbConnection.createTable(DbConnection.java:53)
	at pucrs.gcs.cdl.persistence.DbConnection.open(DbConnection.java:38)
	at pucrs.gcs.cdl.persistence.DbConnection.queryInsert(DbConnection.java:185)
	at pucrs.gcs.cdl.persistence.DbConnection.createTable(DbConnection.java:53)
	at pucrs.gcs.cdl.persistence.DbConnection.open(DbConnection.java:38)
	at pucrs.gcs.cdl.persistence.DbConnection.queryInsert(DbConnection.java:185)
	at pucrs.gcs.cdl.persistence.DbConnection.createTable(DbConnection.java:53)
	at pucrs.gcs.cdl.persistence.DbConnection.open(DbConnection.java:38)
	at pucrs.gcs.cdl.persistence.DbConnection.queryInsert(DbConnection.java:185)
	at pucrs.gcs.cdl.persistence.DbConnection.createTable(DbConnection.java:53)
	at pucrs.gcs.cdl.persistence.DbConnection.open(DbConnection.java:38)
	at pucrs.gcs.cdl.persistence.DbConnection.queryInsert(DbConnection.java:185)
	at pucrs.gcs.cdl.persistence.DbConnection.createTable(DbConnection.java:53)
	at pucrs.gcs.cdl.persistence.DbConnection.open(DbConnection.java:38)
	at pucrs.gcs.cdl.persistence.DbConnection.queryInsert(DbConnection.java:185)
	at pucrs.gcs.cdl.persistence.DbConnection.createTable(DbConnection.java:53)
	at pucrs.gcs.cdl.persistence.DbConnection.open(DbConnection.java:38)
	at pucrs.gcs.cdl.persistence.DbConnection.queryInsert(DbConnection.java:185)
	at pucrs.gcs.cdl.persistence.DbConnection.createTable(DbConnection.java:53)
	at pucrs.gcs.cdl.persistence.DbConnection.open(DbConnection.java:38)
	at pucrs.gcs.cdl.persistence.DbConnection.queryInsert(DbConnection.java:185)
	at pucrs.gcs.cdl.persistence.DbConnection.createTable(DbConnection.java:53)
	at pucrs.gcs.cdl.persistence.DbConnection.open(DbConnection.java:38)
	at pucrs.gcs.cdl.persistence.DbConnection.queryInsert(DbConnection.java:185)
	at pucrs.gcs.cdl.persistence.DbConnection.createTable(DbConnection.java:53)
	at pucrs.gcs.cdl.persistence.DbConnection.open(DbConnection.java:38)
	at pucrs.gcs.cdl.persistence.DbConnection.queryInsert(DbConnection.java:185)
	at pucrs.gcs.cdl.persistence.DbConnection.createTable(DbConnection.java:53)
	at pucrs.gcs.cdl.persistence.DbConnection.open(DbConnection.java:38)
	at pucrs.gcs.cdl.persistence.DbConnection.queryInsert(DbConnection.java:185)
	at pucrs.gcs.cdl.persistence.DbConnection.createTable(DbConnection.java:53)
	at pucrs.gcs.cdl.persistence.DbConnection.open(DbConnection.java:38)
	at pucrs.gcs.cdl.persistence.DbConnection.queryInsert(DbConnection.java:185)
	at pucrs.gcs.cdl.persistence.DbConnection.createTable(DbConnection.java:53)
	at pucrs.gcs.cdl.persistence.DbConnection.open(DbConnection.java:38)
	at pucrs.gcs.cdl.persistence.DbConnection.queryInsert(DbConnection.java:185)
	at pucrs.gcs.cdl.persistence.DbConnection.createTable(DbConnection.java:53)
	at pucrs.gcs.cdl.persistence.DbConnection.open(DbConnection.java:38)
	at pucrs.gcs.cdl.persistence.DbConnection.queryInsert(DbConnection.java:185)
	at pucrs.gcs.cdl.persistence.DbConnection.createTable(DbConnection.java:53)
	at pucrs.gcs.cdl.persistence.DbConnection.open(DbConnection.java:38)
	at pucrs.gcs.cdl.persistence.DbConnection.queryInsert(DbConnection.java:185)
	at pucrs.gcs.cdl.persistence.DbConnection.createTable(DbConnection.java:53)
	at pucrs.gcs.cdl.persistence.DbConnection.open(DbConnection.java:38)
	at pucrs.gcs.cdl.persistence.DbConnection.queryInsert(DbConnection.java:185)
	at pucrs.gcs.cdl.persistence.DbConnection.createTable(DbConnection.java:53)
	at pucrs.gcs.cdl.persistence.DbConnection.open(DbConnection.java:38)
	at pucrs.gcs.cdl.persistence.DbConnection.queryInsert(DbConnection.java:185)
	at pucrs.gcs.cdl.persistence.DbConnection.createTable(DbConnection.java:53)
	at pucrs.gcs.cdl.persistence.DbConnection.open(DbConnection.java:38)
	at pucrs.gcs.cdl.persistence.DbConnection.queryInsert(DbConnection.java:185)
	at pucrs.gcs.cdl.persistence.DbConnection.createTable(DbConnection.java:53)
	at pucrs.gcs.cdl.persistence.DbConnection.open(DbConnection.java:38)
	at pucrs.gcs.cdl.persistence.DbConnection.queryInsert(DbConnection.java:185)
	at pucrs.gcs.cdl.persistence.DbConnection.createTable(DbConnection.java:53)
	at pucrs.gcs.cdl.persistence.DbConnection.open(DbConnection.java:38)
	at pucrs.gcs.cdl.persistence.DbConnection.queryInsert(DbConnection.java:185)
	at pucrs.gcs.cdl.persistence.DbConnection.createTable(DbConnection.java:53)
	at pucrs.gcs.cdl.persistence.DbConnection.open(DbConnection.java:38)
	at pucrs.gcs.cdl.persistence.DbConnection.queryInsert(DbConnection.java:185)
	at pucrs.gcs.cdl.persistence.DbConnection.createTable(DbConnection.java:53)
	at pucrs.gcs.cdl.persistence.DbConnection.open(DbConnection.java:38)
	at pucrs.gcs.cdl.persistence.DbConnection.queryInsert(DbConnection.java:185)
	at pucrs.gcs.cdl.persistence.DbConnection.createTable(DbConnection.java:53)
	at pucrs.gcs.cdl.persistence.DbConnection.open(DbConnection.java:38)
	at pucrs.gcs.cdl.persistence.DbConnection.queryInsert(DbConnection.java:185)
	at pucrs.gcs.cdl.persistence.DbConnection.createTable(DbConnection.java:53)
	at pucrs.gcs.cdl.persistence.DbConnection.open(DbConnection.java:38)
	at pucrs.gcs.cdl.persistence.DbConnection.queryInsert(DbConnection.java:185)
	at pucrs.gcs.cdl.persistence.DbConnection.createTable(DbConnection.java:53)
	at pucrs.gcs.cdl.persistence.DbConnection.open(DbConnection.java:38)
	at pucrs.gcs.cdl.persistence.DbConnection.queryInsert(DbConnection.java:185)
	at pucrs.gcs.cdl.persistence.DbConnection.createTable(DbConnection.java:53)
	at pucrs.gcs.cdl.persistence.DbConnection.open(DbConnection.java:38)
	at pucrs.gcs.cdl.persistence.DbConnection.queryInsert(DbConnection.java:185)
	at pucrs.gcs.cdl.persistence.DbConnection.createTable(DbConnection.java:53)
	at pucrs.gcs.cdl.persistence.DbConnection.open(DbConnection.java:38)
	at pucrs.gcs.cdl.persistence.DbConnection.queryInsert(DbConnection.java:185)
	at pucrs.gcs.cdl.persistence.DbConnection.createTable(DbConnection.java:53)
	at pucrs.gcs.cdl.persistence.DbConnection.open(DbConnection.java:38)
	at pucrs.gcs.cdl.persistence.DbConnection.queryInsert(DbConnection.java:185)
	at pucrs.gcs.cdl.persistence.DbConnection.createTable(DbConnection.java:53)
	at pucrs.gcs.cdl.persistence.DbConnection.open(DbConnection.java:38)
	at pucrs.gcs.cdl.persistence.DbConnection.queryInsert(DbConnection.java:185)
	at pucrs.gcs.cdl.persistence.DbConnection.createTable(DbConnection.java:53)
	at pucrs.gcs.cdl.persistence.DbConnection.open(DbConnection.java:38)
	at pucrs.gcs.cdl.persistence.DbConnection.queryInsert(DbConnection.java:185)
	at pucrs.gcs.cdl.persistence.DbConnection.createTable(DbConnection.java:53)
	at pucrs.gcs.cdl.persistence.DbConnection.open(DbConnection.java:38)
	at pucrs.gcs.cdl.persistence.DbConnection.queryInsert(DbConnection.java:185)
	at pucrs.gcs.cdl.persistence.DbConnection.createTable(DbConnection.java:53)
	at pucrs.gcs.cdl.persistence.DbConnection.open(DbConnection.java:38)
	at pucrs.gcs.cdl.persistence.DbConnection.queryInsert(DbConnection.java:185)
	at pucrs.gcs.cdl.persistence.DbConnection.createTable(DbConnection.java:53)
	at pucrs.gcs.cdl.persistence.DbConnection.open(DbConnection.java:38)
	at pucrs.gcs.cdl.persistence.DbConnection.queryInsert(DbConnection.java:185)
	at pucrs.gcs.cdl.persistence.DbConnection.createTable(DbConnection.java:53)
	at pucrs.gcs.cdl.persistence.DbConnection.open(DbConnection.java:38)
	at pucrs.gcs.cdl.persistence.DbConnection.queryInsert(DbConnection.java:185)
	at pucrs.gcs.cdl.persistence.DbConnection.createTable(DbConnection.java:53)
	at pucrs.gcs.cdl.persistence.DbConnection.open(DbConnection.java:38)
	at pucrs.gcs.cdl.persistence.DbConnection.queryInsert(DbConnection.java:185)
	at pucrs.gcs.cdl.persistence.DbConnection.createTable(DbConnection.java:53)
	at pucrs.gcs.cdl.persistence.DbConnection.open(DbConnection.java:38)
	at pucrs.gcs.cdl.persistence.DbConnection.queryInsert(DbConnection.java:185)
	at pucrs.gcs.cdl.persistence.DbConnection.createTable(DbConnection.java:53)
	at pucrs.gcs.cdl.persistence.DbConnection.open(DbConnection.java:38)
	at pucrs.gcs.cdl.persistence.DbConnection.queryInsert(DbConnection.java:185)
	at pucrs.gcs.cdl.persistence.DbConnection.createTable(DbConnection.java:53)
	at pucrs.gcs.cdl.persistence.DbConnection.open(DbConnection.java:38)
	at pucrs.gcs.cdl.persistence.DbConnection.queryInsert(DbConnection.java:185)
	at pucrs.gcs.cdl.persistence.DbConnection.createTable(DbConnection.java:53)
	at pucrs.gcs.cdl.persistence.DbConnection.open(DbConnection.java:38)
	at pucrs.gcs.cdl.persistence.DbConnection.queryInsert(DbConnection.java:185)
	at pucrs.gcs.cdl.persistence.DbConnection.createTable(DbConnection.java:53)
	at pucrs.gcs.cdl.persistence.DbConnection.open(DbConnection.java:38)
	at pucrs.gcs.cdl.persistence.DbConnection.queryInsert(DbConnection.java:185)
	at pucrs.gcs.cdl.persistence.DbConnection.createTable(DbConnection.java:53)
	at pucrs.gcs.cdl.persistence.DbConnection.open(DbConnection.java:38)
	at pucrs.gcs.cdl.persistence.DbConnection.queryInsert(DbConnection.java:185)
	at pucrs.gcs.cdl.persistence.DbConnection.createTable(DbConnection.java:53)
	at pucrs.gcs.cdl.persistence.DbConnection.open(DbConnection.java:38)
	at pucrs.gcs.cdl.persistence.DbConnection.queryInsert(DbConnection.java:185)
	at pucrs.gcs.cdl.persistence.DbConnection.createTable(DbConnection.java:53)
	at pucrs.gcs.cdl.persistence.DbConnection.open(DbConnection.java:38)
	at pucrs.gcs.cdl.persistence.DbConnection.queryInsert(DbConnection.java:185)
	at pucrs.gcs.cdl.persistence.DbConnection.createTable(DbConnection.java:53)
	at pucrs.gcs.cdl.persistence.DbConnection.open(DbConnection.java:38)
	at pucrs.gcs.cdl.persistence.DbConnection.queryInsert(DbConnection.java:185)
	at pucrs.gcs.cdl.persistence.DbConnection.createTable(DbConnection.java:53)
	at pucrs.gcs.cdl.persistence.DbConnection.open(DbConnection.java:38)
	at pucrs.gcs.cdl.persistence.DbConnection.queryInsert(DbConnection.java:185)
	at pucrs.gcs.cdl.persistence.DbConnection.createTable(DbConnection.java:53)
	at pucrs.gcs.cdl.persistence.DbConnection.open(DbConnection.java:38)
	at pucrs.gcs.cdl.persistence.DbConnection.queryInsert(DbConnection.java:185)
	at pucrs.gcs.cdl.persistence.DbConnection.createTable(DbConnection.java:53)
	at pucrs.gcs.cdl.persistence.DbConnection.open(DbConnection.java:38)
	at pucrs.gcs.cdl.persistence.DbConnection.queryInsert(DbConnection.java:185)
	at pucrs.gcs.cdl.persistence.DbConnection.createTable(DbConnection.java:53)
	at pucrs.gcs.cdl.persistence.DbConnection.open(DbConnection.java:38)
	at pucrs.gcs.cdl.persistence.DbConnection.queryInsert(DbConnection.java:185)
	at pucrs.gcs.cdl.persistence.DbConnection.createTable(DbConnection.java:53)
	at pucrs.gcs.cdl.persistence.DbConnection.open(DbConnection.java:38)
	at pucrs.gcs.cdl.persistence.DbConnection.queryInsert(DbConnection.java:185)
	at pucrs.gcs.cdl.persistence.DbConnection.createTable(DbConnection.java:53)
	at pucrs.gcs.cdl.persistence.DbConnection.open(DbConnection.java:38)
	at pucrs.gcs.cdl.persistence.DbConnection.queryInsert(DbConnection.java:185)
	at pucrs.gcs.cdl.persistence.DbConnection.createTable(DbConnection.java:53)
	at pucrs.gcs.cdl.persistence.DbConnection.open(DbConnection.java:38)
	at pucrs.gcs.cdl.persistence.DbConnection.queryInsert(DbConnection.java:185)
	at pucrs.gcs.cdl.persistence.DbConnection.createTable(DbConnection.java:53)
	at pucrs.gcs.cdl.persistence.DbConnection.open(DbConnection.java:38)
	at pucrs.gcs.cdl.persistence.DbConnection.queryInsert(DbConnection.java:185)
	at pucrs.gcs.cdl.persistence.DbConnection.createTable(DbConnection.java:53)
	at pucrs.gcs.cdl.persistence.DbConnection.open(DbConnection.java:38)
	at pucrs.gcs.cdl.persistence.DbConnection.queryInsert(DbConnection.java:185)
	at pucrs.gcs.cdl.persistence.DbConnection.createTable(DbConnection.java:53)
	at pucrs.gcs.cdl.persistence.DbConnection.open(DbConnection.java:38)
	at pucrs.gcs.cdl.persistence.DbConnection.queryInsert(DbConnection.java:185)
	at pucrs.gcs.cdl.persistence.DbConnection.createTable(DbConnection.java:53)
	at pucrs.gcs.cdl.persistence.DbConnection.open(DbConnection.java:38)
	at pucrs.gcs.cdl.persistence.DbConnection.queryInsert(DbConnection.java:185)
	at pucrs.gcs.cdl.persistence.DbConnection.createTable(DbConnection.java:53)
	at pucrs.gcs.cdl.persistence.DbConnection.open(DbConnection.java:38)
	at pucrs.gcs.cdl.persistence.DbConnection.queryInsert(DbConnection.java:185)
	at pucrs.gcs.cdl.persistence.DbConnection.createTable(DbConnection.java:53)
	at pucrs.gcs.cdl.persistence.DbConnection.open(DbConnection.java:38)
	at pucrs.gcs.cdl.persistence.DbConnection.queryInsert(DbConnection.java:185)
	at pucrs.gcs.cdl.persistence.DbConnection.createTable(DbConnection.java:53)
	at pucrs.gcs.cdl.persistence.DbConnection.open(DbConnection.java:38)
	at pucrs.gcs.cdl.persistence.DbConnection.queryInsert(DbConnection.java:185)
	at pucrs.gcs.cdl.persistence.DbConnection.createTable(DbConnection.java:53)
	at pucrs.gcs.cdl.persistence.DbConnection.open(DbConnection.java:38)
	at pucrs.gcs.cdl.persistence.DbConnection.queryInsert(DbConnection.java:185)
	at pucrs.gcs.cdl.persistence.DbConnection.createTable(DbConnection.java:53)
	at pucrs.gcs.cdl.persistence.DbConnection.open(DbConnection.java:38)
	at pucrs.gcs.cdl.persistence.DbConnection.queryInsert(DbConnection.java:185)
	at pucrs.gcs.cdl.persistence.DbConnection.createTable(DbConnection.java:53)
	at pucrs.gcs.cdl.persistence.DbConnection.open(DbConnection.java:38)
	at pucrs.gcs.cdl.persistence.DbConnection.queryInsert(DbConnection.java:185)
	at pucrs.gcs.cdl.persistence.DbConnection.createTable(DbConnection.java:53)
	at pucrs.gcs.cdl.persistence.DbConnection.open(DbConnection.java:38)
	at pucrs.gcs.cdl.persistence.DbConnection.queryInsert(DbConnection.java:185)
	at pucrs.gcs.cdl.persistence.DbConnection.createTable(DbConnection.java:53)
	at pucrs.gcs.cdl.persistence.DbConnection.open(DbConnection.java:38)
	at pucrs.gcs.cdl.persistence.DbConnection.queryInsert(DbConnection.java:185)
	at pucrs.gcs.cdl.persistence.DbConnection.createTable(DbConnection.java:53)
	at pucrs.gcs.cdl.persistence.DbConnection.open(DbConnection.java:38)
	at pucrs.gcs.cdl.persistence.DbConnection.queryInsert(DbConnection.java:185)
	at pucrs.gcs.cdl.persistence.DbConnection.createTable(DbConnection.java:53)
	at pucrs.gcs.cdl.persistence.DbConnection.open(DbConnection.java:38)
	at pucrs.gcs.cdl.persistence.DbConnection.queryInsert(DbConnection.java:185)
	at pucrs.gcs.cdl.persistence.DbConnection.createTable(DbConnection.java:53)
	at pucrs.gcs.cdl.persistence.DbConnection.open(DbConnection.java:38)
	at pucrs.gcs.cdl.persistence.DbConnection.queryInsert(DbConnection.java:185)
	at pucrs.gcs.cdl.persistence.DbConnection.createTable(DbConnection.java:53)
	at pucrs.gcs.cdl.persistence.DbConnection.open(DbConnection.java:38)
	at pucrs.gcs.cdl.persistence.DbConnection.queryInsert(DbConnection.java:185)
	at pucrs.gcs.cdl.persistence.DbConnection.createTable(DbConnection.java:53)
	at pucrs.gcs.cdl.persistence.DbConnection.open(DbConnection.java:38)
	at pucrs.gcs.cdl.persistence.DbConnection.queryInsert(DbConnection.java:185)
	at pucrs.gcs.cdl.persistence.DbConnection.createTable(DbConnection.java:53)
	at pucrs.gcs.cdl.persistence.DbConnection.open(DbConnection.java:38)
	at pucrs.gcs.cdl.persistence.DbConnection.queryInsert(DbConnection.java:185)
	at pucrs.gcs.cdl.persistence.DbConnection.createTable(DbConnection.java:53)
	at pucrs.gcs.cdl.persistence.DbConnection.open(DbConnection.java:38)
	at pucrs.gcs.cdl.persistence.DbConnection.queryInsert(DbConnection.java:185)
	at pucrs.gcs.cdl.persistence.DbConnection.createTable(DbConnection.java:53)
	at pucrs.gcs.cdl.persistence.DbConnection.open(DbConnection.java:38)
	at pucrs.gcs.cdl.persistence.DbConnection.queryInsert(DbConnection.java:185)
	at pucrs.gcs.cdl.persistence.DbConnection.createTable(DbConnection.java:53)
	at pucrs.gcs.cdl.persistence.DbConnection.open(DbConnection.java:38)
	at pucrs.gcs.cdl.persistence.DbConnection.queryInsert(DbConnection.java:185)
	at pucrs.gcs.cdl.persistence.DbConnection.createTable(DbConnection.java:53)
	at pucrs.gcs.cdl.persistence.DbConnection.open(DbConnection.java:38)
	at pucrs.gcs.cdl.persistence.DbConnection.queryInsert(DbConnection.java:185)
	at pucrs.gcs.cdl.persistence.DbConnection.createTable(DbConnection.java:53)
	at pucrs.gcs.cdl.persistence.DbConnection.open(DbConnection.java:38)
	at pucrs.gcs.cdl.persistence.DbConnection.queryInsert(DbConnection.java:185)
	at pucrs.gcs.cdl.persistence.DbConnection.createTable(DbConnection.java:53)
	at pucrs.gcs.cdl.persistence.DbConnection.open(DbConnection.java:38)
	at pucrs.gcs.cdl.persistence.DbConnection.queryInsert(DbConnection.java:185)
	at pucrs.gcs.cdl.persistence.DbConnection.createTable(DbConnection.java:53)
	at pucrs.gcs.cdl.persistence.DbConnection.open(DbConnection.java:38)
	at pucrs.gcs.cdl.persistence.DbConnection.queryInsert(DbConnection.java:185)
	at pucrs.gcs.cdl.persistence.DbConnection.createTable(DbConnection.java:53)
	at pucrs.gcs.cdl.persistence.DbConnection.open(DbConnection.java:38)
	at pucrs.gcs.cdl.persistence.DbConnection.queryInsert(DbConnection.java:185)
	at pucrs.gcs.cdl.persistence.DbConnection.createTable(DbConnection.java:53)
	at pucrs.gcs.cdl.persistence.DbConnection.open(DbConnection.java:38)
	at pucrs.gcs.cdl.persistence.DbConnection.queryInsert(DbConnection.java:185)
	at pucrs.gcs.cdl.persistence.DbConnection.createTable(DbConnection.java:53)
	at pucrs.gcs.cdl.persistence.DbConnection.open(DbConnection.java:38)
	at pucrs.gcs.cdl.persistence.DbConnection.queryInsert(DbConnection.java:185)
	at pucrs.gcs.cdl.persistence.DbConnection.createTable(DbConnection.java:53)
	at pucrs.gcs.cdl.persistence.DbConnection.open(DbConnection.java:38)
	at pucrs.gcs.cdl.persistence.DbConnection.queryInsert(DbConnection.java:185)
	at pucrs.gcs.cdl.persistence.DbConnection.createTable(DbConnection.java:53)
	at pucrs.gcs.cdl.persistence.DbConnection.open(DbConnection.java:38)
	at pucrs.gcs.cdl.persistence.DbConnection.queryInsert(DbConnection.java:185)
	at pucrs.gcs.cdl.persistence.DbConnection.createTable(DbConnection.java:53)
	at pucrs.gcs.cdl.persistence.DbConnection.open(DbConnection.java:38)
	at pucrs.gcs.cdl.persistence.DbConnection.queryInsert(DbConnection.java:185)
	at pucrs.gcs.cdl.persistence.DbConnection.createTable(DbConnection.java:53)
	at pucrs.gcs.cdl.persistence.DbConnection.open(DbConnection.java:38)
	at pucrs.gcs.cdl.persistence.DbConnection.queryInsert(DbConnection.java:185)
	at pucrs.gcs.cdl.persistence.DbConnection.createTable(DbConnection.java:53)
	at pucrs.gcs.cdl.persistence.DbConnection.open(DbConnection.java:38)
	at pucrs.gcs.cdl.persistence.DbConnection.queryInsert(DbConnection.java:185)
	at pucrs.gcs.cdl.persistence.DbConnection.createTable(DbConnection.java:53)
	at pucrs.gcs.cdl.persistence.DbConnection.open(DbConnection.java:38)
	at pucrs.gcs.cdl.persistence.DbConnection.queryInsert(DbConnection.java:185)
	at pucrs.gcs.cdl.persistence.DbConnection.createTable(DbConnection.java:53)
	at pucrs.gcs.cdl.persistence.DbConnection.open(DbConnection.java:38)
	at pucrs.gcs.cdl.persistence.DbConnection.queryInsert(DbConnection.java:185)
	at pucrs.gcs.cdl.persistence.DbConnection.createTable(DbConnection.java:53)
	at pucrs.gcs.cdl.persistence.DbConnection.open(DbConnection.java:38)
	at pucrs.gcs.cdl.persistence.DbConnection.queryInsert(DbConnection.java:185)
	at pucrs.gcs.cdl.persistence.DbConnection.createTable(DbConnection.java:53)
	at pucrs.gcs.cdl.persistence.DbConnection.open(DbConnection.java:38)
	at pucrs.gcs.cdl.persistence.DbConnection.queryInsert(DbConnection.java:185)
	at pucrs.gcs.cdl.persistence.DbConnection.createTable(DbConnection.java:53)
	at pucrs.gcs.cdl.persistence.DbConnection.open(DbConnection.java:38)
	at pucrs.gcs.cdl.persistence.DbConnection.queryInsert(DbConnection.java:185)
	at pucrs.gcs.cdl.persistence.DbConnection.createTable(DbConnection.java:53)
	at pucrs.gcs.cdl.persistence.DbConnection.open(DbConnection.java:38)
	at pucrs.gcs.cdl.persistence.DbConnection.queryInsert(DbConnection.java:185)
	at pucrs.gcs.cdl.persistence.DbConnection.createTable(DbConnection.java:53)
	at pucrs.gcs.cdl.persistence.DbConnection.open(DbConnection.java:38)
	at pucrs.gcs.cdl.persistence.DbConnection.queryInsert(DbConnection.java:185)
	at pucrs.gcs.cdl.persistence.DbConnection.createTable(DbConnection.java:53)
	at pucrs.gcs.cdl.persistence.DbConnection.open(DbConnection.java:38)
	at pucrs.gcs.cdl.persistence.DbConnection.queryInsert(DbConnection.java:185)
	at pucrs.gcs.cdl.persistence.DbConnection.createTable(DbConnection.java:53)
	at pucrs.gcs.cdl.persistence.DbConnection.open(DbConnection.java:38)
	at pucrs.gcs.cdl.persistence.DbConnection.queryInsert(DbConnection.java:185)
	at pucrs.gcs.cdl.persistence.DbConnection.createTable(DbConnection.java:53)
	at pucrs.gcs.cdl.persistence.DbConnection.open(DbConnection.java:38)
	at pucrs.gcs.cdl.persistence.DbConnection.queryInsert(DbConnection.java:185)
	at pucrs.gcs.cdl.persistence.DbConnection.createTable(DbConnection.java:53)
	at pucrs.gcs.cdl.persistence.DbConnection.open(DbConnection.java:38)
	at pucrs.gcs.cdl.persistence.DbConnection.queryInsert(DbConnection.java:185)
	at pucrs.gcs.cdl.persistence.DbConnection.createTable(DbConnection.java:53)
	at pucrs.gcs.cdl.persistence.DbConnection.open(DbConnection.java:38)
	at pucrs.gcs.cdl.persistence.DbConnection.queryInsert(DbConnection.java:185)
	at pucrs.gcs.cdl.persistence.DbConnection.createTable(DbConnection.java:53)
	at pucrs.gcs.cdl.persistence.DbConnection.open(DbConnection.java:38)
	at pucrs.gcs.cdl.persistence.DbConnection.queryInsert(DbConnection.java:185)
	at pucrs.gcs.cdl.persistence.DbConnection.createTable(DbConnection.java:53)
	at pucrs.gcs.cdl.persistence.DbConnection.open(DbConnection.java:38)
	at pucrs.gcs.cdl.persistence.DbConnection.queryInsert(DbConnection.java:185)
	at pucrs.gcs.cdl.persistence.DbConnection.createTable(DbConnection.java:53)
	at pucrs.gcs.cdl.persistence.DbConnection.open(DbConnection.java:38)
	at pucrs.gcs.cdl.persistence.DbConnection.queryInsert(DbConnection.java:185)
	at pucrs.gcs.cdl.persistence.DbConnection.createTable(DbConnection.java:53)
	at pucrs.gcs.cdl.persistence.DbConnection.open(DbConnection.java:38)
	at pucrs.gcs.cdl.persistence.DbConnection.queryInsert(DbConnection.java:185)
	at pucrs.gcs.cdl.persistence.DbConnection.createTable(DbConnection.java:53)
	at pucrs.gcs.cdl.persistence.DbConnection.open(DbConnection.java:38)
	at pucrs.gcs.cdl.persistence.DbConnection.queryInsert(DbConnection.java:185)
	at pucrs.gcs.cdl.persistence.DbConnection.createTable(DbConnection.java:53)
	at pucrs.gcs.cdl.persistence.DbConnection.open(DbConnection.java:38)
	at pucrs.gcs.cdl.persistence.DbConnection.queryInsert(DbConnection.java:185)
	at pucrs.gcs.cdl.persistence.DbConnection.createTable(DbConnection.java:53)
	at pucrs.gcs.cdl.persistence.DbConnection.open(DbConnection.java:38)
	at pucrs.gcs.cdl.persistence.DbConnection.queryInsert(DbConnection.java:185)
	at pucrs.gcs.cdl.persistence.DbConnection.createTable(DbConnection.java:53)
	at pucrs.gcs.cdl.persistence.DbConnection.open(DbConnection.java:38)
	at pucrs.gcs.cdl.persistence.DbConnection.queryInsert(DbConnection.java:185)
	at pucrs.gcs.cdl.persistence.DbConnection.createTable(DbConnection.java:53)
	at pucrs.gcs.cdl.persistence.DbConnection.open(DbConnection.java:38)
	at pucrs.gcs.cdl.persistence.DbConnection.queryInsert(DbConnection.java:185)
	at pucrs.gcs.cdl.persistence.DbConnection.createTable(DbConnection.java:53)
	at pucrs.gcs.cdl.persistence.DbConnection.open(DbConnection.java:38)
	at pucrs.gcs.cdl.persistence.DbConnection.queryInsert(DbConnection.java:185)
	at pucrs.gcs.cdl.persistence.DbConnection.createTable(DbConnection.java:53)
	at pucrs.gcs.cdl.persistence.DbConnection.open(DbConnection.java:38)
	at pucrs.gcs.cdl.persistence.DbConnection.queryInsert(DbConnection.java:185)
	at pucrs.gcs.cdl.persistence.DbConnection.createTable(DbConnection.java:53)
	at pucrs.gcs.cdl.persistence.DbConnection.open(DbConnection.java:38)
	at pucrs.gcs.cdl.persistence.DbConnection.queryInsert(DbConnection.java:185)
	at pucrs.gcs.cdl.persistence.DbConnection.createTable(DbConnection.java:53)
	at pucrs.gcs.cdl.persistence.DbConnection.open(DbConnection.java:38)
	at pucrs.gcs.cdl.persistence.DbConnection.queryInsert(DbConnection.java:185)
	at pucrs.gcs.cdl.persistence.DbConnection.createTable(DbConnection.java:53)
	at pucrs.gcs.cdl.persistence.DbConnection.open(DbConnection.java:38)
	at pucrs.gcs.cdl.persistence.DbConnection.queryInsert(DbConnection.java:185)
	at pucrs.gcs.cdl.persistence.DbConnection.createTable(DbConnection.java:53)
	at pucrs.gcs.cdl.persistence.DbConnection.open(DbConnection.java:38)
	at pucrs.gcs.cdl.persistence.DbConnection.queryInsert(DbConnection.java:185)
	at pucrs.gcs.cdl.persistence.DbConnection.createTable(DbConnection.java:53)
	at pucrs.gcs.cdl.persistence.DbConnection.open(DbConnection.java:38)
	at pucrs.gcs.cdl.persistence.DbConnection.queryInsert(DbConnection.java:185)
	at pucrs.gcs.cdl.persistence.DbConnection.createTable(DbConnection.java:53)
	at pucrs.gcs.cdl.persistence.DbConnection.open(DbConnection.java:38)
	at pucrs.gcs.cdl.persistence.DbConnection.queryInsert(DbConnection.java:185)
	at pucrs.gcs.cdl.persistence.DbConnection.createTable(DbConnection.java:53)
	at pucrs.gcs.cdl.persistence.DbConnection.open(DbConnection.java:38)
	at pucrs.gcs.cdl.persistence.DbConnection.queryInsert(DbConnection.java:185)
	at pucrs.gcs.cdl.persistence.DbConnection.createTable(DbConnection.java:53)
	at pucrs.gcs.cdl.persistence.DbConnection.open(DbConnection.java:38)
	at pucrs.gcs.cdl.persistence.DbConnection.queryInsert(DbConnection.java:185)
	at pucrs.gcs.cdl.persistence.DbConnection.createTable(DbConnection.java:53)
	at pucrs.gcs.cdl.persistence.DbConnection.open(DbConnection.java:38)
	at pucrs.gcs.cdl.persistence.DbConnection.queryInsert(DbConnection.java:185)
	at pucrs.gcs.cdl.persistence.DbConnection.createTable(DbConnection.java:53)
	at pucrs.gcs.cdl.persistence.DbConnection.open(DbConnection.java:38)
	at pucrs.gcs.cdl.persistence.DbConnection.queryInsert(DbConnection.java:185)
	at pucrs.gcs.cdl.persistence.DbConnection.createTable(DbConnection.java:53)
	at pucrs.gcs.cdl.persistence.DbConnection.open(DbConnection.java:38)
	at pucrs.gcs.cdl.persistence.DbConnection.queryInsert(DbConnection.java:185)
	at pucrs.gcs.cdl.persistence.DbConnection.createTable(DbConnection.java:53)
	at pucrs.gcs.cdl.persistence.DbConnection.open(DbConnection.java:38)
	at pucrs.gcs.cdl.persistence.DbConnection.queryInsert(DbConnection.java:185)
	at pucrs.gcs.cdl.persistence.DbConnection.createTable(DbConnection.java:53)
	at pucrs.gcs.cdl.persistence.DbConnection.open(DbConnection.java:38)
	at pucrs.gcs.cdl.persistence.DbConnection.queryInsert(DbConnection.java:185)
	at pucrs.gcs.cdl.persistence.DbConnection.createTable(DbConnection.java:53)
	at pucrs.gcs.cdl.persistence.DbConnection.open(DbConnection.java:38)
	at pucrs.gcs.cdl.persistence.DbConnection.queryInsert(DbConnection.java:185)
	at pucrs.gcs.cdl.persistence.DbConnection.createTable(DbConnection.java:53)
	at pucrs.gcs.cdl.persistence.DbConnection.open(DbConnection.java:38)
	at pucrs.gcs.cdl.persistence.DbConnection.queryInsert(DbConnection.java:185)
	at pucrs.gcs.cdl.persistence.DbConnection.createTable(DbConnection.java:53)
	at pucrs.gcs.cdl.persistence.DbConnection.open(DbConnection.java:38)
	at pucrs.gcs.cdl.persistence.DbConnection.queryInsert(DbConnection.java:185)
	at pucrs.gcs.cdl.persistence.DbConnection.createTable(DbConnection.java:53)
	at pucrs.gcs.cdl.persistence.DbConnection.open(DbConnection.java:38)
	at pucrs.gcs.cdl.persistence.DbConnection.queryInsert(DbConnection.java:185)
	at pucrs.gcs.cdl.persistence.DbConnection.createTable(DbConnection.java:53)
	at pucrs.gcs.cdl.persistence.DbConnection.open(DbConnection.java:38)
	at pucrs.gcs.cdl.persistence.DbConnection.queryInsert(DbConnection.java:185)
	at pucrs.gcs.cdl.persistence.DbConnection.createTable(DbConnection.java:53)
	at pucrs.gcs.cdl.persistence.DbConnection.open(DbConnection.java:38)
	at pucrs.gcs.cdl.persistence.DbConnection.queryInsert(DbConnection.java:185)
	at pucrs.gcs.cdl.persistence.DbConnection.createTable(DbConnection.java:53)
	at pucrs.gcs.cdl.persistence.DbConnection.open(DbConnection.java:38)
	at pucrs.gcs.cdl.persistence.DbConnection.queryInsert(DbConnection.java:185)
	at pucrs.gcs.cdl.persistence.DbConnection.createTable(DbConnection.java:53)
	at pucrs.gcs.cdl.persistence.DbConnection.open(DbConnection.java:38)
	at pucrs.gcs.cdl.persistence.DbConnection.queryInsert(DbConnection.java:185)
	at pucrs.gcs.cdl.persistence.DbConnection.createTable(DbConnection.java:53)
	at pucrs.gcs.cdl.persistence.DbConnection.open(DbConnection.java:38)
	at pucrs.gcs.cdl.persistence.DbConnection.queryInsert(DbConnection.java:185)
	at pucrs.gcs.cdl.persistence.DbConnection.createTable(DbConnection.java:53)
	at pucrs.gcs.cdl.persistence.DbConnection.open(DbConnection.java:38)
	at pucrs.gcs.cdl.persistence.DbConnection.queryInsert(DbConnection.java:185)
	at pucrs.gcs.cdl.persistence.DbConnection.createTable(DbConnection.java:53)
	at pucrs.gcs.cdl.persistence.DbConnection.open(DbConnection.java:38)
	at pucrs.gcs.cdl.persistence.DbConnection.queryInsert(DbConnection.java:185)
	at pucrs.gcs.cdl.persistence.DbConnection.createTable(DbConnection.java:53)
	at pucrs.gcs.cdl.persistence.DbConnection.open(DbConnection.java:38)
	at pucrs.gcs.cdl.persistence.DbConnection.queryInsert(DbConnection.java:185)
	at pucrs.gcs.cdl.persistence.DbConnection.createTable(DbConnection.java:53)
	at pucrs.gcs.cdl.persistence.DbConnection.open(DbConnection.java:38)
	at pucrs.gcs.cdl.persistence.DbConnection.queryInsert(DbConnection.java:185)
	at pucrs.gcs.cdl.persistence.DbConnection.createTable(DbConnection.java:53)
	at pucrs.gcs.cdl.persistence.DbConnection.open(DbConnection.java:38)
	at pucrs.gcs.cdl.persistence.DbConnection.queryInsert(DbConnection.java:185)
	at pucrs.gcs.cdl.persistence.DbConnection.createTable(DbConnection.java:53)
	at pucrs.gcs.cdl.persistence.DbConnection.open(DbConnection.java:38)
	at pucrs.gcs.cdl.persistence.DbConnection.queryInsert(DbConnection.java:185)
	at pucrs.gcs.cdl.persistence.DbConnection.createTable(DbConnection.java:53)
	at pucrs.gcs.cdl.persistence.DbConnection.open(DbConnection.java:38)
	at pucrs.gcs.cdl.persistence.DbConnection.queryInsert(DbConnection.java:185)
	at pucrs.gcs.cdl.persistence.DbConnection.createTable(DbConnection.java:53)
	at pucrs.gcs.cdl.persistence.DbConnection.open(DbConnection.java:38)
	at pucrs.gcs.cdl.persistence.DbConnection.queryInsert(DbConnection.java:185)
	at pucrs.gcs.cdl.persistence.DbConnection.createTable(DbConnection.java:53)
	at pucrs.gcs.cdl.persistence.DbConnection.open(DbConnection.java:38)
	at pucrs.gcs.cdl.persistence.DbConnection.queryInsert(DbConnection.java:185)
	at pucrs.gcs.cdl.persistence.DbConnection.createTable(DbConnection.java:53)
	at pucrs.gcs.cdl.persistence.DbConnection.open(DbConnection.java:38)
	at pucrs.gcs.cdl.persistence.DbConnection.queryInsert(DbConnection.java:185)
	at pucrs.gcs.cdl.persistence.DbConnection.createTable(DbConnection.java:53)
	at pucrs.gcs.cdl.persistence.DbConnection.open(DbConnection.java:38)
	at pucrs.gcs.cdl.persistence.DbConnection.queryInsert(DbConnection.java:185)
	at pucrs.gcs.cdl.persistence.DbConnection.createTable(DbConnection.java:53)
	at pucrs.gcs.cdl.persistence.DbConnection.open(DbConnection.java:38)
	at pucrs.gcs.cdl.persistence.DbConnection.queryInsert(DbConnection.java:185)
	at pucrs.gcs.cdl.persistence.DbConnection.createTable(DbConnection.java:53)
	at pucrs.gcs.cdl.persistence.DbConnection.open(DbConnection.java:38)
	at pucrs.gcs.cdl.persistence.DbConnection.queryInsert(DbConnection.java:185)
	at pucrs.gcs.cdl.persistence.DbConnection.createTable(DbConnection.java:53)
	at pucrs.gcs.cdl.persistence.DbConnection.open(DbConnection.java:38)
	at pucrs.gcs.cdl.persistence.DbConnection.queryInsert(DbConnection.java:185)
	at pucrs.gcs.cdl.persistence.DbConnection.createTable(DbConnection.java:53)
	at pucrs.gcs.cdl.persistence.DbConnection.open(DbConnection.java:38)
	at pucrs.gcs.cdl.persistence.DbConnection.queryInsert(DbConnection.java:185)
	at pucrs.gcs.cdl.persistence.DbConnection.createTable(DbConnection.java:53)
	at pucrs.gcs.cdl.persistence.DbConnection.open(DbConnection.java:38)
	at pucrs.gcs.cdl.persistence.DbConnection.queryInsert(DbConnection.java:185)
	at pucrs.gcs.cdl.persistence.DbConnection.createTable(DbConnection.java:53)
	at pucrs.gcs.cdl.persistence.DbConnection.open(DbConnection.java:38)
	at pucrs.gcs.cdl.persistence.DbConnection.queryInsert(DbConnection.java:185)
	at pucrs.gcs.cdl.persistence.DbConnection.createTable(DbConnection.java:53)
	at pucrs.gcs.cdl.persistence.DbConnection.open(DbConnection.java:38)
	at pucrs.gcs.cdl.persistence.DbConnection.queryInsert(DbConnection.java:185)
	at pucrs.gcs.cdl.persistence.DbConnection.createTable(DbConnection.java:53)
	at pucrs.gcs.cdl.persistence.DbConnection.open(DbConnection.java:38)
	at pucrs.gcs.cdl.persistence.DbConnection.queryInsert(DbConnection.java:185)
	at pucrs.gcs.cdl.persistence.DbConnection.createTable(DbConnection.java:53)
	at pucrs.gcs.cdl.persistence.DbConnection.open(DbConnection.java:38)
	at pucrs.gcs.cdl.persistence.DbConnection.queryInsert(DbConnection.java:185)
	at pucrs.gcs.cdl.persistence.DbConnection.createTable(DbConnection.java:53)
	at pucrs.gcs.cdl.persistence.DbConnection.open(DbConnection.java:38)
	at pucrs.gcs.cdl.persistence.DbConnection.queryInsert(DbConnection.java:185)
	at pucrs.gcs.cdl.persistence.DbConnection.createTable(DbConnection.java:53)
	at pucrs.gcs.cdl.persistence.DbConnection.open(DbConnection.java:38)
	at pucrs.gcs.cdl.persistence.DbConnection.queryInsert(DbConnection.java:185)
	at pucrs.gcs.cdl.persistence.DbConnection.createTable(DbConnection.java:53)
	at pucrs.gcs.cdl.persistence.DbConnection.open(DbConnection.java:38)
	at pucrs.gcs.cdl.persistence.DbConnection.queryInsert(DbConnection.java:185)
	at pucrs.gcs.cdl.persistence.DbConnection.createTable(DbConnection.java:53)
	at pucrs.gcs.cdl.persistence.DbConnection.open(DbConnection.java:38)
	at pucrs.gcs.cdl.persistence.DbConnection.queryInsert(DbConnection.java:185)
	at pucrs.gcs.cdl.persistence.DbConnection.createTable(DbConnection.java:53)
	at pucrs.gcs.cdl.persistence.DbConnection.open(DbConnection.java:38)
	at pucrs.gcs.cdl.persistence.DbConnection.queryInsert(DbConnection.java:185)
	at pucrs.gcs.cdl.persistence.DbConnection.createTable(DbConnection.java:53)
	at pucrs.gcs.cdl.persistence.DbConnection.open(DbConnection.java:38)
	at pucrs.gcs.cdl.persistence.DbConnection.queryInsert(DbConnection.java:185)
	at pucrs.gcs.cdl.persistence.DbConnection.createTable(DbConnection.java:53)
	at pucrs.gcs.cdl.persistence.DbConnection.open(DbConnection.java:38)
	at pucrs.gcs.cdl.persistence.DbConnection.queryInsert(DbConnection.java:185)
	at pucrs.gcs.cdl.persistence.DbConnection.createTable(DbConnection.java:53)
	at pucrs.gcs.cdl.persistence.DbConnection.open(DbConnection.java:38)
	at pucrs.gcs.cdl.persistence.DbConnection.queryInsert(DbConnection.java:185)
	at pucrs.gcs.cdl.persistence.DbConnection.createTable(DbConnection.java:53)
	at pucrs.gcs.cdl.persistence.DbConnection.open(DbConnection.java:38)
	at pucrs.gcs.cdl.persistence.DbConnection.queryInsert(DbConnection.java:185)
	at pucrs.gcs.cdl.persistence.DbConnection.createTable(DbConnection.java:53)
	at pucrs.gcs.cdl.persistence.DbConnection.open(DbConnection.java:38)
	at pucrs.gcs.cdl.persistence.DbConnection.queryInsert(DbConnection.java:185)
	at pucrs.gcs.cdl.persistence.DbConnection.createTable(DbConnection.java:53)
	at pucrs.gcs.cdl.persistence.DbConnection.open(DbConnection.java:38)
	at pucrs.gcs.cdl.persistence.DbConnection.queryInsert(DbConnection.java:185)
	at pucrs.gcs.cdl.persistence.DbConnection.createTable(DbConnection.java:53)
	at pucrs.gcs.cdl.persistence.DbConnection.open(DbConnection.java:38)
	at pucrs.gcs.cdl.persistence.DbConnection.queryInsert(DbConnection.java:185)
	at pucrs.gcs.cdl.persistence.DbConnection.createTable(DbConnection.java:53)
	at pucrs.gcs.cdl.persistence.DbConnection.open(DbConnection.java:38)
	at pucrs.gcs.cdl.persistence.DbConnection.queryInsert(DbConnection.java:185)
	at pucrs.gcs.cdl.persistence.DbConnection.createTable(DbConnection.java:53)
	at pucrs.gcs.cdl.persistence.DbConnection.open(DbConnection.java:38)
	at pucrs.gcs.cdl.persistence.DbConnection.queryInsert(DbConnection.java:185)
	at pucrs.gcs.cdl.persistence.DbConnection.createTable(DbConnection.java:53)
	at pucrs.gcs.cdl.persistence.DbConnection.open(DbConnection.java:38)
	at pucrs.gcs.cdl.persistence.DbConnection.queryInsert(DbConnection.java:185)
	at pucrs.gcs.cdl.persistence.DbConnection.createTable(DbConnection.java:53)
	at pucrs.gcs.cdl.persistence.DbConnection.open(DbConnection.java:38)
	at pucrs.gcs.cdl.persistence.DbConnection.queryInsert(DbConnection.java:185)
	at pucrs.gcs.cdl.persistence.DbConnection.createTable(DbConnection.java:53)
	at pucrs.gcs.cdl.persistence.DbConnection.open(DbConnection.java:38)
	at pucrs.gcs.cdl.persistence.DbConnection.queryInsert(DbConnection.java:185)
	at pucrs.gcs.cdl.persistence.DbConnection.createTable(DbConnection.java:53)
	at pucrs.gcs.cdl.persistence.DbConnection.open(DbConnection.java:38)
	at pucrs.gcs.cdl.persistence.DbConnection.queryInsert(DbConnection.java:185)
	at pucrs.gcs.cdl.persistence.DbConnection.createTable(DbConnection.java:53)
	at pucrs.gcs.cdl.persistence.DbConnection.open(DbConnection.java:38)
	at pucrs.gcs.cdl.persistence.DbConnection.queryInsert(DbConnection.java:185)
	at pucrs.gcs.cdl.persistence.DbConnection.createTable(DbConnection.java:53)
	at pucrs.gcs.cdl.persistence.DbConnection.open(DbConnection.java:38)
	at pucrs.gcs.cdl.persistence.DbConnection.queryInsert(DbConnection.java:185)
	at pucrs.gcs.cdl.persistence.DbConnection.createTable(DbConnection.java:53)
	at pucrs.gcs.cdl.persistence.DbConnection.open(DbConnection.java:38)
	at pucrs.gcs.cdl.persistence.DbConnection.queryInsert(DbConnection.java:185)
	at pucrs.gcs.cdl.persistence.DbConnection.createTable(DbConnection.java:53)
	at pucrs.gcs.cdl.persistence.DbConnection.open(DbConnection.java:38)
	at pucrs.gcs.cdl.persistence.DbConnection.queryInsert(DbConnection.java:185)
	at pucrs.gcs.cdl.persistence.DbConnection.createTable(DbConnection.java:53)
	at pucrs.gcs.cdl.persistence.DbConnection.open(DbConnection.java:38)
	at pucrs.gcs.cdl.persistence.DbConnection.queryInsert(DbConnection.java:185)
	at pucrs.gcs.cdl.persistence.DbConnection.createTable(DbConnection.java:53)
	at pucrs.gcs.cdl.persistence.DbConnection.open(DbConnection.java:38)
	at pucrs.gcs.cdl.persistence.DbConnection.queryInsert(DbConnection.java:185)
	at pucrs.gcs.cdl.persistence.DbConnection.createTable(DbConnection.java:53)
	at pucrs.gcs.cdl.persistence.DbConnection.open(DbConnection.java:38)
	at pucrs.gcs.cdl.persistence.DbConnection.queryInsert(DbConnection.java:185)
	at pucrs.gcs.cdl.persistence.DbConnection.createTable(DbConnection.java:53)
	at pucrs.gcs.cdl.persistence.DbConnection.open(DbConnection.java:38)
	at pucrs.gcs.cdl.persistence.DbConnection.queryInsert(DbConnection.java:185)
	at pucrs.gcs.cdl.persistence.DbConnection.createTable(DbConnection.java:53)
	at pucrs.gcs.cdl.persistence.DbConnection.open(DbConnection.java:38)
	at pucrs.gcs.cdl.persistence.DbConnection.queryInsert(DbConnection.java:185)
	at pucrs.gcs.cdl.persistence.DbConnection.createTable(DbConnection.java:53)
	at pucrs.gcs.cdl.persistence.DbConnection.open(DbConnection.java:38)
	at pucrs.gcs.cdl.persistence.DbConnection.queryInsert(DbConnection.java:185)
	at pucrs.gcs.cdl.persistence.DbConnection.createTable(DbConnection.java:53)
	at pucrs.gcs.cdl.persistence.DbConnection.open(DbConnection.java:38)
	at pucrs.gcs.cdl.persistence.DbConnection.queryInsert(DbConnection.java:185)
	at pucrs.gcs.cdl.persistence.DbConnection.createTable(DbConnection.java:53)
	at pucrs.gcs.cdl.persistence.DbConnection.open(DbConnection.java:38)
	at pucrs.gcs.cdl.persistence.DbConnection.queryInsert(DbConnection.java:185)
	at pucrs.gcs.cdl.persistence.DbConnection.createTable(DbConnection.java:53)
	at pucrs.gcs.cdl.persistence.DbConnection.open(DbConnection.java:38)
	at pucrs.gcs.cdl.persistence.DbConnection.queryInsert(DbConnection.java:185)
	at pucrs.gcs.cdl.persistence.DbConnection.createTable(DbConnection.java:53)
	at pucrs.gcs.cdl.persistence.DbConnection.open(DbConnection.java:38)
	at pucrs.gcs.cdl.persistence.DbConnection.queryInsert(DbConnection.java:185)
	at pucrs.gcs.cdl.persistence.DbConnection.createTable(DbConnection.java:53)
	at pucrs.gcs.cdl.persistence.DbConnection.open(DbConnection.java:38)
	at pucrs.gcs.cdl.persistence.DbConnection.queryInsert(DbConnection.java:185)
	at pucrs.gcs.cdl.persistence.DbConnection.createTable(DbConnection.java:53)
	at pucrs.gcs.cdl.persistence.DbConnection.open(DbConnection.java:38)
	at pucrs.gcs.cdl.persistence.DbConnection.queryInsert(DbConnection.java:185)
	at pucrs.gcs.cdl.persistence.DbConnection.createTable(DbConnection.java:53)
	at pucrs.gcs.cdl.persistence.DbConnection.open(DbConnection.java:38)
	at pucrs.gcs.cdl.persistence.DbConnection.queryInsert(DbConnection.java:185)
	at pucrs.gcs.cdl.persistence.DbConnection.createTable(DbConnection.java:53)
	at pucrs.gcs.cdl.persistence.DbConnection.open(DbConnection.java:38)
	at pucrs.gcs.cdl.persistence.DbConnection.queryInsert(DbConnection.java:185)
	at pucrs.gcs.cdl.persistence.DbConnection.createTable(DbConnection.java:53)
	at pucrs.gcs.cdl.persistence.DbConnection.open(DbConnection.java:38)
	at pucrs.gcs.cdl.persistence.DbConnection.queryInsert(DbConnection.java:185)
	at pucrs.gcs.cdl.persistence.DbConnection.createTable(DbConnection.java:53)
	at pucrs.gcs.cdl.persistence.DbConnection.open(DbConnection.java:38)
	at pucrs.gcs.cdl.persistence.DbConnection.queryInsert(DbConnection.java:185)
	at pucrs.gcs.cdl.persistence.DbConnection.createTable(DbConnection.java:53)
	at pucrs.gcs.cdl.persistence.DbConnection.open(DbConnection.java:38)
	at pucrs.gcs.cdl.persistence.DbConnection.queryInsert(DbConnection.java:185)
	at pucrs.gcs.cdl.persistence.DbConnection.createTable(DbConnection.java:53)
	at pucrs.gcs.cdl.persistence.DbConnection.open(DbConnection.java:38)
	at pucrs.gcs.cdl.persistence.DbConnection.queryInsert(DbConnection.java:185)
	at pucrs.gcs.cdl.persistence.DbConnection.createTable(DbConnection.java:53)
	at pucrs.gcs.cdl.persistence.DbConnection.open(DbConnection.java:38)
	at pucrs.gcs.cdl.persistence.DbConnection.queryInsert(DbConnection.java:185)
	at pucrs.gcs.cdl.persistence.DbConnection.createTable(DbConnection.java:53)
	at pucrs.gcs.cdl.persistence.DbConnection.open(DbConnection.java:38)
	at pucrs.gcs.cdl.persistence.DbConnection.queryInsert(DbConnection.java:185)
	at pucrs.gcs.cdl.persistence.DbConnection.createTable(DbConnection.java:53)
	at pucrs.gcs.cdl.persistence.DbConnection.open(DbConnection.java:38)
	at pucrs.gcs.cdl.persistence.DbConnection.queryInsert(DbConnection.java:185)
	at pucrs.gcs.cdl.persistence.DbConnection.createTable(DbConnection.java:53)
	at pucrs.gcs.cdl.persistence.DbConnection.open(DbConnection.java:38)
	at pucrs.gcs.cdl.persistence.DbConnection.queryInsert(DbConnection.java:185)
	at pucrs.gcs.cdl.persistence.DbConnection.createTable(DbConnection.java:53)
	at pucrs.gcs.cdl.persistence.DbConnection.open(DbConnection.java:38)
	at pucrs.gcs.cdl.persistence.DbConnection.queryInsert(DbConnection.java:185)
	at pucrs.gcs.cdl.persistence.DbConnection.createTable(DbConnection.java:53)
	at pucrs.gcs.cdl.persistence.DbConnection.open(DbConnection.java:38)
	at pucrs.gcs.cdl.persistence.DbConnection.queryInsert(DbConnection.java:185)
	at pucrs.gcs.cdl.persistence.DbConnection.createTable(DbConnection.java:53)
	at pucrs.gcs.cdl.persistence.DbConnection.open(DbConnection.java:38)
	at pucrs.gcs.cdl.persistence.DbConnection.queryInsert(DbConnection.java:185)
	at pucrs.gcs.cdl.persistence.DbConnection.createTable(DbConnection.java:53)
	at pucrs.gcs.cdl.persistence.DbConnection.open(DbConnection.java:38)
	at pucrs.gcs.cdl.persistence.DbConnection.queryInsert(DbConnection.java:185)
	at pucrs.gcs.cdl.persistence.DbConnection.createTable(DbConnection.java:53)
	at pucrs.gcs.cdl.persistence.DbConnection.open(DbConnection.java:38)
	at pucrs.gcs.cdl.persistence.DbConnection.queryInsert(DbConnection.java:185)
	at pucrs.gcs.cdl.persistence.DbConnection.createTable(DbConnection.java:53)
	at pucrs.gcs.cdl.persistence.DbConnection.open(DbConnection.java:38)
	at pucrs.gcs.cdl.persistence.DbConnection.queryInsert(DbConnection.java:185)
	at pucrs.gcs.cdl.persistence.DbConnection.createTable(DbConnection.java:53)
	at pucrs.gcs.cdl.persistence.DbConnection.open(DbConnection.java:38)
	at pucrs.gcs.cdl.persistence.DbConnection.queryInsert(DbConnection.java:185)
	at pucrs.gcs.cdl.persistence.DbConnection.createTable(DbConnection.java:53)
	at pucrs.gcs.cdl.persistence.DbConnection.open(DbConnection.java:38)
	at pucrs.gcs.cdl.persistence.DbConnection.queryInsert(DbConnection.java:185)
	at pucrs.gcs.cdl.persistence.DbConnection.createTable(DbConnection.java:53)
	at pucrs.gcs.cdl.persistence.DbConnection.open(DbConnection.java:38)
	at pucrs.gcs.cdl.persistence.DbConnection.queryInsert(DbConnection.java:185)
	at pucrs.gcs.cdl.persistence.DbConnection.createTable(DbConnection.java:53)
	at pucrs.gcs.cdl.persistence.DbConnection.open(DbConnection.java:38)
	at pucrs.gcs.cdl.persistence.DbConnection.queryInsert(DbConnection.java:185)
	at pucrs.gcs.cdl.persistence.DbConnection.createTable(DbConnection.java:53)
	at pucrs.gcs.cdl.persistence.DbConnection.open(DbConnection.java:38)
	at pucrs.gcs.cdl.persistence.DbConnection.queryInsert(DbConnection.java:185)
	at pucrs.gcs.cdl.persistence.DbConnection.createTable(DbConnection.java:53)
	at pucrs.gcs.cdl.persistence.DbConnection.open(DbConnection.java:38)
	at pucrs.gcs.cdl.persistence.DbConnection.queryInsert(DbConnection.java:185)
	at pucrs.gcs.cdl.persistence.DbConnection.createTable(DbConnection.java:53)
	at pucrs.gcs.cdl.persistence.DbConnection.open(DbConnection.java:38)
	at pucrs.gcs.cdl.persistence.DbConnection.queryInsert(DbConnection.java:185)
	at pucrs.gcs.cdl.persistence.DbConnection.createTable(DbConnection.java:53)
	at pucrs.gcs.cdl.persistence.DbConnection.open(DbConnection.java:38)
	at pucrs.gcs.cdl.persistence.DbConnection.queryInsert(DbConnection.java:185)
	at pucrs.gcs.cdl.persistence.DbConnection.createTable(DbConnection.java:53)
	at pucrs.gcs.cdl.persistence.DbConnection.open(DbConnection.java:38)
	at pucrs.gcs.cdl.persistence.DbConnection.queryInsert(DbConnection.java:185)
	at pucrs.gcs.cdl.persistence.DbConnection.createTable(DbConnection.java:53)
	at pucrs.gcs.cdl.persistence.DbConnection.open(DbConnection.java:38)
	at pucrs.gcs.cdl.persistence.DbConnection.queryInsert(DbConnection.java:185)
	at pucrs.gcs.cdl.persistence.DbConnection.createTable(DbConnection.java:53)
	at pucrs.gcs.cdl.persistence.DbConnection.open(DbConnection.java:38)
	at pucrs.gcs.cdl.persistence.DbConnection.queryInsert(DbConnection.java:185)
	at pucrs.gcs.cdl.persistence.DbConnection.createTable(DbConnection.java:53)
	at pucrs.gcs.cdl.persistence.DbConnection.open(DbConnection.java:38)
	at pucrs.gcs.cdl.persistence.DbConnection.queryInsert(DbConnection.java:185)
	at pucrs.gcs.cdl.persistence.DbConnection.createTable(DbConnection.java:53)
	at pucrs.gcs.cdl.persistence.DbConnection.open(DbConnection.java:38)
	at pucrs.gcs.cdl.persistence.DbConnection.queryInsert(DbConnection.java:185)
	at pucrs.gcs.cdl.persistence.DbConnection.createTable(DbConnection.java:53)
	at pucrs.gcs.cdl.persistence.DbConnection.open(DbConnection.java:38)
	at pucrs.gcs.cdl.persistence.DbConnection.queryInsert(DbConnection.java:185)
	at pucrs.gcs.cdl.persistence.DbConnection.createTable(DbConnection.java:53)
	at pucrs.gcs.cdl.persistence.DbConnection.open(DbConnection.java:38)
	at pucrs.gcs.cdl.persistence.DbConnection.queryInsert(DbConnection.java:185)
	at pucrs.gcs.cdl.persistence.DbConnection.createTable(DbConnection.java:53)
	at pucrs.gcs.cdl.persistence.DbConnection.open(DbConnection.java:38)
	at pucrs.gcs.cdl.persistence.DbConnection.queryInsert(DbConnection.java:185)
	at pucrs.gcs.cdl.persistence.DbConnection.createTable(DbConnection.java:53)
	at pucrs.gcs.cdl.persistence.DbConnection.open(DbConnection.java:38)
	at pucrs.gcs.cdl.persistence.DbConnection.queryInsert(DbConnection.java:185)
	at pucrs.gcs.cdl.persistence.DbConnection.createTable(DbConnection.java:53)
	at pucrs.gcs.cdl.persistence.DbConnection.open(DbConnection.java:38)
	at pucrs.gcs.cdl.persistence.DbConnection.queryInsert(DbConnection.java:185)
	at pucrs.gcs.cdl.persistence.DbConnection.createTable(DbConnection.java:53)
	at pucrs.gcs.cdl.persistence.DbConnection.open(DbConnection.java:38)
	at pucrs.gcs.cdl.persistence.DbConnection.queryInsert(DbConnection.java:185)
	at pucrs.gcs.cdl.persistence.DbConnection.createTable(DbConnection.java:53)
	at pucrs.gcs.cdl.persistence.DbConnection.open(DbConnection.java:38)
	at pucrs.gcs.cdl.persistence.DbConnection.queryInsert(DbConnection.java:185)
	at pucrs.gcs.cdl.persistence.DbConnection.createTable(DbConnection.java:53)
	at pucrs.gcs.cdl.persistence.DbConnection.open(DbConnection.java:38)
	at pucrs.gcs.cdl.persistence.DbConnection.queryInsert(DbConnection.java:185)
	at pucrs.gcs.cdl.persistence.DbConnection.createTable(DbConnection.java:53)
	at pucrs.gcs.cdl.persistence.DbConnection.open(DbConnection.java:38)
	at pucrs.gcs.cdl.persistence.DbConnection.queryInsert(DbConnection.java:185)
	at pucrs.gcs.cdl.persistence.DbConnection.createTable(DbConnection.java:53)
	at pucrs.gcs.cdl.persistence.DbConnection.open(DbConnection.java:38)
	at pucrs.gcs.cdl.persistence.DbConnection.queryInsert(DbConnection.java:185)
	at pucrs.gcs.cdl.persistence.DbConnection.createTable(DbConnection.java:53)
	at pucrs.gcs.cdl.persistence.DbConnection.open(DbConnection.java:38)
	at pucrs.gcs.cdl.persistence.DbConnection.queryInsert(DbConnection.java:185)
	at pucrs.gcs.cdl.persistence.DbConnection.createTable(DbConnection.java:53)
	at pucrs.gcs.cdl.persistence.DbConnection.open(DbConnection.java:38)
	at pucrs.gcs.cdl.persistence.DbConnection.queryInsert(DbConnection.java:185)
	at pucrs.gcs.cdl.persistence.DbConnection.createTable(DbConnection.java:53)
	at pucrs.gcs.cdl.persistence.DbConnection.open(DbConnection.java:38)
	at pucrs.gcs.cdl.persistence.DbConnection.queryInsert(DbConnection.java:185)
	at pucrs.gcs.cdl.persistence.DbConnection.createTable(DbConnection.java:53)
	at pucrs.gcs.cdl.persistence.DbConnection.open(DbConnection.java:38)
	at pucrs.gcs.cdl.persistence.DbConnection.queryInsert(DbConnection.java:185)
	at pucrs.gcs.cdl.persistence.DbConnection.createTable(DbConnection.java:53)
	at pucrs.gcs.cdl.persistence.DbConnection.open(DbConnection.java:38)
	at pucrs.gcs.cdl.persistence.DbConnection.queryInsert(DbConnection.java:185)
	at pucrs.gcs.cdl.persistence.DbConnection.createTable(DbConnection.java:53)
	at pucrs.gcs.cdl.persistence.DbConnection.open(DbConnection.java:38)
	at pucrs.gcs.cdl.persistence.DbConnection.queryInsert(DbConnection.java:185)
	at pucrs.gcs.cdl.persistence.DbConnection.createTable(DbConnection.java:53)
	at pucrs.gcs.cdl.persistence.DbConnection.open(DbConnection.java:38)
	at pucrs.gcs.cdl.persistence.DbConnection.queryInsert(DbConnection.java:185)
	at pucrs.gcs.cdl.persistence.DbConnection.createTable(DbConnection.java:53)
	at pucrs.gcs.cdl.persistence.DbConnection.open(DbConnection.java:38)
	at pucrs.gcs.cdl.persistence.DbConnection.queryInsert(DbConnection.java:185)
	at pucrs.gcs.cdl.persistence.DbConnection.createTable(DbConnection.java:53)
	at pucrs.gcs.cdl.persistence.DbConnection.open(DbConnection.java:38)
	at pucrs.gcs.cdl.persistence.DbConnection.queryInsert(DbConnection.java:185)
	at pucrs.gcs.cdl.persistence.DbConnection.createTable(DbConnection.java:53)
	at pucrs.gcs.cdl.persistence.DbConnection.open(DbConnection.java:38)
	at pucrs.gcs.cdl.persistence.DbConnection.queryInsert(DbConnection.java:185)
	at pucrs.gcs.cdl.persistence.DbConnection.createTable(DbConnection.java:53)
	at pucrs.gcs.cdl.persistence.DbConnection.open(DbConnection.java:38)
	at pucrs.gcs.cdl.persistence.DbConnection.queryInsert(DbConnection.java:185)
	at pucrs.gcs.cdl.persistence.DbConnection.createTable(DbConnection.java:53)
	at pucrs.gcs.cdl.persistence.DbConnection.open(DbConnection.java:38)
	at pucrs.gcs.cdl.persistence.DbConnection.queryInsert(DbConnection.java:185)
	at pucrs.gcs.cdl.persistence.DbConnection.createTable(DbConnection.java:53)
	at pucrs.gcs.cdl.persistence.DbConnection.open(DbConnection.java:38)
	at pucrs.gcs.cdl.persistence.DbConnection.queryInsert(DbConnection.java:185)
	at pucrs.gcs.cdl.persistence.DbConnection.createTable(DbConnection.java:53)
	at pucrs.gcs.cdl.persistence.DbConnection.open(DbConnection.java:38)
	at pucrs.gcs.cdl.persistence.DbConnection.queryInsert(DbConnection.java:185)
	at pucrs.gcs.cdl.persistence.DbConnection.createTable(DbConnection.java:53)
	at pucrs.gcs.cdl.persistence.DbConnection.open(DbConnection.java:38)
	at pucrs.gcs.cdl.persistence.DbConnection.queryInsert(DbConnection.java:185)
	at pucrs.gcs.cdl.persistence.DbConnection.createTable(DbConnection.java:53)
	at pucrs.gcs.cdl.persistence.DbConnection.open(DbConnection.java:38)
	at pucrs.gcs.cdl.persistence.DbConnection.queryInsert(DbConnection.java:185)
	at pucrs.gcs.cdl.persistence.DbConnection.createTable(DbConnection.java:53)
	at pucrs.gcs.cdl.persistence.DbConnection.open(DbConnection.java:38)
	at pucrs.gcs.cdl.persistence.DbConnection.queryInsert(DbConnection.java:185)
	at pucrs.gcs.cdl.persistence.DbConnection.createTable(DbConnection.java:53)
	at pucrs.gcs.cdl.persistence.DbConnection.open(DbConnection.java:38)
	at pucrs.gcs.cdl.persistence.DbConnection.queryInsert(DbConnection.java:185)
	at pucrs.gcs.cdl.persistence.DbConnection.createTable(DbConnection.java:53)
	at pucrs.gcs.cdl.persistence.DbConnection.open(DbConnection.java:38)
	at pucrs.gcs.cdl.persistence.DbConnection.queryInsert(DbConnection.java:185)
	at pucrs.gcs.cdl.persistence.DbConnection.createTable(DbConnection.java:53)
	at pucrs.gcs.cdl.persistence.DbConnection.open(DbConnection.java:38)
	at pucrs.gcs.cdl.persistence.DbConnection.queryInsert(DbConnection.java:185)
	at pucrs.gcs.cdl.persistence.DbConnection.createTable(DbConnection.java:53)
	at pucrs.gcs.cdl.persistence.DbConnection.open(DbConnection.java:38)
	at pucrs.gcs.cdl.persistence.DbConnection.queryInsert(DbConnection.java:185)
	at pucrs.gcs.cdl.persistence.DbConnection.createTable(DbConnection.java:53)
	at pucrs.gcs.cdl.persistence.DbConnection.open(DbConnection.java:38)
	at pucrs.gcs.cdl.persistence.DbConnection.queryInsert(DbConnection.java:185)
	at pucrs.gcs.cdl.persistence.DbConnection.createTable(DbConnection.java:53)
	at pucrs.gcs.cdl.persistence.DbConnection.open(DbConnection.java:38)
	at pucrs.gcs.cdl.persistence.DbConnection.queryInsert(DbConnection.java:185)
	at pucrs.gcs.cdl.persistence.DbConnection.createTable(DbConnection.java:53)
	at pucrs.gcs.cdl.persistence.DbConnection.open(DbConnection.java:38)
	at pucrs.gcs.cdl.persistence.DbConnection.queryInsert(DbConnection.java:185)
	at pucrs.gcs.cdl.persistence.DbConnection.createTable(DbConnection.java:53)
	at pucrs.gcs.cdl.persistence.DbConnection.open(DbConnection.java:38)
	at pucrs.gcs.cdl.persistence.DbConnection.queryInsert(DbConnection.java:185)
	at pucrs.gcs.cdl.persistence.DbConnection.createTable(DbConnection.java:53)
	at pucrs.gcs.cdl.persistence.DbConnection.open(DbConnection.java:38)
	at pucrs.gcs.cdl.persistence.DbConnection.queryInsert(DbConnection.java:185)
	at pucrs.gcs.cdl.persistence.DbConnection.createTable(DbConnection.java:53)
	at pucrs.gcs.cdl.persistence.DbConnection.open(DbConnection.java:38)
	at pucrs.gcs.cdl.persistence.DbConnection.queryInsert(DbConnection.java:185)
	at pucrs.gcs.cdl.persistence.DbConnection.createTable(DbConnection.java:53)
	at pucrs.gcs.cdl.persistence.DbConnection.open(DbConnection.java:38)
	at pucrs.gcs.cdl.persistence.DbConnection.queryInsert(DbConnection.java:185)
	at pucrs.gcs.cdl.persistence.DbConnection.createTable(DbConnection.java:53)
	at pucrs.gcs.cdl.persistence.DbConnection.open(DbConnection.java:38)
	at pucrs.gcs.cdl.persistence.DbConnection.queryInsert(DbConnection.java:185)
	at pucrs.gcs.cdl.persistence.DbConnection.createTable(DbConnection.java:53)
	at pucrs.gcs.cdl.persistence.DbConnection.open(DbConnection.java:38)
	at pucrs.gcs.cdl.persistence.DbConnection.queryInsert(DbConnection.java:185)
	at pucrs.gcs.cdl.persistence.DbConnection.createTable(DbConnection.java:53)
	at pucrs.gcs.cdl.persistence.DbConnection.open(DbConnection.java:38)
	at pucrs.gcs.cdl.persistence.DbConnection.queryInsert(DbConnection.java:185)
	at pucrs.gcs.cdl.persistence.DbConnection.createTable(DbConnection.java:53)
	at pucrs.gcs.cdl.persistence.DbConnection.open(DbConnection.java:38)
	at pucrs.gcs.cdl.persistence.DbConnection.queryInsert(DbConnection.java:185)
</error>
  </testcase>
</testsuite>